[2024-08-06T22:33:25.410+0800] {processor.py:161} INFO - Started process (PID=93198) to work on /home/haziq/Documents/pl-data-engineering/venv/lib/python3.12/site-packages/airflow/example_dags/example_branch_labels.py
[2024-08-06T22:33:25.412+0800] {processor.py:830} INFO - Processing file /home/haziq/Documents/pl-data-engineering/venv/lib/python3.12/site-packages/airflow/example_dags/example_branch_labels.py for tasks to queue
[2024-08-06T22:33:25.414+0800] {logging_mixin.py:188} INFO - [2024-08-06T22:33:25.414+0800] {dagbag.py:545} INFO - Filling up the DagBag from /home/haziq/Documents/pl-data-engineering/venv/lib/python3.12/site-packages/airflow/example_dags/example_branch_labels.py
[2024-08-06T22:33:25.434+0800] {processor.py:840} INFO - DAG(s) 'example_branch_labels' retrieved from /home/haziq/Documents/pl-data-engineering/venv/lib/python3.12/site-packages/airflow/example_dags/example_branch_labels.py
[2024-08-06T22:33:25.598+0800] {logging_mixin.py:188} INFO - [2024-08-06T22:33:25.597+0800] {override.py:1858} INFO - Created Permission View: can delete on DAG:example_branch_labels
[2024-08-06T22:33:25.617+0800] {logging_mixin.py:188} INFO - [2024-08-06T22:33:25.616+0800] {override.py:1858} INFO - Created Permission View: can read on DAG:example_branch_labels
[2024-08-06T22:33:25.630+0800] {logging_mixin.py:188} INFO - [2024-08-06T22:33:25.630+0800] {override.py:1858} INFO - Created Permission View: can edit on DAG:example_branch_labels
[2024-08-06T22:33:25.631+0800] {logging_mixin.py:188} INFO - [2024-08-06T22:33:25.631+0800] {dag.py:3089} INFO - Sync 1 DAGs
[2024-08-06T22:33:25.646+0800] {logging_mixin.py:188} INFO - [2024-08-06T22:33:25.646+0800] {dag.py:3111} INFO - Creating ORM DAG for example_branch_labels
[2024-08-06T22:33:25.662+0800] {logging_mixin.py:188} INFO - [2024-08-06T22:33:25.662+0800] {dag.py:3947} INFO - Setting next_dagrun for example_branch_labels to 2024-08-05 00:00:00+00:00, run_after=2024-08-06 00:00:00+00:00
[2024-08-06T22:33:25.696+0800] {processor.py:183} INFO - Processing /home/haziq/Documents/pl-data-engineering/venv/lib/python3.12/site-packages/airflow/example_dags/example_branch_labels.py took 0.294 seconds
[2024-08-06T22:34:25.337+0800] {processor.py:161} INFO - Started process (PID=93617) to work on /home/haziq/Documents/pl-data-engineering/venv/lib/python3.12/site-packages/airflow/example_dags/example_branch_labels.py
[2024-08-06T22:34:25.340+0800] {processor.py:830} INFO - Processing file /home/haziq/Documents/pl-data-engineering/venv/lib/python3.12/site-packages/airflow/example_dags/example_branch_labels.py for tasks to queue
[2024-08-06T22:34:25.342+0800] {logging_mixin.py:188} INFO - [2024-08-06T22:34:25.342+0800] {dagbag.py:545} INFO - Filling up the DagBag from /home/haziq/Documents/pl-data-engineering/venv/lib/python3.12/site-packages/airflow/example_dags/example_branch_labels.py
[2024-08-06T22:34:25.354+0800] {processor.py:840} INFO - DAG(s) 'example_branch_labels' retrieved from /home/haziq/Documents/pl-data-engineering/venv/lib/python3.12/site-packages/airflow/example_dags/example_branch_labels.py
[2024-08-06T22:34:25.380+0800] {logging_mixin.py:188} INFO - [2024-08-06T22:34:25.379+0800] {dag.py:3089} INFO - Sync 1 DAGs
[2024-08-06T22:34:25.410+0800] {logging_mixin.py:188} INFO - [2024-08-06T22:34:25.409+0800] {dag.py:3947} INFO - Setting next_dagrun for example_branch_labels to 2024-08-05 00:00:00+00:00, run_after=2024-08-06 00:00:00+00:00
[2024-08-06T22:34:25.445+0800] {processor.py:183} INFO - Processing /home/haziq/Documents/pl-data-engineering/venv/lib/python3.12/site-packages/airflow/example_dags/example_branch_labels.py took 0.120 seconds
[2024-08-06T22:36:03.518+0800] {processor.py:161} INFO - Started process (PID=94377) to work on /home/haziq/Documents/pl-data-engineering/venv/lib/python3.12/site-packages/airflow/example_dags/example_branch_labels.py
[2024-08-06T22:36:03.520+0800] {processor.py:830} INFO - Processing file /home/haziq/Documents/pl-data-engineering/venv/lib/python3.12/site-packages/airflow/example_dags/example_branch_labels.py for tasks to queue
[2024-08-06T22:36:03.522+0800] {logging_mixin.py:188} INFO - [2024-08-06T22:36:03.522+0800] {dagbag.py:545} INFO - Filling up the DagBag from /home/haziq/Documents/pl-data-engineering/venv/lib/python3.12/site-packages/airflow/example_dags/example_branch_labels.py
[2024-08-06T22:36:03.534+0800] {processor.py:840} INFO - DAG(s) 'example_branch_labels' retrieved from /home/haziq/Documents/pl-data-engineering/venv/lib/python3.12/site-packages/airflow/example_dags/example_branch_labels.py
[2024-08-06T22:36:03.693+0800] {logging_mixin.py:188} INFO - [2024-08-06T22:36:03.692+0800] {dag.py:3089} INFO - Sync 1 DAGs
[2024-08-06T22:36:03.722+0800] {logging_mixin.py:188} INFO - [2024-08-06T22:36:03.721+0800] {dag.py:3947} INFO - Setting next_dagrun for example_branch_labels to 2024-08-05 00:00:00+00:00, run_after=2024-08-06 00:00:00+00:00
[2024-08-06T22:36:03.759+0800] {processor.py:183} INFO - Processing /home/haziq/Documents/pl-data-engineering/venv/lib/python3.12/site-packages/airflow/example_dags/example_branch_labels.py took 0.252 seconds
[2024-08-06T22:37:08.404+0800] {processor.py:161} INFO - Started process (PID=94813) to work on /home/haziq/Documents/pl-data-engineering/venv/lib/python3.12/site-packages/airflow/example_dags/example_branch_labels.py
[2024-08-06T22:37:08.406+0800] {processor.py:830} INFO - Processing file /home/haziq/Documents/pl-data-engineering/venv/lib/python3.12/site-packages/airflow/example_dags/example_branch_labels.py for tasks to queue
[2024-08-06T22:37:08.409+0800] {logging_mixin.py:188} INFO - [2024-08-06T22:37:08.408+0800] {dagbag.py:545} INFO - Filling up the DagBag from /home/haziq/Documents/pl-data-engineering/venv/lib/python3.12/site-packages/airflow/example_dags/example_branch_labels.py
[2024-08-06T22:37:08.421+0800] {processor.py:840} INFO - DAG(s) 'example_branch_labels' retrieved from /home/haziq/Documents/pl-data-engineering/venv/lib/python3.12/site-packages/airflow/example_dags/example_branch_labels.py
[2024-08-06T22:37:08.447+0800] {logging_mixin.py:188} INFO - [2024-08-06T22:37:08.446+0800] {dag.py:3089} INFO - Sync 1 DAGs
[2024-08-06T22:37:08.476+0800] {logging_mixin.py:188} INFO - [2024-08-06T22:37:08.476+0800] {dag.py:3947} INFO - Setting next_dagrun for example_branch_labels to 2024-08-05 00:00:00+00:00, run_after=2024-08-06 00:00:00+00:00
[2024-08-06T22:37:08.511+0800] {processor.py:183} INFO - Processing /home/haziq/Documents/pl-data-engineering/venv/lib/python3.12/site-packages/airflow/example_dags/example_branch_labels.py took 0.119 seconds
[2024-08-06T22:38:06.995+0800] {processor.py:161} INFO - Started process (PID=95191) to work on /home/haziq/Documents/pl-data-engineering/venv/lib/python3.12/site-packages/airflow/example_dags/example_branch_labels.py
[2024-08-06T22:38:07.003+0800] {processor.py:830} INFO - Processing file /home/haziq/Documents/pl-data-engineering/venv/lib/python3.12/site-packages/airflow/example_dags/example_branch_labels.py for tasks to queue
[2024-08-06T22:38:07.005+0800] {logging_mixin.py:188} INFO - [2024-08-06T22:38:07.005+0800] {dagbag.py:545} INFO - Filling up the DagBag from /home/haziq/Documents/pl-data-engineering/venv/lib/python3.12/site-packages/airflow/example_dags/example_branch_labels.py
[2024-08-06T22:38:07.017+0800] {processor.py:840} INFO - DAG(s) 'example_branch_labels' retrieved from /home/haziq/Documents/pl-data-engineering/venv/lib/python3.12/site-packages/airflow/example_dags/example_branch_labels.py
[2024-08-06T22:38:07.043+0800] {logging_mixin.py:188} INFO - [2024-08-06T22:38:07.042+0800] {dag.py:3089} INFO - Sync 1 DAGs
[2024-08-06T22:38:07.073+0800] {logging_mixin.py:188} INFO - [2024-08-06T22:38:07.072+0800] {dag.py:3947} INFO - Setting next_dagrun for example_branch_labels to 2024-08-05 00:00:00+00:00, run_after=2024-08-06 00:00:00+00:00
[2024-08-06T22:38:07.113+0800] {processor.py:183} INFO - Processing /home/haziq/Documents/pl-data-engineering/venv/lib/python3.12/site-packages/airflow/example_dags/example_branch_labels.py took 0.130 seconds
[2024-08-06T22:39:04.798+0800] {processor.py:161} INFO - Started process (PID=95613) to work on /home/haziq/Documents/pl-data-engineering/venv/lib/python3.12/site-packages/airflow/example_dags/example_branch_labels.py
[2024-08-06T22:39:04.806+0800] {processor.py:830} INFO - Processing file /home/haziq/Documents/pl-data-engineering/venv/lib/python3.12/site-packages/airflow/example_dags/example_branch_labels.py for tasks to queue
[2024-08-06T22:39:04.808+0800] {logging_mixin.py:188} INFO - [2024-08-06T22:39:04.808+0800] {dagbag.py:545} INFO - Filling up the DagBag from /home/haziq/Documents/pl-data-engineering/venv/lib/python3.12/site-packages/airflow/example_dags/example_branch_labels.py
[2024-08-06T22:39:04.819+0800] {processor.py:840} INFO - DAG(s) 'example_branch_labels' retrieved from /home/haziq/Documents/pl-data-engineering/venv/lib/python3.12/site-packages/airflow/example_dags/example_branch_labels.py
[2024-08-06T22:39:04.845+0800] {logging_mixin.py:188} INFO - [2024-08-06T22:39:04.845+0800] {dag.py:3089} INFO - Sync 1 DAGs
[2024-08-06T22:39:04.876+0800] {logging_mixin.py:188} INFO - [2024-08-06T22:39:04.875+0800] {dag.py:3947} INFO - Setting next_dagrun for example_branch_labels to 2024-08-05 00:00:00+00:00, run_after=2024-08-06 00:00:00+00:00
[2024-08-06T22:39:04.914+0800] {processor.py:183} INFO - Processing /home/haziq/Documents/pl-data-engineering/venv/lib/python3.12/site-packages/airflow/example_dags/example_branch_labels.py took 0.124 seconds
[2024-08-06T22:39:59.656+0800] {processor.py:161} INFO - Started process (PID=96060) to work on /home/haziq/Documents/pl-data-engineering/venv/lib/python3.12/site-packages/airflow/example_dags/example_branch_labels.py
[2024-08-06T22:39:59.658+0800] {processor.py:830} INFO - Processing file /home/haziq/Documents/pl-data-engineering/venv/lib/python3.12/site-packages/airflow/example_dags/example_branch_labels.py for tasks to queue
[2024-08-06T22:39:59.660+0800] {logging_mixin.py:188} INFO - [2024-08-06T22:39:59.660+0800] {dagbag.py:545} INFO - Filling up the DagBag from /home/haziq/Documents/pl-data-engineering/venv/lib/python3.12/site-packages/airflow/example_dags/example_branch_labels.py
[2024-08-06T22:39:59.672+0800] {processor.py:840} INFO - DAG(s) 'example_branch_labels' retrieved from /home/haziq/Documents/pl-data-engineering/venv/lib/python3.12/site-packages/airflow/example_dags/example_branch_labels.py
[2024-08-06T22:39:59.697+0800] {logging_mixin.py:188} INFO - [2024-08-06T22:39:59.697+0800] {dag.py:3089} INFO - Sync 1 DAGs
[2024-08-06T22:39:59.726+0800] {logging_mixin.py:188} INFO - [2024-08-06T22:39:59.726+0800] {dag.py:3947} INFO - Setting next_dagrun for example_branch_labels to 2024-08-05 00:00:00+00:00, run_after=2024-08-06 00:00:00+00:00
[2024-08-06T22:39:59.763+0800] {processor.py:183} INFO - Processing /home/haziq/Documents/pl-data-engineering/venv/lib/python3.12/site-packages/airflow/example_dags/example_branch_labels.py took 0.118 seconds
[2024-08-06T22:40:50.913+0800] {processor.py:161} INFO - Started process (PID=96457) to work on /home/haziq/Documents/pl-data-engineering/venv/lib/python3.12/site-packages/airflow/example_dags/example_branch_labels.py
[2024-08-06T22:40:50.914+0800] {processor.py:830} INFO - Processing file /home/haziq/Documents/pl-data-engineering/venv/lib/python3.12/site-packages/airflow/example_dags/example_branch_labels.py for tasks to queue
[2024-08-06T22:40:50.917+0800] {logging_mixin.py:188} INFO - [2024-08-06T22:40:50.916+0800] {dagbag.py:545} INFO - Filling up the DagBag from /home/haziq/Documents/pl-data-engineering/venv/lib/python3.12/site-packages/airflow/example_dags/example_branch_labels.py
[2024-08-06T22:40:50.931+0800] {processor.py:840} INFO - DAG(s) 'example_branch_labels' retrieved from /home/haziq/Documents/pl-data-engineering/venv/lib/python3.12/site-packages/airflow/example_dags/example_branch_labels.py
[2024-08-06T22:40:50.959+0800] {logging_mixin.py:188} INFO - [2024-08-06T22:40:50.959+0800] {dag.py:3089} INFO - Sync 1 DAGs
[2024-08-06T22:40:50.993+0800] {logging_mixin.py:188} INFO - [2024-08-06T22:40:50.993+0800] {dag.py:3947} INFO - Setting next_dagrun for example_branch_labels to 2024-08-05 00:00:00+00:00, run_after=2024-08-06 00:00:00+00:00
[2024-08-06T22:40:51.030+0800] {processor.py:183} INFO - Processing /home/haziq/Documents/pl-data-engineering/venv/lib/python3.12/site-packages/airflow/example_dags/example_branch_labels.py took 0.130 seconds
[2024-08-06T22:41:43.162+0800] {processor.py:161} INFO - Started process (PID=96810) to work on /home/haziq/Documents/pl-data-engineering/venv/lib/python3.12/site-packages/airflow/example_dags/example_branch_labels.py
[2024-08-06T22:41:43.164+0800] {processor.py:830} INFO - Processing file /home/haziq/Documents/pl-data-engineering/venv/lib/python3.12/site-packages/airflow/example_dags/example_branch_labels.py for tasks to queue
[2024-08-06T22:41:43.167+0800] {logging_mixin.py:188} INFO - [2024-08-06T22:41:43.166+0800] {dagbag.py:545} INFO - Filling up the DagBag from /home/haziq/Documents/pl-data-engineering/venv/lib/python3.12/site-packages/airflow/example_dags/example_branch_labels.py
[2024-08-06T22:41:43.178+0800] {processor.py:840} INFO - DAG(s) 'example_branch_labels' retrieved from /home/haziq/Documents/pl-data-engineering/venv/lib/python3.12/site-packages/airflow/example_dags/example_branch_labels.py
[2024-08-06T22:41:43.205+0800] {logging_mixin.py:188} INFO - [2024-08-06T22:41:43.204+0800] {dag.py:3089} INFO - Sync 1 DAGs
[2024-08-06T22:41:43.239+0800] {logging_mixin.py:188} INFO - [2024-08-06T22:41:43.239+0800] {dag.py:3947} INFO - Setting next_dagrun for example_branch_labels to 2024-08-05 00:00:00+00:00, run_after=2024-08-06 00:00:00+00:00
[2024-08-06T22:41:43.275+0800] {processor.py:183} INFO - Processing /home/haziq/Documents/pl-data-engineering/venv/lib/python3.12/site-packages/airflow/example_dags/example_branch_labels.py took 0.124 seconds
[2024-08-06T22:42:37.550+0800] {processor.py:161} INFO - Started process (PID=97145) to work on /home/haziq/Documents/pl-data-engineering/venv/lib/python3.12/site-packages/airflow/example_dags/example_branch_labels.py
[2024-08-06T22:42:37.558+0800] {processor.py:830} INFO - Processing file /home/haziq/Documents/pl-data-engineering/venv/lib/python3.12/site-packages/airflow/example_dags/example_branch_labels.py for tasks to queue
[2024-08-06T22:42:37.561+0800] {logging_mixin.py:188} INFO - [2024-08-06T22:42:37.561+0800] {dagbag.py:545} INFO - Filling up the DagBag from /home/haziq/Documents/pl-data-engineering/venv/lib/python3.12/site-packages/airflow/example_dags/example_branch_labels.py
[2024-08-06T22:42:37.574+0800] {processor.py:840} INFO - DAG(s) 'example_branch_labels' retrieved from /home/haziq/Documents/pl-data-engineering/venv/lib/python3.12/site-packages/airflow/example_dags/example_branch_labels.py
[2024-08-06T22:42:37.604+0800] {logging_mixin.py:188} INFO - [2024-08-06T22:42:37.603+0800] {dag.py:3089} INFO - Sync 1 DAGs
[2024-08-06T22:42:37.640+0800] {logging_mixin.py:188} INFO - [2024-08-06T22:42:37.639+0800] {dag.py:3947} INFO - Setting next_dagrun for example_branch_labels to 2024-08-05 00:00:00+00:00, run_after=2024-08-06 00:00:00+00:00
[2024-08-06T22:42:37.686+0800] {processor.py:183} INFO - Processing /home/haziq/Documents/pl-data-engineering/venv/lib/python3.12/site-packages/airflow/example_dags/example_branch_labels.py took 0.145 seconds
