[2024-08-06T22:33:08.981+0800] {processor.py:161} INFO - Started process (PID=93100) to work on /home/haziq/Documents/pl-data-engineering/venv/lib/python3.12/site-packages/airflow/example_dags/example_sensor_decorator.py
[2024-08-06T22:33:08.982+0800] {processor.py:830} INFO - Processing file /home/haziq/Documents/pl-data-engineering/venv/lib/python3.12/site-packages/airflow/example_dags/example_sensor_decorator.py for tasks to queue
[2024-08-06T22:33:08.985+0800] {logging_mixin.py:188} INFO - [2024-08-06T22:33:08.984+0800] {dagbag.py:545} INFO - Filling up the DagBag from /home/haziq/Documents/pl-data-engineering/venv/lib/python3.12/site-packages/airflow/example_dags/example_sensor_decorator.py
[2024-08-06T22:33:08.999+0800] {processor.py:840} INFO - DAG(s) 'example_sensor_decorator' retrieved from /home/haziq/Documents/pl-data-engineering/venv/lib/python3.12/site-packages/airflow/example_dags/example_sensor_decorator.py
[2024-08-06T22:33:09.164+0800] {logging_mixin.py:188} INFO - [2024-08-06T22:33:09.163+0800] {override.py:1858} INFO - Created Permission View: can delete on DAG:example_sensor_decorator
[2024-08-06T22:33:09.183+0800] {logging_mixin.py:188} INFO - [2024-08-06T22:33:09.182+0800] {override.py:1858} INFO - Created Permission View: can read on DAG:example_sensor_decorator
[2024-08-06T22:33:09.198+0800] {logging_mixin.py:188} INFO - [2024-08-06T22:33:09.197+0800] {override.py:1858} INFO - Created Permission View: can edit on DAG:example_sensor_decorator
[2024-08-06T22:33:09.199+0800] {logging_mixin.py:188} INFO - [2024-08-06T22:33:09.198+0800] {dag.py:3089} INFO - Sync 1 DAGs
[2024-08-06T22:33:09.215+0800] {logging_mixin.py:188} INFO - [2024-08-06T22:33:09.215+0800] {dag.py:3111} INFO - Creating ORM DAG for example_sensor_decorator
[2024-08-06T22:33:09.217+0800] {logging_mixin.py:188} INFO - [2024-08-06T22:33:09.216+0800] {dag.py:3947} INFO - Setting next_dagrun for example_sensor_decorator to None, run_after=None
[2024-08-06T22:33:09.249+0800] {processor.py:183} INFO - Processing /home/haziq/Documents/pl-data-engineering/venv/lib/python3.12/site-packages/airflow/example_dags/example_sensor_decorator.py took 0.279 seconds
[2024-08-06T22:34:09.430+0800] {processor.py:161} INFO - Started process (PID=93511) to work on /home/haziq/Documents/pl-data-engineering/venv/lib/python3.12/site-packages/airflow/example_dags/example_sensor_decorator.py
[2024-08-06T22:34:09.439+0800] {processor.py:830} INFO - Processing file /home/haziq/Documents/pl-data-engineering/venv/lib/python3.12/site-packages/airflow/example_dags/example_sensor_decorator.py for tasks to queue
[2024-08-06T22:34:09.442+0800] {logging_mixin.py:188} INFO - [2024-08-06T22:34:09.442+0800] {dagbag.py:545} INFO - Filling up the DagBag from /home/haziq/Documents/pl-data-engineering/venv/lib/python3.12/site-packages/airflow/example_dags/example_sensor_decorator.py
[2024-08-06T22:34:09.452+0800] {processor.py:840} INFO - DAG(s) 'example_sensor_decorator' retrieved from /home/haziq/Documents/pl-data-engineering/venv/lib/python3.12/site-packages/airflow/example_dags/example_sensor_decorator.py
[2024-08-06T22:34:09.476+0800] {logging_mixin.py:188} INFO - [2024-08-06T22:34:09.476+0800] {dag.py:3089} INFO - Sync 1 DAGs
[2024-08-06T22:34:09.495+0800] {logging_mixin.py:188} INFO - [2024-08-06T22:34:09.495+0800] {dag.py:3947} INFO - Setting next_dagrun for example_sensor_decorator to None, run_after=None
[2024-08-06T22:34:09.532+0800] {processor.py:183} INFO - Processing /home/haziq/Documents/pl-data-engineering/venv/lib/python3.12/site-packages/airflow/example_dags/example_sensor_decorator.py took 0.113 seconds
[2024-08-06T22:35:48.142+0800] {processor.py:161} INFO - Started process (PID=94277) to work on /home/haziq/Documents/pl-data-engineering/venv/lib/python3.12/site-packages/airflow/example_dags/example_sensor_decorator.py
[2024-08-06T22:35:48.143+0800] {processor.py:830} INFO - Processing file /home/haziq/Documents/pl-data-engineering/venv/lib/python3.12/site-packages/airflow/example_dags/example_sensor_decorator.py for tasks to queue
[2024-08-06T22:35:48.146+0800] {logging_mixin.py:188} INFO - [2024-08-06T22:35:48.146+0800] {dagbag.py:545} INFO - Filling up the DagBag from /home/haziq/Documents/pl-data-engineering/venv/lib/python3.12/site-packages/airflow/example_dags/example_sensor_decorator.py
[2024-08-06T22:35:48.156+0800] {processor.py:840} INFO - DAG(s) 'example_sensor_decorator' retrieved from /home/haziq/Documents/pl-data-engineering/venv/lib/python3.12/site-packages/airflow/example_dags/example_sensor_decorator.py
[2024-08-06T22:35:48.299+0800] {logging_mixin.py:188} INFO - [2024-08-06T22:35:48.299+0800] {dag.py:3089} INFO - Sync 1 DAGs
[2024-08-06T22:35:48.315+0800] {logging_mixin.py:188} INFO - [2024-08-06T22:35:48.314+0800] {dag.py:3947} INFO - Setting next_dagrun for example_sensor_decorator to None, run_after=None
[2024-08-06T22:35:48.359+0800] {processor.py:183} INFO - Processing /home/haziq/Documents/pl-data-engineering/venv/lib/python3.12/site-packages/airflow/example_dags/example_sensor_decorator.py took 0.228 seconds
[2024-08-06T22:36:49.468+0800] {processor.py:161} INFO - Started process (PID=94658) to work on /home/haziq/Documents/pl-data-engineering/venv/lib/python3.12/site-packages/airflow/example_dags/example_sensor_decorator.py
[2024-08-06T22:36:49.469+0800] {processor.py:830} INFO - Processing file /home/haziq/Documents/pl-data-engineering/venv/lib/python3.12/site-packages/airflow/example_dags/example_sensor_decorator.py for tasks to queue
[2024-08-06T22:36:49.472+0800] {logging_mixin.py:188} INFO - [2024-08-06T22:36:49.472+0800] {dagbag.py:545} INFO - Filling up the DagBag from /home/haziq/Documents/pl-data-engineering/venv/lib/python3.12/site-packages/airflow/example_dags/example_sensor_decorator.py
[2024-08-06T22:36:49.483+0800] {processor.py:840} INFO - DAG(s) 'example_sensor_decorator' retrieved from /home/haziq/Documents/pl-data-engineering/venv/lib/python3.12/site-packages/airflow/example_dags/example_sensor_decorator.py
[2024-08-06T22:36:49.508+0800] {logging_mixin.py:188} INFO - [2024-08-06T22:36:49.508+0800] {dag.py:3089} INFO - Sync 1 DAGs
[2024-08-06T22:36:49.530+0800] {logging_mixin.py:188} INFO - [2024-08-06T22:36:49.530+0800] {dag.py:3947} INFO - Setting next_dagrun for example_sensor_decorator to None, run_after=None
[2024-08-06T22:36:49.569+0800] {processor.py:183} INFO - Processing /home/haziq/Documents/pl-data-engineering/venv/lib/python3.12/site-packages/airflow/example_dags/example_sensor_decorator.py took 0.115 seconds
[2024-08-06T22:37:49.542+0800] {processor.py:161} INFO - Started process (PID=95085) to work on /home/haziq/Documents/pl-data-engineering/venv/lib/python3.12/site-packages/airflow/example_dags/example_sensor_decorator.py
[2024-08-06T22:37:49.544+0800] {processor.py:830} INFO - Processing file /home/haziq/Documents/pl-data-engineering/venv/lib/python3.12/site-packages/airflow/example_dags/example_sensor_decorator.py for tasks to queue
[2024-08-06T22:37:49.546+0800] {logging_mixin.py:188} INFO - [2024-08-06T22:37:49.546+0800] {dagbag.py:545} INFO - Filling up the DagBag from /home/haziq/Documents/pl-data-engineering/venv/lib/python3.12/site-packages/airflow/example_dags/example_sensor_decorator.py
[2024-08-06T22:37:49.556+0800] {processor.py:840} INFO - DAG(s) 'example_sensor_decorator' retrieved from /home/haziq/Documents/pl-data-engineering/venv/lib/python3.12/site-packages/airflow/example_dags/example_sensor_decorator.py
[2024-08-06T22:37:49.579+0800] {logging_mixin.py:188} INFO - [2024-08-06T22:37:49.578+0800] {dag.py:3089} INFO - Sync 1 DAGs
[2024-08-06T22:37:49.596+0800] {logging_mixin.py:188} INFO - [2024-08-06T22:37:49.596+0800] {dag.py:3947} INFO - Setting next_dagrun for example_sensor_decorator to None, run_after=None
[2024-08-06T22:37:49.632+0800] {processor.py:183} INFO - Processing /home/haziq/Documents/pl-data-engineering/venv/lib/python3.12/site-packages/airflow/example_dags/example_sensor_decorator.py took 0.103 seconds
[2024-08-06T22:38:44.249+0800] {processor.py:161} INFO - Started process (PID=95463) to work on /home/haziq/Documents/pl-data-engineering/venv/lib/python3.12/site-packages/airflow/example_dags/example_sensor_decorator.py
[2024-08-06T22:38:44.251+0800] {processor.py:830} INFO - Processing file /home/haziq/Documents/pl-data-engineering/venv/lib/python3.12/site-packages/airflow/example_dags/example_sensor_decorator.py for tasks to queue
[2024-08-06T22:38:44.253+0800] {logging_mixin.py:188} INFO - [2024-08-06T22:38:44.253+0800] {dagbag.py:545} INFO - Filling up the DagBag from /home/haziq/Documents/pl-data-engineering/venv/lib/python3.12/site-packages/airflow/example_dags/example_sensor_decorator.py
[2024-08-06T22:38:44.263+0800] {processor.py:840} INFO - DAG(s) 'example_sensor_decorator' retrieved from /home/haziq/Documents/pl-data-engineering/venv/lib/python3.12/site-packages/airflow/example_dags/example_sensor_decorator.py
[2024-08-06T22:38:44.293+0800] {logging_mixin.py:188} INFO - [2024-08-06T22:38:44.293+0800] {dag.py:3089} INFO - Sync 1 DAGs
[2024-08-06T22:38:44.313+0800] {logging_mixin.py:188} INFO - [2024-08-06T22:38:44.313+0800] {dag.py:3947} INFO - Setting next_dagrun for example_sensor_decorator to None, run_after=None
[2024-08-06T22:38:44.351+0800] {processor.py:183} INFO - Processing /home/haziq/Documents/pl-data-engineering/venv/lib/python3.12/site-packages/airflow/example_dags/example_sensor_decorator.py took 0.113 seconds
[2024-08-06T22:39:44.554+0800] {processor.py:161} INFO - Started process (PID=95961) to work on /home/haziq/Documents/pl-data-engineering/venv/lib/python3.12/site-packages/airflow/example_dags/example_sensor_decorator.py
[2024-08-06T22:39:44.556+0800] {processor.py:830} INFO - Processing file /home/haziq/Documents/pl-data-engineering/venv/lib/python3.12/site-packages/airflow/example_dags/example_sensor_decorator.py for tasks to queue
[2024-08-06T22:39:44.558+0800] {logging_mixin.py:188} INFO - [2024-08-06T22:39:44.558+0800] {dagbag.py:545} INFO - Filling up the DagBag from /home/haziq/Documents/pl-data-engineering/venv/lib/python3.12/site-packages/airflow/example_dags/example_sensor_decorator.py
[2024-08-06T22:39:44.567+0800] {processor.py:840} INFO - DAG(s) 'example_sensor_decorator' retrieved from /home/haziq/Documents/pl-data-engineering/venv/lib/python3.12/site-packages/airflow/example_dags/example_sensor_decorator.py
[2024-08-06T22:39:44.590+0800] {logging_mixin.py:188} INFO - [2024-08-06T22:39:44.590+0800] {dag.py:3089} INFO - Sync 1 DAGs
[2024-08-06T22:39:44.607+0800] {logging_mixin.py:188} INFO - [2024-08-06T22:39:44.607+0800] {dag.py:3947} INFO - Setting next_dagrun for example_sensor_decorator to None, run_after=None
[2024-08-06T22:39:44.643+0800] {processor.py:183} INFO - Processing /home/haziq/Documents/pl-data-engineering/venv/lib/python3.12/site-packages/airflow/example_dags/example_sensor_decorator.py took 0.101 seconds
[2024-08-06T22:40:35.464+0800] {processor.py:161} INFO - Started process (PID=96308) to work on /home/haziq/Documents/pl-data-engineering/venv/lib/python3.12/site-packages/airflow/example_dags/example_sensor_decorator.py
[2024-08-06T22:40:35.473+0800] {processor.py:830} INFO - Processing file /home/haziq/Documents/pl-data-engineering/venv/lib/python3.12/site-packages/airflow/example_dags/example_sensor_decorator.py for tasks to queue
[2024-08-06T22:40:35.475+0800] {logging_mixin.py:188} INFO - [2024-08-06T22:40:35.475+0800] {dagbag.py:545} INFO - Filling up the DagBag from /home/haziq/Documents/pl-data-engineering/venv/lib/python3.12/site-packages/airflow/example_dags/example_sensor_decorator.py
[2024-08-06T22:40:35.485+0800] {processor.py:840} INFO - DAG(s) 'example_sensor_decorator' retrieved from /home/haziq/Documents/pl-data-engineering/venv/lib/python3.12/site-packages/airflow/example_dags/example_sensor_decorator.py
[2024-08-06T22:40:35.509+0800] {logging_mixin.py:188} INFO - [2024-08-06T22:40:35.508+0800] {dag.py:3089} INFO - Sync 1 DAGs
[2024-08-06T22:40:35.526+0800] {logging_mixin.py:188} INFO - [2024-08-06T22:40:35.525+0800] {dag.py:3947} INFO - Setting next_dagrun for example_sensor_decorator to None, run_after=None
[2024-08-06T22:40:35.561+0800] {processor.py:183} INFO - Processing /home/haziq/Documents/pl-data-engineering/venv/lib/python3.12/site-packages/airflow/example_dags/example_sensor_decorator.py took 0.108 seconds
[2024-08-06T22:41:28.052+0800] {processor.py:161} INFO - Started process (PID=96711) to work on /home/haziq/Documents/pl-data-engineering/venv/lib/python3.12/site-packages/airflow/example_dags/example_sensor_decorator.py
[2024-08-06T22:41:28.053+0800] {processor.py:830} INFO - Processing file /home/haziq/Documents/pl-data-engineering/venv/lib/python3.12/site-packages/airflow/example_dags/example_sensor_decorator.py for tasks to queue
[2024-08-06T22:41:28.056+0800] {logging_mixin.py:188} INFO - [2024-08-06T22:41:28.056+0800] {dagbag.py:545} INFO - Filling up the DagBag from /home/haziq/Documents/pl-data-engineering/venv/lib/python3.12/site-packages/airflow/example_dags/example_sensor_decorator.py
[2024-08-06T22:41:28.066+0800] {processor.py:840} INFO - DAG(s) 'example_sensor_decorator' retrieved from /home/haziq/Documents/pl-data-engineering/venv/lib/python3.12/site-packages/airflow/example_dags/example_sensor_decorator.py
[2024-08-06T22:41:28.090+0800] {logging_mixin.py:188} INFO - [2024-08-06T22:41:28.090+0800] {dag.py:3089} INFO - Sync 1 DAGs
[2024-08-06T22:41:28.109+0800] {logging_mixin.py:188} INFO - [2024-08-06T22:41:28.108+0800] {dag.py:3947} INFO - Setting next_dagrun for example_sensor_decorator to None, run_after=None
[2024-08-06T22:41:28.145+0800] {processor.py:183} INFO - Processing /home/haziq/Documents/pl-data-engineering/venv/lib/python3.12/site-packages/airflow/example_dags/example_sensor_decorator.py took 0.105 seconds
[2024-08-06T22:42:22.909+0800] {processor.py:161} INFO - Started process (PID=97051) to work on /home/haziq/Documents/pl-data-engineering/venv/lib/python3.12/site-packages/airflow/example_dags/example_sensor_decorator.py
[2024-08-06T22:42:22.917+0800] {processor.py:830} INFO - Processing file /home/haziq/Documents/pl-data-engineering/venv/lib/python3.12/site-packages/airflow/example_dags/example_sensor_decorator.py for tasks to queue
[2024-08-06T22:42:22.920+0800] {logging_mixin.py:188} INFO - [2024-08-06T22:42:22.920+0800] {dagbag.py:545} INFO - Filling up the DagBag from /home/haziq/Documents/pl-data-engineering/venv/lib/python3.12/site-packages/airflow/example_dags/example_sensor_decorator.py
[2024-08-06T22:42:22.929+0800] {processor.py:840} INFO - DAG(s) 'example_sensor_decorator' retrieved from /home/haziq/Documents/pl-data-engineering/venv/lib/python3.12/site-packages/airflow/example_dags/example_sensor_decorator.py
[2024-08-06T22:42:22.952+0800] {logging_mixin.py:188} INFO - [2024-08-06T22:42:22.952+0800] {dag.py:3089} INFO - Sync 1 DAGs
[2024-08-06T22:42:22.970+0800] {logging_mixin.py:188} INFO - [2024-08-06T22:42:22.969+0800] {dag.py:3947} INFO - Setting next_dagrun for example_sensor_decorator to None, run_after=None
[2024-08-06T22:42:23.005+0800] {processor.py:183} INFO - Processing /home/haziq/Documents/pl-data-engineering/venv/lib/python3.12/site-packages/airflow/example_dags/example_sensor_decorator.py took 0.108 seconds
