[2024-08-06T22:33:32.631+0800] {processor.py:161} INFO - Started process (PID=93269) to work on /home/haziq/Documents/pl-data-engineering/venv/lib/python3.12/site-packages/airflow/example_dags/example_datasets.py
[2024-08-06T22:33:32.632+0800] {processor.py:830} INFO - Processing file /home/haziq/Documents/pl-data-engineering/venv/lib/python3.12/site-packages/airflow/example_dags/example_datasets.py for tasks to queue
[2024-08-06T22:33:32.635+0800] {logging_mixin.py:188} INFO - [2024-08-06T22:33:32.635+0800] {dagbag.py:545} INFO - Filling up the DagBag from /home/haziq/Documents/pl-data-engineering/venv/lib/python3.12/site-packages/airflow/example_dags/example_datasets.py
[2024-08-06T22:33:32.654+0800] {processor.py:840} INFO - DAG(s) 'dataset_consumes_unknown_never_scheduled', 'dataset_consumes_1', 'consume_1_or_2_with_dataset_expressions', 'conditional_dataset_and_time_based_timetable', 'consume_1_or_both_2_and_3_with_dataset_expressions', 'dataset_produces_2', 'dataset_consumes_1_never_scheduled', 'dataset_consumes_1_and_2', 'consume_1_and_2_with_dataset_expressions', 'dataset_produces_1' retrieved from /home/haziq/Documents/pl-data-engineering/venv/lib/python3.12/site-packages/airflow/example_dags/example_datasets.py
[2024-08-06T22:33:32.830+0800] {logging_mixin.py:188} INFO - [2024-08-06T22:33:32.828+0800] {override.py:1858} INFO - Created Permission View: can delete on DAG:dataset_consumes_unknown_never_scheduled
[2024-08-06T22:33:32.849+0800] {logging_mixin.py:188} INFO - [2024-08-06T22:33:32.848+0800] {override.py:1858} INFO - Created Permission View: can read on DAG:dataset_consumes_unknown_never_scheduled
[2024-08-06T22:33:32.863+0800] {logging_mixin.py:188} INFO - [2024-08-06T22:33:32.862+0800] {override.py:1858} INFO - Created Permission View: can edit on DAG:dataset_consumes_unknown_never_scheduled
[2024-08-06T22:33:32.895+0800] {logging_mixin.py:188} INFO - [2024-08-06T22:33:32.895+0800] {override.py:1858} INFO - Created Permission View: can delete on DAG:dataset_consumes_1
[2024-08-06T22:33:32.909+0800] {logging_mixin.py:188} INFO - [2024-08-06T22:33:32.908+0800] {override.py:1858} INFO - Created Permission View: can read on DAG:dataset_consumes_1
[2024-08-06T22:33:32.923+0800] {logging_mixin.py:188} INFO - [2024-08-06T22:33:32.923+0800] {override.py:1858} INFO - Created Permission View: can edit on DAG:dataset_consumes_1
[2024-08-06T22:33:32.953+0800] {logging_mixin.py:188} INFO - [2024-08-06T22:33:32.953+0800] {override.py:1858} INFO - Created Permission View: can delete on DAG:consume_1_or_2_with_dataset_expressions
[2024-08-06T22:33:32.967+0800] {logging_mixin.py:188} INFO - [2024-08-06T22:33:32.966+0800] {override.py:1858} INFO - Created Permission View: can read on DAG:consume_1_or_2_with_dataset_expressions
[2024-08-06T22:33:32.980+0800] {logging_mixin.py:188} INFO - [2024-08-06T22:33:32.980+0800] {override.py:1858} INFO - Created Permission View: can edit on DAG:consume_1_or_2_with_dataset_expressions
[2024-08-06T22:33:33.009+0800] {logging_mixin.py:188} INFO - [2024-08-06T22:33:33.008+0800] {override.py:1858} INFO - Created Permission View: can delete on DAG:conditional_dataset_and_time_based_timetable
[2024-08-06T22:33:33.023+0800] {logging_mixin.py:188} INFO - [2024-08-06T22:33:33.022+0800] {override.py:1858} INFO - Created Permission View: can read on DAG:conditional_dataset_and_time_based_timetable
[2024-08-06T22:33:33.035+0800] {logging_mixin.py:188} INFO - [2024-08-06T22:33:33.035+0800] {override.py:1858} INFO - Created Permission View: can edit on DAG:conditional_dataset_and_time_based_timetable
[2024-08-06T22:33:33.065+0800] {logging_mixin.py:188} INFO - [2024-08-06T22:33:33.064+0800] {override.py:1858} INFO - Created Permission View: can delete on DAG:consume_1_or_both_2_and_3_with_dataset_expressions
[2024-08-06T22:33:33.078+0800] {logging_mixin.py:188} INFO - [2024-08-06T22:33:33.077+0800] {override.py:1858} INFO - Created Permission View: can read on DAG:consume_1_or_both_2_and_3_with_dataset_expressions
[2024-08-06T22:33:33.091+0800] {logging_mixin.py:188} INFO - [2024-08-06T22:33:33.091+0800] {override.py:1858} INFO - Created Permission View: can edit on DAG:consume_1_or_both_2_and_3_with_dataset_expressions
[2024-08-06T22:33:33.120+0800] {logging_mixin.py:188} INFO - [2024-08-06T22:33:33.119+0800] {override.py:1858} INFO - Created Permission View: can delete on DAG:dataset_produces_2
[2024-08-06T22:33:33.134+0800] {logging_mixin.py:188} INFO - [2024-08-06T22:33:33.134+0800] {override.py:1858} INFO - Created Permission View: can read on DAG:dataset_produces_2
[2024-08-06T22:33:33.148+0800] {logging_mixin.py:188} INFO - [2024-08-06T22:33:33.147+0800] {override.py:1858} INFO - Created Permission View: can edit on DAG:dataset_produces_2
[2024-08-06T22:33:33.176+0800] {logging_mixin.py:188} INFO - [2024-08-06T22:33:33.175+0800] {override.py:1858} INFO - Created Permission View: can delete on DAG:dataset_consumes_1_never_scheduled
[2024-08-06T22:33:33.190+0800] {logging_mixin.py:188} INFO - [2024-08-06T22:33:33.189+0800] {override.py:1858} INFO - Created Permission View: can read on DAG:dataset_consumes_1_never_scheduled
[2024-08-06T22:33:33.204+0800] {logging_mixin.py:188} INFO - [2024-08-06T22:33:33.203+0800] {override.py:1858} INFO - Created Permission View: can edit on DAG:dataset_consumes_1_never_scheduled
[2024-08-06T22:33:33.233+0800] {logging_mixin.py:188} INFO - [2024-08-06T22:33:33.232+0800] {override.py:1858} INFO - Created Permission View: can delete on DAG:dataset_consumes_1_and_2
[2024-08-06T22:33:33.246+0800] {logging_mixin.py:188} INFO - [2024-08-06T22:33:33.245+0800] {override.py:1858} INFO - Created Permission View: can read on DAG:dataset_consumes_1_and_2
[2024-08-06T22:33:33.261+0800] {logging_mixin.py:188} INFO - [2024-08-06T22:33:33.261+0800] {override.py:1858} INFO - Created Permission View: can edit on DAG:dataset_consumes_1_and_2
[2024-08-06T22:33:33.290+0800] {logging_mixin.py:188} INFO - [2024-08-06T22:33:33.289+0800] {override.py:1858} INFO - Created Permission View: can delete on DAG:consume_1_and_2_with_dataset_expressions
[2024-08-06T22:33:33.306+0800] {logging_mixin.py:188} INFO - [2024-08-06T22:33:33.305+0800] {override.py:1858} INFO - Created Permission View: can read on DAG:consume_1_and_2_with_dataset_expressions
[2024-08-06T22:33:33.319+0800] {logging_mixin.py:188} INFO - [2024-08-06T22:33:33.318+0800] {override.py:1858} INFO - Created Permission View: can edit on DAG:consume_1_and_2_with_dataset_expressions
[2024-08-06T22:33:33.347+0800] {logging_mixin.py:188} INFO - [2024-08-06T22:33:33.346+0800] {override.py:1858} INFO - Created Permission View: can delete on DAG:dataset_produces_1
[2024-08-06T22:33:33.365+0800] {logging_mixin.py:188} INFO - [2024-08-06T22:33:33.364+0800] {override.py:1858} INFO - Created Permission View: can read on DAG:dataset_produces_1
[2024-08-06T22:33:33.388+0800] {logging_mixin.py:188} INFO - [2024-08-06T22:33:33.388+0800] {override.py:1858} INFO - Created Permission View: can edit on DAG:dataset_produces_1
[2024-08-06T22:33:33.389+0800] {logging_mixin.py:188} INFO - [2024-08-06T22:33:33.389+0800] {dag.py:3089} INFO - Sync 10 DAGs
[2024-08-06T22:33:33.409+0800] {logging_mixin.py:188} INFO - [2024-08-06T22:33:33.408+0800] {dag.py:3111} INFO - Creating ORM DAG for dataset_consumes_unknown_never_scheduled
[2024-08-06T22:33:33.410+0800] {logging_mixin.py:188} INFO - [2024-08-06T22:33:33.410+0800] {dag.py:3111} INFO - Creating ORM DAG for consume_1_or_both_2_and_3_with_dataset_expressions
[2024-08-06T22:33:33.411+0800] {logging_mixin.py:188} INFO - [2024-08-06T22:33:33.411+0800] {dag.py:3111} INFO - Creating ORM DAG for dataset_consumes_1
[2024-08-06T22:33:33.412+0800] {logging_mixin.py:188} INFO - [2024-08-06T22:33:33.412+0800] {dag.py:3111} INFO - Creating ORM DAG for dataset_consumes_1_never_scheduled
[2024-08-06T22:33:33.413+0800] {logging_mixin.py:188} INFO - [2024-08-06T22:33:33.412+0800] {dag.py:3111} INFO - Creating ORM DAG for dataset_produces_1
[2024-08-06T22:33:33.414+0800] {logging_mixin.py:188} INFO - [2024-08-06T22:33:33.413+0800] {dag.py:3111} INFO - Creating ORM DAG for dataset_produces_2
[2024-08-06T22:33:33.415+0800] {logging_mixin.py:188} INFO - [2024-08-06T22:33:33.415+0800] {dag.py:3111} INFO - Creating ORM DAG for dataset_consumes_1_and_2
[2024-08-06T22:33:33.416+0800] {logging_mixin.py:188} INFO - [2024-08-06T22:33:33.416+0800] {dag.py:3111} INFO - Creating ORM DAG for consume_1_and_2_with_dataset_expressions
[2024-08-06T22:33:33.417+0800] {logging_mixin.py:188} INFO - [2024-08-06T22:33:33.417+0800] {dag.py:3111} INFO - Creating ORM DAG for consume_1_or_2_with_dataset_expressions
[2024-08-06T22:33:33.419+0800] {logging_mixin.py:188} INFO - [2024-08-06T22:33:33.418+0800] {dag.py:3111} INFO - Creating ORM DAG for conditional_dataset_and_time_based_timetable
[2024-08-06T22:33:33.436+0800] {logging_mixin.py:188} INFO - [2024-08-06T22:33:33.436+0800] {dag.py:3947} INFO - Setting next_dagrun for conditional_dataset_and_time_based_timetable to 2024-07-31 01:00:00+00:00, run_after=2024-07-31 01:00:00+00:00
[2024-08-06T22:33:33.437+0800] {logging_mixin.py:188} INFO - [2024-08-06T22:33:33.437+0800] {dag.py:3947} INFO - Setting next_dagrun for consume_1_and_2_with_dataset_expressions to None, run_after=None
[2024-08-06T22:33:33.438+0800] {logging_mixin.py:188} INFO - [2024-08-06T22:33:33.438+0800] {dag.py:3947} INFO - Setting next_dagrun for consume_1_or_2_with_dataset_expressions to None, run_after=None
[2024-08-06T22:33:33.438+0800] {logging_mixin.py:188} INFO - [2024-08-06T22:33:33.438+0800] {dag.py:3947} INFO - Setting next_dagrun for consume_1_or_both_2_and_3_with_dataset_expressions to None, run_after=None
[2024-08-06T22:33:33.439+0800] {logging_mixin.py:188} INFO - [2024-08-06T22:33:33.439+0800] {dag.py:3947} INFO - Setting next_dagrun for dataset_consumes_1 to None, run_after=None
[2024-08-06T22:33:33.440+0800] {logging_mixin.py:188} INFO - [2024-08-06T22:33:33.440+0800] {dag.py:3947} INFO - Setting next_dagrun for dataset_consumes_1_and_2 to None, run_after=None
[2024-08-06T22:33:33.441+0800] {logging_mixin.py:188} INFO - [2024-08-06T22:33:33.441+0800] {dag.py:3947} INFO - Setting next_dagrun for dataset_consumes_1_never_scheduled to None, run_after=None
[2024-08-06T22:33:33.442+0800] {logging_mixin.py:188} INFO - [2024-08-06T22:33:33.441+0800] {dag.py:3947} INFO - Setting next_dagrun for dataset_consumes_unknown_never_scheduled to None, run_after=None
[2024-08-06T22:33:33.444+0800] {logging_mixin.py:188} INFO - [2024-08-06T22:33:33.444+0800] {dag.py:3947} INFO - Setting next_dagrun for dataset_produces_1 to 2024-08-05 00:00:00+00:00, run_after=2024-08-06 00:00:00+00:00
[2024-08-06T22:33:33.445+0800] {logging_mixin.py:188} INFO - [2024-08-06T22:33:33.445+0800] {dag.py:3947} INFO - Setting next_dagrun for dataset_produces_2 to None, run_after=None
[2024-08-06T22:33:33.504+0800] {processor.py:183} INFO - Processing /home/haziq/Documents/pl-data-engineering/venv/lib/python3.12/site-packages/airflow/example_dags/example_datasets.py took 0.885 seconds
[2024-08-06T22:34:32.419+0800] {processor.py:161} INFO - Started process (PID=93675) to work on /home/haziq/Documents/pl-data-engineering/venv/lib/python3.12/site-packages/airflow/example_dags/example_datasets.py
[2024-08-06T22:34:32.420+0800] {processor.py:830} INFO - Processing file /home/haziq/Documents/pl-data-engineering/venv/lib/python3.12/site-packages/airflow/example_dags/example_datasets.py for tasks to queue
[2024-08-06T22:34:32.423+0800] {logging_mixin.py:188} INFO - [2024-08-06T22:34:32.422+0800] {dagbag.py:545} INFO - Filling up the DagBag from /home/haziq/Documents/pl-data-engineering/venv/lib/python3.12/site-packages/airflow/example_dags/example_datasets.py
[2024-08-06T22:34:32.441+0800] {processor.py:840} INFO - DAG(s) 'consume_1_and_2_with_dataset_expressions', 'conditional_dataset_and_time_based_timetable', 'dataset_produces_1', 'dataset_produces_2', 'dataset_consumes_1_and_2', 'consume_1_or_both_2_and_3_with_dataset_expressions', 'dataset_consumes_1', 'dataset_consumes_unknown_never_scheduled', 'dataset_consumes_1_never_scheduled', 'consume_1_or_2_with_dataset_expressions' retrieved from /home/haziq/Documents/pl-data-engineering/venv/lib/python3.12/site-packages/airflow/example_dags/example_datasets.py
[2024-08-06T22:34:32.500+0800] {logging_mixin.py:188} INFO - [2024-08-06T22:34:32.500+0800] {dag.py:3089} INFO - Sync 10 DAGs
[2024-08-06T22:34:32.535+0800] {logging_mixin.py:188} INFO - [2024-08-06T22:34:32.534+0800] {dag.py:3947} INFO - Setting next_dagrun for conditional_dataset_and_time_based_timetable to 2024-07-31 01:00:00+00:00, run_after=2024-07-31 01:00:00+00:00
[2024-08-06T22:34:32.540+0800] {logging_mixin.py:188} INFO - [2024-08-06T22:34:32.540+0800] {dag.py:3947} INFO - Setting next_dagrun for consume_1_and_2_with_dataset_expressions to None, run_after=None
[2024-08-06T22:34:32.543+0800] {logging_mixin.py:188} INFO - [2024-08-06T22:34:32.543+0800] {dag.py:3947} INFO - Setting next_dagrun for consume_1_or_2_with_dataset_expressions to None, run_after=None
[2024-08-06T22:34:32.545+0800] {logging_mixin.py:188} INFO - [2024-08-06T22:34:32.545+0800] {dag.py:3947} INFO - Setting next_dagrun for consume_1_or_both_2_and_3_with_dataset_expressions to None, run_after=None
[2024-08-06T22:34:32.546+0800] {logging_mixin.py:188} INFO - [2024-08-06T22:34:32.546+0800] {dag.py:3947} INFO - Setting next_dagrun for dataset_consumes_1 to None, run_after=None
[2024-08-06T22:34:32.547+0800] {logging_mixin.py:188} INFO - [2024-08-06T22:34:32.547+0800] {dag.py:3947} INFO - Setting next_dagrun for dataset_consumes_1_and_2 to None, run_after=None
[2024-08-06T22:34:32.548+0800] {logging_mixin.py:188} INFO - [2024-08-06T22:34:32.548+0800] {dag.py:3947} INFO - Setting next_dagrun for dataset_consumes_1_never_scheduled to None, run_after=None
[2024-08-06T22:34:32.550+0800] {logging_mixin.py:188} INFO - [2024-08-06T22:34:32.550+0800] {dag.py:3947} INFO - Setting next_dagrun for dataset_consumes_unknown_never_scheduled to None, run_after=None
[2024-08-06T22:34:32.553+0800] {logging_mixin.py:188} INFO - [2024-08-06T22:34:32.553+0800] {dag.py:3947} INFO - Setting next_dagrun for dataset_produces_1 to 2024-08-05 00:00:00+00:00, run_after=2024-08-06 00:00:00+00:00
[2024-08-06T22:34:32.555+0800] {logging_mixin.py:188} INFO - [2024-08-06T22:34:32.555+0800] {dag.py:3947} INFO - Setting next_dagrun for dataset_produces_2 to None, run_after=None
[2024-08-06T22:34:32.603+0800] {processor.py:183} INFO - Processing /home/haziq/Documents/pl-data-engineering/venv/lib/python3.12/site-packages/airflow/example_dags/example_datasets.py took 0.196 seconds
[2024-08-06T22:36:11.745+0800] {processor.py:161} INFO - Started process (PID=94424) to work on /home/haziq/Documents/pl-data-engineering/venv/lib/python3.12/site-packages/airflow/example_dags/example_datasets.py
[2024-08-06T22:36:11.746+0800] {processor.py:830} INFO - Processing file /home/haziq/Documents/pl-data-engineering/venv/lib/python3.12/site-packages/airflow/example_dags/example_datasets.py for tasks to queue
[2024-08-06T22:36:11.749+0800] {logging_mixin.py:188} INFO - [2024-08-06T22:36:11.748+0800] {dagbag.py:545} INFO - Filling up the DagBag from /home/haziq/Documents/pl-data-engineering/venv/lib/python3.12/site-packages/airflow/example_dags/example_datasets.py
[2024-08-06T22:36:11.767+0800] {processor.py:840} INFO - DAG(s) 'dataset_consumes_1_and_2', 'dataset_consumes_1_never_scheduled', 'dataset_consumes_1', 'consume_1_or_2_with_dataset_expressions', 'consume_1_and_2_with_dataset_expressions', 'consume_1_or_both_2_and_3_with_dataset_expressions', 'conditional_dataset_and_time_based_timetable', 'dataset_produces_1', 'dataset_produces_2', 'dataset_consumes_unknown_never_scheduled' retrieved from /home/haziq/Documents/pl-data-engineering/venv/lib/python3.12/site-packages/airflow/example_dags/example_datasets.py
[2024-08-06T22:36:12.008+0800] {logging_mixin.py:188} INFO - [2024-08-06T22:36:12.008+0800] {dag.py:3089} INFO - Sync 10 DAGs
[2024-08-06T22:36:12.038+0800] {logging_mixin.py:188} INFO - [2024-08-06T22:36:12.038+0800] {dag.py:3947} INFO - Setting next_dagrun for conditional_dataset_and_time_based_timetable to 2024-07-31 01:00:00+00:00, run_after=2024-07-31 01:00:00+00:00
[2024-08-06T22:36:12.042+0800] {logging_mixin.py:188} INFO - [2024-08-06T22:36:12.042+0800] {dag.py:3947} INFO - Setting next_dagrun for consume_1_and_2_with_dataset_expressions to None, run_after=None
[2024-08-06T22:36:12.044+0800] {logging_mixin.py:188} INFO - [2024-08-06T22:36:12.044+0800] {dag.py:3947} INFO - Setting next_dagrun for consume_1_or_2_with_dataset_expressions to None, run_after=None
[2024-08-06T22:36:12.045+0800] {logging_mixin.py:188} INFO - [2024-08-06T22:36:12.045+0800] {dag.py:3947} INFO - Setting next_dagrun for consume_1_or_both_2_and_3_with_dataset_expressions to None, run_after=None
[2024-08-06T22:36:12.047+0800] {logging_mixin.py:188} INFO - [2024-08-06T22:36:12.046+0800] {dag.py:3947} INFO - Setting next_dagrun for dataset_consumes_1 to None, run_after=None
[2024-08-06T22:36:12.048+0800] {logging_mixin.py:188} INFO - [2024-08-06T22:36:12.048+0800] {dag.py:3947} INFO - Setting next_dagrun for dataset_consumes_1_and_2 to None, run_after=None
[2024-08-06T22:36:12.049+0800] {logging_mixin.py:188} INFO - [2024-08-06T22:36:12.049+0800] {dag.py:3947} INFO - Setting next_dagrun for dataset_consumes_1_never_scheduled to None, run_after=None
[2024-08-06T22:36:12.050+0800] {logging_mixin.py:188} INFO - [2024-08-06T22:36:12.050+0800] {dag.py:3947} INFO - Setting next_dagrun for dataset_consumes_unknown_never_scheduled to None, run_after=None
[2024-08-06T22:36:12.053+0800] {logging_mixin.py:188} INFO - [2024-08-06T22:36:12.053+0800] {dag.py:3947} INFO - Setting next_dagrun for dataset_produces_1 to 2024-08-05 00:00:00+00:00, run_after=2024-08-06 00:00:00+00:00
[2024-08-06T22:36:12.054+0800] {logging_mixin.py:188} INFO - [2024-08-06T22:36:12.054+0800] {dag.py:3947} INFO - Setting next_dagrun for dataset_produces_2 to None, run_after=None
[2024-08-06T22:36:12.104+0800] {processor.py:183} INFO - Processing /home/haziq/Documents/pl-data-engineering/venv/lib/python3.12/site-packages/airflow/example_dags/example_datasets.py took 0.367 seconds
[2024-08-06T22:37:16.006+0800] {processor.py:161} INFO - Started process (PID=94852) to work on /home/haziq/Documents/pl-data-engineering/venv/lib/python3.12/site-packages/airflow/example_dags/example_datasets.py
[2024-08-06T22:37:16.008+0800] {processor.py:830} INFO - Processing file /home/haziq/Documents/pl-data-engineering/venv/lib/python3.12/site-packages/airflow/example_dags/example_datasets.py for tasks to queue
[2024-08-06T22:37:16.011+0800] {logging_mixin.py:188} INFO - [2024-08-06T22:37:16.010+0800] {dagbag.py:545} INFO - Filling up the DagBag from /home/haziq/Documents/pl-data-engineering/venv/lib/python3.12/site-packages/airflow/example_dags/example_datasets.py
[2024-08-06T22:37:16.035+0800] {processor.py:840} INFO - DAG(s) 'dataset_produces_1', 'dataset_consumes_1', 'conditional_dataset_and_time_based_timetable', 'dataset_consumes_1_never_scheduled', 'dataset_consumes_unknown_never_scheduled', 'dataset_produces_2', 'consume_1_or_2_with_dataset_expressions', 'consume_1_or_both_2_and_3_with_dataset_expressions', 'dataset_consumes_1_and_2', 'consume_1_and_2_with_dataset_expressions' retrieved from /home/haziq/Documents/pl-data-engineering/venv/lib/python3.12/site-packages/airflow/example_dags/example_datasets.py
[2024-08-06T22:37:16.096+0800] {logging_mixin.py:188} INFO - [2024-08-06T22:37:16.095+0800] {dag.py:3089} INFO - Sync 10 DAGs
[2024-08-06T22:37:16.130+0800] {logging_mixin.py:188} INFO - [2024-08-06T22:37:16.129+0800] {dag.py:3947} INFO - Setting next_dagrun for conditional_dataset_and_time_based_timetable to 2024-07-31 01:00:00+00:00, run_after=2024-07-31 01:00:00+00:00
[2024-08-06T22:37:16.135+0800] {logging_mixin.py:188} INFO - [2024-08-06T22:37:16.135+0800] {dag.py:3947} INFO - Setting next_dagrun for consume_1_and_2_with_dataset_expressions to None, run_after=None
[2024-08-06T22:37:16.137+0800] {logging_mixin.py:188} INFO - [2024-08-06T22:37:16.137+0800] {dag.py:3947} INFO - Setting next_dagrun for consume_1_or_2_with_dataset_expressions to None, run_after=None
[2024-08-06T22:37:16.138+0800] {logging_mixin.py:188} INFO - [2024-08-06T22:37:16.138+0800] {dag.py:3947} INFO - Setting next_dagrun for consume_1_or_both_2_and_3_with_dataset_expressions to None, run_after=None
[2024-08-06T22:37:16.139+0800] {logging_mixin.py:188} INFO - [2024-08-06T22:37:16.139+0800] {dag.py:3947} INFO - Setting next_dagrun for dataset_consumes_1 to None, run_after=None
[2024-08-06T22:37:16.141+0800] {logging_mixin.py:188} INFO - [2024-08-06T22:37:16.141+0800] {dag.py:3947} INFO - Setting next_dagrun for dataset_consumes_1_and_2 to None, run_after=None
[2024-08-06T22:37:16.142+0800] {logging_mixin.py:188} INFO - [2024-08-06T22:37:16.142+0800] {dag.py:3947} INFO - Setting next_dagrun for dataset_consumes_1_never_scheduled to None, run_after=None
[2024-08-06T22:37:16.143+0800] {logging_mixin.py:188} INFO - [2024-08-06T22:37:16.143+0800] {dag.py:3947} INFO - Setting next_dagrun for dataset_consumes_unknown_never_scheduled to None, run_after=None
[2024-08-06T22:37:16.146+0800] {logging_mixin.py:188} INFO - [2024-08-06T22:37:16.146+0800] {dag.py:3947} INFO - Setting next_dagrun for dataset_produces_1 to 2024-08-05 00:00:00+00:00, run_after=2024-08-06 00:00:00+00:00
[2024-08-06T22:37:16.148+0800] {logging_mixin.py:188} INFO - [2024-08-06T22:37:16.147+0800] {dag.py:3947} INFO - Setting next_dagrun for dataset_produces_2 to None, run_after=None
[2024-08-06T22:37:16.199+0800] {processor.py:183} INFO - Processing /home/haziq/Documents/pl-data-engineering/venv/lib/python3.12/site-packages/airflow/example_dags/example_datasets.py took 0.209 seconds
[2024-08-06T22:38:13.749+0800] {processor.py:161} INFO - Started process (PID=95241) to work on /home/haziq/Documents/pl-data-engineering/venv/lib/python3.12/site-packages/airflow/example_dags/example_datasets.py
[2024-08-06T22:38:13.750+0800] {processor.py:830} INFO - Processing file /home/haziq/Documents/pl-data-engineering/venv/lib/python3.12/site-packages/airflow/example_dags/example_datasets.py for tasks to queue
[2024-08-06T22:38:13.753+0800] {logging_mixin.py:188} INFO - [2024-08-06T22:38:13.752+0800] {dagbag.py:545} INFO - Filling up the DagBag from /home/haziq/Documents/pl-data-engineering/venv/lib/python3.12/site-packages/airflow/example_dags/example_datasets.py
[2024-08-06T22:38:13.772+0800] {processor.py:840} INFO - DAG(s) 'dataset_consumes_1_and_2', 'dataset_consumes_unknown_never_scheduled', 'consume_1_or_2_with_dataset_expressions', 'consume_1_and_2_with_dataset_expressions', 'consume_1_or_both_2_and_3_with_dataset_expressions', 'dataset_consumes_1', 'conditional_dataset_and_time_based_timetable', 'dataset_consumes_1_never_scheduled', 'dataset_produces_2', 'dataset_produces_1' retrieved from /home/haziq/Documents/pl-data-engineering/venv/lib/python3.12/site-packages/airflow/example_dags/example_datasets.py
[2024-08-06T22:38:13.833+0800] {logging_mixin.py:188} INFO - [2024-08-06T22:38:13.833+0800] {dag.py:3089} INFO - Sync 10 DAGs
[2024-08-06T22:38:13.867+0800] {logging_mixin.py:188} INFO - [2024-08-06T22:38:13.867+0800] {dag.py:3947} INFO - Setting next_dagrun for conditional_dataset_and_time_based_timetable to 2024-07-31 01:00:00+00:00, run_after=2024-07-31 01:00:00+00:00
[2024-08-06T22:38:13.873+0800] {logging_mixin.py:188} INFO - [2024-08-06T22:38:13.872+0800] {dag.py:3947} INFO - Setting next_dagrun for consume_1_and_2_with_dataset_expressions to None, run_after=None
[2024-08-06T22:38:13.875+0800] {logging_mixin.py:188} INFO - [2024-08-06T22:38:13.874+0800] {dag.py:3947} INFO - Setting next_dagrun for consume_1_or_2_with_dataset_expressions to None, run_after=None
[2024-08-06T22:38:13.876+0800] {logging_mixin.py:188} INFO - [2024-08-06T22:38:13.876+0800] {dag.py:3947} INFO - Setting next_dagrun for consume_1_or_both_2_and_3_with_dataset_expressions to None, run_after=None
[2024-08-06T22:38:13.877+0800] {logging_mixin.py:188} INFO - [2024-08-06T22:38:13.877+0800] {dag.py:3947} INFO - Setting next_dagrun for dataset_consumes_1 to None, run_after=None
[2024-08-06T22:38:13.879+0800] {logging_mixin.py:188} INFO - [2024-08-06T22:38:13.879+0800] {dag.py:3947} INFO - Setting next_dagrun for dataset_consumes_1_and_2 to None, run_after=None
[2024-08-06T22:38:13.881+0800] {logging_mixin.py:188} INFO - [2024-08-06T22:38:13.880+0800] {dag.py:3947} INFO - Setting next_dagrun for dataset_consumes_1_never_scheduled to None, run_after=None
[2024-08-06T22:38:13.882+0800] {logging_mixin.py:188} INFO - [2024-08-06T22:38:13.882+0800] {dag.py:3947} INFO - Setting next_dagrun for dataset_consumes_unknown_never_scheduled to None, run_after=None
[2024-08-06T22:38:13.885+0800] {logging_mixin.py:188} INFO - [2024-08-06T22:38:13.885+0800] {dag.py:3947} INFO - Setting next_dagrun for dataset_produces_1 to 2024-08-05 00:00:00+00:00, run_after=2024-08-06 00:00:00+00:00
[2024-08-06T22:38:13.887+0800] {logging_mixin.py:188} INFO - [2024-08-06T22:38:13.887+0800] {dag.py:3947} INFO - Setting next_dagrun for dataset_produces_2 to None, run_after=None
[2024-08-06T22:38:13.936+0800] {processor.py:183} INFO - Processing /home/haziq/Documents/pl-data-engineering/venv/lib/python3.12/site-packages/airflow/example_dags/example_datasets.py took 0.199 seconds
[2024-08-06T22:39:11.324+0800] {processor.py:161} INFO - Started process (PID=95654) to work on /home/haziq/Documents/pl-data-engineering/venv/lib/python3.12/site-packages/airflow/example_dags/example_datasets.py
[2024-08-06T22:39:11.332+0800] {processor.py:830} INFO - Processing file /home/haziq/Documents/pl-data-engineering/venv/lib/python3.12/site-packages/airflow/example_dags/example_datasets.py for tasks to queue
[2024-08-06T22:39:11.335+0800] {logging_mixin.py:188} INFO - [2024-08-06T22:39:11.334+0800] {dagbag.py:545} INFO - Filling up the DagBag from /home/haziq/Documents/pl-data-engineering/venv/lib/python3.12/site-packages/airflow/example_dags/example_datasets.py
[2024-08-06T22:39:11.353+0800] {processor.py:840} INFO - DAG(s) 'dataset_consumes_1_and_2', 'dataset_consumes_1_never_scheduled', 'dataset_consumes_unknown_never_scheduled', 'conditional_dataset_and_time_based_timetable', 'dataset_produces_1', 'dataset_consumes_1', 'consume_1_or_both_2_and_3_with_dataset_expressions', 'consume_1_or_2_with_dataset_expressions', 'consume_1_and_2_with_dataset_expressions', 'dataset_produces_2' retrieved from /home/haziq/Documents/pl-data-engineering/venv/lib/python3.12/site-packages/airflow/example_dags/example_datasets.py
[2024-08-06T22:39:11.423+0800] {logging_mixin.py:188} INFO - [2024-08-06T22:39:11.423+0800] {dag.py:3089} INFO - Sync 10 DAGs
[2024-08-06T22:39:11.463+0800] {logging_mixin.py:188} INFO - [2024-08-06T22:39:11.463+0800] {dag.py:3947} INFO - Setting next_dagrun for conditional_dataset_and_time_based_timetable to 2024-07-31 01:00:00+00:00, run_after=2024-07-31 01:00:00+00:00
[2024-08-06T22:39:11.469+0800] {logging_mixin.py:188} INFO - [2024-08-06T22:39:11.469+0800] {dag.py:3947} INFO - Setting next_dagrun for consume_1_and_2_with_dataset_expressions to None, run_after=None
[2024-08-06T22:39:11.471+0800] {logging_mixin.py:188} INFO - [2024-08-06T22:39:11.471+0800] {dag.py:3947} INFO - Setting next_dagrun for consume_1_or_2_with_dataset_expressions to None, run_after=None
[2024-08-06T22:39:11.473+0800] {logging_mixin.py:188} INFO - [2024-08-06T22:39:11.473+0800] {dag.py:3947} INFO - Setting next_dagrun for consume_1_or_both_2_and_3_with_dataset_expressions to None, run_after=None
[2024-08-06T22:39:11.475+0800] {logging_mixin.py:188} INFO - [2024-08-06T22:39:11.475+0800] {dag.py:3947} INFO - Setting next_dagrun for dataset_consumes_1 to None, run_after=None
[2024-08-06T22:39:11.477+0800] {logging_mixin.py:188} INFO - [2024-08-06T22:39:11.477+0800] {dag.py:3947} INFO - Setting next_dagrun for dataset_consumes_1_and_2 to None, run_after=None
[2024-08-06T22:39:11.480+0800] {logging_mixin.py:188} INFO - [2024-08-06T22:39:11.479+0800] {dag.py:3947} INFO - Setting next_dagrun for dataset_consumes_1_never_scheduled to None, run_after=None
[2024-08-06T22:39:11.482+0800] {logging_mixin.py:188} INFO - [2024-08-06T22:39:11.482+0800] {dag.py:3947} INFO - Setting next_dagrun for dataset_consumes_unknown_never_scheduled to None, run_after=None
[2024-08-06T22:39:11.485+0800] {logging_mixin.py:188} INFO - [2024-08-06T22:39:11.485+0800] {dag.py:3947} INFO - Setting next_dagrun for dataset_produces_1 to 2024-08-05 00:00:00+00:00, run_after=2024-08-06 00:00:00+00:00
[2024-08-06T22:39:11.488+0800] {logging_mixin.py:188} INFO - [2024-08-06T22:39:11.487+0800] {dag.py:3947} INFO - Setting next_dagrun for dataset_produces_2 to None, run_after=None
[2024-08-06T22:39:11.543+0800] {processor.py:183} INFO - Processing /home/haziq/Documents/pl-data-engineering/venv/lib/python3.12/site-packages/airflow/example_dags/example_datasets.py took 0.229 seconds
[2024-08-06T22:40:28.589+0800] {processor.py:161} INFO - Started process (PID=96260) to work on /home/haziq/Documents/pl-data-engineering/venv/lib/python3.12/site-packages/airflow/example_dags/example_datasets.py
[2024-08-06T22:40:28.597+0800] {processor.py:830} INFO - Processing file /home/haziq/Documents/pl-data-engineering/venv/lib/python3.12/site-packages/airflow/example_dags/example_datasets.py for tasks to queue
[2024-08-06T22:40:28.599+0800] {logging_mixin.py:188} INFO - [2024-08-06T22:40:28.599+0800] {dagbag.py:545} INFO - Filling up the DagBag from /home/haziq/Documents/pl-data-engineering/venv/lib/python3.12/site-packages/airflow/example_dags/example_datasets.py
[2024-08-06T22:40:28.618+0800] {processor.py:840} INFO - DAG(s) 'conditional_dataset_and_time_based_timetable', 'dataset_produces_2', 'dataset_consumes_1', 'consume_1_or_both_2_and_3_with_dataset_expressions', 'dataset_consumes_unknown_never_scheduled', 'consume_1_or_2_with_dataset_expressions', 'dataset_consumes_1_never_scheduled', 'dataset_produces_1', 'dataset_consumes_1_and_2', 'consume_1_and_2_with_dataset_expressions' retrieved from /home/haziq/Documents/pl-data-engineering/venv/lib/python3.12/site-packages/airflow/example_dags/example_datasets.py
[2024-08-06T22:40:28.684+0800] {logging_mixin.py:188} INFO - [2024-08-06T22:40:28.684+0800] {dag.py:3089} INFO - Sync 10 DAGs
[2024-08-06T22:40:28.717+0800] {logging_mixin.py:188} INFO - [2024-08-06T22:40:28.717+0800] {dag.py:3947} INFO - Setting next_dagrun for conditional_dataset_and_time_based_timetable to 2024-07-31 01:00:00+00:00, run_after=2024-07-31 01:00:00+00:00
[2024-08-06T22:40:28.723+0800] {logging_mixin.py:188} INFO - [2024-08-06T22:40:28.722+0800] {dag.py:3947} INFO - Setting next_dagrun for consume_1_and_2_with_dataset_expressions to None, run_after=None
[2024-08-06T22:40:28.724+0800] {logging_mixin.py:188} INFO - [2024-08-06T22:40:28.724+0800] {dag.py:3947} INFO - Setting next_dagrun for consume_1_or_2_with_dataset_expressions to None, run_after=None
[2024-08-06T22:40:28.726+0800] {logging_mixin.py:188} INFO - [2024-08-06T22:40:28.725+0800] {dag.py:3947} INFO - Setting next_dagrun for consume_1_or_both_2_and_3_with_dataset_expressions to None, run_after=None
[2024-08-06T22:40:28.727+0800] {logging_mixin.py:188} INFO - [2024-08-06T22:40:28.727+0800] {dag.py:3947} INFO - Setting next_dagrun for dataset_consumes_1 to None, run_after=None
[2024-08-06T22:40:28.728+0800] {logging_mixin.py:188} INFO - [2024-08-06T22:40:28.728+0800] {dag.py:3947} INFO - Setting next_dagrun for dataset_consumes_1_and_2 to None, run_after=None
[2024-08-06T22:40:28.729+0800] {logging_mixin.py:188} INFO - [2024-08-06T22:40:28.729+0800] {dag.py:3947} INFO - Setting next_dagrun for dataset_consumes_1_never_scheduled to None, run_after=None
[2024-08-06T22:40:28.731+0800] {logging_mixin.py:188} INFO - [2024-08-06T22:40:28.730+0800] {dag.py:3947} INFO - Setting next_dagrun for dataset_consumes_unknown_never_scheduled to None, run_after=None
[2024-08-06T22:40:28.733+0800] {logging_mixin.py:188} INFO - [2024-08-06T22:40:28.733+0800] {dag.py:3947} INFO - Setting next_dagrun for dataset_produces_1 to 2024-08-05 00:00:00+00:00, run_after=2024-08-06 00:00:00+00:00
[2024-08-06T22:40:28.735+0800] {logging_mixin.py:188} INFO - [2024-08-06T22:40:28.735+0800] {dag.py:3947} INFO - Setting next_dagrun for dataset_produces_2 to None, run_after=None
[2024-08-06T22:40:28.784+0800] {processor.py:183} INFO - Processing /home/haziq/Documents/pl-data-engineering/venv/lib/python3.12/site-packages/airflow/example_dags/example_datasets.py took 0.206 seconds
[2024-08-06T22:41:44.433+0800] {processor.py:161} INFO - Started process (PID=96821) to work on /home/haziq/Documents/pl-data-engineering/venv/lib/python3.12/site-packages/airflow/example_dags/example_datasets.py
[2024-08-06T22:41:44.434+0800] {processor.py:830} INFO - Processing file /home/haziq/Documents/pl-data-engineering/venv/lib/python3.12/site-packages/airflow/example_dags/example_datasets.py for tasks to queue
[2024-08-06T22:41:44.437+0800] {logging_mixin.py:188} INFO - [2024-08-06T22:41:44.436+0800] {dagbag.py:545} INFO - Filling up the DagBag from /home/haziq/Documents/pl-data-engineering/venv/lib/python3.12/site-packages/airflow/example_dags/example_datasets.py
[2024-08-06T22:41:44.456+0800] {processor.py:840} INFO - DAG(s) 'dataset_consumes_1', 'dataset_consumes_unknown_never_scheduled', 'consume_1_and_2_with_dataset_expressions', 'dataset_consumes_1_and_2', 'consume_1_or_both_2_and_3_with_dataset_expressions', 'dataset_produces_1', 'conditional_dataset_and_time_based_timetable', 'dataset_produces_2', 'consume_1_or_2_with_dataset_expressions', 'dataset_consumes_1_never_scheduled' retrieved from /home/haziq/Documents/pl-data-engineering/venv/lib/python3.12/site-packages/airflow/example_dags/example_datasets.py
[2024-08-06T22:41:44.524+0800] {logging_mixin.py:188} INFO - [2024-08-06T22:41:44.523+0800] {dag.py:3089} INFO - Sync 10 DAGs
[2024-08-06T22:41:44.567+0800] {logging_mixin.py:188} INFO - [2024-08-06T22:41:44.566+0800] {dag.py:3947} INFO - Setting next_dagrun for conditional_dataset_and_time_based_timetable to 2024-07-31 01:00:00+00:00, run_after=2024-07-31 01:00:00+00:00
[2024-08-06T22:41:44.573+0800] {logging_mixin.py:188} INFO - [2024-08-06T22:41:44.572+0800] {dag.py:3947} INFO - Setting next_dagrun for consume_1_and_2_with_dataset_expressions to None, run_after=None
[2024-08-06T22:41:44.577+0800] {logging_mixin.py:188} INFO - [2024-08-06T22:41:44.576+0800] {dag.py:3947} INFO - Setting next_dagrun for consume_1_or_2_with_dataset_expressions to None, run_after=None
[2024-08-06T22:41:44.580+0800] {logging_mixin.py:188} INFO - [2024-08-06T22:41:44.580+0800] {dag.py:3947} INFO - Setting next_dagrun for consume_1_or_both_2_and_3_with_dataset_expressions to None, run_after=None
[2024-08-06T22:41:44.583+0800] {logging_mixin.py:188} INFO - [2024-08-06T22:41:44.583+0800] {dag.py:3947} INFO - Setting next_dagrun for dataset_consumes_1 to None, run_after=None
[2024-08-06T22:41:44.585+0800] {logging_mixin.py:188} INFO - [2024-08-06T22:41:44.585+0800] {dag.py:3947} INFO - Setting next_dagrun for dataset_consumes_1_and_2 to None, run_after=None
[2024-08-06T22:41:44.587+0800] {logging_mixin.py:188} INFO - [2024-08-06T22:41:44.587+0800] {dag.py:3947} INFO - Setting next_dagrun for dataset_consumes_1_never_scheduled to None, run_after=None
[2024-08-06T22:41:44.589+0800] {logging_mixin.py:188} INFO - [2024-08-06T22:41:44.588+0800] {dag.py:3947} INFO - Setting next_dagrun for dataset_consumes_unknown_never_scheduled to None, run_after=None
[2024-08-06T22:41:44.594+0800] {logging_mixin.py:188} INFO - [2024-08-06T22:41:44.593+0800] {dag.py:3947} INFO - Setting next_dagrun for dataset_produces_1 to 2024-08-05 00:00:00+00:00, run_after=2024-08-06 00:00:00+00:00
[2024-08-06T22:41:44.596+0800] {logging_mixin.py:188} INFO - [2024-08-06T22:41:44.596+0800] {dag.py:3947} INFO - Setting next_dagrun for dataset_produces_2 to None, run_after=None
[2024-08-06T22:41:44.660+0800] {processor.py:183} INFO - Processing /home/haziq/Documents/pl-data-engineering/venv/lib/python3.12/site-packages/airflow/example_dags/example_datasets.py took 0.235 seconds
