[2024-08-06T22:33:23.619+0800] {processor.py:161} INFO - Started process (PID=93186) to work on /home/haziq/Documents/pl-data-engineering/venv/lib/python3.12/site-packages/airflow/example_dags/example_branch_operator_decorator.py
[2024-08-06T22:33:23.620+0800] {processor.py:830} INFO - Processing file /home/haziq/Documents/pl-data-engineering/venv/lib/python3.12/site-packages/airflow/example_dags/example_branch_operator_decorator.py for tasks to queue
[2024-08-06T22:33:23.623+0800] {logging_mixin.py:188} INFO - [2024-08-06T22:33:23.622+0800] {dagbag.py:545} INFO - Filling up the DagBag from /home/haziq/Documents/pl-data-engineering/venv/lib/python3.12/site-packages/airflow/example_dags/example_branch_operator_decorator.py
[2024-08-06T22:33:23.634+0800] {processor.py:842} WARNING - No viable dags retrieved from /home/haziq/Documents/pl-data-engineering/venv/lib/python3.12/site-packages/airflow/example_dags/example_branch_operator_decorator.py
[2024-08-06T22:33:23.651+0800] {processor.py:183} INFO - Processing /home/haziq/Documents/pl-data-engineering/venv/lib/python3.12/site-packages/airflow/example_dags/example_branch_operator_decorator.py took 0.043 seconds
[2024-08-06T22:34:23.602+0800] {processor.py:161} INFO - Started process (PID=93600) to work on /home/haziq/Documents/pl-data-engineering/venv/lib/python3.12/site-packages/airflow/example_dags/example_branch_operator_decorator.py
[2024-08-06T22:34:23.604+0800] {processor.py:830} INFO - Processing file /home/haziq/Documents/pl-data-engineering/venv/lib/python3.12/site-packages/airflow/example_dags/example_branch_operator_decorator.py for tasks to queue
[2024-08-06T22:34:23.607+0800] {logging_mixin.py:188} INFO - [2024-08-06T22:34:23.606+0800] {dagbag.py:545} INFO - Filling up the DagBag from /home/haziq/Documents/pl-data-engineering/venv/lib/python3.12/site-packages/airflow/example_dags/example_branch_operator_decorator.py
[2024-08-06T22:34:23.611+0800] {processor.py:842} WARNING - No viable dags retrieved from /home/haziq/Documents/pl-data-engineering/venv/lib/python3.12/site-packages/airflow/example_dags/example_branch_operator_decorator.py
[2024-08-06T22:34:23.628+0800] {processor.py:183} INFO - Processing /home/haziq/Documents/pl-data-engineering/venv/lib/python3.12/site-packages/airflow/example_dags/example_branch_operator_decorator.py took 0.037 seconds
[2024-08-06T22:36:00.875+0800] {processor.py:161} INFO - Started process (PID=94363) to work on /home/haziq/Documents/pl-data-engineering/venv/lib/python3.12/site-packages/airflow/example_dags/example_branch_operator_decorator.py
[2024-08-06T22:36:00.877+0800] {processor.py:830} INFO - Processing file /home/haziq/Documents/pl-data-engineering/venv/lib/python3.12/site-packages/airflow/example_dags/example_branch_operator_decorator.py for tasks to queue
[2024-08-06T22:36:00.880+0800] {logging_mixin.py:188} INFO - [2024-08-06T22:36:00.879+0800] {dagbag.py:545} INFO - Filling up the DagBag from /home/haziq/Documents/pl-data-engineering/venv/lib/python3.12/site-packages/airflow/example_dags/example_branch_operator_decorator.py
[2024-08-06T22:36:00.885+0800] {processor.py:842} WARNING - No viable dags retrieved from /home/haziq/Documents/pl-data-engineering/venv/lib/python3.12/site-packages/airflow/example_dags/example_branch_operator_decorator.py
[2024-08-06T22:36:00.903+0800] {processor.py:183} INFO - Processing /home/haziq/Documents/pl-data-engineering/venv/lib/python3.12/site-packages/airflow/example_dags/example_branch_operator_decorator.py took 0.038 seconds
[2024-08-06T22:37:05.958+0800] {processor.py:161} INFO - Started process (PID=94789) to work on /home/haziq/Documents/pl-data-engineering/venv/lib/python3.12/site-packages/airflow/example_dags/example_branch_operator_decorator.py
[2024-08-06T22:37:05.960+0800] {processor.py:830} INFO - Processing file /home/haziq/Documents/pl-data-engineering/venv/lib/python3.12/site-packages/airflow/example_dags/example_branch_operator_decorator.py for tasks to queue
[2024-08-06T22:37:05.962+0800] {logging_mixin.py:188} INFO - [2024-08-06T22:37:05.962+0800] {dagbag.py:545} INFO - Filling up the DagBag from /home/haziq/Documents/pl-data-engineering/venv/lib/python3.12/site-packages/airflow/example_dags/example_branch_operator_decorator.py
[2024-08-06T22:37:05.969+0800] {processor.py:842} WARNING - No viable dags retrieved from /home/haziq/Documents/pl-data-engineering/venv/lib/python3.12/site-packages/airflow/example_dags/example_branch_operator_decorator.py
[2024-08-06T22:37:05.985+0800] {processor.py:183} INFO - Processing /home/haziq/Documents/pl-data-engineering/venv/lib/python3.12/site-packages/airflow/example_dags/example_branch_operator_decorator.py took 0.038 seconds
[2024-08-06T22:38:05.245+0800] {processor.py:161} INFO - Started process (PID=95177) to work on /home/haziq/Documents/pl-data-engineering/venv/lib/python3.12/site-packages/airflow/example_dags/example_branch_operator_decorator.py
[2024-08-06T22:38:05.246+0800] {processor.py:830} INFO - Processing file /home/haziq/Documents/pl-data-engineering/venv/lib/python3.12/site-packages/airflow/example_dags/example_branch_operator_decorator.py for tasks to queue
[2024-08-06T22:38:05.249+0800] {logging_mixin.py:188} INFO - [2024-08-06T22:38:05.248+0800] {dagbag.py:545} INFO - Filling up the DagBag from /home/haziq/Documents/pl-data-engineering/venv/lib/python3.12/site-packages/airflow/example_dags/example_branch_operator_decorator.py
[2024-08-06T22:38:05.253+0800] {processor.py:842} WARNING - No viable dags retrieved from /home/haziq/Documents/pl-data-engineering/venv/lib/python3.12/site-packages/airflow/example_dags/example_branch_operator_decorator.py
[2024-08-06T22:38:05.270+0800] {processor.py:183} INFO - Processing /home/haziq/Documents/pl-data-engineering/venv/lib/python3.12/site-packages/airflow/example_dags/example_branch_operator_decorator.py took 0.037 seconds
[2024-08-06T22:39:02.402+0800] {processor.py:161} INFO - Started process (PID=95588) to work on /home/haziq/Documents/pl-data-engineering/venv/lib/python3.12/site-packages/airflow/example_dags/example_branch_operator_decorator.py
[2024-08-06T22:39:02.412+0800] {processor.py:830} INFO - Processing file /home/haziq/Documents/pl-data-engineering/venv/lib/python3.12/site-packages/airflow/example_dags/example_branch_operator_decorator.py for tasks to queue
[2024-08-06T22:39:02.415+0800] {logging_mixin.py:188} INFO - [2024-08-06T22:39:02.414+0800] {dagbag.py:545} INFO - Filling up the DagBag from /home/haziq/Documents/pl-data-engineering/venv/lib/python3.12/site-packages/airflow/example_dags/example_branch_operator_decorator.py
[2024-08-06T22:39:02.418+0800] {processor.py:842} WARNING - No viable dags retrieved from /home/haziq/Documents/pl-data-engineering/venv/lib/python3.12/site-packages/airflow/example_dags/example_branch_operator_decorator.py
[2024-08-06T22:39:02.435+0800] {processor.py:183} INFO - Processing /home/haziq/Documents/pl-data-engineering/venv/lib/python3.12/site-packages/airflow/example_dags/example_branch_operator_decorator.py took 0.044 seconds
[2024-08-06T22:39:57.236+0800] {processor.py:161} INFO - Started process (PID=96048) to work on /home/haziq/Documents/pl-data-engineering/venv/lib/python3.12/site-packages/airflow/example_dags/example_branch_operator_decorator.py
[2024-08-06T22:39:57.238+0800] {processor.py:830} INFO - Processing file /home/haziq/Documents/pl-data-engineering/venv/lib/python3.12/site-packages/airflow/example_dags/example_branch_operator_decorator.py for tasks to queue
[2024-08-06T22:39:57.240+0800] {logging_mixin.py:188} INFO - [2024-08-06T22:39:57.240+0800] {dagbag.py:545} INFO - Filling up the DagBag from /home/haziq/Documents/pl-data-engineering/venv/lib/python3.12/site-packages/airflow/example_dags/example_branch_operator_decorator.py
[2024-08-06T22:39:57.244+0800] {processor.py:842} WARNING - No viable dags retrieved from /home/haziq/Documents/pl-data-engineering/venv/lib/python3.12/site-packages/airflow/example_dags/example_branch_operator_decorator.py
[2024-08-06T22:39:57.260+0800] {processor.py:183} INFO - Processing /home/haziq/Documents/pl-data-engineering/venv/lib/python3.12/site-packages/airflow/example_dags/example_branch_operator_decorator.py took 0.036 seconds
[2024-08-06T22:40:48.455+0800] {processor.py:161} INFO - Started process (PID=96446) to work on /home/haziq/Documents/pl-data-engineering/venv/lib/python3.12/site-packages/airflow/example_dags/example_branch_operator_decorator.py
[2024-08-06T22:40:48.457+0800] {processor.py:830} INFO - Processing file /home/haziq/Documents/pl-data-engineering/venv/lib/python3.12/site-packages/airflow/example_dags/example_branch_operator_decorator.py for tasks to queue
[2024-08-06T22:40:48.460+0800] {logging_mixin.py:188} INFO - [2024-08-06T22:40:48.459+0800] {dagbag.py:545} INFO - Filling up the DagBag from /home/haziq/Documents/pl-data-engineering/venv/lib/python3.12/site-packages/airflow/example_dags/example_branch_operator_decorator.py
[2024-08-06T22:40:48.469+0800] {processor.py:842} WARNING - No viable dags retrieved from /home/haziq/Documents/pl-data-engineering/venv/lib/python3.12/site-packages/airflow/example_dags/example_branch_operator_decorator.py
[2024-08-06T22:40:48.490+0800] {processor.py:183} INFO - Processing /home/haziq/Documents/pl-data-engineering/venv/lib/python3.12/site-packages/airflow/example_dags/example_branch_operator_decorator.py took 0.049 seconds
[2024-08-06T22:41:40.735+0800] {processor.py:161} INFO - Started process (PID=96797) to work on /home/haziq/Documents/pl-data-engineering/venv/lib/python3.12/site-packages/airflow/example_dags/example_branch_operator_decorator.py
[2024-08-06T22:41:40.744+0800] {processor.py:830} INFO - Processing file /home/haziq/Documents/pl-data-engineering/venv/lib/python3.12/site-packages/airflow/example_dags/example_branch_operator_decorator.py for tasks to queue
[2024-08-06T22:41:40.746+0800] {logging_mixin.py:188} INFO - [2024-08-06T22:41:40.746+0800] {dagbag.py:545} INFO - Filling up the DagBag from /home/haziq/Documents/pl-data-engineering/venv/lib/python3.12/site-packages/airflow/example_dags/example_branch_operator_decorator.py
[2024-08-06T22:41:40.750+0800] {processor.py:842} WARNING - No viable dags retrieved from /home/haziq/Documents/pl-data-engineering/venv/lib/python3.12/site-packages/airflow/example_dags/example_branch_operator_decorator.py
[2024-08-06T22:41:40.767+0800] {processor.py:183} INFO - Processing /home/haziq/Documents/pl-data-engineering/venv/lib/python3.12/site-packages/airflow/example_dags/example_branch_operator_decorator.py took 0.041 seconds
[2024-08-06T22:42:35.310+0800] {processor.py:161} INFO - Started process (PID=97125) to work on /home/haziq/Documents/pl-data-engineering/venv/lib/python3.12/site-packages/airflow/example_dags/example_branch_operator_decorator.py
[2024-08-06T22:42:35.319+0800] {processor.py:830} INFO - Processing file /home/haziq/Documents/pl-data-engineering/venv/lib/python3.12/site-packages/airflow/example_dags/example_branch_operator_decorator.py for tasks to queue
[2024-08-06T22:42:35.322+0800] {logging_mixin.py:188} INFO - [2024-08-06T22:42:35.321+0800] {dagbag.py:545} INFO - Filling up the DagBag from /home/haziq/Documents/pl-data-engineering/venv/lib/python3.12/site-packages/airflow/example_dags/example_branch_operator_decorator.py
[2024-08-06T22:42:35.327+0800] {processor.py:842} WARNING - No viable dags retrieved from /home/haziq/Documents/pl-data-engineering/venv/lib/python3.12/site-packages/airflow/example_dags/example_branch_operator_decorator.py
[2024-08-06T22:42:35.346+0800] {processor.py:183} INFO - Processing /home/haziq/Documents/pl-data-engineering/venv/lib/python3.12/site-packages/airflow/example_dags/example_branch_operator_decorator.py took 0.046 seconds
