[2024-08-06T22:32:49.519+0800] {processor.py:161} INFO - Started process (PID=92963) to work on /home/haziq/Documents/pl-data-engineering/venv/lib/python3.12/site-packages/airflow/example_dags/example_subdag_operator.py
[2024-08-06T22:32:49.521+0800] {processor.py:830} INFO - Processing file /home/haziq/Documents/pl-data-engineering/venv/lib/python3.12/site-packages/airflow/example_dags/example_subdag_operator.py for tasks to queue
[2024-08-06T22:32:49.525+0800] {logging_mixin.py:188} INFO - [2024-08-06T22:32:49.524+0800] {dagbag.py:545} INFO - Filling up the DagBag from /home/haziq/Documents/pl-data-engineering/venv/lib/python3.12/site-packages/airflow/example_dags/example_subdag_operator.py
[2024-08-06T22:32:49.557+0800] {processor.py:840} INFO - DAG(s) 'example_subdag_operator.section-1', 'example_subdag_operator.section-2', 'example_subdag_operator' retrieved from /home/haziq/Documents/pl-data-engineering/venv/lib/python3.12/site-packages/airflow/example_dags/example_subdag_operator.py
[2024-08-06T22:32:49.738+0800] {logging_mixin.py:188} INFO - [2024-08-06T22:32:49.736+0800] {override.py:1858} INFO - Created Permission View: can delete on DAG:example_subdag_operator
[2024-08-06T22:32:49.756+0800] {logging_mixin.py:188} INFO - [2024-08-06T22:32:49.756+0800] {override.py:1858} INFO - Created Permission View: can read on DAG:example_subdag_operator
[2024-08-06T22:32:49.770+0800] {logging_mixin.py:188} INFO - [2024-08-06T22:32:49.770+0800] {override.py:1858} INFO - Created Permission View: can edit on DAG:example_subdag_operator
[2024-08-06T22:32:49.771+0800] {logging_mixin.py:188} INFO - [2024-08-06T22:32:49.771+0800] {dag.py:3089} INFO - Sync 3 DAGs
[2024-08-06T22:32:49.787+0800] {logging_mixin.py:188} INFO - [2024-08-06T22:32:49.787+0800] {dag.py:3111} INFO - Creating ORM DAG for example_subdag_operator.section-1
[2024-08-06T22:32:49.788+0800] {logging_mixin.py:188} INFO - [2024-08-06T22:32:49.788+0800] {dag.py:3111} INFO - Creating ORM DAG for example_subdag_operator.section-2
[2024-08-06T22:32:49.789+0800] {logging_mixin.py:188} INFO - [2024-08-06T22:32:49.789+0800] {dag.py:3111} INFO - Creating ORM DAG for example_subdag_operator
[2024-08-06T22:32:49.802+0800] {logging_mixin.py:188} INFO - [2024-08-06T22:32:49.801+0800] {dag.py:3947} INFO - Setting next_dagrun for example_subdag_operator to 2022-01-01 00:00:00+00:00, run_after=2022-01-01 00:00:00+00:00
[2024-08-06T22:32:49.803+0800] {logging_mixin.py:188} INFO - [2024-08-06T22:32:49.803+0800] {dag.py:3947} INFO - Setting next_dagrun for example_subdag_operator.section-1 to None, run_after=None
[2024-08-06T22:32:49.803+0800] {logging_mixin.py:188} INFO - [2024-08-06T22:32:49.803+0800] {dag.py:3947} INFO - Setting next_dagrun for example_subdag_operator.section-2 to None, run_after=None
[2024-08-06T22:32:49.814+0800] {logging_mixin.py:188} INFO - [2024-08-06T22:32:49.813+0800] {dag.py:3089} INFO - Sync 2 DAGs
[2024-08-06T22:32:49.821+0800] {logging_mixin.py:188} INFO - [2024-08-06T22:32:49.821+0800] {dag.py:3947} INFO - Setting next_dagrun for example_subdag_operator.section-1 to None, run_after=None
[2024-08-06T22:32:49.825+0800] {logging_mixin.py:188} INFO - [2024-08-06T22:32:49.825+0800] {dag.py:3947} INFO - Setting next_dagrun for example_subdag_operator.section-2 to None, run_after=None
[2024-08-06T22:32:49.851+0800] {processor.py:183} INFO - Processing /home/haziq/Documents/pl-data-engineering/venv/lib/python3.12/site-packages/airflow/example_dags/example_subdag_operator.py took 0.342 seconds
[2024-08-06T22:33:49.960+0800] {processor.py:161} INFO - Started process (PID=93386) to work on /home/haziq/Documents/pl-data-engineering/venv/lib/python3.12/site-packages/airflow/example_dags/example_subdag_operator.py
[2024-08-06T22:33:49.969+0800] {processor.py:830} INFO - Processing file /home/haziq/Documents/pl-data-engineering/venv/lib/python3.12/site-packages/airflow/example_dags/example_subdag_operator.py for tasks to queue
[2024-08-06T22:33:49.972+0800] {logging_mixin.py:188} INFO - [2024-08-06T22:33:49.972+0800] {dagbag.py:545} INFO - Filling up the DagBag from /home/haziq/Documents/pl-data-engineering/venv/lib/python3.12/site-packages/airflow/example_dags/example_subdag_operator.py
[2024-08-06T22:33:50.005+0800] {processor.py:840} INFO - DAG(s) 'example_subdag_operator.section-1', 'example_subdag_operator.section-2', 'example_subdag_operator' retrieved from /home/haziq/Documents/pl-data-engineering/venv/lib/python3.12/site-packages/airflow/example_dags/example_subdag_operator.py
[2024-08-06T22:33:50.028+0800] {logging_mixin.py:188} INFO - [2024-08-06T22:33:50.028+0800] {dag.py:3089} INFO - Sync 3 DAGs
[2024-08-06T22:33:50.060+0800] {logging_mixin.py:188} INFO - [2024-08-06T22:33:50.060+0800] {dag.py:3947} INFO - Setting next_dagrun for example_subdag_operator to 2022-01-01 00:00:00+00:00, run_after=2022-01-01 00:00:00+00:00
[2024-08-06T22:33:50.066+0800] {logging_mixin.py:188} INFO - [2024-08-06T22:33:50.066+0800] {dag.py:3947} INFO - Setting next_dagrun for example_subdag_operator.section-1 to None, run_after=None
[2024-08-06T22:33:50.068+0800] {logging_mixin.py:188} INFO - [2024-08-06T22:33:50.068+0800] {dag.py:3947} INFO - Setting next_dagrun for example_subdag_operator.section-2 to None, run_after=None
[2024-08-06T22:33:50.077+0800] {logging_mixin.py:188} INFO - [2024-08-06T22:33:50.077+0800] {dag.py:3089} INFO - Sync 2 DAGs
[2024-08-06T22:33:50.085+0800] {logging_mixin.py:188} INFO - [2024-08-06T22:33:50.084+0800] {dag.py:3947} INFO - Setting next_dagrun for example_subdag_operator.section-1 to None, run_after=None
[2024-08-06T22:33:50.085+0800] {logging_mixin.py:188} INFO - [2024-08-06T22:33:50.085+0800] {dag.py:3947} INFO - Setting next_dagrun for example_subdag_operator.section-2 to None, run_after=None
[2024-08-06T22:33:50.116+0800] {processor.py:183} INFO - Processing /home/haziq/Documents/pl-data-engineering/venv/lib/python3.12/site-packages/airflow/example_dags/example_subdag_operator.py took 0.167 seconds
[2024-08-06T22:34:47.011+0800] {processor.py:161} INFO - Started process (PID=93786) to work on /home/haziq/Documents/pl-data-engineering/venv/lib/python3.12/site-packages/airflow/example_dags/example_subdag_operator.py
[2024-08-06T22:34:47.019+0800] {processor.py:830} INFO - Processing file /home/haziq/Documents/pl-data-engineering/venv/lib/python3.12/site-packages/airflow/example_dags/example_subdag_operator.py for tasks to queue
[2024-08-06T22:34:47.022+0800] {logging_mixin.py:188} INFO - [2024-08-06T22:34:47.021+0800] {dagbag.py:545} INFO - Filling up the DagBag from /home/haziq/Documents/pl-data-engineering/venv/lib/python3.12/site-packages/airflow/example_dags/example_subdag_operator.py
[2024-08-06T22:34:47.054+0800] {processor.py:840} INFO - DAG(s) 'example_subdag_operator.section-1', 'example_subdag_operator.section-2', 'example_subdag_operator' retrieved from /home/haziq/Documents/pl-data-engineering/venv/lib/python3.12/site-packages/airflow/example_dags/example_subdag_operator.py
[2024-08-06T22:34:47.077+0800] {logging_mixin.py:188} INFO - [2024-08-06T22:34:47.077+0800] {dag.py:3089} INFO - Sync 3 DAGs
[2024-08-06T22:34:47.106+0800] {logging_mixin.py:188} INFO - [2024-08-06T22:34:47.105+0800] {dag.py:3947} INFO - Setting next_dagrun for example_subdag_operator to 2022-01-01 00:00:00+00:00, run_after=2022-01-01 00:00:00+00:00
[2024-08-06T22:34:47.111+0800] {logging_mixin.py:188} INFO - [2024-08-06T22:34:47.111+0800] {dag.py:3947} INFO - Setting next_dagrun for example_subdag_operator.section-1 to None, run_after=None
[2024-08-06T22:34:47.113+0800] {logging_mixin.py:188} INFO - [2024-08-06T22:34:47.113+0800] {dag.py:3947} INFO - Setting next_dagrun for example_subdag_operator.section-2 to None, run_after=None
[2024-08-06T22:34:47.122+0800] {logging_mixin.py:188} INFO - [2024-08-06T22:34:47.122+0800] {dag.py:3089} INFO - Sync 2 DAGs
[2024-08-06T22:34:47.131+0800] {logging_mixin.py:188} INFO - [2024-08-06T22:34:47.130+0800] {dag.py:3947} INFO - Setting next_dagrun for example_subdag_operator.section-1 to None, run_after=None
[2024-08-06T22:34:47.131+0800] {logging_mixin.py:188} INFO - [2024-08-06T22:34:47.131+0800] {dag.py:3947} INFO - Setting next_dagrun for example_subdag_operator.section-2 to None, run_after=None
[2024-08-06T22:34:47.162+0800] {processor.py:183} INFO - Processing /home/haziq/Documents/pl-data-engineering/venv/lib/python3.12/site-packages/airflow/example_dags/example_subdag_operator.py took 0.160 seconds
[2024-08-06T22:35:27.860+0800] {processor.py:161} INFO - Started process (PID=94077) to work on /home/haziq/Documents/pl-data-engineering/venv/lib/python3.12/site-packages/airflow/example_dags/example_subdag_operator.py
[2024-08-06T22:35:27.863+0800] {processor.py:830} INFO - Processing file /home/haziq/Documents/pl-data-engineering/venv/lib/python3.12/site-packages/airflow/example_dags/example_subdag_operator.py for tasks to queue
[2024-08-06T22:35:27.866+0800] {logging_mixin.py:188} INFO - [2024-08-06T22:35:27.866+0800] {dagbag.py:545} INFO - Filling up the DagBag from /home/haziq/Documents/pl-data-engineering/venv/lib/python3.12/site-packages/airflow/example_dags/example_subdag_operator.py
[2024-08-06T22:35:27.914+0800] {processor.py:840} INFO - DAG(s) 'example_subdag_operator.section-1', 'example_subdag_operator.section-2', 'example_subdag_operator' retrieved from /home/haziq/Documents/pl-data-engineering/venv/lib/python3.12/site-packages/airflow/example_dags/example_subdag_operator.py
[2024-08-06T22:35:27.925+0800] {logging_mixin.py:188} INFO - [2024-08-06T22:35:27.924+0800] {dag.py:3089} INFO - Sync 3 DAGs
[2024-08-06T22:35:27.972+0800] {logging_mixin.py:188} INFO - [2024-08-06T22:35:27.971+0800] {dag.py:3947} INFO - Setting next_dagrun for example_subdag_operator to 2022-01-01 00:00:00+00:00, run_after=2022-01-01 00:00:00+00:00
[2024-08-06T22:35:27.979+0800] {logging_mixin.py:188} INFO - [2024-08-06T22:35:27.979+0800] {dag.py:3947} INFO - Setting next_dagrun for example_subdag_operator.section-1 to None, run_after=None
[2024-08-06T22:35:27.981+0800] {logging_mixin.py:188} INFO - [2024-08-06T22:35:27.981+0800] {dag.py:3947} INFO - Setting next_dagrun for example_subdag_operator.section-2 to None, run_after=None
[2024-08-06T22:35:27.994+0800] {logging_mixin.py:188} INFO - [2024-08-06T22:35:27.994+0800] {dag.py:3089} INFO - Sync 2 DAGs
[2024-08-06T22:35:28.004+0800] {logging_mixin.py:188} INFO - [2024-08-06T22:35:28.003+0800] {dag.py:3947} INFO - Setting next_dagrun for example_subdag_operator.section-1 to None, run_after=None
[2024-08-06T22:35:28.005+0800] {logging_mixin.py:188} INFO - [2024-08-06T22:35:28.004+0800] {dag.py:3947} INFO - Setting next_dagrun for example_subdag_operator.section-2 to None, run_after=None
[2024-08-06T22:35:28.045+0800] {processor.py:183} INFO - Processing /home/haziq/Documents/pl-data-engineering/venv/lib/python3.12/site-packages/airflow/example_dags/example_subdag_operator.py took 0.198 seconds
[2024-08-06T22:36:28.946+0800] {processor.py:161} INFO - Started process (PID=94532) to work on /home/haziq/Documents/pl-data-engineering/venv/lib/python3.12/site-packages/airflow/example_dags/example_subdag_operator.py
[2024-08-06T22:36:28.948+0800] {processor.py:830} INFO - Processing file /home/haziq/Documents/pl-data-engineering/venv/lib/python3.12/site-packages/airflow/example_dags/example_subdag_operator.py for tasks to queue
[2024-08-06T22:36:28.950+0800] {logging_mixin.py:188} INFO - [2024-08-06T22:36:28.950+0800] {dagbag.py:545} INFO - Filling up the DagBag from /home/haziq/Documents/pl-data-engineering/venv/lib/python3.12/site-packages/airflow/example_dags/example_subdag_operator.py
[2024-08-06T22:36:28.982+0800] {processor.py:840} INFO - DAG(s) 'example_subdag_operator.section-1', 'example_subdag_operator.section-2', 'example_subdag_operator' retrieved from /home/haziq/Documents/pl-data-engineering/venv/lib/python3.12/site-packages/airflow/example_dags/example_subdag_operator.py
[2024-08-06T22:36:29.138+0800] {logging_mixin.py:188} INFO - [2024-08-06T22:36:29.138+0800] {dag.py:3089} INFO - Sync 3 DAGs
[2024-08-06T22:36:29.164+0800] {logging_mixin.py:188} INFO - [2024-08-06T22:36:29.163+0800] {dag.py:3947} INFO - Setting next_dagrun for example_subdag_operator to 2022-01-01 00:00:00+00:00, run_after=2022-01-01 00:00:00+00:00
[2024-08-06T22:36:29.168+0800] {logging_mixin.py:188} INFO - [2024-08-06T22:36:29.168+0800] {dag.py:3947} INFO - Setting next_dagrun for example_subdag_operator.section-1 to None, run_after=None
[2024-08-06T22:36:29.170+0800] {logging_mixin.py:188} INFO - [2024-08-06T22:36:29.169+0800] {dag.py:3947} INFO - Setting next_dagrun for example_subdag_operator.section-2 to None, run_after=None
[2024-08-06T22:36:29.181+0800] {logging_mixin.py:188} INFO - [2024-08-06T22:36:29.181+0800] {dag.py:3089} INFO - Sync 2 DAGs
[2024-08-06T22:36:29.187+0800] {logging_mixin.py:188} INFO - [2024-08-06T22:36:29.187+0800] {dag.py:3947} INFO - Setting next_dagrun for example_subdag_operator.section-1 to None, run_after=None
[2024-08-06T22:36:29.188+0800] {logging_mixin.py:188} INFO - [2024-08-06T22:36:29.188+0800] {dag.py:3947} INFO - Setting next_dagrun for example_subdag_operator.section-2 to None, run_after=None
[2024-08-06T22:36:29.213+0800] {processor.py:183} INFO - Processing /home/haziq/Documents/pl-data-engineering/venv/lib/python3.12/site-packages/airflow/example_dags/example_subdag_operator.py took 0.275 seconds
[2024-08-06T22:37:27.638+0800] {processor.py:161} INFO - Started process (PID=94937) to work on /home/haziq/Documents/pl-data-engineering/venv/lib/python3.12/site-packages/airflow/example_dags/example_subdag_operator.py
[2024-08-06T22:37:27.639+0800] {processor.py:830} INFO - Processing file /home/haziq/Documents/pl-data-engineering/venv/lib/python3.12/site-packages/airflow/example_dags/example_subdag_operator.py for tasks to queue
[2024-08-06T22:37:27.642+0800] {logging_mixin.py:188} INFO - [2024-08-06T22:37:27.641+0800] {dagbag.py:545} INFO - Filling up the DagBag from /home/haziq/Documents/pl-data-engineering/venv/lib/python3.12/site-packages/airflow/example_dags/example_subdag_operator.py
[2024-08-06T22:37:27.673+0800] {processor.py:840} INFO - DAG(s) 'example_subdag_operator.section-1', 'example_subdag_operator.section-2', 'example_subdag_operator' retrieved from /home/haziq/Documents/pl-data-engineering/venv/lib/python3.12/site-packages/airflow/example_dags/example_subdag_operator.py
[2024-08-06T22:37:27.697+0800] {logging_mixin.py:188} INFO - [2024-08-06T22:37:27.696+0800] {dag.py:3089} INFO - Sync 3 DAGs
[2024-08-06T22:37:27.725+0800] {logging_mixin.py:188} INFO - [2024-08-06T22:37:27.724+0800] {dag.py:3947} INFO - Setting next_dagrun for example_subdag_operator to 2022-01-01 00:00:00+00:00, run_after=2022-01-01 00:00:00+00:00
[2024-08-06T22:37:27.732+0800] {logging_mixin.py:188} INFO - [2024-08-06T22:37:27.731+0800] {dag.py:3947} INFO - Setting next_dagrun for example_subdag_operator.section-1 to None, run_after=None
[2024-08-06T22:37:27.734+0800] {logging_mixin.py:188} INFO - [2024-08-06T22:37:27.733+0800] {dag.py:3947} INFO - Setting next_dagrun for example_subdag_operator.section-2 to None, run_after=None
[2024-08-06T22:37:27.743+0800] {logging_mixin.py:188} INFO - [2024-08-06T22:37:27.742+0800] {dag.py:3089} INFO - Sync 2 DAGs
[2024-08-06T22:37:27.750+0800] {logging_mixin.py:188} INFO - [2024-08-06T22:37:27.749+0800] {dag.py:3947} INFO - Setting next_dagrun for example_subdag_operator.section-1 to None, run_after=None
[2024-08-06T22:37:27.750+0800] {logging_mixin.py:188} INFO - [2024-08-06T22:37:27.750+0800] {dag.py:3947} INFO - Setting next_dagrun for example_subdag_operator.section-2 to None, run_after=None
[2024-08-06T22:37:27.775+0800] {processor.py:183} INFO - Processing /home/haziq/Documents/pl-data-engineering/venv/lib/python3.12/site-packages/airflow/example_dags/example_subdag_operator.py took 0.148 seconds
[2024-08-06T22:38:25.167+0800] {processor.py:161} INFO - Started process (PID=95321) to work on /home/haziq/Documents/pl-data-engineering/venv/lib/python3.12/site-packages/airflow/example_dags/example_subdag_operator.py
[2024-08-06T22:38:25.169+0800] {processor.py:830} INFO - Processing file /home/haziq/Documents/pl-data-engineering/venv/lib/python3.12/site-packages/airflow/example_dags/example_subdag_operator.py for tasks to queue
[2024-08-06T22:38:25.172+0800] {logging_mixin.py:188} INFO - [2024-08-06T22:38:25.171+0800] {dagbag.py:545} INFO - Filling up the DagBag from /home/haziq/Documents/pl-data-engineering/venv/lib/python3.12/site-packages/airflow/example_dags/example_subdag_operator.py
[2024-08-06T22:38:25.204+0800] {processor.py:840} INFO - DAG(s) 'example_subdag_operator.section-1', 'example_subdag_operator.section-2', 'example_subdag_operator' retrieved from /home/haziq/Documents/pl-data-engineering/venv/lib/python3.12/site-packages/airflow/example_dags/example_subdag_operator.py
[2024-08-06T22:38:25.227+0800] {logging_mixin.py:188} INFO - [2024-08-06T22:38:25.227+0800] {dag.py:3089} INFO - Sync 3 DAGs
[2024-08-06T22:38:25.256+0800] {logging_mixin.py:188} INFO - [2024-08-06T22:38:25.255+0800] {dag.py:3947} INFO - Setting next_dagrun for example_subdag_operator to 2022-01-01 00:00:00+00:00, run_after=2022-01-01 00:00:00+00:00
[2024-08-06T22:38:25.261+0800] {logging_mixin.py:188} INFO - [2024-08-06T22:38:25.261+0800] {dag.py:3947} INFO - Setting next_dagrun for example_subdag_operator.section-1 to None, run_after=None
[2024-08-06T22:38:25.263+0800] {logging_mixin.py:188} INFO - [2024-08-06T22:38:25.263+0800] {dag.py:3947} INFO - Setting next_dagrun for example_subdag_operator.section-2 to None, run_after=None
[2024-08-06T22:38:25.272+0800] {logging_mixin.py:188} INFO - [2024-08-06T22:38:25.271+0800] {dag.py:3089} INFO - Sync 2 DAGs
[2024-08-06T22:38:25.279+0800] {logging_mixin.py:188} INFO - [2024-08-06T22:38:25.278+0800] {dag.py:3947} INFO - Setting next_dagrun for example_subdag_operator.section-1 to None, run_after=None
[2024-08-06T22:38:25.279+0800] {logging_mixin.py:188} INFO - [2024-08-06T22:38:25.279+0800] {dag.py:3947} INFO - Setting next_dagrun for example_subdag_operator.section-2 to None, run_after=None
[2024-08-06T22:38:25.303+0800] {processor.py:183} INFO - Processing /home/haziq/Documents/pl-data-engineering/venv/lib/python3.12/site-packages/airflow/example_dags/example_subdag_operator.py took 0.147 seconds
[2024-08-06T22:39:18.767+0800] {processor.py:161} INFO - Started process (PID=95736) to work on /home/haziq/Documents/pl-data-engineering/venv/lib/python3.12/site-packages/airflow/example_dags/example_subdag_operator.py
[2024-08-06T22:39:18.769+0800] {processor.py:830} INFO - Processing file /home/haziq/Documents/pl-data-engineering/venv/lib/python3.12/site-packages/airflow/example_dags/example_subdag_operator.py for tasks to queue
[2024-08-06T22:39:18.772+0800] {logging_mixin.py:188} INFO - [2024-08-06T22:39:18.771+0800] {dagbag.py:545} INFO - Filling up the DagBag from /home/haziq/Documents/pl-data-engineering/venv/lib/python3.12/site-packages/airflow/example_dags/example_subdag_operator.py
[2024-08-06T22:39:18.812+0800] {processor.py:840} INFO - DAG(s) 'example_subdag_operator.section-1', 'example_subdag_operator.section-2', 'example_subdag_operator' retrieved from /home/haziq/Documents/pl-data-engineering/venv/lib/python3.12/site-packages/airflow/example_dags/example_subdag_operator.py
[2024-08-06T22:39:18.842+0800] {logging_mixin.py:188} INFO - [2024-08-06T22:39:18.841+0800] {dag.py:3089} INFO - Sync 3 DAGs
[2024-08-06T22:39:18.879+0800] {logging_mixin.py:188} INFO - [2024-08-06T22:39:18.878+0800] {dag.py:3947} INFO - Setting next_dagrun for example_subdag_operator to 2022-01-01 00:00:00+00:00, run_after=2022-01-01 00:00:00+00:00
[2024-08-06T22:39:18.886+0800] {logging_mixin.py:188} INFO - [2024-08-06T22:39:18.885+0800] {dag.py:3947} INFO - Setting next_dagrun for example_subdag_operator.section-1 to None, run_after=None
[2024-08-06T22:39:18.887+0800] {logging_mixin.py:188} INFO - [2024-08-06T22:39:18.887+0800] {dag.py:3947} INFO - Setting next_dagrun for example_subdag_operator.section-2 to None, run_after=None
[2024-08-06T22:39:18.898+0800] {logging_mixin.py:188} INFO - [2024-08-06T22:39:18.898+0800] {dag.py:3089} INFO - Sync 2 DAGs
[2024-08-06T22:39:18.906+0800] {logging_mixin.py:188} INFO - [2024-08-06T22:39:18.905+0800] {dag.py:3947} INFO - Setting next_dagrun for example_subdag_operator.section-1 to None, run_after=None
[2024-08-06T22:39:18.906+0800] {logging_mixin.py:188} INFO - [2024-08-06T22:39:18.906+0800] {dag.py:3947} INFO - Setting next_dagrun for example_subdag_operator.section-2 to None, run_after=None
[2024-08-06T22:39:18.941+0800] {processor.py:183} INFO - Processing /home/haziq/Documents/pl-data-engineering/venv/lib/python3.12/site-packages/airflow/example_dags/example_subdag_operator.py took 0.186 seconds
[2024-08-06T22:40:11.463+0800] {processor.py:161} INFO - Started process (PID=96136) to work on /home/haziq/Documents/pl-data-engineering/venv/lib/python3.12/site-packages/airflow/example_dags/example_subdag_operator.py
[2024-08-06T22:40:11.465+0800] {processor.py:830} INFO - Processing file /home/haziq/Documents/pl-data-engineering/venv/lib/python3.12/site-packages/airflow/example_dags/example_subdag_operator.py for tasks to queue
[2024-08-06T22:40:11.468+0800] {logging_mixin.py:188} INFO - [2024-08-06T22:40:11.467+0800] {dagbag.py:545} INFO - Filling up the DagBag from /home/haziq/Documents/pl-data-engineering/venv/lib/python3.12/site-packages/airflow/example_dags/example_subdag_operator.py
[2024-08-06T22:40:11.511+0800] {processor.py:840} INFO - DAG(s) 'example_subdag_operator.section-1', 'example_subdag_operator.section-2', 'example_subdag_operator' retrieved from /home/haziq/Documents/pl-data-engineering/venv/lib/python3.12/site-packages/airflow/example_dags/example_subdag_operator.py
[2024-08-06T22:40:11.543+0800] {logging_mixin.py:188} INFO - [2024-08-06T22:40:11.543+0800] {dag.py:3089} INFO - Sync 3 DAGs
[2024-08-06T22:40:11.585+0800] {logging_mixin.py:188} INFO - [2024-08-06T22:40:11.585+0800] {dag.py:3947} INFO - Setting next_dagrun for example_subdag_operator to 2022-01-01 00:00:00+00:00, run_after=2022-01-01 00:00:00+00:00
[2024-08-06T22:40:11.593+0800] {logging_mixin.py:188} INFO - [2024-08-06T22:40:11.592+0800] {dag.py:3947} INFO - Setting next_dagrun for example_subdag_operator.section-1 to None, run_after=None
[2024-08-06T22:40:11.595+0800] {logging_mixin.py:188} INFO - [2024-08-06T22:40:11.595+0800] {dag.py:3947} INFO - Setting next_dagrun for example_subdag_operator.section-2 to None, run_after=None
[2024-08-06T22:40:11.607+0800] {logging_mixin.py:188} INFO - [2024-08-06T22:40:11.607+0800] {dag.py:3089} INFO - Sync 2 DAGs
[2024-08-06T22:40:11.616+0800] {logging_mixin.py:188} INFO - [2024-08-06T22:40:11.615+0800] {dag.py:3947} INFO - Setting next_dagrun for example_subdag_operator.section-1 to None, run_after=None
[2024-08-06T22:40:11.617+0800] {logging_mixin.py:188} INFO - [2024-08-06T22:40:11.616+0800] {dag.py:3947} INFO - Setting next_dagrun for example_subdag_operator.section-2 to None, run_after=None
[2024-08-06T22:40:11.652+0800] {processor.py:183} INFO - Processing /home/haziq/Documents/pl-data-engineering/venv/lib/python3.12/site-packages/airflow/example_dags/example_subdag_operator.py took 0.201 seconds
[2024-08-06T22:41:02.269+0800] {processor.py:161} INFO - Started process (PID=96535) to work on /home/haziq/Documents/pl-data-engineering/venv/lib/python3.12/site-packages/airflow/example_dags/example_subdag_operator.py
[2024-08-06T22:41:02.270+0800] {processor.py:830} INFO - Processing file /home/haziq/Documents/pl-data-engineering/venv/lib/python3.12/site-packages/airflow/example_dags/example_subdag_operator.py for tasks to queue
[2024-08-06T22:41:02.273+0800] {logging_mixin.py:188} INFO - [2024-08-06T22:41:02.272+0800] {dagbag.py:545} INFO - Filling up the DagBag from /home/haziq/Documents/pl-data-engineering/venv/lib/python3.12/site-packages/airflow/example_dags/example_subdag_operator.py
[2024-08-06T22:41:02.305+0800] {processor.py:840} INFO - DAG(s) 'example_subdag_operator.section-1', 'example_subdag_operator.section-2', 'example_subdag_operator' retrieved from /home/haziq/Documents/pl-data-engineering/venv/lib/python3.12/site-packages/airflow/example_dags/example_subdag_operator.py
[2024-08-06T22:41:02.327+0800] {logging_mixin.py:188} INFO - [2024-08-06T22:41:02.327+0800] {dag.py:3089} INFO - Sync 3 DAGs
[2024-08-06T22:41:02.358+0800] {logging_mixin.py:188} INFO - [2024-08-06T22:41:02.358+0800] {dag.py:3947} INFO - Setting next_dagrun for example_subdag_operator to 2022-01-01 00:00:00+00:00, run_after=2022-01-01 00:00:00+00:00
[2024-08-06T22:41:02.364+0800] {logging_mixin.py:188} INFO - [2024-08-06T22:41:02.364+0800] {dag.py:3947} INFO - Setting next_dagrun for example_subdag_operator.section-1 to None, run_after=None
[2024-08-06T22:41:02.366+0800] {logging_mixin.py:188} INFO - [2024-08-06T22:41:02.366+0800] {dag.py:3947} INFO - Setting next_dagrun for example_subdag_operator.section-2 to None, run_after=None
[2024-08-06T22:41:02.376+0800] {logging_mixin.py:188} INFO - [2024-08-06T22:41:02.375+0800] {dag.py:3089} INFO - Sync 2 DAGs
[2024-08-06T22:41:02.385+0800] {logging_mixin.py:188} INFO - [2024-08-06T22:41:02.385+0800] {dag.py:3947} INFO - Setting next_dagrun for example_subdag_operator.section-1 to None, run_after=None
[2024-08-06T22:41:02.386+0800] {logging_mixin.py:188} INFO - [2024-08-06T22:41:02.386+0800] {dag.py:3947} INFO - Setting next_dagrun for example_subdag_operator.section-2 to None, run_after=None
[2024-08-06T22:41:02.412+0800] {processor.py:183} INFO - Processing /home/haziq/Documents/pl-data-engineering/venv/lib/python3.12/site-packages/airflow/example_dags/example_subdag_operator.py took 0.152 seconds
[2024-08-06T22:41:52.141+0800] {processor.py:161} INFO - Started process (PID=96863) to work on /home/haziq/Documents/pl-data-engineering/venv/lib/python3.12/site-packages/airflow/example_dags/example_subdag_operator.py
[2024-08-06T22:41:52.150+0800] {processor.py:830} INFO - Processing file /home/haziq/Documents/pl-data-engineering/venv/lib/python3.12/site-packages/airflow/example_dags/example_subdag_operator.py for tasks to queue
[2024-08-06T22:41:52.152+0800] {logging_mixin.py:188} INFO - [2024-08-06T22:41:52.152+0800] {dagbag.py:545} INFO - Filling up the DagBag from /home/haziq/Documents/pl-data-engineering/venv/lib/python3.12/site-packages/airflow/example_dags/example_subdag_operator.py
[2024-08-06T22:41:52.185+0800] {processor.py:840} INFO - DAG(s) 'example_subdag_operator.section-1', 'example_subdag_operator.section-2', 'example_subdag_operator' retrieved from /home/haziq/Documents/pl-data-engineering/venv/lib/python3.12/site-packages/airflow/example_dags/example_subdag_operator.py
[2024-08-06T22:41:52.209+0800] {logging_mixin.py:188} INFO - [2024-08-06T22:41:52.209+0800] {dag.py:3089} INFO - Sync 3 DAGs
[2024-08-06T22:41:52.238+0800] {logging_mixin.py:188} INFO - [2024-08-06T22:41:52.238+0800] {dag.py:3947} INFO - Setting next_dagrun for example_subdag_operator to 2022-01-01 00:00:00+00:00, run_after=2022-01-01 00:00:00+00:00
[2024-08-06T22:41:52.244+0800] {logging_mixin.py:188} INFO - [2024-08-06T22:41:52.243+0800] {dag.py:3947} INFO - Setting next_dagrun for example_subdag_operator.section-1 to None, run_after=None
[2024-08-06T22:41:52.245+0800] {logging_mixin.py:188} INFO - [2024-08-06T22:41:52.245+0800] {dag.py:3947} INFO - Setting next_dagrun for example_subdag_operator.section-2 to None, run_after=None
[2024-08-06T22:41:52.255+0800] {logging_mixin.py:188} INFO - [2024-08-06T22:41:52.254+0800] {dag.py:3089} INFO - Sync 2 DAGs
[2024-08-06T22:41:52.262+0800] {logging_mixin.py:188} INFO - [2024-08-06T22:41:52.262+0800] {dag.py:3947} INFO - Setting next_dagrun for example_subdag_operator.section-1 to None, run_after=None
[2024-08-06T22:41:52.263+0800] {logging_mixin.py:188} INFO - [2024-08-06T22:41:52.263+0800] {dag.py:3947} INFO - Setting next_dagrun for example_subdag_operator.section-2 to None, run_after=None
[2024-08-06T22:41:52.293+0800] {processor.py:183} INFO - Processing /home/haziq/Documents/pl-data-engineering/venv/lib/python3.12/site-packages/airflow/example_dags/example_subdag_operator.py took 0.160 seconds
