[2024-08-06T22:32:50.994+0800] {processor.py:161} INFO - Started process (PID=92976) to work on /home/haziq/Documents/pl-data-engineering/venv/lib/python3.12/site-packages/airflow/example_dags/example_time_delta_sensor_async.py
[2024-08-06T22:32:50.996+0800] {processor.py:830} INFO - Processing file /home/haziq/Documents/pl-data-engineering/venv/lib/python3.12/site-packages/airflow/example_dags/example_time_delta_sensor_async.py for tasks to queue
[2024-08-06T22:32:50.999+0800] {logging_mixin.py:188} INFO - [2024-08-06T22:32:50.998+0800] {dagbag.py:545} INFO - Filling up the DagBag from /home/haziq/Documents/pl-data-engineering/venv/lib/python3.12/site-packages/airflow/example_dags/example_time_delta_sensor_async.py
[2024-08-06T22:32:51.006+0800] {processor.py:840} INFO - DAG(s) 'example_time_delta_sensor_async' retrieved from /home/haziq/Documents/pl-data-engineering/venv/lib/python3.12/site-packages/airflow/example_dags/example_time_delta_sensor_async.py
[2024-08-06T22:32:51.182+0800] {logging_mixin.py:188} INFO - [2024-08-06T22:32:51.180+0800] {override.py:1858} INFO - Created Permission View: can delete on DAG:example_time_delta_sensor_async
[2024-08-06T22:32:51.203+0800] {logging_mixin.py:188} INFO - [2024-08-06T22:32:51.202+0800] {override.py:1858} INFO - Created Permission View: can read on DAG:example_time_delta_sensor_async
[2024-08-06T22:32:51.216+0800] {logging_mixin.py:188} INFO - [2024-08-06T22:32:51.215+0800] {override.py:1858} INFO - Created Permission View: can edit on DAG:example_time_delta_sensor_async
[2024-08-06T22:32:51.216+0800] {logging_mixin.py:188} INFO - [2024-08-06T22:32:51.216+0800] {dag.py:3089} INFO - Sync 1 DAGs
[2024-08-06T22:32:51.232+0800] {logging_mixin.py:188} INFO - [2024-08-06T22:32:51.232+0800] {dag.py:3111} INFO - Creating ORM DAG for example_time_delta_sensor_async
[2024-08-06T22:32:51.233+0800] {logging_mixin.py:188} INFO - [2024-08-06T22:32:51.233+0800] {dag.py:3947} INFO - Setting next_dagrun for example_time_delta_sensor_async to None, run_after=None
[2024-08-06T22:32:51.266+0800] {processor.py:183} INFO - Processing /home/haziq/Documents/pl-data-engineering/venv/lib/python3.12/site-packages/airflow/example_dags/example_time_delta_sensor_async.py took 0.283 seconds
[2024-08-06T22:33:50.308+0800] {processor.py:161} INFO - Started process (PID=93387) to work on /home/haziq/Documents/pl-data-engineering/venv/lib/python3.12/site-packages/airflow/example_dags/example_time_delta_sensor_async.py
[2024-08-06T22:33:50.310+0800] {processor.py:830} INFO - Processing file /home/haziq/Documents/pl-data-engineering/venv/lib/python3.12/site-packages/airflow/example_dags/example_time_delta_sensor_async.py for tasks to queue
[2024-08-06T22:33:50.313+0800] {logging_mixin.py:188} INFO - [2024-08-06T22:33:50.312+0800] {dagbag.py:545} INFO - Filling up the DagBag from /home/haziq/Documents/pl-data-engineering/venv/lib/python3.12/site-packages/airflow/example_dags/example_time_delta_sensor_async.py
[2024-08-06T22:33:50.321+0800] {processor.py:840} INFO - DAG(s) 'example_time_delta_sensor_async' retrieved from /home/haziq/Documents/pl-data-engineering/venv/lib/python3.12/site-packages/airflow/example_dags/example_time_delta_sensor_async.py
[2024-08-06T22:33:50.345+0800] {logging_mixin.py:188} INFO - [2024-08-06T22:33:50.344+0800] {dag.py:3089} INFO - Sync 1 DAGs
[2024-08-06T22:33:50.362+0800] {logging_mixin.py:188} INFO - [2024-08-06T22:33:50.362+0800] {dag.py:3947} INFO - Setting next_dagrun for example_time_delta_sensor_async to None, run_after=None
[2024-08-06T22:33:50.399+0800] {processor.py:183} INFO - Processing /home/haziq/Documents/pl-data-engineering/venv/lib/python3.12/site-packages/airflow/example_dags/example_time_delta_sensor_async.py took 0.102 seconds
[2024-08-06T22:34:48.271+0800] {processor.py:161} INFO - Started process (PID=93787) to work on /home/haziq/Documents/pl-data-engineering/venv/lib/python3.12/site-packages/airflow/example_dags/example_time_delta_sensor_async.py
[2024-08-06T22:34:48.280+0800] {processor.py:830} INFO - Processing file /home/haziq/Documents/pl-data-engineering/venv/lib/python3.12/site-packages/airflow/example_dags/example_time_delta_sensor_async.py for tasks to queue
[2024-08-06T22:34:48.282+0800] {logging_mixin.py:188} INFO - [2024-08-06T22:34:48.282+0800] {dagbag.py:545} INFO - Filling up the DagBag from /home/haziq/Documents/pl-data-engineering/venv/lib/python3.12/site-packages/airflow/example_dags/example_time_delta_sensor_async.py
[2024-08-06T22:34:48.290+0800] {processor.py:840} INFO - DAG(s) 'example_time_delta_sensor_async' retrieved from /home/haziq/Documents/pl-data-engineering/venv/lib/python3.12/site-packages/airflow/example_dags/example_time_delta_sensor_async.py
[2024-08-06T22:34:48.315+0800] {logging_mixin.py:188} INFO - [2024-08-06T22:34:48.314+0800] {dag.py:3089} INFO - Sync 1 DAGs
[2024-08-06T22:34:48.333+0800] {logging_mixin.py:188} INFO - [2024-08-06T22:34:48.333+0800] {dag.py:3947} INFO - Setting next_dagrun for example_time_delta_sensor_async to None, run_after=None
[2024-08-06T22:34:48.369+0800] {processor.py:183} INFO - Processing /home/haziq/Documents/pl-data-engineering/venv/lib/python3.12/site-packages/airflow/example_dags/example_time_delta_sensor_async.py took 0.110 seconds
[2024-08-06T22:35:29.278+0800] {processor.py:161} INFO - Started process (PID=94116) to work on /home/haziq/Documents/pl-data-engineering/venv/lib/python3.12/site-packages/airflow/example_dags/example_time_delta_sensor_async.py
[2024-08-06T22:35:29.280+0800] {processor.py:830} INFO - Processing file /home/haziq/Documents/pl-data-engineering/venv/lib/python3.12/site-packages/airflow/example_dags/example_time_delta_sensor_async.py for tasks to queue
[2024-08-06T22:35:29.284+0800] {logging_mixin.py:188} INFO - [2024-08-06T22:35:29.283+0800] {dagbag.py:545} INFO - Filling up the DagBag from /home/haziq/Documents/pl-data-engineering/venv/lib/python3.12/site-packages/airflow/example_dags/example_time_delta_sensor_async.py
[2024-08-06T22:35:29.297+0800] {processor.py:840} INFO - DAG(s) 'example_time_delta_sensor_async' retrieved from /home/haziq/Documents/pl-data-engineering/venv/lib/python3.12/site-packages/airflow/example_dags/example_time_delta_sensor_async.py
[2024-08-06T22:35:29.317+0800] {logging_mixin.py:188} INFO - [2024-08-06T22:35:29.316+0800] {dag.py:3089} INFO - Sync 1 DAGs
[2024-08-06T22:35:29.373+0800] {logging_mixin.py:188} INFO - [2024-08-06T22:35:29.372+0800] {dag.py:3947} INFO - Setting next_dagrun for example_time_delta_sensor_async to None, run_after=None
[2024-08-06T22:35:29.452+0800] {processor.py:183} INFO - Processing /home/haziq/Documents/pl-data-engineering/venv/lib/python3.12/site-packages/airflow/example_dags/example_time_delta_sensor_async.py took 0.185 seconds
[2024-08-06T22:36:29.875+0800] {processor.py:161} INFO - Started process (PID=94544) to work on /home/haziq/Documents/pl-data-engineering/venv/lib/python3.12/site-packages/airflow/example_dags/example_time_delta_sensor_async.py
[2024-08-06T22:36:29.876+0800] {processor.py:830} INFO - Processing file /home/haziq/Documents/pl-data-engineering/venv/lib/python3.12/site-packages/airflow/example_dags/example_time_delta_sensor_async.py for tasks to queue
[2024-08-06T22:36:29.879+0800] {logging_mixin.py:188} INFO - [2024-08-06T22:36:29.879+0800] {dagbag.py:545} INFO - Filling up the DagBag from /home/haziq/Documents/pl-data-engineering/venv/lib/python3.12/site-packages/airflow/example_dags/example_time_delta_sensor_async.py
[2024-08-06T22:36:29.887+0800] {processor.py:840} INFO - DAG(s) 'example_time_delta_sensor_async' retrieved from /home/haziq/Documents/pl-data-engineering/venv/lib/python3.12/site-packages/airflow/example_dags/example_time_delta_sensor_async.py
[2024-08-06T22:36:30.041+0800] {logging_mixin.py:188} INFO - [2024-08-06T22:36:30.041+0800] {dag.py:3089} INFO - Sync 1 DAGs
[2024-08-06T22:36:30.059+0800] {logging_mixin.py:188} INFO - [2024-08-06T22:36:30.059+0800] {dag.py:3947} INFO - Setting next_dagrun for example_time_delta_sensor_async to None, run_after=None
[2024-08-06T22:36:30.097+0800] {processor.py:183} INFO - Processing /home/haziq/Documents/pl-data-engineering/venv/lib/python3.12/site-packages/airflow/example_dags/example_time_delta_sensor_async.py took 0.234 seconds
[2024-08-06T22:37:28.910+0800] {processor.py:161} INFO - Started process (PID=94946) to work on /home/haziq/Documents/pl-data-engineering/venv/lib/python3.12/site-packages/airflow/example_dags/example_time_delta_sensor_async.py
[2024-08-06T22:37:28.912+0800] {processor.py:830} INFO - Processing file /home/haziq/Documents/pl-data-engineering/venv/lib/python3.12/site-packages/airflow/example_dags/example_time_delta_sensor_async.py for tasks to queue
[2024-08-06T22:37:28.915+0800] {logging_mixin.py:188} INFO - [2024-08-06T22:37:28.914+0800] {dagbag.py:545} INFO - Filling up the DagBag from /home/haziq/Documents/pl-data-engineering/venv/lib/python3.12/site-packages/airflow/example_dags/example_time_delta_sensor_async.py
[2024-08-06T22:37:28.922+0800] {processor.py:840} INFO - DAG(s) 'example_time_delta_sensor_async' retrieved from /home/haziq/Documents/pl-data-engineering/venv/lib/python3.12/site-packages/airflow/example_dags/example_time_delta_sensor_async.py
[2024-08-06T22:37:28.946+0800] {logging_mixin.py:188} INFO - [2024-08-06T22:37:28.945+0800] {dag.py:3089} INFO - Sync 1 DAGs
[2024-08-06T22:37:28.963+0800] {logging_mixin.py:188} INFO - [2024-08-06T22:37:28.963+0800] {dag.py:3947} INFO - Setting next_dagrun for example_time_delta_sensor_async to None, run_after=None
[2024-08-06T22:37:29.000+0800] {processor.py:183} INFO - Processing /home/haziq/Documents/pl-data-engineering/venv/lib/python3.12/site-packages/airflow/example_dags/example_time_delta_sensor_async.py took 0.102 seconds
[2024-08-06T22:38:26.143+0800] {processor.py:161} INFO - Started process (PID=95333) to work on /home/haziq/Documents/pl-data-engineering/venv/lib/python3.12/site-packages/airflow/example_dags/example_time_delta_sensor_async.py
[2024-08-06T22:38:26.145+0800] {processor.py:830} INFO - Processing file /home/haziq/Documents/pl-data-engineering/venv/lib/python3.12/site-packages/airflow/example_dags/example_time_delta_sensor_async.py for tasks to queue
[2024-08-06T22:38:26.149+0800] {logging_mixin.py:188} INFO - [2024-08-06T22:38:26.148+0800] {dagbag.py:545} INFO - Filling up the DagBag from /home/haziq/Documents/pl-data-engineering/venv/lib/python3.12/site-packages/airflow/example_dags/example_time_delta_sensor_async.py
[2024-08-06T22:38:26.158+0800] {processor.py:840} INFO - DAG(s) 'example_time_delta_sensor_async' retrieved from /home/haziq/Documents/pl-data-engineering/venv/lib/python3.12/site-packages/airflow/example_dags/example_time_delta_sensor_async.py
[2024-08-06T22:38:26.189+0800] {logging_mixin.py:188} INFO - [2024-08-06T22:38:26.188+0800] {dag.py:3089} INFO - Sync 1 DAGs
[2024-08-06T22:38:26.211+0800] {logging_mixin.py:188} INFO - [2024-08-06T22:38:26.210+0800] {dag.py:3947} INFO - Setting next_dagrun for example_time_delta_sensor_async to None, run_after=None
[2024-08-06T22:38:26.250+0800] {processor.py:183} INFO - Processing /home/haziq/Documents/pl-data-engineering/venv/lib/python3.12/site-packages/airflow/example_dags/example_time_delta_sensor_async.py took 0.117 seconds
[2024-08-06T22:39:20.041+0800] {processor.py:161} INFO - Started process (PID=95755) to work on /home/haziq/Documents/pl-data-engineering/venv/lib/python3.12/site-packages/airflow/example_dags/example_time_delta_sensor_async.py
[2024-08-06T22:39:20.050+0800] {processor.py:830} INFO - Processing file /home/haziq/Documents/pl-data-engineering/venv/lib/python3.12/site-packages/airflow/example_dags/example_time_delta_sensor_async.py for tasks to queue
[2024-08-06T22:39:20.052+0800] {logging_mixin.py:188} INFO - [2024-08-06T22:39:20.052+0800] {dagbag.py:545} INFO - Filling up the DagBag from /home/haziq/Documents/pl-data-engineering/venv/lib/python3.12/site-packages/airflow/example_dags/example_time_delta_sensor_async.py
[2024-08-06T22:39:20.060+0800] {processor.py:840} INFO - DAG(s) 'example_time_delta_sensor_async' retrieved from /home/haziq/Documents/pl-data-engineering/venv/lib/python3.12/site-packages/airflow/example_dags/example_time_delta_sensor_async.py
[2024-08-06T22:39:20.089+0800] {logging_mixin.py:188} INFO - [2024-08-06T22:39:20.088+0800] {dag.py:3089} INFO - Sync 1 DAGs
[2024-08-06T22:39:20.111+0800] {logging_mixin.py:188} INFO - [2024-08-06T22:39:20.111+0800] {dag.py:3947} INFO - Setting next_dagrun for example_time_delta_sensor_async to None, run_after=None
[2024-08-06T22:39:20.157+0800] {processor.py:183} INFO - Processing /home/haziq/Documents/pl-data-engineering/venv/lib/python3.12/site-packages/airflow/example_dags/example_time_delta_sensor_async.py took 0.126 seconds
[2024-08-06T22:40:12.830+0800] {processor.py:161} INFO - Started process (PID=96149) to work on /home/haziq/Documents/pl-data-engineering/venv/lib/python3.12/site-packages/airflow/example_dags/example_time_delta_sensor_async.py
[2024-08-06T22:40:12.832+0800] {processor.py:830} INFO - Processing file /home/haziq/Documents/pl-data-engineering/venv/lib/python3.12/site-packages/airflow/example_dags/example_time_delta_sensor_async.py for tasks to queue
[2024-08-06T22:40:12.834+0800] {logging_mixin.py:188} INFO - [2024-08-06T22:40:12.834+0800] {dagbag.py:545} INFO - Filling up the DagBag from /home/haziq/Documents/pl-data-engineering/venv/lib/python3.12/site-packages/airflow/example_dags/example_time_delta_sensor_async.py
[2024-08-06T22:40:12.842+0800] {processor.py:840} INFO - DAG(s) 'example_time_delta_sensor_async' retrieved from /home/haziq/Documents/pl-data-engineering/venv/lib/python3.12/site-packages/airflow/example_dags/example_time_delta_sensor_async.py
[2024-08-06T22:40:12.867+0800] {logging_mixin.py:188} INFO - [2024-08-06T22:40:12.867+0800] {dag.py:3089} INFO - Sync 1 DAGs
[2024-08-06T22:40:12.885+0800] {logging_mixin.py:188} INFO - [2024-08-06T22:40:12.884+0800] {dag.py:3947} INFO - Setting next_dagrun for example_time_delta_sensor_async to None, run_after=None
[2024-08-06T22:40:12.920+0800] {processor.py:183} INFO - Processing /home/haziq/Documents/pl-data-engineering/venv/lib/python3.12/site-packages/airflow/example_dags/example_time_delta_sensor_async.py took 0.101 seconds
[2024-08-06T22:41:02.649+0800] {processor.py:161} INFO - Started process (PID=96536) to work on /home/haziq/Documents/pl-data-engineering/venv/lib/python3.12/site-packages/airflow/example_dags/example_time_delta_sensor_async.py
[2024-08-06T22:41:02.651+0800] {processor.py:830} INFO - Processing file /home/haziq/Documents/pl-data-engineering/venv/lib/python3.12/site-packages/airflow/example_dags/example_time_delta_sensor_async.py for tasks to queue
[2024-08-06T22:41:02.654+0800] {logging_mixin.py:188} INFO - [2024-08-06T22:41:02.653+0800] {dagbag.py:545} INFO - Filling up the DagBag from /home/haziq/Documents/pl-data-engineering/venv/lib/python3.12/site-packages/airflow/example_dags/example_time_delta_sensor_async.py
[2024-08-06T22:41:02.661+0800] {processor.py:840} INFO - DAG(s) 'example_time_delta_sensor_async' retrieved from /home/haziq/Documents/pl-data-engineering/venv/lib/python3.12/site-packages/airflow/example_dags/example_time_delta_sensor_async.py
[2024-08-06T22:41:02.685+0800] {logging_mixin.py:188} INFO - [2024-08-06T22:41:02.685+0800] {dag.py:3089} INFO - Sync 1 DAGs
[2024-08-06T22:41:02.703+0800] {logging_mixin.py:188} INFO - [2024-08-06T22:41:02.702+0800] {dag.py:3947} INFO - Setting next_dagrun for example_time_delta_sensor_async to None, run_after=None
[2024-08-06T22:41:02.739+0800] {processor.py:183} INFO - Processing /home/haziq/Documents/pl-data-engineering/venv/lib/python3.12/site-packages/airflow/example_dags/example_time_delta_sensor_async.py took 0.100 seconds
[2024-08-06T22:41:53.415+0800] {processor.py:161} INFO - Started process (PID=96874) to work on /home/haziq/Documents/pl-data-engineering/venv/lib/python3.12/site-packages/airflow/example_dags/example_time_delta_sensor_async.py
[2024-08-06T22:41:53.424+0800] {processor.py:830} INFO - Processing file /home/haziq/Documents/pl-data-engineering/venv/lib/python3.12/site-packages/airflow/example_dags/example_time_delta_sensor_async.py for tasks to queue
[2024-08-06T22:41:53.428+0800] {logging_mixin.py:188} INFO - [2024-08-06T22:41:53.427+0800] {dagbag.py:545} INFO - Filling up the DagBag from /home/haziq/Documents/pl-data-engineering/venv/lib/python3.12/site-packages/airflow/example_dags/example_time_delta_sensor_async.py
[2024-08-06T22:41:53.436+0800] {processor.py:840} INFO - DAG(s) 'example_time_delta_sensor_async' retrieved from /home/haziq/Documents/pl-data-engineering/venv/lib/python3.12/site-packages/airflow/example_dags/example_time_delta_sensor_async.py
[2024-08-06T22:41:53.465+0800] {logging_mixin.py:188} INFO - [2024-08-06T22:41:53.465+0800] {dag.py:3089} INFO - Sync 1 DAGs
[2024-08-06T22:41:53.487+0800] {logging_mixin.py:188} INFO - [2024-08-06T22:41:53.487+0800] {dag.py:3947} INFO - Setting next_dagrun for example_time_delta_sensor_async to None, run_after=None
[2024-08-06T22:41:53.529+0800] {processor.py:183} INFO - Processing /home/haziq/Documents/pl-data-engineering/venv/lib/python3.12/site-packages/airflow/example_dags/example_time_delta_sensor_async.py took 0.126 seconds
