[2024-08-06T22:33:03.371+0800] {processor.py:161} INFO - Started process (PID=93063) to work on /home/haziq/Documents/pl-data-engineering/venv/lib/python3.12/site-packages/airflow/example_dags/example_latest_only.py
[2024-08-06T22:33:03.373+0800] {processor.py:830} INFO - Processing file /home/haziq/Documents/pl-data-engineering/venv/lib/python3.12/site-packages/airflow/example_dags/example_latest_only.py for tasks to queue
[2024-08-06T22:33:03.375+0800] {logging_mixin.py:188} INFO - [2024-08-06T22:33:03.375+0800] {dagbag.py:545} INFO - Filling up the DagBag from /home/haziq/Documents/pl-data-engineering/venv/lib/python3.12/site-packages/airflow/example_dags/example_latest_only.py
[2024-08-06T22:33:03.384+0800] {processor.py:840} INFO - DAG(s) 'latest_only' retrieved from /home/haziq/Documents/pl-data-engineering/venv/lib/python3.12/site-packages/airflow/example_dags/example_latest_only.py
[2024-08-06T22:33:03.557+0800] {logging_mixin.py:188} INFO - [2024-08-06T22:33:03.556+0800] {override.py:1858} INFO - Created Permission View: can delete on DAG:latest_only
[2024-08-06T22:33:03.577+0800] {logging_mixin.py:188} INFO - [2024-08-06T22:33:03.576+0800] {override.py:1858} INFO - Created Permission View: can read on DAG:latest_only
[2024-08-06T22:33:03.591+0800] {logging_mixin.py:188} INFO - [2024-08-06T22:33:03.591+0800] {override.py:1858} INFO - Created Permission View: can edit on DAG:latest_only
[2024-08-06T22:33:03.592+0800] {logging_mixin.py:188} INFO - [2024-08-06T22:33:03.592+0800] {dag.py:3089} INFO - Sync 1 DAGs
[2024-08-06T22:33:03.608+0800] {logging_mixin.py:188} INFO - [2024-08-06T22:33:03.607+0800] {dag.py:3111} INFO - Creating ORM DAG for latest_only
[2024-08-06T22:33:03.621+0800] {logging_mixin.py:188} INFO - [2024-08-06T22:33:03.621+0800] {dag.py:3947} INFO - Setting next_dagrun for latest_only to 2024-08-06 08:00:00+00:00, run_after=2024-08-06 12:00:00+00:00
[2024-08-06T22:33:03.658+0800] {processor.py:183} INFO - Processing /home/haziq/Documents/pl-data-engineering/venv/lib/python3.12/site-packages/airflow/example_dags/example_latest_only.py took 0.298 seconds
[2024-08-06T22:34:03.039+0800] {processor.py:161} INFO - Started process (PID=93476) to work on /home/haziq/Documents/pl-data-engineering/venv/lib/python3.12/site-packages/airflow/example_dags/example_latest_only.py
[2024-08-06T22:34:03.048+0800] {processor.py:830} INFO - Processing file /home/haziq/Documents/pl-data-engineering/venv/lib/python3.12/site-packages/airflow/example_dags/example_latest_only.py for tasks to queue
[2024-08-06T22:34:03.051+0800] {logging_mixin.py:188} INFO - [2024-08-06T22:34:03.051+0800] {dagbag.py:545} INFO - Filling up the DagBag from /home/haziq/Documents/pl-data-engineering/venv/lib/python3.12/site-packages/airflow/example_dags/example_latest_only.py
[2024-08-06T22:34:03.059+0800] {processor.py:840} INFO - DAG(s) 'latest_only' retrieved from /home/haziq/Documents/pl-data-engineering/venv/lib/python3.12/site-packages/airflow/example_dags/example_latest_only.py
[2024-08-06T22:34:03.085+0800] {logging_mixin.py:188} INFO - [2024-08-06T22:34:03.084+0800] {dag.py:3089} INFO - Sync 1 DAGs
[2024-08-06T22:34:03.116+0800] {logging_mixin.py:188} INFO - [2024-08-06T22:34:03.115+0800] {dag.py:3947} INFO - Setting next_dagrun for latest_only to 2024-08-06 08:00:00+00:00, run_after=2024-08-06 12:00:00+00:00
[2024-08-06T22:34:03.152+0800] {processor.py:183} INFO - Processing /home/haziq/Documents/pl-data-engineering/venv/lib/python3.12/site-packages/airflow/example_dags/example_latest_only.py took 0.124 seconds
[2024-08-06T22:35:42.222+0800] {processor.py:161} INFO - Started process (PID=94254) to work on /home/haziq/Documents/pl-data-engineering/venv/lib/python3.12/site-packages/airflow/example_dags/example_latest_only.py
[2024-08-06T22:35:42.224+0800] {processor.py:830} INFO - Processing file /home/haziq/Documents/pl-data-engineering/venv/lib/python3.12/site-packages/airflow/example_dags/example_latest_only.py for tasks to queue
[2024-08-06T22:35:42.228+0800] {logging_mixin.py:188} INFO - [2024-08-06T22:35:42.227+0800] {dagbag.py:545} INFO - Filling up the DagBag from /home/haziq/Documents/pl-data-engineering/venv/lib/python3.12/site-packages/airflow/example_dags/example_latest_only.py
[2024-08-06T22:35:42.238+0800] {processor.py:840} INFO - DAG(s) 'latest_only' retrieved from /home/haziq/Documents/pl-data-engineering/venv/lib/python3.12/site-packages/airflow/example_dags/example_latest_only.py
[2024-08-06T22:35:42.254+0800] {logging_mixin.py:188} INFO - [2024-08-06T22:35:42.254+0800] {dag.py:3089} INFO - Sync 1 DAGs
[2024-08-06T22:35:42.301+0800] {logging_mixin.py:188} INFO - [2024-08-06T22:35:42.301+0800] {dag.py:3947} INFO - Setting next_dagrun for latest_only to 2024-08-06 08:00:00+00:00, run_after=2024-08-06 12:00:00+00:00
[2024-08-06T22:35:42.342+0800] {processor.py:183} INFO - Processing /home/haziq/Documents/pl-data-engineering/venv/lib/python3.12/site-packages/airflow/example_dags/example_latest_only.py took 0.131 seconds
[2024-08-06T22:36:43.536+0800] {processor.py:161} INFO - Started process (PID=94623) to work on /home/haziq/Documents/pl-data-engineering/venv/lib/python3.12/site-packages/airflow/example_dags/example_latest_only.py
[2024-08-06T22:36:43.538+0800] {processor.py:830} INFO - Processing file /home/haziq/Documents/pl-data-engineering/venv/lib/python3.12/site-packages/airflow/example_dags/example_latest_only.py for tasks to queue
[2024-08-06T22:36:43.541+0800] {logging_mixin.py:188} INFO - [2024-08-06T22:36:43.540+0800] {dagbag.py:545} INFO - Filling up the DagBag from /home/haziq/Documents/pl-data-engineering/venv/lib/python3.12/site-packages/airflow/example_dags/example_latest_only.py
[2024-08-06T22:36:43.549+0800] {processor.py:840} INFO - DAG(s) 'latest_only' retrieved from /home/haziq/Documents/pl-data-engineering/venv/lib/python3.12/site-packages/airflow/example_dags/example_latest_only.py
[2024-08-06T22:36:43.694+0800] {logging_mixin.py:188} INFO - [2024-08-06T22:36:43.694+0800] {dag.py:3089} INFO - Sync 1 DAGs
[2024-08-06T22:36:43.720+0800] {logging_mixin.py:188} INFO - [2024-08-06T22:36:43.719+0800] {dag.py:3947} INFO - Setting next_dagrun for latest_only to 2024-08-06 08:00:00+00:00, run_after=2024-08-06 12:00:00+00:00
[2024-08-06T22:36:43.762+0800] {processor.py:183} INFO - Processing /home/haziq/Documents/pl-data-engineering/venv/lib/python3.12/site-packages/airflow/example_dags/example_latest_only.py took 0.236 seconds
[2024-08-06T22:37:42.941+0800] {processor.py:161} INFO - Started process (PID=95047) to work on /home/haziq/Documents/pl-data-engineering/venv/lib/python3.12/site-packages/airflow/example_dags/example_latest_only.py
[2024-08-06T22:37:42.943+0800] {processor.py:830} INFO - Processing file /home/haziq/Documents/pl-data-engineering/venv/lib/python3.12/site-packages/airflow/example_dags/example_latest_only.py for tasks to queue
[2024-08-06T22:37:42.946+0800] {logging_mixin.py:188} INFO - [2024-08-06T22:37:42.946+0800] {dagbag.py:545} INFO - Filling up the DagBag from /home/haziq/Documents/pl-data-engineering/venv/lib/python3.12/site-packages/airflow/example_dags/example_latest_only.py
[2024-08-06T22:37:42.957+0800] {processor.py:840} INFO - DAG(s) 'latest_only' retrieved from /home/haziq/Documents/pl-data-engineering/venv/lib/python3.12/site-packages/airflow/example_dags/example_latest_only.py
[2024-08-06T22:37:42.992+0800] {logging_mixin.py:188} INFO - [2024-08-06T22:37:42.991+0800] {dag.py:3089} INFO - Sync 1 DAGs
[2024-08-06T22:37:43.040+0800] {logging_mixin.py:188} INFO - [2024-08-06T22:37:43.040+0800] {dag.py:3947} INFO - Setting next_dagrun for latest_only to 2024-08-06 08:00:00+00:00, run_after=2024-08-06 12:00:00+00:00
[2024-08-06T22:37:43.098+0800] {processor.py:183} INFO - Processing /home/haziq/Documents/pl-data-engineering/venv/lib/python3.12/site-packages/airflow/example_dags/example_latest_only.py took 0.171 seconds
[2024-08-06T22:38:37.861+0800] {processor.py:161} INFO - Started process (PID=95424) to work on /home/haziq/Documents/pl-data-engineering/venv/lib/python3.12/site-packages/airflow/example_dags/example_latest_only.py
[2024-08-06T22:38:37.863+0800] {processor.py:830} INFO - Processing file /home/haziq/Documents/pl-data-engineering/venv/lib/python3.12/site-packages/airflow/example_dags/example_latest_only.py for tasks to queue
[2024-08-06T22:38:37.866+0800] {logging_mixin.py:188} INFO - [2024-08-06T22:38:37.866+0800] {dagbag.py:545} INFO - Filling up the DagBag from /home/haziq/Documents/pl-data-engineering/venv/lib/python3.12/site-packages/airflow/example_dags/example_latest_only.py
[2024-08-06T22:38:37.874+0800] {processor.py:840} INFO - DAG(s) 'latest_only' retrieved from /home/haziq/Documents/pl-data-engineering/venv/lib/python3.12/site-packages/airflow/example_dags/example_latest_only.py
[2024-08-06T22:38:37.898+0800] {logging_mixin.py:188} INFO - [2024-08-06T22:38:37.898+0800] {dag.py:3089} INFO - Sync 1 DAGs
[2024-08-06T22:38:37.927+0800] {logging_mixin.py:188} INFO - [2024-08-06T22:38:37.927+0800] {dag.py:3947} INFO - Setting next_dagrun for latest_only to 2024-08-06 08:00:00+00:00, run_after=2024-08-06 12:00:00+00:00
[2024-08-06T22:38:37.964+0800] {processor.py:183} INFO - Processing /home/haziq/Documents/pl-data-engineering/venv/lib/python3.12/site-packages/airflow/example_dags/example_latest_only.py took 0.114 seconds
[2024-08-06T22:39:32.299+0800] {processor.py:161} INFO - Started process (PID=95880) to work on /home/haziq/Documents/pl-data-engineering/venv/lib/python3.12/site-packages/airflow/example_dags/example_latest_only.py
[2024-08-06T22:39:32.300+0800] {processor.py:830} INFO - Processing file /home/haziq/Documents/pl-data-engineering/venv/lib/python3.12/site-packages/airflow/example_dags/example_latest_only.py for tasks to queue
[2024-08-06T22:39:32.303+0800] {logging_mixin.py:188} INFO - [2024-08-06T22:39:32.303+0800] {dagbag.py:545} INFO - Filling up the DagBag from /home/haziq/Documents/pl-data-engineering/venv/lib/python3.12/site-packages/airflow/example_dags/example_latest_only.py
[2024-08-06T22:39:32.312+0800] {processor.py:840} INFO - DAG(s) 'latest_only' retrieved from /home/haziq/Documents/pl-data-engineering/venv/lib/python3.12/site-packages/airflow/example_dags/example_latest_only.py
[2024-08-06T22:39:32.341+0800] {logging_mixin.py:188} INFO - [2024-08-06T22:39:32.341+0800] {dag.py:3089} INFO - Sync 1 DAGs
[2024-08-06T22:39:32.380+0800] {logging_mixin.py:188} INFO - [2024-08-06T22:39:32.379+0800] {dag.py:3947} INFO - Setting next_dagrun for latest_only to 2024-08-06 08:00:00+00:00, run_after=2024-08-06 12:00:00+00:00
[2024-08-06T22:39:32.422+0800] {processor.py:183} INFO - Processing /home/haziq/Documents/pl-data-engineering/venv/lib/python3.12/site-packages/airflow/example_dags/example_latest_only.py took 0.134 seconds
[2024-08-06T22:40:24.278+0800] {processor.py:161} INFO - Started process (PID=96231) to work on /home/haziq/Documents/pl-data-engineering/venv/lib/python3.12/site-packages/airflow/example_dags/example_latest_only.py
[2024-08-06T22:40:24.286+0800] {processor.py:830} INFO - Processing file /home/haziq/Documents/pl-data-engineering/venv/lib/python3.12/site-packages/airflow/example_dags/example_latest_only.py for tasks to queue
[2024-08-06T22:40:24.289+0800] {logging_mixin.py:188} INFO - [2024-08-06T22:40:24.288+0800] {dagbag.py:545} INFO - Filling up the DagBag from /home/haziq/Documents/pl-data-engineering/venv/lib/python3.12/site-packages/airflow/example_dags/example_latest_only.py
[2024-08-06T22:40:24.297+0800] {processor.py:840} INFO - DAG(s) 'latest_only' retrieved from /home/haziq/Documents/pl-data-engineering/venv/lib/python3.12/site-packages/airflow/example_dags/example_latest_only.py
[2024-08-06T22:40:24.321+0800] {logging_mixin.py:188} INFO - [2024-08-06T22:40:24.320+0800] {dag.py:3089} INFO - Sync 1 DAGs
[2024-08-06T22:40:24.351+0800] {logging_mixin.py:188} INFO - [2024-08-06T22:40:24.351+0800] {dag.py:3947} INFO - Setting next_dagrun for latest_only to 2024-08-06 08:00:00+00:00, run_after=2024-08-06 12:00:00+00:00
[2024-08-06T22:40:24.386+0800] {processor.py:183} INFO - Processing /home/haziq/Documents/pl-data-engineering/venv/lib/python3.12/site-packages/airflow/example_dags/example_latest_only.py took 0.119 seconds
[2024-08-06T22:41:14.537+0800] {processor.py:161} INFO - Started process (PID=96613) to work on /home/haziq/Documents/pl-data-engineering/venv/lib/python3.12/site-packages/airflow/example_dags/example_latest_only.py
[2024-08-06T22:41:14.538+0800] {processor.py:830} INFO - Processing file /home/haziq/Documents/pl-data-engineering/venv/lib/python3.12/site-packages/airflow/example_dags/example_latest_only.py for tasks to queue
[2024-08-06T22:41:14.542+0800] {logging_mixin.py:188} INFO - [2024-08-06T22:41:14.541+0800] {dagbag.py:545} INFO - Filling up the DagBag from /home/haziq/Documents/pl-data-engineering/venv/lib/python3.12/site-packages/airflow/example_dags/example_latest_only.py
[2024-08-06T22:41:14.551+0800] {processor.py:840} INFO - DAG(s) 'latest_only' retrieved from /home/haziq/Documents/pl-data-engineering/venv/lib/python3.12/site-packages/airflow/example_dags/example_latest_only.py
[2024-08-06T22:41:14.574+0800] {logging_mixin.py:188} INFO - [2024-08-06T22:41:14.573+0800] {dag.py:3089} INFO - Sync 1 DAGs
[2024-08-06T22:41:14.602+0800] {logging_mixin.py:188} INFO - [2024-08-06T22:41:14.602+0800] {dag.py:3947} INFO - Setting next_dagrun for latest_only to 2024-08-06 08:00:00+00:00, run_after=2024-08-06 12:00:00+00:00
[2024-08-06T22:41:14.640+0800] {processor.py:183} INFO - Processing /home/haziq/Documents/pl-data-engineering/venv/lib/python3.12/site-packages/airflow/example_dags/example_latest_only.py took 0.112 seconds
[2024-08-06T22:42:07.420+0800] {processor.py:161} INFO - Started process (PID=96956) to work on /home/haziq/Documents/pl-data-engineering/venv/lib/python3.12/site-packages/airflow/example_dags/example_latest_only.py
[2024-08-06T22:42:07.428+0800] {processor.py:830} INFO - Processing file /home/haziq/Documents/pl-data-engineering/venv/lib/python3.12/site-packages/airflow/example_dags/example_latest_only.py for tasks to queue
[2024-08-06T22:42:07.430+0800] {logging_mixin.py:188} INFO - [2024-08-06T22:42:07.430+0800] {dagbag.py:545} INFO - Filling up the DagBag from /home/haziq/Documents/pl-data-engineering/venv/lib/python3.12/site-packages/airflow/example_dags/example_latest_only.py
[2024-08-06T22:42:07.437+0800] {processor.py:840} INFO - DAG(s) 'latest_only' retrieved from /home/haziq/Documents/pl-data-engineering/venv/lib/python3.12/site-packages/airflow/example_dags/example_latest_only.py
[2024-08-06T22:42:07.461+0800] {logging_mixin.py:188} INFO - [2024-08-06T22:42:07.461+0800] {dag.py:3089} INFO - Sync 1 DAGs
[2024-08-06T22:42:07.491+0800] {logging_mixin.py:188} INFO - [2024-08-06T22:42:07.491+0800] {dag.py:3947} INFO - Setting next_dagrun for latest_only to 2024-08-06 08:00:00+00:00, run_after=2024-08-06 12:00:00+00:00
[2024-08-06T22:42:07.532+0800] {processor.py:183} INFO - Processing /home/haziq/Documents/pl-data-engineering/venv/lib/python3.12/site-packages/airflow/example_dags/example_latest_only.py took 0.124 seconds
