[2024-08-06T22:32:53.507+0800] {processor.py:161} INFO - Started process (PID=92990) to work on /home/haziq/Documents/pl-data-engineering/venv/lib/python3.12/site-packages/airflow/example_dags/example_xcomargs.py
[2024-08-06T22:32:53.508+0800] {processor.py:830} INFO - Processing file /home/haziq/Documents/pl-data-engineering/venv/lib/python3.12/site-packages/airflow/example_dags/example_xcomargs.py for tasks to queue
[2024-08-06T22:32:53.511+0800] {logging_mixin.py:188} INFO - [2024-08-06T22:32:53.511+0800] {dagbag.py:545} INFO - Filling up the DagBag from /home/haziq/Documents/pl-data-engineering/venv/lib/python3.12/site-packages/airflow/example_dags/example_xcomargs.py
[2024-08-06T22:32:53.525+0800] {processor.py:840} INFO - DAG(s) 'example_xcom_args_with_operators', 'example_xcom_args' retrieved from /home/haziq/Documents/pl-data-engineering/venv/lib/python3.12/site-packages/airflow/example_dags/example_xcomargs.py
[2024-08-06T22:32:53.702+0800] {logging_mixin.py:188} INFO - [2024-08-06T22:32:53.701+0800] {override.py:1858} INFO - Created Permission View: can delete on DAG:example_xcom_args_with_operators
[2024-08-06T22:32:53.720+0800] {logging_mixin.py:188} INFO - [2024-08-06T22:32:53.720+0800] {override.py:1858} INFO - Created Permission View: can read on DAG:example_xcom_args_with_operators
[2024-08-06T22:32:53.735+0800] {logging_mixin.py:188} INFO - [2024-08-06T22:32:53.734+0800] {override.py:1858} INFO - Created Permission View: can edit on DAG:example_xcom_args_with_operators
[2024-08-06T22:32:53.770+0800] {logging_mixin.py:188} INFO - [2024-08-06T22:32:53.770+0800] {override.py:1858} INFO - Created Permission View: can delete on DAG:example_xcom_args
[2024-08-06T22:32:53.784+0800] {logging_mixin.py:188} INFO - [2024-08-06T22:32:53.783+0800] {override.py:1858} INFO - Created Permission View: can read on DAG:example_xcom_args
[2024-08-06T22:32:53.797+0800] {logging_mixin.py:188} INFO - [2024-08-06T22:32:53.796+0800] {override.py:1858} INFO - Created Permission View: can edit on DAG:example_xcom_args
[2024-08-06T22:32:53.797+0800] {logging_mixin.py:188} INFO - [2024-08-06T22:32:53.797+0800] {dag.py:3089} INFO - Sync 2 DAGs
[2024-08-06T22:32:53.813+0800] {logging_mixin.py:188} INFO - [2024-08-06T22:32:53.813+0800] {dag.py:3111} INFO - Creating ORM DAG for example_xcom_args
[2024-08-06T22:32:53.814+0800] {logging_mixin.py:188} INFO - [2024-08-06T22:32:53.814+0800] {dag.py:3111} INFO - Creating ORM DAG for example_xcom_args_with_operators
[2024-08-06T22:32:53.815+0800] {logging_mixin.py:188} INFO - [2024-08-06T22:32:53.815+0800] {dag.py:3947} INFO - Setting next_dagrun for example_xcom_args to None, run_after=None
[2024-08-06T22:32:53.816+0800] {logging_mixin.py:188} INFO - [2024-08-06T22:32:53.816+0800] {dag.py:3947} INFO - Setting next_dagrun for example_xcom_args_with_operators to None, run_after=None
[2024-08-06T22:32:53.849+0800] {processor.py:183} INFO - Processing /home/haziq/Documents/pl-data-engineering/venv/lib/python3.12/site-packages/airflow/example_dags/example_xcomargs.py took 0.353 seconds
[2024-08-06T22:33:53.974+0800] {processor.py:161} INFO - Started process (PID=93414) to work on /home/haziq/Documents/pl-data-engineering/venv/lib/python3.12/site-packages/airflow/example_dags/example_xcomargs.py
[2024-08-06T22:33:53.983+0800] {processor.py:830} INFO - Processing file /home/haziq/Documents/pl-data-engineering/venv/lib/python3.12/site-packages/airflow/example_dags/example_xcomargs.py for tasks to queue
[2024-08-06T22:33:53.986+0800] {logging_mixin.py:188} INFO - [2024-08-06T22:33:53.986+0800] {dagbag.py:545} INFO - Filling up the DagBag from /home/haziq/Documents/pl-data-engineering/venv/lib/python3.12/site-packages/airflow/example_dags/example_xcomargs.py
[2024-08-06T22:33:53.999+0800] {processor.py:840} INFO - DAG(s) 'example_xcom_args', 'example_xcom_args_with_operators' retrieved from /home/haziq/Documents/pl-data-engineering/venv/lib/python3.12/site-packages/airflow/example_dags/example_xcomargs.py
[2024-08-06T22:33:54.027+0800] {logging_mixin.py:188} INFO - [2024-08-06T22:33:54.027+0800] {dag.py:3089} INFO - Sync 2 DAGs
[2024-08-06T22:33:54.045+0800] {logging_mixin.py:188} INFO - [2024-08-06T22:33:54.045+0800] {dag.py:3947} INFO - Setting next_dagrun for example_xcom_args to None, run_after=None
[2024-08-06T22:33:54.052+0800] {logging_mixin.py:188} INFO - [2024-08-06T22:33:54.052+0800] {dag.py:3947} INFO - Setting next_dagrun for example_xcom_args_with_operators to None, run_after=None
[2024-08-06T22:33:54.085+0800] {processor.py:183} INFO - Processing /home/haziq/Documents/pl-data-engineering/venv/lib/python3.12/site-packages/airflow/example_dags/example_xcomargs.py took 0.122 seconds
[2024-08-06T22:35:32.850+0800] {processor.py:161} INFO - Started process (PID=94168) to work on /home/haziq/Documents/pl-data-engineering/venv/lib/python3.12/site-packages/airflow/example_dags/example_xcomargs.py
[2024-08-06T22:35:32.852+0800] {processor.py:830} INFO - Processing file /home/haziq/Documents/pl-data-engineering/venv/lib/python3.12/site-packages/airflow/example_dags/example_xcomargs.py for tasks to queue
[2024-08-06T22:35:32.856+0800] {logging_mixin.py:188} INFO - [2024-08-06T22:35:32.855+0800] {dagbag.py:545} INFO - Filling up the DagBag from /home/haziq/Documents/pl-data-engineering/venv/lib/python3.12/site-packages/airflow/example_dags/example_xcomargs.py
[2024-08-06T22:35:32.876+0800] {processor.py:840} INFO - DAG(s) 'example_xcom_args_with_operators', 'example_xcom_args' retrieved from /home/haziq/Documents/pl-data-engineering/venv/lib/python3.12/site-packages/airflow/example_dags/example_xcomargs.py
[2024-08-06T22:35:32.893+0800] {logging_mixin.py:188} INFO - [2024-08-06T22:35:32.893+0800] {dag.py:3089} INFO - Sync 2 DAGs
[2024-08-06T22:35:32.928+0800] {logging_mixin.py:188} INFO - [2024-08-06T22:35:32.928+0800] {dag.py:3947} INFO - Setting next_dagrun for example_xcom_args to None, run_after=None
[2024-08-06T22:35:32.936+0800] {logging_mixin.py:188} INFO - [2024-08-06T22:35:32.935+0800] {dag.py:3947} INFO - Setting next_dagrun for example_xcom_args_with_operators to None, run_after=None
[2024-08-06T22:35:32.984+0800] {processor.py:183} INFO - Processing /home/haziq/Documents/pl-data-engineering/venv/lib/python3.12/site-packages/airflow/example_dags/example_xcomargs.py took 0.144 seconds
[2024-08-06T22:36:34.078+0800] {processor.py:161} INFO - Started process (PID=94568) to work on /home/haziq/Documents/pl-data-engineering/venv/lib/python3.12/site-packages/airflow/example_dags/example_xcomargs.py
[2024-08-06T22:36:34.080+0800] {processor.py:830} INFO - Processing file /home/haziq/Documents/pl-data-engineering/venv/lib/python3.12/site-packages/airflow/example_dags/example_xcomargs.py for tasks to queue
[2024-08-06T22:36:34.083+0800] {logging_mixin.py:188} INFO - [2024-08-06T22:36:34.083+0800] {dagbag.py:545} INFO - Filling up the DagBag from /home/haziq/Documents/pl-data-engineering/venv/lib/python3.12/site-packages/airflow/example_dags/example_xcomargs.py
[2024-08-06T22:36:34.096+0800] {processor.py:840} INFO - DAG(s) 'example_xcom_args_with_operators', 'example_xcom_args' retrieved from /home/haziq/Documents/pl-data-engineering/venv/lib/python3.12/site-packages/airflow/example_dags/example_xcomargs.py
[2024-08-06T22:36:34.250+0800] {logging_mixin.py:188} INFO - [2024-08-06T22:36:34.249+0800] {dag.py:3089} INFO - Sync 2 DAGs
[2024-08-06T22:36:34.264+0800] {logging_mixin.py:188} INFO - [2024-08-06T22:36:34.264+0800] {dag.py:3947} INFO - Setting next_dagrun for example_xcom_args to None, run_after=None
[2024-08-06T22:36:34.269+0800] {logging_mixin.py:188} INFO - [2024-08-06T22:36:34.268+0800] {dag.py:3947} INFO - Setting next_dagrun for example_xcom_args_with_operators to None, run_after=None
[2024-08-06T22:36:34.303+0800] {processor.py:183} INFO - Processing /home/haziq/Documents/pl-data-engineering/venv/lib/python3.12/site-packages/airflow/example_dags/example_xcomargs.py took 0.233 seconds
[2024-08-06T22:37:32.686+0800] {processor.py:161} INFO - Started process (PID=94961) to work on /home/haziq/Documents/pl-data-engineering/venv/lib/python3.12/site-packages/airflow/example_dags/example_xcomargs.py
[2024-08-06T22:37:32.688+0800] {processor.py:830} INFO - Processing file /home/haziq/Documents/pl-data-engineering/venv/lib/python3.12/site-packages/airflow/example_dags/example_xcomargs.py for tasks to queue
[2024-08-06T22:37:32.691+0800] {logging_mixin.py:188} INFO - [2024-08-06T22:37:32.690+0800] {dagbag.py:545} INFO - Filling up the DagBag from /home/haziq/Documents/pl-data-engineering/venv/lib/python3.12/site-packages/airflow/example_dags/example_xcomargs.py
[2024-08-06T22:37:32.706+0800] {processor.py:840} INFO - DAG(s) 'example_xcom_args_with_operators', 'example_xcom_args' retrieved from /home/haziq/Documents/pl-data-engineering/venv/lib/python3.12/site-packages/airflow/example_dags/example_xcomargs.py
[2024-08-06T22:37:32.736+0800] {logging_mixin.py:188} INFO - [2024-08-06T22:37:32.736+0800] {dag.py:3089} INFO - Sync 2 DAGs
[2024-08-06T22:37:32.753+0800] {logging_mixin.py:188} INFO - [2024-08-06T22:37:32.753+0800] {dag.py:3947} INFO - Setting next_dagrun for example_xcom_args to None, run_after=None
[2024-08-06T22:37:32.759+0800] {logging_mixin.py:188} INFO - [2024-08-06T22:37:32.758+0800] {dag.py:3947} INFO - Setting next_dagrun for example_xcom_args_with_operators to None, run_after=None
[2024-08-06T22:37:32.792+0800] {processor.py:183} INFO - Processing /home/haziq/Documents/pl-data-engineering/venv/lib/python3.12/site-packages/airflow/example_dags/example_xcomargs.py took 0.120 seconds
[2024-08-06T22:38:29.983+0800] {processor.py:161} INFO - Started process (PID=95364) to work on /home/haziq/Documents/pl-data-engineering/venv/lib/python3.12/site-packages/airflow/example_dags/example_xcomargs.py
[2024-08-06T22:38:29.985+0800] {processor.py:830} INFO - Processing file /home/haziq/Documents/pl-data-engineering/venv/lib/python3.12/site-packages/airflow/example_dags/example_xcomargs.py for tasks to queue
[2024-08-06T22:38:29.989+0800] {logging_mixin.py:188} INFO - [2024-08-06T22:38:29.988+0800] {dagbag.py:545} INFO - Filling up the DagBag from /home/haziq/Documents/pl-data-engineering/venv/lib/python3.12/site-packages/airflow/example_dags/example_xcomargs.py
[2024-08-06T22:38:30.005+0800] {processor.py:840} INFO - DAG(s) 'example_xcom_args_with_operators', 'example_xcom_args' retrieved from /home/haziq/Documents/pl-data-engineering/venv/lib/python3.12/site-packages/airflow/example_dags/example_xcomargs.py
[2024-08-06T22:38:30.041+0800] {logging_mixin.py:188} INFO - [2024-08-06T22:38:30.040+0800] {dag.py:3089} INFO - Sync 2 DAGs
[2024-08-06T22:38:30.059+0800] {logging_mixin.py:188} INFO - [2024-08-06T22:38:30.059+0800] {dag.py:3947} INFO - Setting next_dagrun for example_xcom_args to None, run_after=None
[2024-08-06T22:38:30.064+0800] {logging_mixin.py:188} INFO - [2024-08-06T22:38:30.064+0800] {dag.py:3947} INFO - Setting next_dagrun for example_xcom_args_with_operators to None, run_after=None
[2024-08-06T22:38:30.097+0800] {processor.py:183} INFO - Processing /home/haziq/Documents/pl-data-engineering/venv/lib/python3.12/site-packages/airflow/example_dags/example_xcomargs.py took 0.127 seconds
[2024-08-06T22:39:23.174+0800] {processor.py:161} INFO - Started process (PID=95778) to work on /home/haziq/Documents/pl-data-engineering/venv/lib/python3.12/site-packages/airflow/example_dags/example_xcomargs.py
[2024-08-06T22:39:23.182+0800] {processor.py:830} INFO - Processing file /home/haziq/Documents/pl-data-engineering/venv/lib/python3.12/site-packages/airflow/example_dags/example_xcomargs.py for tasks to queue
[2024-08-06T22:39:23.185+0800] {logging_mixin.py:188} INFO - [2024-08-06T22:39:23.185+0800] {dagbag.py:545} INFO - Filling up the DagBag from /home/haziq/Documents/pl-data-engineering/venv/lib/python3.12/site-packages/airflow/example_dags/example_xcomargs.py
[2024-08-06T22:39:23.200+0800] {processor.py:840} INFO - DAG(s) 'example_xcom_args_with_operators', 'example_xcom_args' retrieved from /home/haziq/Documents/pl-data-engineering/venv/lib/python3.12/site-packages/airflow/example_dags/example_xcomargs.py
[2024-08-06T22:39:23.234+0800] {logging_mixin.py:188} INFO - [2024-08-06T22:39:23.233+0800] {dag.py:3089} INFO - Sync 2 DAGs
[2024-08-06T22:39:23.258+0800] {logging_mixin.py:188} INFO - [2024-08-06T22:39:23.257+0800] {dag.py:3947} INFO - Setting next_dagrun for example_xcom_args to None, run_after=None
[2024-08-06T22:39:23.266+0800] {logging_mixin.py:188} INFO - [2024-08-06T22:39:23.266+0800] {dag.py:3947} INFO - Setting next_dagrun for example_xcom_args_with_operators to None, run_after=None
[2024-08-06T22:39:23.307+0800] {processor.py:183} INFO - Processing /home/haziq/Documents/pl-data-engineering/venv/lib/python3.12/site-packages/airflow/example_dags/example_xcomargs.py took 0.141 seconds
[2024-08-06T22:40:15.456+0800] {processor.py:161} INFO - Started process (PID=96162) to work on /home/haziq/Documents/pl-data-engineering/venv/lib/python3.12/site-packages/airflow/example_dags/example_xcomargs.py
[2024-08-06T22:40:15.458+0800] {processor.py:830} INFO - Processing file /home/haziq/Documents/pl-data-engineering/venv/lib/python3.12/site-packages/airflow/example_dags/example_xcomargs.py for tasks to queue
[2024-08-06T22:40:15.461+0800] {logging_mixin.py:188} INFO - [2024-08-06T22:40:15.460+0800] {dagbag.py:545} INFO - Filling up the DagBag from /home/haziq/Documents/pl-data-engineering/venv/lib/python3.12/site-packages/airflow/example_dags/example_xcomargs.py
[2024-08-06T22:40:15.474+0800] {processor.py:840} INFO - DAG(s) 'example_xcom_args', 'example_xcom_args_with_operators' retrieved from /home/haziq/Documents/pl-data-engineering/venv/lib/python3.12/site-packages/airflow/example_dags/example_xcomargs.py
[2024-08-06T22:40:15.503+0800] {logging_mixin.py:188} INFO - [2024-08-06T22:40:15.502+0800] {dag.py:3089} INFO - Sync 2 DAGs
[2024-08-06T22:40:15.520+0800] {logging_mixin.py:188} INFO - [2024-08-06T22:40:15.520+0800] {dag.py:3947} INFO - Setting next_dagrun for example_xcom_args to None, run_after=None
[2024-08-06T22:40:15.525+0800] {logging_mixin.py:188} INFO - [2024-08-06T22:40:15.525+0800] {dag.py:3947} INFO - Setting next_dagrun for example_xcom_args_with_operators to None, run_after=None
[2024-08-06T22:40:15.559+0800] {processor.py:183} INFO - Processing /home/haziq/Documents/pl-data-engineering/venv/lib/python3.12/site-packages/airflow/example_dags/example_xcomargs.py took 0.114 seconds
[2024-08-06T22:41:06.225+0800] {processor.py:161} INFO - Started process (PID=96560) to work on /home/haziq/Documents/pl-data-engineering/venv/lib/python3.12/site-packages/airflow/example_dags/example_xcomargs.py
[2024-08-06T22:41:06.226+0800] {processor.py:830} INFO - Processing file /home/haziq/Documents/pl-data-engineering/venv/lib/python3.12/site-packages/airflow/example_dags/example_xcomargs.py for tasks to queue
[2024-08-06T22:41:06.229+0800] {logging_mixin.py:188} INFO - [2024-08-06T22:41:06.229+0800] {dagbag.py:545} INFO - Filling up the DagBag from /home/haziq/Documents/pl-data-engineering/venv/lib/python3.12/site-packages/airflow/example_dags/example_xcomargs.py
[2024-08-06T22:41:06.243+0800] {processor.py:840} INFO - DAG(s) 'example_xcom_args_with_operators', 'example_xcom_args' retrieved from /home/haziq/Documents/pl-data-engineering/venv/lib/python3.12/site-packages/airflow/example_dags/example_xcomargs.py
[2024-08-06T22:41:06.272+0800] {logging_mixin.py:188} INFO - [2024-08-06T22:41:06.272+0800] {dag.py:3089} INFO - Sync 2 DAGs
[2024-08-06T22:41:06.290+0800] {logging_mixin.py:188} INFO - [2024-08-06T22:41:06.289+0800] {dag.py:3947} INFO - Setting next_dagrun for example_xcom_args to None, run_after=None
[2024-08-06T22:41:06.295+0800] {logging_mixin.py:188} INFO - [2024-08-06T22:41:06.295+0800] {dag.py:3947} INFO - Setting next_dagrun for example_xcom_args_with_operators to None, run_after=None
[2024-08-06T22:41:06.327+0800] {processor.py:183} INFO - Processing /home/haziq/Documents/pl-data-engineering/venv/lib/python3.12/site-packages/airflow/example_dags/example_xcomargs.py took 0.111 seconds
[2024-08-06T22:41:57.263+0800] {processor.py:161} INFO - Started process (PID=96898) to work on /home/haziq/Documents/pl-data-engineering/venv/lib/python3.12/site-packages/airflow/example_dags/example_xcomargs.py
[2024-08-06T22:41:57.272+0800] {processor.py:830} INFO - Processing file /home/haziq/Documents/pl-data-engineering/venv/lib/python3.12/site-packages/airflow/example_dags/example_xcomargs.py for tasks to queue
[2024-08-06T22:41:57.275+0800] {logging_mixin.py:188} INFO - [2024-08-06T22:41:57.274+0800] {dagbag.py:545} INFO - Filling up the DagBag from /home/haziq/Documents/pl-data-engineering/venv/lib/python3.12/site-packages/airflow/example_dags/example_xcomargs.py
[2024-08-06T22:41:57.289+0800] {processor.py:840} INFO - DAG(s) 'example_xcom_args', 'example_xcom_args_with_operators' retrieved from /home/haziq/Documents/pl-data-engineering/venv/lib/python3.12/site-packages/airflow/example_dags/example_xcomargs.py
[2024-08-06T22:41:57.324+0800] {logging_mixin.py:188} INFO - [2024-08-06T22:41:57.323+0800] {dag.py:3089} INFO - Sync 2 DAGs
[2024-08-06T22:41:57.346+0800] {logging_mixin.py:188} INFO - [2024-08-06T22:41:57.345+0800] {dag.py:3947} INFO - Setting next_dagrun for example_xcom_args to None, run_after=None
[2024-08-06T22:41:57.351+0800] {logging_mixin.py:188} INFO - [2024-08-06T22:41:57.351+0800] {dag.py:3947} INFO - Setting next_dagrun for example_xcom_args_with_operators to None, run_after=None
[2024-08-06T22:41:57.383+0800] {processor.py:183} INFO - Processing /home/haziq/Documents/pl-data-engineering/venv/lib/python3.12/site-packages/airflow/example_dags/example_xcomargs.py took 0.130 seconds
