[2024-08-06T22:32:52.986+0800] {processor.py:161} INFO - Started process (PID=92989) to work on /home/haziq/Documents/pl-data-engineering/venv/lib/python3.12/site-packages/airflow/example_dags/example_short_circuit_operator.py
[2024-08-06T22:32:52.988+0800] {processor.py:830} INFO - Processing file /home/haziq/Documents/pl-data-engineering/venv/lib/python3.12/site-packages/airflow/example_dags/example_short_circuit_operator.py for tasks to queue
[2024-08-06T22:32:52.991+0800] {logging_mixin.py:188} INFO - [2024-08-06T22:32:52.990+0800] {dagbag.py:545} INFO - Filling up the DagBag from /home/haziq/Documents/pl-data-engineering/venv/lib/python3.12/site-packages/airflow/example_dags/example_short_circuit_operator.py
[2024-08-06T22:32:53.009+0800] {processor.py:840} INFO - DAG(s) 'example_short_circuit_operator' retrieved from /home/haziq/Documents/pl-data-engineering/venv/lib/python3.12/site-packages/airflow/example_dags/example_short_circuit_operator.py
[2024-08-06T22:32:53.210+0800] {logging_mixin.py:188} INFO - [2024-08-06T22:32:53.207+0800] {override.py:1858} INFO - Created Permission View: can delete on DAG:example_short_circuit_operator
[2024-08-06T22:32:53.235+0800] {logging_mixin.py:188} INFO - [2024-08-06T22:32:53.234+0800] {override.py:1858} INFO - Created Permission View: can read on DAG:example_short_circuit_operator
[2024-08-06T22:32:53.252+0800] {logging_mixin.py:188} INFO - [2024-08-06T22:32:53.251+0800] {override.py:1858} INFO - Created Permission View: can edit on DAG:example_short_circuit_operator
[2024-08-06T22:32:53.252+0800] {logging_mixin.py:188} INFO - [2024-08-06T22:32:53.252+0800] {dag.py:3089} INFO - Sync 1 DAGs
[2024-08-06T22:32:53.272+0800] {logging_mixin.py:188} INFO - [2024-08-06T22:32:53.272+0800] {dag.py:3111} INFO - Creating ORM DAG for example_short_circuit_operator
[2024-08-06T22:32:53.292+0800] {logging_mixin.py:188} INFO - [2024-08-06T22:32:53.291+0800] {dag.py:3947} INFO - Setting next_dagrun for example_short_circuit_operator to 2024-08-05 00:00:00+00:00, run_after=2024-08-06 00:00:00+00:00
[2024-08-06T22:32:53.339+0800] {processor.py:183} INFO - Processing /home/haziq/Documents/pl-data-engineering/venv/lib/python3.12/site-packages/airflow/example_dags/example_short_circuit_operator.py took 0.366 seconds
[2024-08-06T22:33:52.695+0800] {processor.py:161} INFO - Started process (PID=93401) to work on /home/haziq/Documents/pl-data-engineering/venv/lib/python3.12/site-packages/airflow/example_dags/example_short_circuit_operator.py
[2024-08-06T22:33:52.705+0800] {processor.py:830} INFO - Processing file /home/haziq/Documents/pl-data-engineering/venv/lib/python3.12/site-packages/airflow/example_dags/example_short_circuit_operator.py for tasks to queue
[2024-08-06T22:33:52.708+0800] {logging_mixin.py:188} INFO - [2024-08-06T22:33:52.707+0800] {dagbag.py:545} INFO - Filling up the DagBag from /home/haziq/Documents/pl-data-engineering/venv/lib/python3.12/site-packages/airflow/example_dags/example_short_circuit_operator.py
[2024-08-06T22:33:52.719+0800] {processor.py:840} INFO - DAG(s) 'example_short_circuit_operator' retrieved from /home/haziq/Documents/pl-data-engineering/venv/lib/python3.12/site-packages/airflow/example_dags/example_short_circuit_operator.py
[2024-08-06T22:33:52.751+0800] {logging_mixin.py:188} INFO - [2024-08-06T22:33:52.750+0800] {dag.py:3089} INFO - Sync 1 DAGs
[2024-08-06T22:33:52.781+0800] {logging_mixin.py:188} INFO - [2024-08-06T22:33:52.781+0800] {dag.py:3947} INFO - Setting next_dagrun for example_short_circuit_operator to 2024-08-05 00:00:00+00:00, run_after=2024-08-06 00:00:00+00:00
[2024-08-06T22:33:52.817+0800] {processor.py:183} INFO - Processing /home/haziq/Documents/pl-data-engineering/venv/lib/python3.12/site-packages/airflow/example_dags/example_short_circuit_operator.py took 0.132 seconds
[2024-08-06T22:35:31.856+0800] {processor.py:161} INFO - Started process (PID=94158) to work on /home/haziq/Documents/pl-data-engineering/venv/lib/python3.12/site-packages/airflow/example_dags/example_short_circuit_operator.py
[2024-08-06T22:35:31.857+0800] {processor.py:830} INFO - Processing file /home/haziq/Documents/pl-data-engineering/venv/lib/python3.12/site-packages/airflow/example_dags/example_short_circuit_operator.py for tasks to queue
[2024-08-06T22:35:31.860+0800] {logging_mixin.py:188} INFO - [2024-08-06T22:35:31.859+0800] {dagbag.py:545} INFO - Filling up the DagBag from /home/haziq/Documents/pl-data-engineering/venv/lib/python3.12/site-packages/airflow/example_dags/example_short_circuit_operator.py
[2024-08-06T22:35:31.875+0800] {processor.py:840} INFO - DAG(s) 'example_short_circuit_operator' retrieved from /home/haziq/Documents/pl-data-engineering/venv/lib/python3.12/site-packages/airflow/example_dags/example_short_circuit_operator.py
[2024-08-06T22:35:31.893+0800] {logging_mixin.py:188} INFO - [2024-08-06T22:35:31.892+0800] {dag.py:3089} INFO - Sync 1 DAGs
[2024-08-06T22:35:31.946+0800] {logging_mixin.py:188} INFO - [2024-08-06T22:35:31.945+0800] {dag.py:3947} INFO - Setting next_dagrun for example_short_circuit_operator to 2024-08-05 00:00:00+00:00, run_after=2024-08-06 00:00:00+00:00
[2024-08-06T22:35:32.012+0800] {processor.py:183} INFO - Processing /home/haziq/Documents/pl-data-engineering/venv/lib/python3.12/site-packages/airflow/example_dags/example_short_circuit_operator.py took 0.172 seconds
[2024-08-06T22:36:32.762+0800] {processor.py:161} INFO - Started process (PID=94556) to work on /home/haziq/Documents/pl-data-engineering/venv/lib/python3.12/site-packages/airflow/example_dags/example_short_circuit_operator.py
[2024-08-06T22:36:32.764+0800] {processor.py:830} INFO - Processing file /home/haziq/Documents/pl-data-engineering/venv/lib/python3.12/site-packages/airflow/example_dags/example_short_circuit_operator.py for tasks to queue
[2024-08-06T22:36:32.768+0800] {logging_mixin.py:188} INFO - [2024-08-06T22:36:32.766+0800] {dagbag.py:545} INFO - Filling up the DagBag from /home/haziq/Documents/pl-data-engineering/venv/lib/python3.12/site-packages/airflow/example_dags/example_short_circuit_operator.py
[2024-08-06T22:36:32.780+0800] {processor.py:840} INFO - DAG(s) 'example_short_circuit_operator' retrieved from /home/haziq/Documents/pl-data-engineering/venv/lib/python3.12/site-packages/airflow/example_dags/example_short_circuit_operator.py
[2024-08-06T22:36:32.954+0800] {logging_mixin.py:188} INFO - [2024-08-06T22:36:32.953+0800] {dag.py:3089} INFO - Sync 1 DAGs
[2024-08-06T22:36:32.991+0800] {logging_mixin.py:188} INFO - [2024-08-06T22:36:32.991+0800] {dag.py:3947} INFO - Setting next_dagrun for example_short_circuit_operator to 2024-08-05 00:00:00+00:00, run_after=2024-08-06 00:00:00+00:00
[2024-08-06T22:36:33.047+0800] {processor.py:183} INFO - Processing /home/haziq/Documents/pl-data-engineering/venv/lib/python3.12/site-packages/airflow/example_dags/example_short_circuit_operator.py took 0.298 seconds
[2024-08-06T22:37:31.411+0800] {processor.py:161} INFO - Started process (PID=94959) to work on /home/haziq/Documents/pl-data-engineering/venv/lib/python3.12/site-packages/airflow/example_dags/example_short_circuit_operator.py
[2024-08-06T22:37:31.413+0800] {processor.py:830} INFO - Processing file /home/haziq/Documents/pl-data-engineering/venv/lib/python3.12/site-packages/airflow/example_dags/example_short_circuit_operator.py for tasks to queue
[2024-08-06T22:37:31.416+0800] {logging_mixin.py:188} INFO - [2024-08-06T22:37:31.415+0800] {dagbag.py:545} INFO - Filling up the DagBag from /home/haziq/Documents/pl-data-engineering/venv/lib/python3.12/site-packages/airflow/example_dags/example_short_circuit_operator.py
[2024-08-06T22:37:31.428+0800] {processor.py:840} INFO - DAG(s) 'example_short_circuit_operator' retrieved from /home/haziq/Documents/pl-data-engineering/venv/lib/python3.12/site-packages/airflow/example_dags/example_short_circuit_operator.py
[2024-08-06T22:37:31.457+0800] {logging_mixin.py:188} INFO - [2024-08-06T22:37:31.456+0800] {dag.py:3089} INFO - Sync 1 DAGs
[2024-08-06T22:37:31.487+0800] {logging_mixin.py:188} INFO - [2024-08-06T22:37:31.487+0800] {dag.py:3947} INFO - Setting next_dagrun for example_short_circuit_operator to 2024-08-05 00:00:00+00:00, run_after=2024-08-06 00:00:00+00:00
[2024-08-06T22:37:31.525+0800] {processor.py:183} INFO - Processing /home/haziq/Documents/pl-data-engineering/venv/lib/python3.12/site-packages/airflow/example_dags/example_short_circuit_operator.py took 0.125 seconds
[2024-08-06T22:38:28.697+0800] {processor.py:161} INFO - Started process (PID=95348) to work on /home/haziq/Documents/pl-data-engineering/venv/lib/python3.12/site-packages/airflow/example_dags/example_short_circuit_operator.py
[2024-08-06T22:38:28.699+0800] {processor.py:830} INFO - Processing file /home/haziq/Documents/pl-data-engineering/venv/lib/python3.12/site-packages/airflow/example_dags/example_short_circuit_operator.py for tasks to queue
[2024-08-06T22:38:28.701+0800] {logging_mixin.py:188} INFO - [2024-08-06T22:38:28.701+0800] {dagbag.py:545} INFO - Filling up the DagBag from /home/haziq/Documents/pl-data-engineering/venv/lib/python3.12/site-packages/airflow/example_dags/example_short_circuit_operator.py
[2024-08-06T22:38:28.715+0800] {processor.py:840} INFO - DAG(s) 'example_short_circuit_operator' retrieved from /home/haziq/Documents/pl-data-engineering/venv/lib/python3.12/site-packages/airflow/example_dags/example_short_circuit_operator.py
[2024-08-06T22:38:28.753+0800] {logging_mixin.py:188} INFO - [2024-08-06T22:38:28.753+0800] {dag.py:3089} INFO - Sync 1 DAGs
[2024-08-06T22:38:28.802+0800] {logging_mixin.py:188} INFO - [2024-08-06T22:38:28.801+0800] {dag.py:3947} INFO - Setting next_dagrun for example_short_circuit_operator to 2024-08-05 00:00:00+00:00, run_after=2024-08-06 00:00:00+00:00
[2024-08-06T22:38:28.848+0800] {processor.py:183} INFO - Processing /home/haziq/Documents/pl-data-engineering/venv/lib/python3.12/site-packages/airflow/example_dags/example_short_circuit_operator.py took 0.162 seconds
[2024-08-06T22:39:21.975+0800] {processor.py:161} INFO - Started process (PID=95769) to work on /home/haziq/Documents/pl-data-engineering/venv/lib/python3.12/site-packages/airflow/example_dags/example_short_circuit_operator.py
[2024-08-06T22:39:21.976+0800] {processor.py:830} INFO - Processing file /home/haziq/Documents/pl-data-engineering/venv/lib/python3.12/site-packages/airflow/example_dags/example_short_circuit_operator.py for tasks to queue
[2024-08-06T22:39:21.979+0800] {logging_mixin.py:188} INFO - [2024-08-06T22:39:21.979+0800] {dagbag.py:545} INFO - Filling up the DagBag from /home/haziq/Documents/pl-data-engineering/venv/lib/python3.12/site-packages/airflow/example_dags/example_short_circuit_operator.py
[2024-08-06T22:39:21.992+0800] {processor.py:840} INFO - DAG(s) 'example_short_circuit_operator' retrieved from /home/haziq/Documents/pl-data-engineering/venv/lib/python3.12/site-packages/airflow/example_dags/example_short_circuit_operator.py
[2024-08-06T22:39:22.026+0800] {logging_mixin.py:188} INFO - [2024-08-06T22:39:22.026+0800] {dag.py:3089} INFO - Sync 1 DAGs
[2024-08-06T22:39:22.059+0800] {logging_mixin.py:188} INFO - [2024-08-06T22:39:22.059+0800] {dag.py:3947} INFO - Setting next_dagrun for example_short_circuit_operator to 2024-08-05 00:00:00+00:00, run_after=2024-08-06 00:00:00+00:00
[2024-08-06T22:39:22.099+0800] {processor.py:183} INFO - Processing /home/haziq/Documents/pl-data-engineering/venv/lib/python3.12/site-packages/airflow/example_dags/example_short_circuit_operator.py took 0.134 seconds
[2024-08-06T22:40:14.923+0800] {processor.py:161} INFO - Started process (PID=96161) to work on /home/haziq/Documents/pl-data-engineering/venv/lib/python3.12/site-packages/airflow/example_dags/example_short_circuit_operator.py
[2024-08-06T22:40:14.925+0800] {processor.py:830} INFO - Processing file /home/haziq/Documents/pl-data-engineering/venv/lib/python3.12/site-packages/airflow/example_dags/example_short_circuit_operator.py for tasks to queue
[2024-08-06T22:40:14.927+0800] {logging_mixin.py:188} INFO - [2024-08-06T22:40:14.927+0800] {dagbag.py:545} INFO - Filling up the DagBag from /home/haziq/Documents/pl-data-engineering/venv/lib/python3.12/site-packages/airflow/example_dags/example_short_circuit_operator.py
[2024-08-06T22:40:14.939+0800] {processor.py:840} INFO - DAG(s) 'example_short_circuit_operator' retrieved from /home/haziq/Documents/pl-data-engineering/venv/lib/python3.12/site-packages/airflow/example_dags/example_short_circuit_operator.py
[2024-08-06T22:40:14.967+0800] {logging_mixin.py:188} INFO - [2024-08-06T22:40:14.966+0800] {dag.py:3089} INFO - Sync 1 DAGs
[2024-08-06T22:40:14.997+0800] {logging_mixin.py:188} INFO - [2024-08-06T22:40:14.996+0800] {dag.py:3947} INFO - Setting next_dagrun for example_short_circuit_operator to 2024-08-05 00:00:00+00:00, run_after=2024-08-06 00:00:00+00:00
[2024-08-06T22:40:15.035+0800] {processor.py:183} INFO - Processing /home/haziq/Documents/pl-data-engineering/venv/lib/python3.12/site-packages/airflow/example_dags/example_short_circuit_operator.py took 0.123 seconds
[2024-08-06T22:41:05.220+0800] {processor.py:161} INFO - Started process (PID=96549) to work on /home/haziq/Documents/pl-data-engineering/venv/lib/python3.12/site-packages/airflow/example_dags/example_short_circuit_operator.py
[2024-08-06T22:41:05.221+0800] {processor.py:830} INFO - Processing file /home/haziq/Documents/pl-data-engineering/venv/lib/python3.12/site-packages/airflow/example_dags/example_short_circuit_operator.py for tasks to queue
[2024-08-06T22:41:05.224+0800] {logging_mixin.py:188} INFO - [2024-08-06T22:41:05.223+0800] {dagbag.py:545} INFO - Filling up the DagBag from /home/haziq/Documents/pl-data-engineering/venv/lib/python3.12/site-packages/airflow/example_dags/example_short_circuit_operator.py
[2024-08-06T22:41:05.235+0800] {processor.py:840} INFO - DAG(s) 'example_short_circuit_operator' retrieved from /home/haziq/Documents/pl-data-engineering/venv/lib/python3.12/site-packages/airflow/example_dags/example_short_circuit_operator.py
[2024-08-06T22:41:05.263+0800] {logging_mixin.py:188} INFO - [2024-08-06T22:41:05.263+0800] {dag.py:3089} INFO - Sync 1 DAGs
[2024-08-06T22:41:05.291+0800] {logging_mixin.py:188} INFO - [2024-08-06T22:41:05.291+0800] {dag.py:3947} INFO - Setting next_dagrun for example_short_circuit_operator to 2024-08-05 00:00:00+00:00, run_after=2024-08-06 00:00:00+00:00
[2024-08-06T22:41:05.329+0800] {processor.py:183} INFO - Processing /home/haziq/Documents/pl-data-engineering/venv/lib/python3.12/site-packages/airflow/example_dags/example_short_circuit_operator.py took 0.121 seconds
[2024-08-06T22:41:55.995+0800] {processor.py:161} INFO - Started process (PID=96887) to work on /home/haziq/Documents/pl-data-engineering/venv/lib/python3.12/site-packages/airflow/example_dags/example_short_circuit_operator.py
[2024-08-06T22:41:56.004+0800] {processor.py:830} INFO - Processing file /home/haziq/Documents/pl-data-engineering/venv/lib/python3.12/site-packages/airflow/example_dags/example_short_circuit_operator.py for tasks to queue
[2024-08-06T22:41:56.007+0800] {logging_mixin.py:188} INFO - [2024-08-06T22:41:56.006+0800] {dagbag.py:545} INFO - Filling up the DagBag from /home/haziq/Documents/pl-data-engineering/venv/lib/python3.12/site-packages/airflow/example_dags/example_short_circuit_operator.py
[2024-08-06T22:41:56.019+0800] {processor.py:840} INFO - DAG(s) 'example_short_circuit_operator' retrieved from /home/haziq/Documents/pl-data-engineering/venv/lib/python3.12/site-packages/airflow/example_dags/example_short_circuit_operator.py
[2024-08-06T22:41:56.050+0800] {logging_mixin.py:188} INFO - [2024-08-06T22:41:56.049+0800] {dag.py:3089} INFO - Sync 1 DAGs
[2024-08-06T22:41:56.083+0800] {logging_mixin.py:188} INFO - [2024-08-06T22:41:56.082+0800] {dag.py:3947} INFO - Setting next_dagrun for example_short_circuit_operator to 2024-08-05 00:00:00+00:00, run_after=2024-08-06 00:00:00+00:00
[2024-08-06T22:41:56.121+0800] {processor.py:183} INFO - Processing /home/haziq/Documents/pl-data-engineering/venv/lib/python3.12/site-packages/airflow/example_dags/example_short_circuit_operator.py took 0.134 seconds
