[2024-08-06T22:33:15.086+0800] {processor.py:161} INFO - Started process (PID=93138) to work on /home/haziq/Documents/pl-data-engineering/venv/lib/python3.12/site-packages/airflow/example_dags/example_python_decorator.py
[2024-08-06T22:33:15.087+0800] {processor.py:830} INFO - Processing file /home/haziq/Documents/pl-data-engineering/venv/lib/python3.12/site-packages/airflow/example_dags/example_python_decorator.py for tasks to queue
[2024-08-06T22:33:15.090+0800] {logging_mixin.py:188} INFO - [2024-08-06T22:33:15.089+0800] {dagbag.py:545} INFO - Filling up the DagBag from /home/haziq/Documents/pl-data-engineering/venv/lib/python3.12/site-packages/airflow/example_dags/example_python_decorator.py
[2024-08-06T22:33:15.103+0800] {logging_mixin.py:188} INFO - [2024-08-06T22:33:15.103+0800] {example_python_decorator.py:80} WARNING - The virtalenv_python example task requires virtualenv, please install it.
[2024-08-06T22:33:15.104+0800] {processor.py:840} INFO - DAG(s) 'example_python_decorator' retrieved from /home/haziq/Documents/pl-data-engineering/venv/lib/python3.12/site-packages/airflow/example_dags/example_python_decorator.py
[2024-08-06T22:33:15.276+0800] {logging_mixin.py:188} INFO - [2024-08-06T22:33:15.275+0800] {override.py:1858} INFO - Created Permission View: can delete on DAG:example_python_decorator
[2024-08-06T22:33:15.295+0800] {logging_mixin.py:188} INFO - [2024-08-06T22:33:15.294+0800] {override.py:1858} INFO - Created Permission View: can read on DAG:example_python_decorator
[2024-08-06T22:33:15.309+0800] {logging_mixin.py:188} INFO - [2024-08-06T22:33:15.308+0800] {override.py:1858} INFO - Created Permission View: can edit on DAG:example_python_decorator
[2024-08-06T22:33:15.310+0800] {logging_mixin.py:188} INFO - [2024-08-06T22:33:15.309+0800] {dag.py:3089} INFO - Sync 1 DAGs
[2024-08-06T22:33:15.326+0800] {logging_mixin.py:188} INFO - [2024-08-06T22:33:15.325+0800] {dag.py:3111} INFO - Creating ORM DAG for example_python_decorator
[2024-08-06T22:33:15.327+0800] {logging_mixin.py:188} INFO - [2024-08-06T22:33:15.327+0800] {dag.py:3947} INFO - Setting next_dagrun for example_python_decorator to None, run_after=None
[2024-08-06T22:33:15.360+0800] {processor.py:183} INFO - Processing /home/haziq/Documents/pl-data-engineering/venv/lib/python3.12/site-packages/airflow/example_dags/example_python_decorator.py took 0.283 seconds
[2024-08-06T22:34:15.775+0800] {processor.py:161} INFO - Started process (PID=93550) to work on /home/haziq/Documents/pl-data-engineering/venv/lib/python3.12/site-packages/airflow/example_dags/example_python_decorator.py
[2024-08-06T22:34:15.784+0800] {processor.py:830} INFO - Processing file /home/haziq/Documents/pl-data-engineering/venv/lib/python3.12/site-packages/airflow/example_dags/example_python_decorator.py for tasks to queue
[2024-08-06T22:34:15.787+0800] {logging_mixin.py:188} INFO - [2024-08-06T22:34:15.787+0800] {dagbag.py:545} INFO - Filling up the DagBag from /home/haziq/Documents/pl-data-engineering/venv/lib/python3.12/site-packages/airflow/example_dags/example_python_decorator.py
[2024-08-06T22:34:15.801+0800] {logging_mixin.py:188} INFO - [2024-08-06T22:34:15.800+0800] {example_python_decorator.py:80} WARNING - The virtalenv_python example task requires virtualenv, please install it.
[2024-08-06T22:34:15.802+0800] {processor.py:840} INFO - DAG(s) 'example_python_decorator' retrieved from /home/haziq/Documents/pl-data-engineering/venv/lib/python3.12/site-packages/airflow/example_dags/example_python_decorator.py
[2024-08-06T22:34:15.837+0800] {logging_mixin.py:188} INFO - [2024-08-06T22:34:15.836+0800] {dag.py:3089} INFO - Sync 1 DAGs
[2024-08-06T22:34:15.855+0800] {logging_mixin.py:188} INFO - [2024-08-06T22:34:15.855+0800] {dag.py:3947} INFO - Setting next_dagrun for example_python_decorator to None, run_after=None
[2024-08-06T22:34:15.892+0800] {processor.py:183} INFO - Processing /home/haziq/Documents/pl-data-engineering/venv/lib/python3.12/site-packages/airflow/example_dags/example_python_decorator.py took 0.128 seconds
[2024-08-06T22:35:53.893+0800] {processor.py:161} INFO - Started process (PID=94316) to work on /home/haziq/Documents/pl-data-engineering/venv/lib/python3.12/site-packages/airflow/example_dags/example_python_decorator.py
[2024-08-06T22:35:53.896+0800] {processor.py:830} INFO - Processing file /home/haziq/Documents/pl-data-engineering/venv/lib/python3.12/site-packages/airflow/example_dags/example_python_decorator.py for tasks to queue
[2024-08-06T22:35:53.899+0800] {logging_mixin.py:188} INFO - [2024-08-06T22:35:53.898+0800] {dagbag.py:545} INFO - Filling up the DagBag from /home/haziq/Documents/pl-data-engineering/venv/lib/python3.12/site-packages/airflow/example_dags/example_python_decorator.py
[2024-08-06T22:35:53.916+0800] {logging_mixin.py:188} INFO - [2024-08-06T22:35:53.916+0800] {example_python_decorator.py:80} WARNING - The virtalenv_python example task requires virtualenv, please install it.
[2024-08-06T22:35:53.917+0800] {processor.py:840} INFO - DAG(s) 'example_python_decorator' retrieved from /home/haziq/Documents/pl-data-engineering/venv/lib/python3.12/site-packages/airflow/example_dags/example_python_decorator.py
[2024-08-06T22:35:54.117+0800] {logging_mixin.py:188} INFO - [2024-08-06T22:35:54.116+0800] {dag.py:3089} INFO - Sync 1 DAGs
[2024-08-06T22:35:54.135+0800] {logging_mixin.py:188} INFO - [2024-08-06T22:35:54.135+0800] {dag.py:3947} INFO - Setting next_dagrun for example_python_decorator to None, run_after=None
[2024-08-06T22:35:54.173+0800] {processor.py:183} INFO - Processing /home/haziq/Documents/pl-data-engineering/venv/lib/python3.12/site-packages/airflow/example_dags/example_python_decorator.py took 0.291 seconds
[2024-08-06T22:36:59.139+0800] {processor.py:161} INFO - Started process (PID=94736) to work on /home/haziq/Documents/pl-data-engineering/venv/lib/python3.12/site-packages/airflow/example_dags/example_python_decorator.py
[2024-08-06T22:36:59.141+0800] {processor.py:830} INFO - Processing file /home/haziq/Documents/pl-data-engineering/venv/lib/python3.12/site-packages/airflow/example_dags/example_python_decorator.py for tasks to queue
[2024-08-06T22:36:59.143+0800] {logging_mixin.py:188} INFO - [2024-08-06T22:36:59.143+0800] {dagbag.py:545} INFO - Filling up the DagBag from /home/haziq/Documents/pl-data-engineering/venv/lib/python3.12/site-packages/airflow/example_dags/example_python_decorator.py
[2024-08-06T22:36:59.156+0800] {logging_mixin.py:188} INFO - [2024-08-06T22:36:59.156+0800] {example_python_decorator.py:80} WARNING - The virtalenv_python example task requires virtualenv, please install it.
[2024-08-06T22:36:59.157+0800] {processor.py:840} INFO - DAG(s) 'example_python_decorator' retrieved from /home/haziq/Documents/pl-data-engineering/venv/lib/python3.12/site-packages/airflow/example_dags/example_python_decorator.py
[2024-08-06T22:36:59.182+0800] {logging_mixin.py:188} INFO - [2024-08-06T22:36:59.182+0800] {dag.py:3089} INFO - Sync 1 DAGs
[2024-08-06T22:36:59.199+0800] {logging_mixin.py:188} INFO - [2024-08-06T22:36:59.199+0800] {dag.py:3947} INFO - Setting next_dagrun for example_python_decorator to None, run_after=None
[2024-08-06T22:36:59.235+0800] {processor.py:183} INFO - Processing /home/haziq/Documents/pl-data-engineering/venv/lib/python3.12/site-packages/airflow/example_dags/example_python_decorator.py took 0.107 seconds
[2024-08-06T22:37:58.670+0800] {processor.py:161} INFO - Started process (PID=95138) to work on /home/haziq/Documents/pl-data-engineering/venv/lib/python3.12/site-packages/airflow/example_dags/example_python_decorator.py
[2024-08-06T22:37:58.672+0800] {processor.py:830} INFO - Processing file /home/haziq/Documents/pl-data-engineering/venv/lib/python3.12/site-packages/airflow/example_dags/example_python_decorator.py for tasks to queue
[2024-08-06T22:37:58.675+0800] {logging_mixin.py:188} INFO - [2024-08-06T22:37:58.674+0800] {dagbag.py:545} INFO - Filling up the DagBag from /home/haziq/Documents/pl-data-engineering/venv/lib/python3.12/site-packages/airflow/example_dags/example_python_decorator.py
[2024-08-06T22:37:58.689+0800] {logging_mixin.py:188} INFO - [2024-08-06T22:37:58.688+0800] {example_python_decorator.py:80} WARNING - The virtalenv_python example task requires virtualenv, please install it.
[2024-08-06T22:37:58.689+0800] {processor.py:840} INFO - DAG(s) 'example_python_decorator' retrieved from /home/haziq/Documents/pl-data-engineering/venv/lib/python3.12/site-packages/airflow/example_dags/example_python_decorator.py
[2024-08-06T22:37:58.715+0800] {logging_mixin.py:188} INFO - [2024-08-06T22:37:58.715+0800] {dag.py:3089} INFO - Sync 1 DAGs
[2024-08-06T22:37:58.733+0800] {logging_mixin.py:188} INFO - [2024-08-06T22:37:58.733+0800] {dag.py:3947} INFO - Setting next_dagrun for example_python_decorator to None, run_after=None
[2024-08-06T22:37:58.769+0800] {processor.py:183} INFO - Processing /home/haziq/Documents/pl-data-engineering/venv/lib/python3.12/site-packages/airflow/example_dags/example_python_decorator.py took 0.110 seconds
[2024-08-06T22:38:54.536+0800] {processor.py:161} INFO - Started process (PID=95540) to work on /home/haziq/Documents/pl-data-engineering/venv/lib/python3.12/site-packages/airflow/example_dags/example_python_decorator.py
[2024-08-06T22:38:54.538+0800] {processor.py:830} INFO - Processing file /home/haziq/Documents/pl-data-engineering/venv/lib/python3.12/site-packages/airflow/example_dags/example_python_decorator.py for tasks to queue
[2024-08-06T22:38:54.540+0800] {logging_mixin.py:188} INFO - [2024-08-06T22:38:54.540+0800] {dagbag.py:545} INFO - Filling up the DagBag from /home/haziq/Documents/pl-data-engineering/venv/lib/python3.12/site-packages/airflow/example_dags/example_python_decorator.py
[2024-08-06T22:38:54.553+0800] {logging_mixin.py:188} INFO - [2024-08-06T22:38:54.553+0800] {example_python_decorator.py:80} WARNING - The virtalenv_python example task requires virtualenv, please install it.
[2024-08-06T22:38:54.554+0800] {processor.py:840} INFO - DAG(s) 'example_python_decorator' retrieved from /home/haziq/Documents/pl-data-engineering/venv/lib/python3.12/site-packages/airflow/example_dags/example_python_decorator.py
[2024-08-06T22:38:54.580+0800] {logging_mixin.py:188} INFO - [2024-08-06T22:38:54.580+0800] {dag.py:3089} INFO - Sync 1 DAGs
[2024-08-06T22:38:54.598+0800] {logging_mixin.py:188} INFO - [2024-08-06T22:38:54.597+0800] {dag.py:3947} INFO - Setting next_dagrun for example_python_decorator to None, run_after=None
[2024-08-06T22:38:54.634+0800] {processor.py:183} INFO - Processing /home/haziq/Documents/pl-data-engineering/venv/lib/python3.12/site-packages/airflow/example_dags/example_python_decorator.py took 0.106 seconds
[2024-08-06T22:39:50.586+0800] {processor.py:161} INFO - Started process (PID=95999) to work on /home/haziq/Documents/pl-data-engineering/venv/lib/python3.12/site-packages/airflow/example_dags/example_python_decorator.py
[2024-08-06T22:39:50.594+0800] {processor.py:830} INFO - Processing file /home/haziq/Documents/pl-data-engineering/venv/lib/python3.12/site-packages/airflow/example_dags/example_python_decorator.py for tasks to queue
[2024-08-06T22:39:50.596+0800] {logging_mixin.py:188} INFO - [2024-08-06T22:39:50.596+0800] {dagbag.py:545} INFO - Filling up the DagBag from /home/haziq/Documents/pl-data-engineering/venv/lib/python3.12/site-packages/airflow/example_dags/example_python_decorator.py
[2024-08-06T22:39:50.609+0800] {logging_mixin.py:188} INFO - [2024-08-06T22:39:50.608+0800] {example_python_decorator.py:80} WARNING - The virtalenv_python example task requires virtualenv, please install it.
[2024-08-06T22:39:50.610+0800] {processor.py:840} INFO - DAG(s) 'example_python_decorator' retrieved from /home/haziq/Documents/pl-data-engineering/venv/lib/python3.12/site-packages/airflow/example_dags/example_python_decorator.py
[2024-08-06T22:39:50.635+0800] {logging_mixin.py:188} INFO - [2024-08-06T22:39:50.635+0800] {dag.py:3089} INFO - Sync 1 DAGs
[2024-08-06T22:39:50.653+0800] {logging_mixin.py:188} INFO - [2024-08-06T22:39:50.653+0800] {dag.py:3947} INFO - Setting next_dagrun for example_python_decorator to None, run_after=None
[2024-08-06T22:39:50.688+0800] {processor.py:183} INFO - Processing /home/haziq/Documents/pl-data-engineering/venv/lib/python3.12/site-packages/airflow/example_dags/example_python_decorator.py took 0.112 seconds
[2024-08-06T22:40:40.816+0800] {processor.py:161} INFO - Started process (PID=96335) to work on /home/haziq/Documents/pl-data-engineering/venv/lib/python3.12/site-packages/airflow/example_dags/example_python_decorator.py
[2024-08-06T22:40:40.817+0800] {processor.py:830} INFO - Processing file /home/haziq/Documents/pl-data-engineering/venv/lib/python3.12/site-packages/airflow/example_dags/example_python_decorator.py for tasks to queue
[2024-08-06T22:40:40.820+0800] {logging_mixin.py:188} INFO - [2024-08-06T22:40:40.819+0800] {dagbag.py:545} INFO - Filling up the DagBag from /home/haziq/Documents/pl-data-engineering/venv/lib/python3.12/site-packages/airflow/example_dags/example_python_decorator.py
[2024-08-06T22:40:40.833+0800] {logging_mixin.py:188} INFO - [2024-08-06T22:40:40.833+0800] {example_python_decorator.py:80} WARNING - The virtalenv_python example task requires virtualenv, please install it.
[2024-08-06T22:40:40.834+0800] {processor.py:840} INFO - DAG(s) 'example_python_decorator' retrieved from /home/haziq/Documents/pl-data-engineering/venv/lib/python3.12/site-packages/airflow/example_dags/example_python_decorator.py
[2024-08-06T22:40:40.859+0800] {logging_mixin.py:188} INFO - [2024-08-06T22:40:40.859+0800] {dag.py:3089} INFO - Sync 1 DAGs
[2024-08-06T22:40:40.877+0800] {logging_mixin.py:188} INFO - [2024-08-06T22:40:40.877+0800] {dag.py:3947} INFO - Setting next_dagrun for example_python_decorator to None, run_after=None
[2024-08-06T22:40:40.917+0800] {processor.py:183} INFO - Processing /home/haziq/Documents/pl-data-engineering/venv/lib/python3.12/site-packages/airflow/example_dags/example_python_decorator.py took 0.113 seconds
[2024-08-06T22:41:34.045+0800] {processor.py:161} INFO - Started process (PID=96746) to work on /home/haziq/Documents/pl-data-engineering/venv/lib/python3.12/site-packages/airflow/example_dags/example_python_decorator.py
[2024-08-06T22:41:34.046+0800] {processor.py:830} INFO - Processing file /home/haziq/Documents/pl-data-engineering/venv/lib/python3.12/site-packages/airflow/example_dags/example_python_decorator.py for tasks to queue
[2024-08-06T22:41:34.049+0800] {logging_mixin.py:188} INFO - [2024-08-06T22:41:34.048+0800] {dagbag.py:545} INFO - Filling up the DagBag from /home/haziq/Documents/pl-data-engineering/venv/lib/python3.12/site-packages/airflow/example_dags/example_python_decorator.py
[2024-08-06T22:41:34.062+0800] {logging_mixin.py:188} INFO - [2024-08-06T22:41:34.061+0800] {example_python_decorator.py:80} WARNING - The virtalenv_python example task requires virtualenv, please install it.
[2024-08-06T22:41:34.063+0800] {processor.py:840} INFO - DAG(s) 'example_python_decorator' retrieved from /home/haziq/Documents/pl-data-engineering/venv/lib/python3.12/site-packages/airflow/example_dags/example_python_decorator.py
[2024-08-06T22:41:34.089+0800] {logging_mixin.py:188} INFO - [2024-08-06T22:41:34.088+0800] {dag.py:3089} INFO - Sync 1 DAGs
[2024-08-06T22:41:34.106+0800] {logging_mixin.py:188} INFO - [2024-08-06T22:41:34.106+0800] {dag.py:3947} INFO - Setting next_dagrun for example_python_decorator to None, run_after=None
[2024-08-06T22:41:34.141+0800] {processor.py:183} INFO - Processing /home/haziq/Documents/pl-data-engineering/venv/lib/python3.12/site-packages/airflow/example_dags/example_python_decorator.py took 0.105 seconds
[2024-08-06T22:42:27.798+0800] {processor.py:161} INFO - Started process (PID=97088) to work on /home/haziq/Documents/pl-data-engineering/venv/lib/python3.12/site-packages/airflow/example_dags/example_python_decorator.py
[2024-08-06T22:42:27.806+0800] {processor.py:830} INFO - Processing file /home/haziq/Documents/pl-data-engineering/venv/lib/python3.12/site-packages/airflow/example_dags/example_python_decorator.py for tasks to queue
[2024-08-06T22:42:27.809+0800] {logging_mixin.py:188} INFO - [2024-08-06T22:42:27.808+0800] {dagbag.py:545} INFO - Filling up the DagBag from /home/haziq/Documents/pl-data-engineering/venv/lib/python3.12/site-packages/airflow/example_dags/example_python_decorator.py
[2024-08-06T22:42:27.822+0800] {logging_mixin.py:188} INFO - [2024-08-06T22:42:27.822+0800] {example_python_decorator.py:80} WARNING - The virtalenv_python example task requires virtualenv, please install it.
[2024-08-06T22:42:27.823+0800] {processor.py:840} INFO - DAG(s) 'example_python_decorator' retrieved from /home/haziq/Documents/pl-data-engineering/venv/lib/python3.12/site-packages/airflow/example_dags/example_python_decorator.py
[2024-08-06T22:42:27.849+0800] {logging_mixin.py:188} INFO - [2024-08-06T22:42:27.849+0800] {dag.py:3089} INFO - Sync 1 DAGs
[2024-08-06T22:42:27.868+0800] {logging_mixin.py:188} INFO - [2024-08-06T22:42:27.867+0800] {dag.py:3947} INFO - Setting next_dagrun for example_python_decorator to None, run_after=None
[2024-08-06T22:42:27.905+0800] {processor.py:183} INFO - Processing /home/haziq/Documents/pl-data-engineering/venv/lib/python3.12/site-packages/airflow/example_dags/example_python_decorator.py took 0.120 seconds
