[2024-08-06T22:32:56.468+0800] {processor.py:161} INFO - Started process (PID=93004) to work on /home/haziq/Documents/pl-data-engineering/venv/lib/python3.12/site-packages/airflow/example_dags/example_xcom.py
[2024-08-06T22:32:56.469+0800] {processor.py:830} INFO - Processing file /home/haziq/Documents/pl-data-engineering/venv/lib/python3.12/site-packages/airflow/example_dags/example_xcom.py for tasks to queue
[2024-08-06T22:32:56.472+0800] {logging_mixin.py:188} INFO - [2024-08-06T22:32:56.471+0800] {dagbag.py:545} INFO - Filling up the DagBag from /home/haziq/Documents/pl-data-engineering/venv/lib/python3.12/site-packages/airflow/example_dags/example_xcom.py
[2024-08-06T22:32:56.490+0800] {processor.py:840} INFO - DAG(s) 'example_xcom' retrieved from /home/haziq/Documents/pl-data-engineering/venv/lib/python3.12/site-packages/airflow/example_dags/example_xcom.py
[2024-08-06T22:32:56.684+0800] {logging_mixin.py:188} INFO - [2024-08-06T22:32:56.683+0800] {override.py:1858} INFO - Created Permission View: can delete on DAG:example_xcom
[2024-08-06T22:32:56.703+0800] {logging_mixin.py:188} INFO - [2024-08-06T22:32:56.702+0800] {override.py:1858} INFO - Created Permission View: can read on DAG:example_xcom
[2024-08-06T22:32:56.717+0800] {logging_mixin.py:188} INFO - [2024-08-06T22:32:56.716+0800] {override.py:1858} INFO - Created Permission View: can edit on DAG:example_xcom
[2024-08-06T22:32:56.717+0800] {logging_mixin.py:188} INFO - [2024-08-06T22:32:56.717+0800] {dag.py:3089} INFO - Sync 1 DAGs
[2024-08-06T22:32:56.733+0800] {logging_mixin.py:188} INFO - [2024-08-06T22:32:56.733+0800] {dag.py:3111} INFO - Creating ORM DAG for example_xcom
[2024-08-06T22:32:56.746+0800] {logging_mixin.py:188} INFO - [2024-08-06T22:32:56.746+0800] {dag.py:3947} INFO - Setting next_dagrun for example_xcom to 2021-01-01 00:00:00+00:00, run_after=2021-01-01 00:00:00+00:00
[2024-08-06T22:32:56.780+0800] {processor.py:183} INFO - Processing /home/haziq/Documents/pl-data-engineering/venv/lib/python3.12/site-packages/airflow/example_dags/example_xcom.py took 0.323 seconds
[2024-08-06T22:33:56.150+0800] {processor.py:161} INFO - Started process (PID=93424) to work on /home/haziq/Documents/pl-data-engineering/venv/lib/python3.12/site-packages/airflow/example_dags/example_xcom.py
[2024-08-06T22:33:56.152+0800] {processor.py:830} INFO - Processing file /home/haziq/Documents/pl-data-engineering/venv/lib/python3.12/site-packages/airflow/example_dags/example_xcom.py for tasks to queue
[2024-08-06T22:33:56.155+0800] {logging_mixin.py:188} INFO - [2024-08-06T22:33:56.154+0800] {dagbag.py:545} INFO - Filling up the DagBag from /home/haziq/Documents/pl-data-engineering/venv/lib/python3.12/site-packages/airflow/example_dags/example_xcom.py
[2024-08-06T22:33:56.166+0800] {processor.py:840} INFO - DAG(s) 'example_xcom' retrieved from /home/haziq/Documents/pl-data-engineering/venv/lib/python3.12/site-packages/airflow/example_dags/example_xcom.py
[2024-08-06T22:33:56.192+0800] {logging_mixin.py:188} INFO - [2024-08-06T22:33:56.191+0800] {dag.py:3089} INFO - Sync 1 DAGs
[2024-08-06T22:33:56.222+0800] {logging_mixin.py:188} INFO - [2024-08-06T22:33:56.221+0800] {dag.py:3947} INFO - Setting next_dagrun for example_xcom to 2021-01-01 00:00:00+00:00, run_after=2021-01-01 00:00:00+00:00
[2024-08-06T22:33:56.258+0800] {processor.py:183} INFO - Processing /home/haziq/Documents/pl-data-engineering/venv/lib/python3.12/site-packages/airflow/example_dags/example_xcom.py took 0.119 seconds
[2024-08-06T22:35:34.580+0800] {processor.py:161} INFO - Started process (PID=94193) to work on /home/haziq/Documents/pl-data-engineering/venv/lib/python3.12/site-packages/airflow/example_dags/example_xcom.py
[2024-08-06T22:35:34.588+0800] {processor.py:830} INFO - Processing file /home/haziq/Documents/pl-data-engineering/venv/lib/python3.12/site-packages/airflow/example_dags/example_xcom.py for tasks to queue
[2024-08-06T22:35:34.590+0800] {logging_mixin.py:188} INFO - [2024-08-06T22:35:34.590+0800] {dagbag.py:545} INFO - Filling up the DagBag from /home/haziq/Documents/pl-data-engineering/venv/lib/python3.12/site-packages/airflow/example_dags/example_xcom.py
[2024-08-06T22:35:34.601+0800] {processor.py:840} INFO - DAG(s) 'example_xcom' retrieved from /home/haziq/Documents/pl-data-engineering/venv/lib/python3.12/site-packages/airflow/example_dags/example_xcom.py
[2024-08-06T22:35:34.616+0800] {logging_mixin.py:188} INFO - [2024-08-06T22:35:34.616+0800] {dag.py:3089} INFO - Sync 1 DAGs
[2024-08-06T22:35:34.662+0800] {logging_mixin.py:188} INFO - [2024-08-06T22:35:34.661+0800] {dag.py:3947} INFO - Setting next_dagrun for example_xcom to 2021-01-01 00:00:00+00:00, run_after=2021-01-01 00:00:00+00:00
[2024-08-06T22:35:34.703+0800] {processor.py:183} INFO - Processing /home/haziq/Documents/pl-data-engineering/venv/lib/python3.12/site-packages/airflow/example_dags/example_xcom.py took 0.131 seconds
[2024-08-06T22:36:36.763+0800] {processor.py:161} INFO - Started process (PID=94582) to work on /home/haziq/Documents/pl-data-engineering/venv/lib/python3.12/site-packages/airflow/example_dags/example_xcom.py
[2024-08-06T22:36:36.764+0800] {processor.py:830} INFO - Processing file /home/haziq/Documents/pl-data-engineering/venv/lib/python3.12/site-packages/airflow/example_dags/example_xcom.py for tasks to queue
[2024-08-06T22:36:36.767+0800] {logging_mixin.py:188} INFO - [2024-08-06T22:36:36.766+0800] {dagbag.py:545} INFO - Filling up the DagBag from /home/haziq/Documents/pl-data-engineering/venv/lib/python3.12/site-packages/airflow/example_dags/example_xcom.py
[2024-08-06T22:36:36.778+0800] {processor.py:840} INFO - DAG(s) 'example_xcom' retrieved from /home/haziq/Documents/pl-data-engineering/venv/lib/python3.12/site-packages/airflow/example_dags/example_xcom.py
[2024-08-06T22:36:36.922+0800] {logging_mixin.py:188} INFO - [2024-08-06T22:36:36.922+0800] {dag.py:3089} INFO - Sync 1 DAGs
[2024-08-06T22:36:36.950+0800] {logging_mixin.py:188} INFO - [2024-08-06T22:36:36.949+0800] {dag.py:3947} INFO - Setting next_dagrun for example_xcom to 2021-01-01 00:00:00+00:00, run_after=2021-01-01 00:00:00+00:00
[2024-08-06T22:36:36.990+0800] {processor.py:183} INFO - Processing /home/haziq/Documents/pl-data-engineering/venv/lib/python3.12/site-packages/airflow/example_dags/example_xcom.py took 0.238 seconds
[2024-08-06T22:37:35.255+0800] {processor.py:161} INFO - Started process (PID=94997) to work on /home/haziq/Documents/pl-data-engineering/venv/lib/python3.12/site-packages/airflow/example_dags/example_xcom.py
[2024-08-06T22:37:35.256+0800] {processor.py:830} INFO - Processing file /home/haziq/Documents/pl-data-engineering/venv/lib/python3.12/site-packages/airflow/example_dags/example_xcom.py for tasks to queue
[2024-08-06T22:37:35.260+0800] {logging_mixin.py:188} INFO - [2024-08-06T22:37:35.259+0800] {dagbag.py:545} INFO - Filling up the DagBag from /home/haziq/Documents/pl-data-engineering/venv/lib/python3.12/site-packages/airflow/example_dags/example_xcom.py
[2024-08-06T22:37:35.276+0800] {processor.py:840} INFO - DAG(s) 'example_xcom' retrieved from /home/haziq/Documents/pl-data-engineering/venv/lib/python3.12/site-packages/airflow/example_dags/example_xcom.py
[2024-08-06T22:37:35.308+0800] {logging_mixin.py:188} INFO - [2024-08-06T22:37:35.308+0800] {dag.py:3089} INFO - Sync 1 DAGs
[2024-08-06T22:37:35.343+0800] {logging_mixin.py:188} INFO - [2024-08-06T22:37:35.343+0800] {dag.py:3947} INFO - Setting next_dagrun for example_xcom to 2021-01-01 00:00:00+00:00, run_after=2021-01-01 00:00:00+00:00
[2024-08-06T22:37:35.391+0800] {processor.py:183} INFO - Processing /home/haziq/Documents/pl-data-engineering/venv/lib/python3.12/site-packages/airflow/example_dags/example_xcom.py took 0.148 seconds
[2024-08-06T22:38:32.556+0800] {processor.py:161} INFO - Started process (PID=95396) to work on /home/haziq/Documents/pl-data-engineering/venv/lib/python3.12/site-packages/airflow/example_dags/example_xcom.py
[2024-08-06T22:38:32.558+0800] {processor.py:830} INFO - Processing file /home/haziq/Documents/pl-data-engineering/venv/lib/python3.12/site-packages/airflow/example_dags/example_xcom.py for tasks to queue
[2024-08-06T22:38:32.561+0800] {logging_mixin.py:188} INFO - [2024-08-06T22:38:32.561+0800] {dagbag.py:545} INFO - Filling up the DagBag from /home/haziq/Documents/pl-data-engineering/venv/lib/python3.12/site-packages/airflow/example_dags/example_xcom.py
[2024-08-06T22:38:32.574+0800] {processor.py:840} INFO - DAG(s) 'example_xcom' retrieved from /home/haziq/Documents/pl-data-engineering/venv/lib/python3.12/site-packages/airflow/example_dags/example_xcom.py
[2024-08-06T22:38:32.600+0800] {logging_mixin.py:188} INFO - [2024-08-06T22:38:32.599+0800] {dag.py:3089} INFO - Sync 1 DAGs
[2024-08-06T22:38:32.632+0800] {logging_mixin.py:188} INFO - [2024-08-06T22:38:32.632+0800] {dag.py:3947} INFO - Setting next_dagrun for example_xcom to 2021-01-01 00:00:00+00:00, run_after=2021-01-01 00:00:00+00:00
[2024-08-06T22:38:32.670+0800] {processor.py:183} INFO - Processing /home/haziq/Documents/pl-data-engineering/venv/lib/python3.12/site-packages/airflow/example_dags/example_xcom.py took 0.126 seconds
[2024-08-06T22:39:25.258+0800] {processor.py:161} INFO - Started process (PID=95793) to work on /home/haziq/Documents/pl-data-engineering/venv/lib/python3.12/site-packages/airflow/example_dags/example_xcom.py
[2024-08-06T22:39:25.266+0800] {processor.py:830} INFO - Processing file /home/haziq/Documents/pl-data-engineering/venv/lib/python3.12/site-packages/airflow/example_dags/example_xcom.py for tasks to queue
[2024-08-06T22:39:25.269+0800] {logging_mixin.py:188} INFO - [2024-08-06T22:39:25.268+0800] {dagbag.py:545} INFO - Filling up the DagBag from /home/haziq/Documents/pl-data-engineering/venv/lib/python3.12/site-packages/airflow/example_dags/example_xcom.py
[2024-08-06T22:39:25.282+0800] {processor.py:840} INFO - DAG(s) 'example_xcom' retrieved from /home/haziq/Documents/pl-data-engineering/venv/lib/python3.12/site-packages/airflow/example_dags/example_xcom.py
[2024-08-06T22:39:25.313+0800] {logging_mixin.py:188} INFO - [2024-08-06T22:39:25.313+0800] {dag.py:3089} INFO - Sync 1 DAGs
[2024-08-06T22:39:25.345+0800] {logging_mixin.py:188} INFO - [2024-08-06T22:39:25.345+0800] {dag.py:3947} INFO - Setting next_dagrun for example_xcom to 2021-01-01 00:00:00+00:00, run_after=2021-01-01 00:00:00+00:00
[2024-08-06T22:39:25.386+0800] {processor.py:183} INFO - Processing /home/haziq/Documents/pl-data-engineering/venv/lib/python3.12/site-packages/airflow/example_dags/example_xcom.py took 0.137 seconds
[2024-08-06T22:40:17.888+0800] {processor.py:161} INFO - Started process (PID=96174) to work on /home/haziq/Documents/pl-data-engineering/venv/lib/python3.12/site-packages/airflow/example_dags/example_xcom.py
[2024-08-06T22:40:17.889+0800] {processor.py:830} INFO - Processing file /home/haziq/Documents/pl-data-engineering/venv/lib/python3.12/site-packages/airflow/example_dags/example_xcom.py for tasks to queue
[2024-08-06T22:40:17.892+0800] {logging_mixin.py:188} INFO - [2024-08-06T22:40:17.891+0800] {dagbag.py:545} INFO - Filling up the DagBag from /home/haziq/Documents/pl-data-engineering/venv/lib/python3.12/site-packages/airflow/example_dags/example_xcom.py
[2024-08-06T22:40:17.903+0800] {processor.py:840} INFO - DAG(s) 'example_xcom' retrieved from /home/haziq/Documents/pl-data-engineering/venv/lib/python3.12/site-packages/airflow/example_dags/example_xcom.py
[2024-08-06T22:40:17.928+0800] {logging_mixin.py:188} INFO - [2024-08-06T22:40:17.928+0800] {dag.py:3089} INFO - Sync 1 DAGs
[2024-08-06T22:40:17.957+0800] {logging_mixin.py:188} INFO - [2024-08-06T22:40:17.957+0800] {dag.py:3947} INFO - Setting next_dagrun for example_xcom to 2021-01-01 00:00:00+00:00, run_after=2021-01-01 00:00:00+00:00
[2024-08-06T22:40:17.992+0800] {processor.py:183} INFO - Processing /home/haziq/Documents/pl-data-engineering/venv/lib/python3.12/site-packages/airflow/example_dags/example_xcom.py took 0.116 seconds
[2024-08-06T22:41:07.942+0800] {processor.py:161} INFO - Started process (PID=96574) to work on /home/haziq/Documents/pl-data-engineering/venv/lib/python3.12/site-packages/airflow/example_dags/example_xcom.py
[2024-08-06T22:41:07.943+0800] {processor.py:830} INFO - Processing file /home/haziq/Documents/pl-data-engineering/venv/lib/python3.12/site-packages/airflow/example_dags/example_xcom.py for tasks to queue
[2024-08-06T22:41:07.946+0800] {logging_mixin.py:188} INFO - [2024-08-06T22:41:07.945+0800] {dagbag.py:545} INFO - Filling up the DagBag from /home/haziq/Documents/pl-data-engineering/venv/lib/python3.12/site-packages/airflow/example_dags/example_xcom.py
[2024-08-06T22:41:07.958+0800] {processor.py:840} INFO - DAG(s) 'example_xcom' retrieved from /home/haziq/Documents/pl-data-engineering/venv/lib/python3.12/site-packages/airflow/example_dags/example_xcom.py
[2024-08-06T22:41:07.983+0800] {logging_mixin.py:188} INFO - [2024-08-06T22:41:07.983+0800] {dag.py:3089} INFO - Sync 1 DAGs
[2024-08-06T22:41:08.011+0800] {logging_mixin.py:188} INFO - [2024-08-06T22:41:08.011+0800] {dag.py:3947} INFO - Setting next_dagrun for example_xcom to 2021-01-01 00:00:00+00:00, run_after=2021-01-01 00:00:00+00:00
[2024-08-06T22:41:08.047+0800] {processor.py:183} INFO - Processing /home/haziq/Documents/pl-data-engineering/venv/lib/python3.12/site-packages/airflow/example_dags/example_xcom.py took 0.113 seconds
[2024-08-06T22:41:59.799+0800] {processor.py:161} INFO - Started process (PID=96910) to work on /home/haziq/Documents/pl-data-engineering/venv/lib/python3.12/site-packages/airflow/example_dags/example_xcom.py
[2024-08-06T22:41:59.801+0800] {processor.py:830} INFO - Processing file /home/haziq/Documents/pl-data-engineering/venv/lib/python3.12/site-packages/airflow/example_dags/example_xcom.py for tasks to queue
[2024-08-06T22:41:59.804+0800] {logging_mixin.py:188} INFO - [2024-08-06T22:41:59.803+0800] {dagbag.py:545} INFO - Filling up the DagBag from /home/haziq/Documents/pl-data-engineering/venv/lib/python3.12/site-packages/airflow/example_dags/example_xcom.py
[2024-08-06T22:41:59.816+0800] {processor.py:840} INFO - DAG(s) 'example_xcom' retrieved from /home/haziq/Documents/pl-data-engineering/venv/lib/python3.12/site-packages/airflow/example_dags/example_xcom.py
[2024-08-06T22:41:59.842+0800] {logging_mixin.py:188} INFO - [2024-08-06T22:41:59.841+0800] {dag.py:3089} INFO - Sync 1 DAGs
[2024-08-06T22:41:59.870+0800] {logging_mixin.py:188} INFO - [2024-08-06T22:41:59.869+0800] {dag.py:3947} INFO - Setting next_dagrun for example_xcom to 2021-01-01 00:00:00+00:00, run_after=2021-01-01 00:00:00+00:00
[2024-08-06T22:41:59.907+0800] {processor.py:183} INFO - Processing /home/haziq/Documents/pl-data-engineering/venv/lib/python3.12/site-packages/airflow/example_dags/example_xcom.py took 0.120 seconds
