[2024-08-06T22:33:17.939+0800] {processor.py:161} INFO - Started process (PID=93151) to work on /home/haziq/Documents/pl-data-engineering/venv/lib/python3.12/site-packages/airflow/example_dags/example_setup_teardown.py
[2024-08-06T22:33:17.940+0800] {processor.py:830} INFO - Processing file /home/haziq/Documents/pl-data-engineering/venv/lib/python3.12/site-packages/airflow/example_dags/example_setup_teardown.py for tasks to queue
[2024-08-06T22:33:17.943+0800] {logging_mixin.py:188} INFO - [2024-08-06T22:33:17.942+0800] {dagbag.py:545} INFO - Filling up the DagBag from /home/haziq/Documents/pl-data-engineering/venv/lib/python3.12/site-packages/airflow/example_dags/example_setup_teardown.py
[2024-08-06T22:33:17.954+0800] {processor.py:840} INFO - DAG(s) 'example_setup_teardown' retrieved from /home/haziq/Documents/pl-data-engineering/venv/lib/python3.12/site-packages/airflow/example_dags/example_setup_teardown.py
[2024-08-06T22:33:18.124+0800] {logging_mixin.py:188} INFO - [2024-08-06T22:33:18.123+0800] {override.py:1858} INFO - Created Permission View: can delete on DAG:example_setup_teardown
[2024-08-06T22:33:18.146+0800] {logging_mixin.py:188} INFO - [2024-08-06T22:33:18.145+0800] {override.py:1858} INFO - Created Permission View: can read on DAG:example_setup_teardown
[2024-08-06T22:33:18.159+0800] {logging_mixin.py:188} INFO - [2024-08-06T22:33:18.158+0800] {override.py:1858} INFO - Created Permission View: can edit on DAG:example_setup_teardown
[2024-08-06T22:33:18.159+0800] {logging_mixin.py:188} INFO - [2024-08-06T22:33:18.159+0800] {dag.py:3089} INFO - Sync 1 DAGs
[2024-08-06T22:33:18.176+0800] {logging_mixin.py:188} INFO - [2024-08-06T22:33:18.176+0800] {dag.py:3111} INFO - Creating ORM DAG for example_setup_teardown
[2024-08-06T22:33:18.189+0800] {logging_mixin.py:188} INFO - [2024-08-06T22:33:18.189+0800] {dag.py:3947} INFO - Setting next_dagrun for example_setup_teardown to 2024-08-05 00:00:00+00:00, run_after=2024-08-06 00:00:00+00:00
[2024-08-06T22:33:18.230+0800] {processor.py:183} INFO - Processing /home/haziq/Documents/pl-data-engineering/venv/lib/python3.12/site-packages/airflow/example_dags/example_setup_teardown.py took 0.303 seconds
[2024-08-06T22:34:18.312+0800] {processor.py:161} INFO - Started process (PID=93563) to work on /home/haziq/Documents/pl-data-engineering/venv/lib/python3.12/site-packages/airflow/example_dags/example_setup_teardown.py
[2024-08-06T22:34:18.314+0800] {processor.py:830} INFO - Processing file /home/haziq/Documents/pl-data-engineering/venv/lib/python3.12/site-packages/airflow/example_dags/example_setup_teardown.py for tasks to queue
[2024-08-06T22:34:18.318+0800] {logging_mixin.py:188} INFO - [2024-08-06T22:34:18.317+0800] {dagbag.py:545} INFO - Filling up the DagBag from /home/haziq/Documents/pl-data-engineering/venv/lib/python3.12/site-packages/airflow/example_dags/example_setup_teardown.py
[2024-08-06T22:34:18.329+0800] {processor.py:840} INFO - DAG(s) 'example_setup_teardown' retrieved from /home/haziq/Documents/pl-data-engineering/venv/lib/python3.12/site-packages/airflow/example_dags/example_setup_teardown.py
[2024-08-06T22:34:18.358+0800] {logging_mixin.py:188} INFO - [2024-08-06T22:34:18.357+0800] {dag.py:3089} INFO - Sync 1 DAGs
[2024-08-06T22:34:18.391+0800] {logging_mixin.py:188} INFO - [2024-08-06T22:34:18.391+0800] {dag.py:3947} INFO - Setting next_dagrun for example_setup_teardown to 2024-08-05 00:00:00+00:00, run_after=2024-08-06 00:00:00+00:00
[2024-08-06T22:34:18.430+0800] {processor.py:183} INFO - Processing /home/haziq/Documents/pl-data-engineering/venv/lib/python3.12/site-packages/airflow/example_dags/example_setup_teardown.py took 0.130 seconds
[2024-08-06T22:35:56.656+0800] {processor.py:161} INFO - Started process (PID=94339) to work on /home/haziq/Documents/pl-data-engineering/venv/lib/python3.12/site-packages/airflow/example_dags/example_setup_teardown.py
[2024-08-06T22:35:56.657+0800] {processor.py:830} INFO - Processing file /home/haziq/Documents/pl-data-engineering/venv/lib/python3.12/site-packages/airflow/example_dags/example_setup_teardown.py for tasks to queue
[2024-08-06T22:35:56.660+0800] {logging_mixin.py:188} INFO - [2024-08-06T22:35:56.660+0800] {dagbag.py:545} INFO - Filling up the DagBag from /home/haziq/Documents/pl-data-engineering/venv/lib/python3.12/site-packages/airflow/example_dags/example_setup_teardown.py
[2024-08-06T22:35:56.676+0800] {processor.py:840} INFO - DAG(s) 'example_setup_teardown' retrieved from /home/haziq/Documents/pl-data-engineering/venv/lib/python3.12/site-packages/airflow/example_dags/example_setup_teardown.py
[2024-08-06T22:35:56.848+0800] {logging_mixin.py:188} INFO - [2024-08-06T22:35:56.847+0800] {dag.py:3089} INFO - Sync 1 DAGs
[2024-08-06T22:35:56.881+0800] {logging_mixin.py:188} INFO - [2024-08-06T22:35:56.881+0800] {dag.py:3947} INFO - Setting next_dagrun for example_setup_teardown to 2024-08-05 00:00:00+00:00, run_after=2024-08-06 00:00:00+00:00
[2024-08-06T22:35:56.931+0800] {processor.py:183} INFO - Processing /home/haziq/Documents/pl-data-engineering/venv/lib/python3.12/site-packages/airflow/example_dags/example_setup_teardown.py took 0.287 seconds
[2024-08-06T22:37:00.838+0800] {processor.py:161} INFO - Started process (PID=94749) to work on /home/haziq/Documents/pl-data-engineering/venv/lib/python3.12/site-packages/airflow/example_dags/example_setup_teardown.py
[2024-08-06T22:37:00.840+0800] {processor.py:830} INFO - Processing file /home/haziq/Documents/pl-data-engineering/venv/lib/python3.12/site-packages/airflow/example_dags/example_setup_teardown.py for tasks to queue
[2024-08-06T22:37:00.843+0800] {logging_mixin.py:188} INFO - [2024-08-06T22:37:00.842+0800] {dagbag.py:545} INFO - Filling up the DagBag from /home/haziq/Documents/pl-data-engineering/venv/lib/python3.12/site-packages/airflow/example_dags/example_setup_teardown.py
[2024-08-06T22:37:00.853+0800] {processor.py:840} INFO - DAG(s) 'example_setup_teardown' retrieved from /home/haziq/Documents/pl-data-engineering/venv/lib/python3.12/site-packages/airflow/example_dags/example_setup_teardown.py
[2024-08-06T22:37:00.877+0800] {logging_mixin.py:188} INFO - [2024-08-06T22:37:00.877+0800] {dag.py:3089} INFO - Sync 1 DAGs
[2024-08-06T22:37:00.906+0800] {logging_mixin.py:188} INFO - [2024-08-06T22:37:00.906+0800] {dag.py:3947} INFO - Setting next_dagrun for example_setup_teardown to 2024-08-05 00:00:00+00:00, run_after=2024-08-06 00:00:00+00:00
[2024-08-06T22:37:00.942+0800] {processor.py:183} INFO - Processing /home/haziq/Documents/pl-data-engineering/venv/lib/python3.12/site-packages/airflow/example_dags/example_setup_teardown.py took 0.115 seconds
[2024-08-06T22:38:01.239+0800] {processor.py:161} INFO - Started process (PID=95151) to work on /home/haziq/Documents/pl-data-engineering/venv/lib/python3.12/site-packages/airflow/example_dags/example_setup_teardown.py
[2024-08-06T22:38:01.241+0800] {processor.py:830} INFO - Processing file /home/haziq/Documents/pl-data-engineering/venv/lib/python3.12/site-packages/airflow/example_dags/example_setup_teardown.py for tasks to queue
[2024-08-06T22:38:01.243+0800] {logging_mixin.py:188} INFO - [2024-08-06T22:38:01.243+0800] {dagbag.py:545} INFO - Filling up the DagBag from /home/haziq/Documents/pl-data-engineering/venv/lib/python3.12/site-packages/airflow/example_dags/example_setup_teardown.py
[2024-08-06T22:38:01.254+0800] {processor.py:840} INFO - DAG(s) 'example_setup_teardown' retrieved from /home/haziq/Documents/pl-data-engineering/venv/lib/python3.12/site-packages/airflow/example_dags/example_setup_teardown.py
[2024-08-06T22:38:01.279+0800] {logging_mixin.py:188} INFO - [2024-08-06T22:38:01.279+0800] {dag.py:3089} INFO - Sync 1 DAGs
[2024-08-06T22:38:01.309+0800] {logging_mixin.py:188} INFO - [2024-08-06T22:38:01.309+0800] {dag.py:3947} INFO - Setting next_dagrun for example_setup_teardown to 2024-08-05 00:00:00+00:00, run_after=2024-08-06 00:00:00+00:00
[2024-08-06T22:38:01.346+0800] {processor.py:183} INFO - Processing /home/haziq/Documents/pl-data-engineering/venv/lib/python3.12/site-packages/airflow/example_dags/example_setup_teardown.py took 0.116 seconds
[2024-08-06T22:38:57.098+0800] {processor.py:161} INFO - Started process (PID=95562) to work on /home/haziq/Documents/pl-data-engineering/venv/lib/python3.12/site-packages/airflow/example_dags/example_setup_teardown.py
[2024-08-06T22:38:57.100+0800] {processor.py:830} INFO - Processing file /home/haziq/Documents/pl-data-engineering/venv/lib/python3.12/site-packages/airflow/example_dags/example_setup_teardown.py for tasks to queue
[2024-08-06T22:38:57.102+0800] {logging_mixin.py:188} INFO - [2024-08-06T22:38:57.102+0800] {dagbag.py:545} INFO - Filling up the DagBag from /home/haziq/Documents/pl-data-engineering/venv/lib/python3.12/site-packages/airflow/example_dags/example_setup_teardown.py
[2024-08-06T22:38:57.115+0800] {processor.py:840} INFO - DAG(s) 'example_setup_teardown' retrieved from /home/haziq/Documents/pl-data-engineering/venv/lib/python3.12/site-packages/airflow/example_dags/example_setup_teardown.py
[2024-08-06T22:38:57.142+0800] {logging_mixin.py:188} INFO - [2024-08-06T22:38:57.141+0800] {dag.py:3089} INFO - Sync 1 DAGs
[2024-08-06T22:38:57.178+0800] {logging_mixin.py:188} INFO - [2024-08-06T22:38:57.177+0800] {dag.py:3947} INFO - Setting next_dagrun for example_setup_teardown to 2024-08-05 00:00:00+00:00, run_after=2024-08-06 00:00:00+00:00
[2024-08-06T22:38:57.218+0800] {processor.py:183} INFO - Processing /home/haziq/Documents/pl-data-engineering/venv/lib/python3.12/site-packages/airflow/example_dags/example_setup_teardown.py took 0.131 seconds
[2024-08-06T22:39:52.530+0800] {processor.py:161} INFO - Started process (PID=96023) to work on /home/haziq/Documents/pl-data-engineering/venv/lib/python3.12/site-packages/airflow/example_dags/example_setup_teardown.py
[2024-08-06T22:39:52.538+0800] {processor.py:830} INFO - Processing file /home/haziq/Documents/pl-data-engineering/venv/lib/python3.12/site-packages/airflow/example_dags/example_setup_teardown.py for tasks to queue
[2024-08-06T22:39:52.541+0800] {logging_mixin.py:188} INFO - [2024-08-06T22:39:52.540+0800] {dagbag.py:545} INFO - Filling up the DagBag from /home/haziq/Documents/pl-data-engineering/venv/lib/python3.12/site-packages/airflow/example_dags/example_setup_teardown.py
[2024-08-06T22:39:52.551+0800] {processor.py:840} INFO - DAG(s) 'example_setup_teardown' retrieved from /home/haziq/Documents/pl-data-engineering/venv/lib/python3.12/site-packages/airflow/example_dags/example_setup_teardown.py
[2024-08-06T22:39:52.576+0800] {logging_mixin.py:188} INFO - [2024-08-06T22:39:52.575+0800] {dag.py:3089} INFO - Sync 1 DAGs
[2024-08-06T22:39:52.604+0800] {logging_mixin.py:188} INFO - [2024-08-06T22:39:52.604+0800] {dag.py:3947} INFO - Setting next_dagrun for example_setup_teardown to 2024-08-05 00:00:00+00:00, run_after=2024-08-06 00:00:00+00:00
[2024-08-06T22:39:52.639+0800] {processor.py:183} INFO - Processing /home/haziq/Documents/pl-data-engineering/venv/lib/python3.12/site-packages/airflow/example_dags/example_setup_teardown.py took 0.118 seconds
[2024-08-06T22:40:43.099+0800] {processor.py:161} INFO - Started process (PID=96358) to work on /home/haziq/Documents/pl-data-engineering/venv/lib/python3.12/site-packages/airflow/example_dags/example_setup_teardown.py
[2024-08-06T22:40:43.109+0800] {processor.py:830} INFO - Processing file /home/haziq/Documents/pl-data-engineering/venv/lib/python3.12/site-packages/airflow/example_dags/example_setup_teardown.py for tasks to queue
[2024-08-06T22:40:43.112+0800] {logging_mixin.py:188} INFO - [2024-08-06T22:40:43.111+0800] {dagbag.py:545} INFO - Filling up the DagBag from /home/haziq/Documents/pl-data-engineering/venv/lib/python3.12/site-packages/airflow/example_dags/example_setup_teardown.py
[2024-08-06T22:40:43.124+0800] {processor.py:840} INFO - DAG(s) 'example_setup_teardown' retrieved from /home/haziq/Documents/pl-data-engineering/venv/lib/python3.12/site-packages/airflow/example_dags/example_setup_teardown.py
[2024-08-06T22:40:43.156+0800] {logging_mixin.py:188} INFO - [2024-08-06T22:40:43.155+0800] {dag.py:3089} INFO - Sync 1 DAGs
[2024-08-06T22:40:43.204+0800] {logging_mixin.py:188} INFO - [2024-08-06T22:40:43.203+0800] {dag.py:3947} INFO - Setting next_dagrun for example_setup_teardown to 2024-08-05 00:00:00+00:00, run_after=2024-08-06 00:00:00+00:00
[2024-08-06T22:40:43.257+0800] {processor.py:183} INFO - Processing /home/haziq/Documents/pl-data-engineering/venv/lib/python3.12/site-packages/airflow/example_dags/example_setup_teardown.py took 0.173 seconds
[2024-08-06T22:41:36.631+0800] {processor.py:161} INFO - Started process (PID=96770) to work on /home/haziq/Documents/pl-data-engineering/venv/lib/python3.12/site-packages/airflow/example_dags/example_setup_teardown.py
[2024-08-06T22:41:36.635+0800] {processor.py:830} INFO - Processing file /home/haziq/Documents/pl-data-engineering/venv/lib/python3.12/site-packages/airflow/example_dags/example_setup_teardown.py for tasks to queue
[2024-08-06T22:41:36.640+0800] {logging_mixin.py:188} INFO - [2024-08-06T22:41:36.638+0800] {dagbag.py:545} INFO - Filling up the DagBag from /home/haziq/Documents/pl-data-engineering/venv/lib/python3.12/site-packages/airflow/example_dags/example_setup_teardown.py
[2024-08-06T22:41:36.654+0800] {processor.py:840} INFO - DAG(s) 'example_setup_teardown' retrieved from /home/haziq/Documents/pl-data-engineering/venv/lib/python3.12/site-packages/airflow/example_dags/example_setup_teardown.py
[2024-08-06T22:41:36.694+0800] {logging_mixin.py:188} INFO - [2024-08-06T22:41:36.693+0800] {dag.py:3089} INFO - Sync 1 DAGs
[2024-08-06T22:41:36.733+0800] {logging_mixin.py:188} INFO - [2024-08-06T22:41:36.732+0800] {dag.py:3947} INFO - Setting next_dagrun for example_setup_teardown to 2024-08-05 00:00:00+00:00, run_after=2024-08-06 00:00:00+00:00
[2024-08-06T22:41:36.771+0800] {processor.py:183} INFO - Processing /home/haziq/Documents/pl-data-engineering/venv/lib/python3.12/site-packages/airflow/example_dags/example_setup_teardown.py took 0.153 seconds
[2024-08-06T22:42:30.342+0800] {processor.py:161} INFO - Started process (PID=97102) to work on /home/haziq/Documents/pl-data-engineering/venv/lib/python3.12/site-packages/airflow/example_dags/example_setup_teardown.py
[2024-08-06T22:42:30.344+0800] {processor.py:830} INFO - Processing file /home/haziq/Documents/pl-data-engineering/venv/lib/python3.12/site-packages/airflow/example_dags/example_setup_teardown.py for tasks to queue
[2024-08-06T22:42:30.346+0800] {logging_mixin.py:188} INFO - [2024-08-06T22:42:30.346+0800] {dagbag.py:545} INFO - Filling up the DagBag from /home/haziq/Documents/pl-data-engineering/venv/lib/python3.12/site-packages/airflow/example_dags/example_setup_teardown.py
[2024-08-06T22:42:30.357+0800] {processor.py:840} INFO - DAG(s) 'example_setup_teardown' retrieved from /home/haziq/Documents/pl-data-engineering/venv/lib/python3.12/site-packages/airflow/example_dags/example_setup_teardown.py
[2024-08-06T22:42:30.381+0800] {logging_mixin.py:188} INFO - [2024-08-06T22:42:30.381+0800] {dag.py:3089} INFO - Sync 1 DAGs
[2024-08-06T22:42:30.411+0800] {logging_mixin.py:188} INFO - [2024-08-06T22:42:30.411+0800] {dag.py:3947} INFO - Setting next_dagrun for example_setup_teardown to 2024-08-05 00:00:00+00:00, run_after=2024-08-06 00:00:00+00:00
[2024-08-06T22:42:30.446+0800] {processor.py:183} INFO - Processing /home/haziq/Documents/pl-data-engineering/venv/lib/python3.12/site-packages/airflow/example_dags/example_setup_teardown.py took 0.116 seconds
