[2024-08-06T22:33:35.773+0800] {processor.py:161} INFO - Started process (PID=93289) to work on /home/haziq/Documents/pl-data-engineering/venv/lib/python3.12/site-packages/airflow/example_dags/example_dynamic_task_mapping.py
[2024-08-06T22:33:35.774+0800] {processor.py:830} INFO - Processing file /home/haziq/Documents/pl-data-engineering/venv/lib/python3.12/site-packages/airflow/example_dags/example_dynamic_task_mapping.py for tasks to queue
[2024-08-06T22:33:35.777+0800] {logging_mixin.py:188} INFO - [2024-08-06T22:33:35.776+0800] {dagbag.py:545} INFO - Filling up the DagBag from /home/haziq/Documents/pl-data-engineering/venv/lib/python3.12/site-packages/airflow/example_dags/example_dynamic_task_mapping.py
[2024-08-06T22:33:35.787+0800] {processor.py:840} INFO - DAG(s) 'example_dynamic_task_mapping' retrieved from /home/haziq/Documents/pl-data-engineering/venv/lib/python3.12/site-packages/airflow/example_dags/example_dynamic_task_mapping.py
[2024-08-06T22:33:35.952+0800] {logging_mixin.py:188} INFO - [2024-08-06T22:33:35.951+0800] {override.py:1858} INFO - Created Permission View: can delete on DAG:example_dynamic_task_mapping
[2024-08-06T22:33:35.971+0800] {logging_mixin.py:188} INFO - [2024-08-06T22:33:35.971+0800] {override.py:1858} INFO - Created Permission View: can read on DAG:example_dynamic_task_mapping
[2024-08-06T22:33:35.985+0800] {logging_mixin.py:188} INFO - [2024-08-06T22:33:35.984+0800] {override.py:1858} INFO - Created Permission View: can edit on DAG:example_dynamic_task_mapping
[2024-08-06T22:33:35.986+0800] {logging_mixin.py:188} INFO - [2024-08-06T22:33:35.985+0800] {dag.py:3089} INFO - Sync 1 DAGs
[2024-08-06T22:33:36.004+0800] {logging_mixin.py:188} INFO - [2024-08-06T22:33:36.004+0800] {dag.py:3111} INFO - Creating ORM DAG for example_dynamic_task_mapping
[2024-08-06T22:33:36.018+0800] {logging_mixin.py:188} INFO - [2024-08-06T22:33:36.018+0800] {dag.py:3947} INFO - Setting next_dagrun for example_dynamic_task_mapping to 2022-03-04 00:00:00+00:00, run_after=2022-03-05 00:00:00+00:00
[2024-08-06T22:33:36.054+0800] {processor.py:183} INFO - Processing /home/haziq/Documents/pl-data-engineering/venv/lib/python3.12/site-packages/airflow/example_dags/example_dynamic_task_mapping.py took 0.294 seconds
[2024-08-06T22:34:33.985+0800] {processor.py:161} INFO - Started process (PID=93688) to work on /home/haziq/Documents/pl-data-engineering/venv/lib/python3.12/site-packages/airflow/example_dags/example_dynamic_task_mapping.py
[2024-08-06T22:34:33.993+0800] {processor.py:830} INFO - Processing file /home/haziq/Documents/pl-data-engineering/venv/lib/python3.12/site-packages/airflow/example_dags/example_dynamic_task_mapping.py for tasks to queue
[2024-08-06T22:34:33.996+0800] {logging_mixin.py:188} INFO - [2024-08-06T22:34:33.995+0800] {dagbag.py:545} INFO - Filling up the DagBag from /home/haziq/Documents/pl-data-engineering/venv/lib/python3.12/site-packages/airflow/example_dags/example_dynamic_task_mapping.py
[2024-08-06T22:34:34.006+0800] {processor.py:840} INFO - DAG(s) 'example_dynamic_task_mapping' retrieved from /home/haziq/Documents/pl-data-engineering/venv/lib/python3.12/site-packages/airflow/example_dags/example_dynamic_task_mapping.py
[2024-08-06T22:34:34.029+0800] {logging_mixin.py:188} INFO - [2024-08-06T22:34:34.029+0800] {dag.py:3089} INFO - Sync 1 DAGs
[2024-08-06T22:34:34.059+0800] {logging_mixin.py:188} INFO - [2024-08-06T22:34:34.058+0800] {dag.py:3947} INFO - Setting next_dagrun for example_dynamic_task_mapping to 2022-03-04 00:00:00+00:00, run_after=2022-03-05 00:00:00+00:00
[2024-08-06T22:34:34.095+0800] {processor.py:183} INFO - Processing /home/haziq/Documents/pl-data-engineering/venv/lib/python3.12/site-packages/airflow/example_dags/example_dynamic_task_mapping.py took 0.121 seconds
[2024-08-06T22:36:14.402+0800] {processor.py:161} INFO - Started process (PID=94437) to work on /home/haziq/Documents/pl-data-engineering/venv/lib/python3.12/site-packages/airflow/example_dags/example_dynamic_task_mapping.py
[2024-08-06T22:36:14.403+0800] {processor.py:830} INFO - Processing file /home/haziq/Documents/pl-data-engineering/venv/lib/python3.12/site-packages/airflow/example_dags/example_dynamic_task_mapping.py for tasks to queue
[2024-08-06T22:36:14.406+0800] {logging_mixin.py:188} INFO - [2024-08-06T22:36:14.406+0800] {dagbag.py:545} INFO - Filling up the DagBag from /home/haziq/Documents/pl-data-engineering/venv/lib/python3.12/site-packages/airflow/example_dags/example_dynamic_task_mapping.py
[2024-08-06T22:36:14.421+0800] {processor.py:840} INFO - DAG(s) 'example_dynamic_task_mapping' retrieved from /home/haziq/Documents/pl-data-engineering/venv/lib/python3.12/site-packages/airflow/example_dags/example_dynamic_task_mapping.py
[2024-08-06T22:36:14.618+0800] {logging_mixin.py:188} INFO - [2024-08-06T22:36:14.617+0800] {dag.py:3089} INFO - Sync 1 DAGs
[2024-08-06T22:36:14.649+0800] {logging_mixin.py:188} INFO - [2024-08-06T22:36:14.649+0800] {dag.py:3947} INFO - Setting next_dagrun for example_dynamic_task_mapping to 2022-03-04 00:00:00+00:00, run_after=2022-03-05 00:00:00+00:00
[2024-08-06T22:36:14.687+0800] {processor.py:183} INFO - Processing /home/haziq/Documents/pl-data-engineering/venv/lib/python3.12/site-packages/airflow/example_dags/example_dynamic_task_mapping.py took 0.297 seconds
[2024-08-06T22:37:17.851+0800] {processor.py:161} INFO - Started process (PID=94865) to work on /home/haziq/Documents/pl-data-engineering/venv/lib/python3.12/site-packages/airflow/example_dags/example_dynamic_task_mapping.py
[2024-08-06T22:37:17.853+0800] {processor.py:830} INFO - Processing file /home/haziq/Documents/pl-data-engineering/venv/lib/python3.12/site-packages/airflow/example_dags/example_dynamic_task_mapping.py for tasks to queue
[2024-08-06T22:37:17.855+0800] {logging_mixin.py:188} INFO - [2024-08-06T22:37:17.855+0800] {dagbag.py:545} INFO - Filling up the DagBag from /home/haziq/Documents/pl-data-engineering/venv/lib/python3.12/site-packages/airflow/example_dags/example_dynamic_task_mapping.py
[2024-08-06T22:37:17.869+0800] {processor.py:840} INFO - DAG(s) 'example_dynamic_task_mapping' retrieved from /home/haziq/Documents/pl-data-engineering/venv/lib/python3.12/site-packages/airflow/example_dags/example_dynamic_task_mapping.py
[2024-08-06T22:37:17.894+0800] {logging_mixin.py:188} INFO - [2024-08-06T22:37:17.894+0800] {dag.py:3089} INFO - Sync 1 DAGs
[2024-08-06T22:37:17.927+0800] {logging_mixin.py:188} INFO - [2024-08-06T22:37:17.927+0800] {dag.py:3947} INFO - Setting next_dagrun for example_dynamic_task_mapping to 2022-03-04 00:00:00+00:00, run_after=2022-03-05 00:00:00+00:00
[2024-08-06T22:37:17.966+0800] {processor.py:183} INFO - Processing /home/haziq/Documents/pl-data-engineering/venv/lib/python3.12/site-packages/airflow/example_dags/example_dynamic_task_mapping.py took 0.127 seconds
[2024-08-06T22:38:15.617+0800] {processor.py:161} INFO - Started process (PID=95243) to work on /home/haziq/Documents/pl-data-engineering/venv/lib/python3.12/site-packages/airflow/example_dags/example_dynamic_task_mapping.py
[2024-08-06T22:38:15.618+0800] {processor.py:830} INFO - Processing file /home/haziq/Documents/pl-data-engineering/venv/lib/python3.12/site-packages/airflow/example_dags/example_dynamic_task_mapping.py for tasks to queue
[2024-08-06T22:38:15.621+0800] {logging_mixin.py:188} INFO - [2024-08-06T22:38:15.620+0800] {dagbag.py:545} INFO - Filling up the DagBag from /home/haziq/Documents/pl-data-engineering/venv/lib/python3.12/site-packages/airflow/example_dags/example_dynamic_task_mapping.py
[2024-08-06T22:38:15.632+0800] {processor.py:840} INFO - DAG(s) 'example_dynamic_task_mapping' retrieved from /home/haziq/Documents/pl-data-engineering/venv/lib/python3.12/site-packages/airflow/example_dags/example_dynamic_task_mapping.py
[2024-08-06T22:38:15.664+0800] {logging_mixin.py:188} INFO - [2024-08-06T22:38:15.664+0800] {dag.py:3089} INFO - Sync 1 DAGs
[2024-08-06T22:38:15.705+0800] {logging_mixin.py:188} INFO - [2024-08-06T22:38:15.705+0800] {dag.py:3947} INFO - Setting next_dagrun for example_dynamic_task_mapping to 2022-03-04 00:00:00+00:00, run_after=2022-03-05 00:00:00+00:00
[2024-08-06T22:38:15.742+0800] {processor.py:183} INFO - Processing /home/haziq/Documents/pl-data-engineering/venv/lib/python3.12/site-packages/airflow/example_dags/example_dynamic_task_mapping.py took 0.134 seconds
[2024-08-06T22:39:37.264+0800] {processor.py:161} INFO - Started process (PID=95908) to work on /home/haziq/Documents/pl-data-engineering/venv/lib/python3.12/site-packages/airflow/example_dags/example_dynamic_task_mapping.py
[2024-08-06T22:39:37.265+0800] {processor.py:830} INFO - Processing file /home/haziq/Documents/pl-data-engineering/venv/lib/python3.12/site-packages/airflow/example_dags/example_dynamic_task_mapping.py for tasks to queue
[2024-08-06T22:39:37.268+0800] {logging_mixin.py:188} INFO - [2024-08-06T22:39:37.267+0800] {dagbag.py:545} INFO - Filling up the DagBag from /home/haziq/Documents/pl-data-engineering/venv/lib/python3.12/site-packages/airflow/example_dags/example_dynamic_task_mapping.py
[2024-08-06T22:39:37.279+0800] {processor.py:840} INFO - DAG(s) 'example_dynamic_task_mapping' retrieved from /home/haziq/Documents/pl-data-engineering/venv/lib/python3.12/site-packages/airflow/example_dags/example_dynamic_task_mapping.py
[2024-08-06T22:39:37.302+0800] {logging_mixin.py:188} INFO - [2024-08-06T22:39:37.301+0800] {dag.py:3089} INFO - Sync 1 DAGs
[2024-08-06T22:39:37.329+0800] {logging_mixin.py:188} INFO - [2024-08-06T22:39:37.329+0800] {dag.py:3947} INFO - Setting next_dagrun for example_dynamic_task_mapping to 2022-03-04 00:00:00+00:00, run_after=2022-03-05 00:00:00+00:00
[2024-08-06T22:39:37.363+0800] {processor.py:183} INFO - Processing /home/haziq/Documents/pl-data-engineering/venv/lib/python3.12/site-packages/airflow/example_dags/example_dynamic_task_mapping.py took 0.111 seconds
[2024-08-06T22:40:52.179+0800] {processor.py:161} INFO - Started process (PID=96469) to work on /home/haziq/Documents/pl-data-engineering/venv/lib/python3.12/site-packages/airflow/example_dags/example_dynamic_task_mapping.py
[2024-08-06T22:40:52.180+0800] {processor.py:830} INFO - Processing file /home/haziq/Documents/pl-data-engineering/venv/lib/python3.12/site-packages/airflow/example_dags/example_dynamic_task_mapping.py for tasks to queue
[2024-08-06T22:40:52.183+0800] {logging_mixin.py:188} INFO - [2024-08-06T22:40:52.183+0800] {dagbag.py:545} INFO - Filling up the DagBag from /home/haziq/Documents/pl-data-engineering/venv/lib/python3.12/site-packages/airflow/example_dags/example_dynamic_task_mapping.py
[2024-08-06T22:40:52.194+0800] {processor.py:840} INFO - DAG(s) 'example_dynamic_task_mapping' retrieved from /home/haziq/Documents/pl-data-engineering/venv/lib/python3.12/site-packages/airflow/example_dags/example_dynamic_task_mapping.py
[2024-08-06T22:40:52.217+0800] {logging_mixin.py:188} INFO - [2024-08-06T22:40:52.216+0800] {dag.py:3089} INFO - Sync 1 DAGs
[2024-08-06T22:40:52.245+0800] {logging_mixin.py:188} INFO - [2024-08-06T22:40:52.245+0800] {dag.py:3947} INFO - Setting next_dagrun for example_dynamic_task_mapping to 2022-03-04 00:00:00+00:00, run_after=2022-03-05 00:00:00+00:00
[2024-08-06T22:40:52.284+0800] {processor.py:183} INFO - Processing /home/haziq/Documents/pl-data-engineering/venv/lib/python3.12/site-packages/airflow/example_dags/example_dynamic_task_mapping.py took 0.116 seconds
[2024-08-06T22:42:11.232+0800] {processor.py:161} INFO - Started process (PID=96979) to work on /home/haziq/Documents/pl-data-engineering/venv/lib/python3.12/site-packages/airflow/example_dags/example_dynamic_task_mapping.py
[2024-08-06T22:42:11.240+0800] {processor.py:830} INFO - Processing file /home/haziq/Documents/pl-data-engineering/venv/lib/python3.12/site-packages/airflow/example_dags/example_dynamic_task_mapping.py for tasks to queue
[2024-08-06T22:42:11.243+0800] {logging_mixin.py:188} INFO - [2024-08-06T22:42:11.242+0800] {dagbag.py:545} INFO - Filling up the DagBag from /home/haziq/Documents/pl-data-engineering/venv/lib/python3.12/site-packages/airflow/example_dags/example_dynamic_task_mapping.py
[2024-08-06T22:42:11.254+0800] {processor.py:840} INFO - DAG(s) 'example_dynamic_task_mapping' retrieved from /home/haziq/Documents/pl-data-engineering/venv/lib/python3.12/site-packages/airflow/example_dags/example_dynamic_task_mapping.py
[2024-08-06T22:42:11.281+0800] {logging_mixin.py:188} INFO - [2024-08-06T22:42:11.281+0800] {dag.py:3089} INFO - Sync 1 DAGs
[2024-08-06T22:42:11.313+0800] {logging_mixin.py:188} INFO - [2024-08-06T22:42:11.313+0800] {dag.py:3947} INFO - Setting next_dagrun for example_dynamic_task_mapping to 2022-03-04 00:00:00+00:00, run_after=2022-03-05 00:00:00+00:00
[2024-08-06T22:42:11.350+0800] {processor.py:183} INFO - Processing /home/haziq/Documents/pl-data-engineering/venv/lib/python3.12/site-packages/airflow/example_dags/example_dynamic_task_mapping.py took 0.130 seconds
