[2024-08-06T22:33:00.409+0800] {processor.py:161} INFO - Started process (PID=93032) to work on /home/haziq/Documents/pl-data-engineering/venv/lib/python3.12/site-packages/airflow/example_dags/example_task_group_decorator.py
[2024-08-06T22:33:00.411+0800] {processor.py:830} INFO - Processing file /home/haziq/Documents/pl-data-engineering/venv/lib/python3.12/site-packages/airflow/example_dags/example_task_group_decorator.py for tasks to queue
[2024-08-06T22:33:00.413+0800] {logging_mixin.py:188} INFO - [2024-08-06T22:33:00.413+0800] {dagbag.py:545} INFO - Filling up the DagBag from /home/haziq/Documents/pl-data-engineering/venv/lib/python3.12/site-packages/airflow/example_dags/example_task_group_decorator.py
[2024-08-06T22:33:00.434+0800] {processor.py:840} INFO - DAG(s) 'example_task_group_decorator' retrieved from /home/haziq/Documents/pl-data-engineering/venv/lib/python3.12/site-packages/airflow/example_dags/example_task_group_decorator.py
[2024-08-06T22:33:00.612+0800] {logging_mixin.py:188} INFO - [2024-08-06T22:33:00.611+0800] {override.py:1858} INFO - Created Permission View: can delete on DAG:example_task_group_decorator
[2024-08-06T22:33:00.632+0800] {logging_mixin.py:188} INFO - [2024-08-06T22:33:00.631+0800] {override.py:1858} INFO - Created Permission View: can read on DAG:example_task_group_decorator
[2024-08-06T22:33:00.646+0800] {logging_mixin.py:188} INFO - [2024-08-06T22:33:00.645+0800] {override.py:1858} INFO - Created Permission View: can edit on DAG:example_task_group_decorator
[2024-08-06T22:33:00.647+0800] {logging_mixin.py:188} INFO - [2024-08-06T22:33:00.646+0800] {dag.py:3089} INFO - Sync 1 DAGs
[2024-08-06T22:33:00.664+0800] {logging_mixin.py:188} INFO - [2024-08-06T22:33:00.664+0800] {dag.py:3111} INFO - Creating ORM DAG for example_task_group_decorator
[2024-08-06T22:33:00.679+0800] {logging_mixin.py:188} INFO - [2024-08-06T22:33:00.678+0800] {dag.py:3947} INFO - Setting next_dagrun for example_task_group_decorator to 2024-08-05 00:00:00+00:00, run_after=2024-08-06 00:00:00+00:00
[2024-08-06T22:33:00.712+0800] {processor.py:183} INFO - Processing /home/haziq/Documents/pl-data-engineering/venv/lib/python3.12/site-packages/airflow/example_dags/example_task_group_decorator.py took 0.314 seconds
[2024-08-06T22:34:00.507+0800] {processor.py:161} INFO - Started process (PID=93450) to work on /home/haziq/Documents/pl-data-engineering/venv/lib/python3.12/site-packages/airflow/example_dags/example_task_group_decorator.py
[2024-08-06T22:34:00.510+0800] {processor.py:830} INFO - Processing file /home/haziq/Documents/pl-data-engineering/venv/lib/python3.12/site-packages/airflow/example_dags/example_task_group_decorator.py for tasks to queue
[2024-08-06T22:34:00.513+0800] {logging_mixin.py:188} INFO - [2024-08-06T22:34:00.512+0800] {dagbag.py:545} INFO - Filling up the DagBag from /home/haziq/Documents/pl-data-engineering/venv/lib/python3.12/site-packages/airflow/example_dags/example_task_group_decorator.py
[2024-08-06T22:34:00.535+0800] {processor.py:840} INFO - DAG(s) 'example_task_group_decorator' retrieved from /home/haziq/Documents/pl-data-engineering/venv/lib/python3.12/site-packages/airflow/example_dags/example_task_group_decorator.py
[2024-08-06T22:34:00.566+0800] {logging_mixin.py:188} INFO - [2024-08-06T22:34:00.566+0800] {dag.py:3089} INFO - Sync 1 DAGs
[2024-08-06T22:34:00.597+0800] {logging_mixin.py:188} INFO - [2024-08-06T22:34:00.596+0800] {dag.py:3947} INFO - Setting next_dagrun for example_task_group_decorator to 2024-08-05 00:00:00+00:00, run_after=2024-08-06 00:00:00+00:00
[2024-08-06T22:34:00.634+0800] {processor.py:183} INFO - Processing /home/haziq/Documents/pl-data-engineering/venv/lib/python3.12/site-packages/airflow/example_dags/example_task_group_decorator.py took 0.136 seconds
[2024-08-06T22:35:39.675+0800] {processor.py:161} INFO - Started process (PID=94230) to work on /home/haziq/Documents/pl-data-engineering/venv/lib/python3.12/site-packages/airflow/example_dags/example_task_group_decorator.py
[2024-08-06T22:35:39.677+0800] {processor.py:830} INFO - Processing file /home/haziq/Documents/pl-data-engineering/venv/lib/python3.12/site-packages/airflow/example_dags/example_task_group_decorator.py for tasks to queue
[2024-08-06T22:35:39.680+0800] {logging_mixin.py:188} INFO - [2024-08-06T22:35:39.680+0800] {dagbag.py:545} INFO - Filling up the DagBag from /home/haziq/Documents/pl-data-engineering/venv/lib/python3.12/site-packages/airflow/example_dags/example_task_group_decorator.py
[2024-08-06T22:35:39.703+0800] {processor.py:840} INFO - DAG(s) 'example_task_group_decorator' retrieved from /home/haziq/Documents/pl-data-engineering/venv/lib/python3.12/site-packages/airflow/example_dags/example_task_group_decorator.py
[2024-08-06T22:35:39.719+0800] {logging_mixin.py:188} INFO - [2024-08-06T22:35:39.719+0800] {dag.py:3089} INFO - Sync 1 DAGs
[2024-08-06T22:35:39.759+0800] {logging_mixin.py:188} INFO - [2024-08-06T22:35:39.758+0800] {dag.py:3947} INFO - Setting next_dagrun for example_task_group_decorator to 2024-08-05 00:00:00+00:00, run_after=2024-08-06 00:00:00+00:00
[2024-08-06T22:35:39.801+0800] {processor.py:183} INFO - Processing /home/haziq/Documents/pl-data-engineering/venv/lib/python3.12/site-packages/airflow/example_dags/example_task_group_decorator.py took 0.135 seconds
[2024-08-06T22:36:41.638+0800] {processor.py:161} INFO - Started process (PID=94621) to work on /home/haziq/Documents/pl-data-engineering/venv/lib/python3.12/site-packages/airflow/example_dags/example_task_group_decorator.py
[2024-08-06T22:36:41.640+0800] {processor.py:830} INFO - Processing file /home/haziq/Documents/pl-data-engineering/venv/lib/python3.12/site-packages/airflow/example_dags/example_task_group_decorator.py for tasks to queue
[2024-08-06T22:36:41.643+0800] {logging_mixin.py:188} INFO - [2024-08-06T22:36:41.642+0800] {dagbag.py:545} INFO - Filling up the DagBag from /home/haziq/Documents/pl-data-engineering/venv/lib/python3.12/site-packages/airflow/example_dags/example_task_group_decorator.py
[2024-08-06T22:36:41.668+0800] {processor.py:840} INFO - DAG(s) 'example_task_group_decorator' retrieved from /home/haziq/Documents/pl-data-engineering/venv/lib/python3.12/site-packages/airflow/example_dags/example_task_group_decorator.py
[2024-08-06T22:36:41.820+0800] {logging_mixin.py:188} INFO - [2024-08-06T22:36:41.819+0800] {dag.py:3089} INFO - Sync 1 DAGs
[2024-08-06T22:36:41.845+0800] {logging_mixin.py:188} INFO - [2024-08-06T22:36:41.844+0800] {dag.py:3947} INFO - Setting next_dagrun for example_task_group_decorator to 2024-08-05 00:00:00+00:00, run_after=2024-08-06 00:00:00+00:00
[2024-08-06T22:36:41.897+0800] {processor.py:183} INFO - Processing /home/haziq/Documents/pl-data-engineering/venv/lib/python3.12/site-packages/airflow/example_dags/example_task_group_decorator.py took 0.268 seconds
[2024-08-06T22:37:40.388+0800] {processor.py:161} INFO - Started process (PID=95022) to work on /home/haziq/Documents/pl-data-engineering/venv/lib/python3.12/site-packages/airflow/example_dags/example_task_group_decorator.py
[2024-08-06T22:37:40.390+0800] {processor.py:830} INFO - Processing file /home/haziq/Documents/pl-data-engineering/venv/lib/python3.12/site-packages/airflow/example_dags/example_task_group_decorator.py for tasks to queue
[2024-08-06T22:37:40.393+0800] {logging_mixin.py:188} INFO - [2024-08-06T22:37:40.392+0800] {dagbag.py:545} INFO - Filling up the DagBag from /home/haziq/Documents/pl-data-engineering/venv/lib/python3.12/site-packages/airflow/example_dags/example_task_group_decorator.py
[2024-08-06T22:37:40.413+0800] {processor.py:840} INFO - DAG(s) 'example_task_group_decorator' retrieved from /home/haziq/Documents/pl-data-engineering/venv/lib/python3.12/site-packages/airflow/example_dags/example_task_group_decorator.py
[2024-08-06T22:37:40.444+0800] {logging_mixin.py:188} INFO - [2024-08-06T22:37:40.444+0800] {dag.py:3089} INFO - Sync 1 DAGs
[2024-08-06T22:37:40.475+0800] {logging_mixin.py:188} INFO - [2024-08-06T22:37:40.475+0800] {dag.py:3947} INFO - Setting next_dagrun for example_task_group_decorator to 2024-08-05 00:00:00+00:00, run_after=2024-08-06 00:00:00+00:00
[2024-08-06T22:37:40.511+0800] {processor.py:183} INFO - Processing /home/haziq/Documents/pl-data-engineering/venv/lib/python3.12/site-packages/airflow/example_dags/example_task_group_decorator.py took 0.135 seconds
[2024-08-06T22:38:36.137+0800] {processor.py:161} INFO - Started process (PID=95422) to work on /home/haziq/Documents/pl-data-engineering/venv/lib/python3.12/site-packages/airflow/example_dags/example_task_group_decorator.py
[2024-08-06T22:38:36.139+0800] {processor.py:830} INFO - Processing file /home/haziq/Documents/pl-data-engineering/venv/lib/python3.12/site-packages/airflow/example_dags/example_task_group_decorator.py for tasks to queue
[2024-08-06T22:38:36.141+0800] {logging_mixin.py:188} INFO - [2024-08-06T22:38:36.141+0800] {dagbag.py:545} INFO - Filling up the DagBag from /home/haziq/Documents/pl-data-engineering/venv/lib/python3.12/site-packages/airflow/example_dags/example_task_group_decorator.py
[2024-08-06T22:38:36.163+0800] {processor.py:840} INFO - DAG(s) 'example_task_group_decorator' retrieved from /home/haziq/Documents/pl-data-engineering/venv/lib/python3.12/site-packages/airflow/example_dags/example_task_group_decorator.py
[2024-08-06T22:38:36.194+0800] {logging_mixin.py:188} INFO - [2024-08-06T22:38:36.193+0800] {dag.py:3089} INFO - Sync 1 DAGs
[2024-08-06T22:38:36.223+0800] {logging_mixin.py:188} INFO - [2024-08-06T22:38:36.222+0800] {dag.py:3947} INFO - Setting next_dagrun for example_task_group_decorator to 2024-08-05 00:00:00+00:00, run_after=2024-08-06 00:00:00+00:00
[2024-08-06T22:38:36.258+0800] {processor.py:183} INFO - Processing /home/haziq/Documents/pl-data-engineering/venv/lib/python3.12/site-packages/airflow/example_dags/example_task_group_decorator.py took 0.129 seconds
[2024-08-06T22:39:29.765+0800] {processor.py:161} INFO - Started process (PID=95866) to work on /home/haziq/Documents/pl-data-engineering/venv/lib/python3.12/site-packages/airflow/example_dags/example_task_group_decorator.py
[2024-08-06T22:39:29.766+0800] {processor.py:830} INFO - Processing file /home/haziq/Documents/pl-data-engineering/venv/lib/python3.12/site-packages/airflow/example_dags/example_task_group_decorator.py for tasks to queue
[2024-08-06T22:39:29.769+0800] {logging_mixin.py:188} INFO - [2024-08-06T22:39:29.768+0800] {dagbag.py:545} INFO - Filling up the DagBag from /home/haziq/Documents/pl-data-engineering/venv/lib/python3.12/site-packages/airflow/example_dags/example_task_group_decorator.py
[2024-08-06T22:39:29.792+0800] {processor.py:840} INFO - DAG(s) 'example_task_group_decorator' retrieved from /home/haziq/Documents/pl-data-engineering/venv/lib/python3.12/site-packages/airflow/example_dags/example_task_group_decorator.py
[2024-08-06T22:39:29.825+0800] {logging_mixin.py:188} INFO - [2024-08-06T22:39:29.825+0800] {dag.py:3089} INFO - Sync 1 DAGs
[2024-08-06T22:39:29.855+0800] {logging_mixin.py:188} INFO - [2024-08-06T22:39:29.855+0800] {dag.py:3947} INFO - Setting next_dagrun for example_task_group_decorator to 2024-08-05 00:00:00+00:00, run_after=2024-08-06 00:00:00+00:00
[2024-08-06T22:39:29.893+0800] {processor.py:183} INFO - Processing /home/haziq/Documents/pl-data-engineering/venv/lib/python3.12/site-packages/airflow/example_dags/example_task_group_decorator.py took 0.138 seconds
[2024-08-06T22:40:22.043+0800] {processor.py:161} INFO - Started process (PID=96218) to work on /home/haziq/Documents/pl-data-engineering/venv/lib/python3.12/site-packages/airflow/example_dags/example_task_group_decorator.py
[2024-08-06T22:40:22.051+0800] {processor.py:830} INFO - Processing file /home/haziq/Documents/pl-data-engineering/venv/lib/python3.12/site-packages/airflow/example_dags/example_task_group_decorator.py for tasks to queue
[2024-08-06T22:40:22.054+0800] {logging_mixin.py:188} INFO - [2024-08-06T22:40:22.053+0800] {dagbag.py:545} INFO - Filling up the DagBag from /home/haziq/Documents/pl-data-engineering/venv/lib/python3.12/site-packages/airflow/example_dags/example_task_group_decorator.py
[2024-08-06T22:40:22.074+0800] {processor.py:840} INFO - DAG(s) 'example_task_group_decorator' retrieved from /home/haziq/Documents/pl-data-engineering/venv/lib/python3.12/site-packages/airflow/example_dags/example_task_group_decorator.py
[2024-08-06T22:40:22.105+0800] {logging_mixin.py:188} INFO - [2024-08-06T22:40:22.104+0800] {dag.py:3089} INFO - Sync 1 DAGs
[2024-08-06T22:40:22.134+0800] {logging_mixin.py:188} INFO - [2024-08-06T22:40:22.134+0800] {dag.py:3947} INFO - Setting next_dagrun for example_task_group_decorator to 2024-08-05 00:00:00+00:00, run_after=2024-08-06 00:00:00+00:00
[2024-08-06T22:40:22.169+0800] {processor.py:183} INFO - Processing /home/haziq/Documents/pl-data-engineering/venv/lib/python3.12/site-packages/airflow/example_dags/example_task_group_decorator.py took 0.135 seconds
[2024-08-06T22:41:12.557+0800] {processor.py:161} INFO - Started process (PID=96600) to work on /home/haziq/Documents/pl-data-engineering/venv/lib/python3.12/site-packages/airflow/example_dags/example_task_group_decorator.py
[2024-08-06T22:41:12.558+0800] {processor.py:830} INFO - Processing file /home/haziq/Documents/pl-data-engineering/venv/lib/python3.12/site-packages/airflow/example_dags/example_task_group_decorator.py for tasks to queue
[2024-08-06T22:41:12.561+0800] {logging_mixin.py:188} INFO - [2024-08-06T22:41:12.560+0800] {dagbag.py:545} INFO - Filling up the DagBag from /home/haziq/Documents/pl-data-engineering/venv/lib/python3.12/site-packages/airflow/example_dags/example_task_group_decorator.py
[2024-08-06T22:41:12.583+0800] {processor.py:840} INFO - DAG(s) 'example_task_group_decorator' retrieved from /home/haziq/Documents/pl-data-engineering/venv/lib/python3.12/site-packages/airflow/example_dags/example_task_group_decorator.py
[2024-08-06T22:41:12.613+0800] {logging_mixin.py:188} INFO - [2024-08-06T22:41:12.613+0800] {dag.py:3089} INFO - Sync 1 DAGs
[2024-08-06T22:41:12.642+0800] {logging_mixin.py:188} INFO - [2024-08-06T22:41:12.642+0800] {dag.py:3947} INFO - Setting next_dagrun for example_task_group_decorator to 2024-08-05 00:00:00+00:00, run_after=2024-08-06 00:00:00+00:00
[2024-08-06T22:41:12.679+0800] {processor.py:183} INFO - Processing /home/haziq/Documents/pl-data-engineering/venv/lib/python3.12/site-packages/airflow/example_dags/example_task_group_decorator.py took 0.133 seconds
[2024-08-06T22:42:04.871+0800] {processor.py:161} INFO - Started process (PID=96946) to work on /home/haziq/Documents/pl-data-engineering/venv/lib/python3.12/site-packages/airflow/example_dags/example_task_group_decorator.py
[2024-08-06T22:42:04.880+0800] {processor.py:830} INFO - Processing file /home/haziq/Documents/pl-data-engineering/venv/lib/python3.12/site-packages/airflow/example_dags/example_task_group_decorator.py for tasks to queue
[2024-08-06T22:42:04.884+0800] {logging_mixin.py:188} INFO - [2024-08-06T22:42:04.883+0800] {dagbag.py:545} INFO - Filling up the DagBag from /home/haziq/Documents/pl-data-engineering/venv/lib/python3.12/site-packages/airflow/example_dags/example_task_group_decorator.py
[2024-08-06T22:42:04.904+0800] {processor.py:840} INFO - DAG(s) 'example_task_group_decorator' retrieved from /home/haziq/Documents/pl-data-engineering/venv/lib/python3.12/site-packages/airflow/example_dags/example_task_group_decorator.py
[2024-08-06T22:42:04.935+0800] {logging_mixin.py:188} INFO - [2024-08-06T22:42:04.934+0800] {dag.py:3089} INFO - Sync 1 DAGs
[2024-08-06T22:42:04.964+0800] {logging_mixin.py:188} INFO - [2024-08-06T22:42:04.964+0800] {dag.py:3947} INFO - Setting next_dagrun for example_task_group_decorator to 2024-08-05 00:00:00+00:00, run_after=2024-08-06 00:00:00+00:00
[2024-08-06T22:42:04.999+0800] {processor.py:183} INFO - Processing /home/haziq/Documents/pl-data-engineering/venv/lib/python3.12/site-packages/airflow/example_dags/example_task_group_decorator.py took 0.136 seconds
