[2024-08-06T22:33:37.975+0800] {processor.py:161} INFO - Started process (PID=93308) to work on /home/haziq/Documents/pl-data-engineering/venv/lib/python3.12/site-packages/airflow/example_dags/example_bash_decorator.py
[2024-08-06T22:33:37.976+0800] {processor.py:830} INFO - Processing file /home/haziq/Documents/pl-data-engineering/venv/lib/python3.12/site-packages/airflow/example_dags/example_bash_decorator.py for tasks to queue
[2024-08-06T22:33:37.979+0800] {logging_mixin.py:188} INFO - [2024-08-06T22:33:37.978+0800] {dagbag.py:545} INFO - Filling up the DagBag from /home/haziq/Documents/pl-data-engineering/venv/lib/python3.12/site-packages/airflow/example_dags/example_bash_decorator.py
[2024-08-06T22:33:38.000+0800] {processor.py:840} INFO - DAG(s) 'example_bash_decorator' retrieved from /home/haziq/Documents/pl-data-engineering/venv/lib/python3.12/site-packages/airflow/example_dags/example_bash_decorator.py
[2024-08-06T22:33:38.168+0800] {logging_mixin.py:188} INFO - [2024-08-06T22:33:38.167+0800] {override.py:1858} INFO - Created Permission View: can delete on DAG:example_bash_decorator
[2024-08-06T22:33:38.186+0800] {logging_mixin.py:188} INFO - [2024-08-06T22:33:38.186+0800] {override.py:1858} INFO - Created Permission View: can read on DAG:example_bash_decorator
[2024-08-06T22:33:38.200+0800] {logging_mixin.py:188} INFO - [2024-08-06T22:33:38.200+0800] {override.py:1858} INFO - Created Permission View: can edit on DAG:example_bash_decorator
[2024-08-06T22:33:38.201+0800] {logging_mixin.py:188} INFO - [2024-08-06T22:33:38.201+0800] {dag.py:3089} INFO - Sync 1 DAGs
[2024-08-06T22:33:38.219+0800] {logging_mixin.py:188} INFO - [2024-08-06T22:33:38.219+0800] {dag.py:3111} INFO - Creating ORM DAG for example_bash_decorator
[2024-08-06T22:33:38.220+0800] {logging_mixin.py:188} INFO - [2024-08-06T22:33:38.220+0800] {dag.py:3947} INFO - Setting next_dagrun for example_bash_decorator to None, run_after=None
[2024-08-06T22:33:38.252+0800] {processor.py:183} INFO - Processing /home/haziq/Documents/pl-data-engineering/venv/lib/python3.12/site-packages/airflow/example_dags/example_bash_decorator.py took 0.285 seconds
[2024-08-06T22:34:36.542+0800] {processor.py:161} INFO - Started process (PID=93702) to work on /home/haziq/Documents/pl-data-engineering/venv/lib/python3.12/site-packages/airflow/example_dags/example_bash_decorator.py
[2024-08-06T22:34:36.550+0800] {processor.py:830} INFO - Processing file /home/haziq/Documents/pl-data-engineering/venv/lib/python3.12/site-packages/airflow/example_dags/example_bash_decorator.py for tasks to queue
[2024-08-06T22:34:36.554+0800] {logging_mixin.py:188} INFO - [2024-08-06T22:34:36.553+0800] {dagbag.py:545} INFO - Filling up the DagBag from /home/haziq/Documents/pl-data-engineering/venv/lib/python3.12/site-packages/airflow/example_dags/example_bash_decorator.py
[2024-08-06T22:34:36.574+0800] {processor.py:840} INFO - DAG(s) 'example_bash_decorator' retrieved from /home/haziq/Documents/pl-data-engineering/venv/lib/python3.12/site-packages/airflow/example_dags/example_bash_decorator.py
[2024-08-06T22:34:36.603+0800] {logging_mixin.py:188} INFO - [2024-08-06T22:34:36.603+0800] {dag.py:3089} INFO - Sync 1 DAGs
[2024-08-06T22:34:36.623+0800] {logging_mixin.py:188} INFO - [2024-08-06T22:34:36.623+0800] {dag.py:3947} INFO - Setting next_dagrun for example_bash_decorator to None, run_after=None
[2024-08-06T22:34:36.661+0800] {processor.py:183} INFO - Processing /home/haziq/Documents/pl-data-engineering/venv/lib/python3.12/site-packages/airflow/example_dags/example_bash_decorator.py took 0.130 seconds
[2024-08-06T22:36:17.146+0800] {processor.py:161} INFO - Started process (PID=94463) to work on /home/haziq/Documents/pl-data-engineering/venv/lib/python3.12/site-packages/airflow/example_dags/example_bash_decorator.py
[2024-08-06T22:36:17.147+0800] {processor.py:830} INFO - Processing file /home/haziq/Documents/pl-data-engineering/venv/lib/python3.12/site-packages/airflow/example_dags/example_bash_decorator.py for tasks to queue
[2024-08-06T22:36:17.150+0800] {logging_mixin.py:188} INFO - [2024-08-06T22:36:17.150+0800] {dagbag.py:545} INFO - Filling up the DagBag from /home/haziq/Documents/pl-data-engineering/venv/lib/python3.12/site-packages/airflow/example_dags/example_bash_decorator.py
[2024-08-06T22:36:17.171+0800] {processor.py:840} INFO - DAG(s) 'example_bash_decorator' retrieved from /home/haziq/Documents/pl-data-engineering/venv/lib/python3.12/site-packages/airflow/example_dags/example_bash_decorator.py
[2024-08-06T22:36:17.314+0800] {logging_mixin.py:188} INFO - [2024-08-06T22:36:17.314+0800] {dag.py:3089} INFO - Sync 1 DAGs
[2024-08-06T22:36:17.331+0800] {logging_mixin.py:188} INFO - [2024-08-06T22:36:17.330+0800] {dag.py:3947} INFO - Setting next_dagrun for example_bash_decorator to None, run_after=None
[2024-08-06T22:36:17.366+0800] {processor.py:183} INFO - Processing /home/haziq/Documents/pl-data-engineering/venv/lib/python3.12/site-packages/airflow/example_dags/example_bash_decorator.py took 0.231 seconds
[2024-08-06T22:37:18.708+0800] {processor.py:161} INFO - Started process (PID=94884) to work on /home/haziq/Documents/pl-data-engineering/venv/lib/python3.12/site-packages/airflow/example_dags/example_bash_decorator.py
[2024-08-06T22:37:18.710+0800] {processor.py:830} INFO - Processing file /home/haziq/Documents/pl-data-engineering/venv/lib/python3.12/site-packages/airflow/example_dags/example_bash_decorator.py for tasks to queue
[2024-08-06T22:37:18.713+0800] {logging_mixin.py:188} INFO - [2024-08-06T22:37:18.712+0800] {dagbag.py:545} INFO - Filling up the DagBag from /home/haziq/Documents/pl-data-engineering/venv/lib/python3.12/site-packages/airflow/example_dags/example_bash_decorator.py
[2024-08-06T22:37:18.733+0800] {processor.py:840} INFO - DAG(s) 'example_bash_decorator' retrieved from /home/haziq/Documents/pl-data-engineering/venv/lib/python3.12/site-packages/airflow/example_dags/example_bash_decorator.py
[2024-08-06T22:37:18.762+0800] {logging_mixin.py:188} INFO - [2024-08-06T22:37:18.762+0800] {dag.py:3089} INFO - Sync 1 DAGs
[2024-08-06T22:37:18.779+0800] {logging_mixin.py:188} INFO - [2024-08-06T22:37:18.779+0800] {dag.py:3947} INFO - Setting next_dagrun for example_bash_decorator to None, run_after=None
[2024-08-06T22:37:18.814+0800] {processor.py:183} INFO - Processing /home/haziq/Documents/pl-data-engineering/venv/lib/python3.12/site-packages/airflow/example_dags/example_bash_decorator.py took 0.117 seconds
[2024-08-06T22:38:18.196+0800] {processor.py:161} INFO - Started process (PID=95271) to work on /home/haziq/Documents/pl-data-engineering/venv/lib/python3.12/site-packages/airflow/example_dags/example_bash_decorator.py
[2024-08-06T22:38:18.198+0800] {processor.py:830} INFO - Processing file /home/haziq/Documents/pl-data-engineering/venv/lib/python3.12/site-packages/airflow/example_dags/example_bash_decorator.py for tasks to queue
[2024-08-06T22:38:18.201+0800] {logging_mixin.py:188} INFO - [2024-08-06T22:38:18.200+0800] {dagbag.py:545} INFO - Filling up the DagBag from /home/haziq/Documents/pl-data-engineering/venv/lib/python3.12/site-packages/airflow/example_dags/example_bash_decorator.py
[2024-08-06T22:38:18.222+0800] {processor.py:840} INFO - DAG(s) 'example_bash_decorator' retrieved from /home/haziq/Documents/pl-data-engineering/venv/lib/python3.12/site-packages/airflow/example_dags/example_bash_decorator.py
[2024-08-06T22:38:18.250+0800] {logging_mixin.py:188} INFO - [2024-08-06T22:38:18.250+0800] {dag.py:3089} INFO - Sync 1 DAGs
[2024-08-06T22:38:18.268+0800] {logging_mixin.py:188} INFO - [2024-08-06T22:38:18.268+0800] {dag.py:3947} INFO - Setting next_dagrun for example_bash_decorator to None, run_after=None
[2024-08-06T22:38:18.304+0800] {processor.py:183} INFO - Processing /home/haziq/Documents/pl-data-engineering/venv/lib/python3.12/site-packages/airflow/example_dags/example_bash_decorator.py took 0.119 seconds
[2024-08-06T22:39:38.839+0800] {processor.py:161} INFO - Started process (PID=95925) to work on /home/haziq/Documents/pl-data-engineering/venv/lib/python3.12/site-packages/airflow/example_dags/example_bash_decorator.py
[2024-08-06T22:39:38.841+0800] {processor.py:830} INFO - Processing file /home/haziq/Documents/pl-data-engineering/venv/lib/python3.12/site-packages/airflow/example_dags/example_bash_decorator.py for tasks to queue
[2024-08-06T22:39:38.844+0800] {logging_mixin.py:188} INFO - [2024-08-06T22:39:38.843+0800] {dagbag.py:545} INFO - Filling up the DagBag from /home/haziq/Documents/pl-data-engineering/venv/lib/python3.12/site-packages/airflow/example_dags/example_bash_decorator.py
[2024-08-06T22:39:38.876+0800] {processor.py:840} INFO - DAG(s) 'example_bash_decorator' retrieved from /home/haziq/Documents/pl-data-engineering/venv/lib/python3.12/site-packages/airflow/example_dags/example_bash_decorator.py
[2024-08-06T22:39:38.908+0800] {logging_mixin.py:188} INFO - [2024-08-06T22:39:38.907+0800] {dag.py:3089} INFO - Sync 1 DAGs
[2024-08-06T22:39:38.925+0800] {logging_mixin.py:188} INFO - [2024-08-06T22:39:38.925+0800] {dag.py:3947} INFO - Setting next_dagrun for example_bash_decorator to None, run_after=None
[2024-08-06T22:39:38.959+0800] {processor.py:183} INFO - Processing /home/haziq/Documents/pl-data-engineering/venv/lib/python3.12/site-packages/airflow/example_dags/example_bash_decorator.py took 0.130 seconds
[2024-08-06T22:40:54.746+0800] {processor.py:161} INFO - Started process (PID=96482) to work on /home/haziq/Documents/pl-data-engineering/venv/lib/python3.12/site-packages/airflow/example_dags/example_bash_decorator.py
[2024-08-06T22:40:54.748+0800] {processor.py:830} INFO - Processing file /home/haziq/Documents/pl-data-engineering/venv/lib/python3.12/site-packages/airflow/example_dags/example_bash_decorator.py for tasks to queue
[2024-08-06T22:40:54.750+0800] {logging_mixin.py:188} INFO - [2024-08-06T22:40:54.750+0800] {dagbag.py:545} INFO - Filling up the DagBag from /home/haziq/Documents/pl-data-engineering/venv/lib/python3.12/site-packages/airflow/example_dags/example_bash_decorator.py
[2024-08-06T22:40:54.772+0800] {processor.py:840} INFO - DAG(s) 'example_bash_decorator' retrieved from /home/haziq/Documents/pl-data-engineering/venv/lib/python3.12/site-packages/airflow/example_dags/example_bash_decorator.py
[2024-08-06T22:40:54.801+0800] {logging_mixin.py:188} INFO - [2024-08-06T22:40:54.801+0800] {dag.py:3089} INFO - Sync 1 DAGs
[2024-08-06T22:40:54.819+0800] {logging_mixin.py:188} INFO - [2024-08-06T22:40:54.818+0800] {dag.py:3947} INFO - Setting next_dagrun for example_bash_decorator to None, run_after=None
[2024-08-06T22:40:54.852+0800] {processor.py:183} INFO - Processing /home/haziq/Documents/pl-data-engineering/venv/lib/python3.12/site-packages/airflow/example_dags/example_bash_decorator.py took 0.117 seconds
[2024-08-06T22:42:13.771+0800] {processor.py:161} INFO - Started process (PID=96993) to work on /home/haziq/Documents/pl-data-engineering/venv/lib/python3.12/site-packages/airflow/example_dags/example_bash_decorator.py
[2024-08-06T22:42:13.780+0800] {processor.py:830} INFO - Processing file /home/haziq/Documents/pl-data-engineering/venv/lib/python3.12/site-packages/airflow/example_dags/example_bash_decorator.py for tasks to queue
[2024-08-06T22:42:13.784+0800] {logging_mixin.py:188} INFO - [2024-08-06T22:42:13.783+0800] {dagbag.py:545} INFO - Filling up the DagBag from /home/haziq/Documents/pl-data-engineering/venv/lib/python3.12/site-packages/airflow/example_dags/example_bash_decorator.py
[2024-08-06T22:42:13.811+0800] {processor.py:840} INFO - DAG(s) 'example_bash_decorator' retrieved from /home/haziq/Documents/pl-data-engineering/venv/lib/python3.12/site-packages/airflow/example_dags/example_bash_decorator.py
[2024-08-06T22:42:13.841+0800] {logging_mixin.py:188} INFO - [2024-08-06T22:42:13.840+0800] {dag.py:3089} INFO - Sync 1 DAGs
[2024-08-06T22:42:13.858+0800] {logging_mixin.py:188} INFO - [2024-08-06T22:42:13.858+0800] {dag.py:3947} INFO - Setting next_dagrun for example_bash_decorator to None, run_after=None
[2024-08-06T22:42:13.894+0800] {processor.py:183} INFO - Processing /home/haziq/Documents/pl-data-engineering/venv/lib/python3.12/site-packages/airflow/example_dags/example_bash_decorator.py took 0.136 seconds
