[2024-08-06T22:33:20.464+0800] {processor.py:161} INFO - Started process (PID=93164) to work on /home/haziq/Documents/pl-data-engineering/venv/lib/python3.12/site-packages/airflow/example_dags/example_branch_python_dop_operator_3.py
[2024-08-06T22:33:20.465+0800] {processor.py:830} INFO - Processing file /home/haziq/Documents/pl-data-engineering/venv/lib/python3.12/site-packages/airflow/example_dags/example_branch_python_dop_operator_3.py for tasks to queue
[2024-08-06T22:33:20.468+0800] {logging_mixin.py:188} INFO - [2024-08-06T22:33:20.468+0800] {dagbag.py:545} INFO - Filling up the DagBag from /home/haziq/Documents/pl-data-engineering/venv/lib/python3.12/site-packages/airflow/example_dags/example_branch_python_dop_operator_3.py
[2024-08-06T22:33:20.482+0800] {processor.py:840} INFO - DAG(s) 'example_branch_dop_operator_v3' retrieved from /home/haziq/Documents/pl-data-engineering/venv/lib/python3.12/site-packages/airflow/example_dags/example_branch_python_dop_operator_3.py
[2024-08-06T22:33:20.651+0800] {logging_mixin.py:188} INFO - [2024-08-06T22:33:20.650+0800] {override.py:1858} INFO - Created Permission View: can delete on DAG:example_branch_dop_operator_v3
[2024-08-06T22:33:20.671+0800] {logging_mixin.py:188} INFO - [2024-08-06T22:33:20.670+0800] {override.py:1858} INFO - Created Permission View: can read on DAG:example_branch_dop_operator_v3
[2024-08-06T22:33:20.685+0800] {logging_mixin.py:188} INFO - [2024-08-06T22:33:20.684+0800] {override.py:1858} INFO - Created Permission View: can edit on DAG:example_branch_dop_operator_v3
[2024-08-06T22:33:20.685+0800] {logging_mixin.py:188} INFO - [2024-08-06T22:33:20.685+0800] {dag.py:3089} INFO - Sync 1 DAGs
[2024-08-06T22:33:20.701+0800] {logging_mixin.py:188} INFO - [2024-08-06T22:33:20.701+0800] {dag.py:3111} INFO - Creating ORM DAG for example_branch_dop_operator_v3
[2024-08-06T22:33:20.719+0800] {logging_mixin.py:188} INFO - [2024-08-06T22:33:20.718+0800] {dag.py:3947} INFO - Setting next_dagrun for example_branch_dop_operator_v3 to 2024-08-06 14:32:00+00:00, run_after=2024-08-06 14:33:00+00:00
[2024-08-06T22:33:20.752+0800] {processor.py:183} INFO - Processing /home/haziq/Documents/pl-data-engineering/venv/lib/python3.12/site-packages/airflow/example_dags/example_branch_python_dop_operator_3.py took 0.299 seconds
[2024-08-06T22:34:20.867+0800] {processor.py:161} INFO - Started process (PID=93586) to work on /home/haziq/Documents/pl-data-engineering/venv/lib/python3.12/site-packages/airflow/example_dags/example_branch_python_dop_operator_3.py
[2024-08-06T22:34:20.876+0800] {processor.py:830} INFO - Processing file /home/haziq/Documents/pl-data-engineering/venv/lib/python3.12/site-packages/airflow/example_dags/example_branch_python_dop_operator_3.py for tasks to queue
[2024-08-06T22:34:20.879+0800] {logging_mixin.py:188} INFO - [2024-08-06T22:34:20.878+0800] {dagbag.py:545} INFO - Filling up the DagBag from /home/haziq/Documents/pl-data-engineering/venv/lib/python3.12/site-packages/airflow/example_dags/example_branch_python_dop_operator_3.py
[2024-08-06T22:34:20.892+0800] {processor.py:840} INFO - DAG(s) 'example_branch_dop_operator_v3' retrieved from /home/haziq/Documents/pl-data-engineering/venv/lib/python3.12/site-packages/airflow/example_dags/example_branch_python_dop_operator_3.py
[2024-08-06T22:34:20.917+0800] {logging_mixin.py:188} INFO - [2024-08-06T22:34:20.916+0800] {dag.py:3089} INFO - Sync 1 DAGs
[2024-08-06T22:34:20.952+0800] {logging_mixin.py:188} INFO - [2024-08-06T22:34:20.951+0800] {dag.py:3947} INFO - Setting next_dagrun for example_branch_dop_operator_v3 to 2024-08-06 14:33:00+00:00, run_after=2024-08-06 14:34:00+00:00
[2024-08-06T22:34:20.987+0800] {processor.py:183} INFO - Processing /home/haziq/Documents/pl-data-engineering/venv/lib/python3.12/site-packages/airflow/example_dags/example_branch_python_dop_operator_3.py took 0.131 seconds
[2024-08-06T22:35:58.887+0800] {processor.py:161} INFO - Started process (PID=94351) to work on /home/haziq/Documents/pl-data-engineering/venv/lib/python3.12/site-packages/airflow/example_dags/example_branch_python_dop_operator_3.py
[2024-08-06T22:35:58.889+0800] {processor.py:830} INFO - Processing file /home/haziq/Documents/pl-data-engineering/venv/lib/python3.12/site-packages/airflow/example_dags/example_branch_python_dop_operator_3.py for tasks to queue
[2024-08-06T22:35:58.892+0800] {logging_mixin.py:188} INFO - [2024-08-06T22:35:58.891+0800] {dagbag.py:545} INFO - Filling up the DagBag from /home/haziq/Documents/pl-data-engineering/venv/lib/python3.12/site-packages/airflow/example_dags/example_branch_python_dop_operator_3.py
[2024-08-06T22:35:58.908+0800] {processor.py:840} INFO - DAG(s) 'example_branch_dop_operator_v3' retrieved from /home/haziq/Documents/pl-data-engineering/venv/lib/python3.12/site-packages/airflow/example_dags/example_branch_python_dop_operator_3.py
[2024-08-06T22:35:59.079+0800] {logging_mixin.py:188} INFO - [2024-08-06T22:35:59.079+0800] {dag.py:3089} INFO - Sync 1 DAGs
[2024-08-06T22:35:59.117+0800] {logging_mixin.py:188} INFO - [2024-08-06T22:35:59.117+0800] {dag.py:3947} INFO - Setting next_dagrun for example_branch_dop_operator_v3 to 2024-08-06 14:34:00+00:00, run_after=2024-08-06 14:35:00+00:00
[2024-08-06T22:35:59.151+0800] {processor.py:183} INFO - Processing /home/haziq/Documents/pl-data-engineering/venv/lib/python3.12/site-packages/airflow/example_dags/example_branch_python_dop_operator_3.py took 0.275 seconds
[2024-08-06T22:37:03.143+0800] {processor.py:161} INFO - Started process (PID=94772) to work on /home/haziq/Documents/pl-data-engineering/venv/lib/python3.12/site-packages/airflow/example_dags/example_branch_python_dop_operator_3.py
[2024-08-06T22:37:03.145+0800] {processor.py:830} INFO - Processing file /home/haziq/Documents/pl-data-engineering/venv/lib/python3.12/site-packages/airflow/example_dags/example_branch_python_dop_operator_3.py for tasks to queue
[2024-08-06T22:37:03.149+0800] {logging_mixin.py:188} INFO - [2024-08-06T22:37:03.148+0800] {dagbag.py:545} INFO - Filling up the DagBag from /home/haziq/Documents/pl-data-engineering/venv/lib/python3.12/site-packages/airflow/example_dags/example_branch_python_dop_operator_3.py
[2024-08-06T22:37:03.166+0800] {processor.py:840} INFO - DAG(s) 'example_branch_dop_operator_v3' retrieved from /home/haziq/Documents/pl-data-engineering/venv/lib/python3.12/site-packages/airflow/example_dags/example_branch_python_dop_operator_3.py
[2024-08-06T22:37:03.202+0800] {logging_mixin.py:188} INFO - [2024-08-06T22:37:03.202+0800] {dag.py:3089} INFO - Sync 1 DAGs
[2024-08-06T22:37:03.251+0800] {logging_mixin.py:188} INFO - [2024-08-06T22:37:03.250+0800] {dag.py:3947} INFO - Setting next_dagrun for example_branch_dop_operator_v3 to 2024-08-06 14:36:00+00:00, run_after=2024-08-06 14:37:00+00:00
[2024-08-06T22:37:03.325+0800] {processor.py:183} INFO - Processing /home/haziq/Documents/pl-data-engineering/venv/lib/python3.12/site-packages/airflow/example_dags/example_branch_python_dop_operator_3.py took 0.193 seconds
[2024-08-06T22:38:03.462+0800] {processor.py:161} INFO - Started process (PID=95175) to work on /home/haziq/Documents/pl-data-engineering/venv/lib/python3.12/site-packages/airflow/example_dags/example_branch_python_dop_operator_3.py
[2024-08-06T22:38:03.463+0800] {processor.py:830} INFO - Processing file /home/haziq/Documents/pl-data-engineering/venv/lib/python3.12/site-packages/airflow/example_dags/example_branch_python_dop_operator_3.py for tasks to queue
[2024-08-06T22:38:03.466+0800] {logging_mixin.py:188} INFO - [2024-08-06T22:38:03.465+0800] {dagbag.py:545} INFO - Filling up the DagBag from /home/haziq/Documents/pl-data-engineering/venv/lib/python3.12/site-packages/airflow/example_dags/example_branch_python_dop_operator_3.py
[2024-08-06T22:38:03.480+0800] {processor.py:840} INFO - DAG(s) 'example_branch_dop_operator_v3' retrieved from /home/haziq/Documents/pl-data-engineering/venv/lib/python3.12/site-packages/airflow/example_dags/example_branch_python_dop_operator_3.py
[2024-08-06T22:38:03.503+0800] {logging_mixin.py:188} INFO - [2024-08-06T22:38:03.503+0800] {dag.py:3089} INFO - Sync 1 DAGs
[2024-08-06T22:38:03.538+0800] {logging_mixin.py:188} INFO - [2024-08-06T22:38:03.537+0800] {dag.py:3947} INFO - Setting next_dagrun for example_branch_dop_operator_v3 to 2024-08-06 14:37:00+00:00, run_after=2024-08-06 14:38:00+00:00
[2024-08-06T22:38:03.575+0800] {processor.py:183} INFO - Processing /home/haziq/Documents/pl-data-engineering/venv/lib/python3.12/site-packages/airflow/example_dags/example_branch_python_dop_operator_3.py took 0.121 seconds
[2024-08-06T22:38:59.689+0800] {processor.py:161} INFO - Started process (PID=95574) to work on /home/haziq/Documents/pl-data-engineering/venv/lib/python3.12/site-packages/airflow/example_dags/example_branch_python_dop_operator_3.py
[2024-08-06T22:38:59.690+0800] {processor.py:830} INFO - Processing file /home/haziq/Documents/pl-data-engineering/venv/lib/python3.12/site-packages/airflow/example_dags/example_branch_python_dop_operator_3.py for tasks to queue
[2024-08-06T22:38:59.694+0800] {logging_mixin.py:188} INFO - [2024-08-06T22:38:59.693+0800] {dagbag.py:545} INFO - Filling up the DagBag from /home/haziq/Documents/pl-data-engineering/venv/lib/python3.12/site-packages/airflow/example_dags/example_branch_python_dop_operator_3.py
[2024-08-06T22:38:59.711+0800] {processor.py:840} INFO - DAG(s) 'example_branch_dop_operator_v3' retrieved from /home/haziq/Documents/pl-data-engineering/venv/lib/python3.12/site-packages/airflow/example_dags/example_branch_python_dop_operator_3.py
[2024-08-06T22:38:59.736+0800] {logging_mixin.py:188} INFO - [2024-08-06T22:38:59.735+0800] {dag.py:3089} INFO - Sync 1 DAGs
[2024-08-06T22:38:59.774+0800] {logging_mixin.py:188} INFO - [2024-08-06T22:38:59.773+0800] {dag.py:3947} INFO - Setting next_dagrun for example_branch_dop_operator_v3 to 2024-08-06 14:37:00+00:00, run_after=2024-08-06 14:38:00+00:00
[2024-08-06T22:38:59.812+0800] {processor.py:183} INFO - Processing /home/haziq/Documents/pl-data-engineering/venv/lib/python3.12/site-packages/airflow/example_dags/example_branch_python_dop_operator_3.py took 0.134 seconds
[2024-08-06T22:39:54.580+0800] {processor.py:161} INFO - Started process (PID=96035) to work on /home/haziq/Documents/pl-data-engineering/venv/lib/python3.12/site-packages/airflow/example_dags/example_branch_python_dop_operator_3.py
[2024-08-06T22:39:54.582+0800] {processor.py:830} INFO - Processing file /home/haziq/Documents/pl-data-engineering/venv/lib/python3.12/site-packages/airflow/example_dags/example_branch_python_dop_operator_3.py for tasks to queue
[2024-08-06T22:39:54.584+0800] {logging_mixin.py:188} INFO - [2024-08-06T22:39:54.584+0800] {dagbag.py:545} INFO - Filling up the DagBag from /home/haziq/Documents/pl-data-engineering/venv/lib/python3.12/site-packages/airflow/example_dags/example_branch_python_dop_operator_3.py
[2024-08-06T22:39:54.597+0800] {processor.py:840} INFO - DAG(s) 'example_branch_dop_operator_v3' retrieved from /home/haziq/Documents/pl-data-engineering/venv/lib/python3.12/site-packages/airflow/example_dags/example_branch_python_dop_operator_3.py
[2024-08-06T22:39:54.622+0800] {logging_mixin.py:188} INFO - [2024-08-06T22:39:54.621+0800] {dag.py:3089} INFO - Sync 1 DAGs
[2024-08-06T22:39:54.655+0800] {logging_mixin.py:188} INFO - [2024-08-06T22:39:54.655+0800] {dag.py:3947} INFO - Setting next_dagrun for example_branch_dop_operator_v3 to 2024-08-06 14:38:00+00:00, run_after=2024-08-06 14:39:00+00:00
[2024-08-06T22:39:54.690+0800] {processor.py:183} INFO - Processing /home/haziq/Documents/pl-data-engineering/venv/lib/python3.12/site-packages/airflow/example_dags/example_branch_python_dop_operator_3.py took 0.119 seconds
[2024-08-06T22:40:45.659+0800] {processor.py:161} INFO - Started process (PID=96419) to work on /home/haziq/Documents/pl-data-engineering/venv/lib/python3.12/site-packages/airflow/example_dags/example_branch_python_dop_operator_3.py
[2024-08-06T22:40:45.661+0800] {processor.py:830} INFO - Processing file /home/haziq/Documents/pl-data-engineering/venv/lib/python3.12/site-packages/airflow/example_dags/example_branch_python_dop_operator_3.py for tasks to queue
[2024-08-06T22:40:45.664+0800] {logging_mixin.py:188} INFO - [2024-08-06T22:40:45.663+0800] {dagbag.py:545} INFO - Filling up the DagBag from /home/haziq/Documents/pl-data-engineering/venv/lib/python3.12/site-packages/airflow/example_dags/example_branch_python_dop_operator_3.py
[2024-08-06T22:40:45.679+0800] {processor.py:840} INFO - DAG(s) 'example_branch_dop_operator_v3' retrieved from /home/haziq/Documents/pl-data-engineering/venv/lib/python3.12/site-packages/airflow/example_dags/example_branch_python_dop_operator_3.py
[2024-08-06T22:40:45.707+0800] {logging_mixin.py:188} INFO - [2024-08-06T22:40:45.706+0800] {dag.py:3089} INFO - Sync 1 DAGs
[2024-08-06T22:40:45.749+0800] {logging_mixin.py:188} INFO - [2024-08-06T22:40:45.749+0800] {dag.py:3947} INFO - Setting next_dagrun for example_branch_dop_operator_v3 to 2024-08-06 14:39:00+00:00, run_after=2024-08-06 14:40:00+00:00
[2024-08-06T22:40:45.799+0800] {processor.py:183} INFO - Processing /home/haziq/Documents/pl-data-engineering/venv/lib/python3.12/site-packages/airflow/example_dags/example_branch_python_dop_operator_3.py took 0.150 seconds
[2024-08-06T22:41:38.332+0800] {processor.py:161} INFO - Started process (PID=96784) to work on /home/haziq/Documents/pl-data-engineering/venv/lib/python3.12/site-packages/airflow/example_dags/example_branch_python_dop_operator_3.py
[2024-08-06T22:41:38.334+0800] {processor.py:830} INFO - Processing file /home/haziq/Documents/pl-data-engineering/venv/lib/python3.12/site-packages/airflow/example_dags/example_branch_python_dop_operator_3.py for tasks to queue
[2024-08-06T22:41:38.337+0800] {logging_mixin.py:188} INFO - [2024-08-06T22:41:38.336+0800] {dagbag.py:545} INFO - Filling up the DagBag from /home/haziq/Documents/pl-data-engineering/venv/lib/python3.12/site-packages/airflow/example_dags/example_branch_python_dop_operator_3.py
[2024-08-06T22:41:38.350+0800] {processor.py:840} INFO - DAG(s) 'example_branch_dop_operator_v3' retrieved from /home/haziq/Documents/pl-data-engineering/venv/lib/python3.12/site-packages/airflow/example_dags/example_branch_python_dop_operator_3.py
[2024-08-06T22:41:38.377+0800] {logging_mixin.py:188} INFO - [2024-08-06T22:41:38.376+0800] {dag.py:3089} INFO - Sync 1 DAGs
[2024-08-06T22:41:38.415+0800] {logging_mixin.py:188} INFO - [2024-08-06T22:41:38.415+0800] {dag.py:3947} INFO - Setting next_dagrun for example_branch_dop_operator_v3 to 2024-08-06 14:40:00+00:00, run_after=2024-08-06 14:41:00+00:00
[2024-08-06T22:41:38.452+0800] {processor.py:183} INFO - Processing /home/haziq/Documents/pl-data-engineering/venv/lib/python3.12/site-packages/airflow/example_dags/example_branch_python_dop_operator_3.py took 0.128 seconds
[2024-08-06T22:42:32.242+0800] {processor.py:161} INFO - Started process (PID=97115) to work on /home/haziq/Documents/pl-data-engineering/venv/lib/python3.12/site-packages/airflow/example_dags/example_branch_python_dop_operator_3.py
[2024-08-06T22:42:32.244+0800] {processor.py:830} INFO - Processing file /home/haziq/Documents/pl-data-engineering/venv/lib/python3.12/site-packages/airflow/example_dags/example_branch_python_dop_operator_3.py for tasks to queue
[2024-08-06T22:42:32.249+0800] {logging_mixin.py:188} INFO - [2024-08-06T22:42:32.248+0800] {dagbag.py:545} INFO - Filling up the DagBag from /home/haziq/Documents/pl-data-engineering/venv/lib/python3.12/site-packages/airflow/example_dags/example_branch_python_dop_operator_3.py
[2024-08-06T22:42:32.267+0800] {processor.py:840} INFO - DAG(s) 'example_branch_dop_operator_v3' retrieved from /home/haziq/Documents/pl-data-engineering/venv/lib/python3.12/site-packages/airflow/example_dags/example_branch_python_dop_operator_3.py
[2024-08-06T22:42:32.301+0800] {logging_mixin.py:188} INFO - [2024-08-06T22:42:32.301+0800] {dag.py:3089} INFO - Sync 1 DAGs
[2024-08-06T22:42:32.347+0800] {logging_mixin.py:188} INFO - [2024-08-06T22:42:32.346+0800] {dag.py:3947} INFO - Setting next_dagrun for example_branch_dop_operator_v3 to 2024-08-06 14:41:00+00:00, run_after=2024-08-06 14:42:00+00:00
[2024-08-06T22:42:32.390+0800] {processor.py:183} INFO - Processing /home/haziq/Documents/pl-data-engineering/venv/lib/python3.12/site-packages/airflow/example_dags/example_branch_python_dop_operator_3.py took 0.158 seconds
