[2024-08-06T22:33:36.631+0800] {processor.py:161} INFO - Started process (PID=93290) to work on /home/haziq/Documents/pl-data-engineering/venv/lib/python3.12/site-packages/airflow/example_dags/example_branch_datetime_operator.py
[2024-08-06T22:33:36.632+0800] {processor.py:830} INFO - Processing file /home/haziq/Documents/pl-data-engineering/venv/lib/python3.12/site-packages/airflow/example_dags/example_branch_datetime_operator.py for tasks to queue
[2024-08-06T22:33:36.635+0800] {logging_mixin.py:188} INFO - [2024-08-06T22:33:36.634+0800] {dagbag.py:545} INFO - Filling up the DagBag from /home/haziq/Documents/pl-data-engineering/venv/lib/python3.12/site-packages/airflow/example_dags/example_branch_datetime_operator.py
[2024-08-06T22:33:36.650+0800] {processor.py:840} INFO - DAG(s) 'example_branch_datetime_operator_3', 'example_branch_datetime_operator_2', 'example_branch_datetime_operator' retrieved from /home/haziq/Documents/pl-data-engineering/venv/lib/python3.12/site-packages/airflow/example_dags/example_branch_datetime_operator.py
[2024-08-06T22:33:36.822+0800] {logging_mixin.py:188} INFO - [2024-08-06T22:33:36.821+0800] {override.py:1858} INFO - Created Permission View: can delete on DAG:example_branch_datetime_operator_3
[2024-08-06T22:33:36.845+0800] {logging_mixin.py:188} INFO - [2024-08-06T22:33:36.844+0800] {override.py:1858} INFO - Created Permission View: can read on DAG:example_branch_datetime_operator_3
[2024-08-06T22:33:36.868+0800] {logging_mixin.py:188} INFO - [2024-08-06T22:33:36.868+0800] {override.py:1858} INFO - Created Permission View: can edit on DAG:example_branch_datetime_operator_3
[2024-08-06T22:33:36.898+0800] {logging_mixin.py:188} INFO - [2024-08-06T22:33:36.897+0800] {override.py:1858} INFO - Created Permission View: can delete on DAG:example_branch_datetime_operator_2
[2024-08-06T22:33:36.912+0800] {logging_mixin.py:188} INFO - [2024-08-06T22:33:36.911+0800] {override.py:1858} INFO - Created Permission View: can read on DAG:example_branch_datetime_operator_2
[2024-08-06T22:33:36.925+0800] {logging_mixin.py:188} INFO - [2024-08-06T22:33:36.925+0800] {override.py:1858} INFO - Created Permission View: can edit on DAG:example_branch_datetime_operator_2
[2024-08-06T22:33:36.955+0800] {logging_mixin.py:188} INFO - [2024-08-06T22:33:36.954+0800] {override.py:1858} INFO - Created Permission View: can delete on DAG:example_branch_datetime_operator
[2024-08-06T22:33:36.968+0800] {logging_mixin.py:188} INFO - [2024-08-06T22:33:36.967+0800] {override.py:1858} INFO - Created Permission View: can read on DAG:example_branch_datetime_operator
[2024-08-06T22:33:36.981+0800] {logging_mixin.py:188} INFO - [2024-08-06T22:33:36.980+0800] {override.py:1858} INFO - Created Permission View: can edit on DAG:example_branch_datetime_operator
[2024-08-06T22:33:36.982+0800] {logging_mixin.py:188} INFO - [2024-08-06T22:33:36.981+0800] {dag.py:3089} INFO - Sync 3 DAGs
[2024-08-06T22:33:36.997+0800] {logging_mixin.py:188} INFO - [2024-08-06T22:33:36.997+0800] {dag.py:3111} INFO - Creating ORM DAG for example_branch_datetime_operator_2
[2024-08-06T22:33:36.998+0800] {logging_mixin.py:188} INFO - [2024-08-06T22:33:36.998+0800] {dag.py:3111} INFO - Creating ORM DAG for example_branch_datetime_operator_3
[2024-08-06T22:33:36.999+0800] {logging_mixin.py:188} INFO - [2024-08-06T22:33:36.999+0800] {dag.py:3111} INFO - Creating ORM DAG for example_branch_datetime_operator
[2024-08-06T22:33:37.016+0800] {logging_mixin.py:188} INFO - [2024-08-06T22:33:37.015+0800] {dag.py:3947} INFO - Setting next_dagrun for example_branch_datetime_operator to 2024-08-05 00:00:00+00:00, run_after=2024-08-06 00:00:00+00:00
[2024-08-06T22:33:37.019+0800] {logging_mixin.py:188} INFO - [2024-08-06T22:33:37.018+0800] {dag.py:3947} INFO - Setting next_dagrun for example_branch_datetime_operator_2 to 2024-08-05 00:00:00+00:00, run_after=2024-08-06 00:00:00+00:00
[2024-08-06T22:33:37.021+0800] {logging_mixin.py:188} INFO - [2024-08-06T22:33:37.021+0800] {dag.py:3947} INFO - Setting next_dagrun for example_branch_datetime_operator_3 to 2024-08-05 00:00:00+00:00, run_after=2024-08-06 00:00:00+00:00
[2024-08-06T22:33:37.056+0800] {processor.py:183} INFO - Processing /home/haziq/Documents/pl-data-engineering/venv/lib/python3.12/site-packages/airflow/example_dags/example_branch_datetime_operator.py took 0.436 seconds
[2024-08-06T22:34:35.274+0800] {processor.py:161} INFO - Started process (PID=93701) to work on /home/haziq/Documents/pl-data-engineering/venv/lib/python3.12/site-packages/airflow/example_dags/example_branch_datetime_operator.py
[2024-08-06T22:34:35.283+0800] {processor.py:830} INFO - Processing file /home/haziq/Documents/pl-data-engineering/venv/lib/python3.12/site-packages/airflow/example_dags/example_branch_datetime_operator.py for tasks to queue
[2024-08-06T22:34:35.286+0800] {logging_mixin.py:188} INFO - [2024-08-06T22:34:35.286+0800] {dagbag.py:545} INFO - Filling up the DagBag from /home/haziq/Documents/pl-data-engineering/venv/lib/python3.12/site-packages/airflow/example_dags/example_branch_datetime_operator.py
[2024-08-06T22:34:35.301+0800] {processor.py:840} INFO - DAG(s) 'example_branch_datetime_operator_2', 'example_branch_datetime_operator', 'example_branch_datetime_operator_3' retrieved from /home/haziq/Documents/pl-data-engineering/venv/lib/python3.12/site-packages/airflow/example_dags/example_branch_datetime_operator.py
[2024-08-06T22:34:35.335+0800] {logging_mixin.py:188} INFO - [2024-08-06T22:34:35.335+0800] {dag.py:3089} INFO - Sync 3 DAGs
[2024-08-06T22:34:35.368+0800] {logging_mixin.py:188} INFO - [2024-08-06T22:34:35.367+0800] {dag.py:3947} INFO - Setting next_dagrun for example_branch_datetime_operator to 2024-08-05 00:00:00+00:00, run_after=2024-08-06 00:00:00+00:00
[2024-08-06T22:34:35.375+0800] {logging_mixin.py:188} INFO - [2024-08-06T22:34:35.374+0800] {dag.py:3947} INFO - Setting next_dagrun for example_branch_datetime_operator_2 to 2024-08-05 00:00:00+00:00, run_after=2024-08-06 00:00:00+00:00
[2024-08-06T22:34:35.378+0800] {logging_mixin.py:188} INFO - [2024-08-06T22:34:35.378+0800] {dag.py:3947} INFO - Setting next_dagrun for example_branch_datetime_operator_3 to 2024-08-05 00:00:00+00:00, run_after=2024-08-06 00:00:00+00:00
[2024-08-06T22:34:35.418+0800] {processor.py:183} INFO - Processing /home/haziq/Documents/pl-data-engineering/venv/lib/python3.12/site-packages/airflow/example_dags/example_branch_datetime_operator.py took 0.155 seconds
[2024-08-06T22:36:15.755+0800] {processor.py:161} INFO - Started process (PID=94451) to work on /home/haziq/Documents/pl-data-engineering/venv/lib/python3.12/site-packages/airflow/example_dags/example_branch_datetime_operator.py
[2024-08-06T22:36:15.757+0800] {processor.py:830} INFO - Processing file /home/haziq/Documents/pl-data-engineering/venv/lib/python3.12/site-packages/airflow/example_dags/example_branch_datetime_operator.py for tasks to queue
[2024-08-06T22:36:15.759+0800] {logging_mixin.py:188} INFO - [2024-08-06T22:36:15.759+0800] {dagbag.py:545} INFO - Filling up the DagBag from /home/haziq/Documents/pl-data-engineering/venv/lib/python3.12/site-packages/airflow/example_dags/example_branch_datetime_operator.py
[2024-08-06T22:36:15.774+0800] {processor.py:840} INFO - DAG(s) 'example_branch_datetime_operator_3', 'example_branch_datetime_operator', 'example_branch_datetime_operator_2' retrieved from /home/haziq/Documents/pl-data-engineering/venv/lib/python3.12/site-packages/airflow/example_dags/example_branch_datetime_operator.py
[2024-08-06T22:36:15.935+0800] {logging_mixin.py:188} INFO - [2024-08-06T22:36:15.935+0800] {dag.py:3089} INFO - Sync 3 DAGs
[2024-08-06T22:36:15.965+0800] {logging_mixin.py:188} INFO - [2024-08-06T22:36:15.964+0800] {dag.py:3947} INFO - Setting next_dagrun for example_branch_datetime_operator to 2024-08-05 00:00:00+00:00, run_after=2024-08-06 00:00:00+00:00
[2024-08-06T22:36:15.971+0800] {logging_mixin.py:188} INFO - [2024-08-06T22:36:15.970+0800] {dag.py:3947} INFO - Setting next_dagrun for example_branch_datetime_operator_2 to 2024-08-05 00:00:00+00:00, run_after=2024-08-06 00:00:00+00:00
[2024-08-06T22:36:15.974+0800] {logging_mixin.py:188} INFO - [2024-08-06T22:36:15.973+0800] {dag.py:3947} INFO - Setting next_dagrun for example_branch_datetime_operator_3 to 2024-08-05 00:00:00+00:00, run_after=2024-08-06 00:00:00+00:00
[2024-08-06T22:36:16.014+0800] {processor.py:183} INFO - Processing /home/haziq/Documents/pl-data-engineering/venv/lib/python3.12/site-packages/airflow/example_dags/example_branch_datetime_operator.py took 0.269 seconds
[2024-08-06T22:37:18.223+0800] {processor.py:161} INFO - Started process (PID=94871) to work on /home/haziq/Documents/pl-data-engineering/venv/lib/python3.12/site-packages/airflow/example_dags/example_branch_datetime_operator.py
[2024-08-06T22:37:18.225+0800] {processor.py:830} INFO - Processing file /home/haziq/Documents/pl-data-engineering/venv/lib/python3.12/site-packages/airflow/example_dags/example_branch_datetime_operator.py for tasks to queue
[2024-08-06T22:37:18.228+0800] {logging_mixin.py:188} INFO - [2024-08-06T22:37:18.227+0800] {dagbag.py:545} INFO - Filling up the DagBag from /home/haziq/Documents/pl-data-engineering/venv/lib/python3.12/site-packages/airflow/example_dags/example_branch_datetime_operator.py
[2024-08-06T22:37:18.243+0800] {processor.py:840} INFO - DAG(s) 'example_branch_datetime_operator_3', 'example_branch_datetime_operator', 'example_branch_datetime_operator_2' retrieved from /home/haziq/Documents/pl-data-engineering/venv/lib/python3.12/site-packages/airflow/example_dags/example_branch_datetime_operator.py
[2024-08-06T22:37:18.278+0800] {logging_mixin.py:188} INFO - [2024-08-06T22:37:18.277+0800] {dag.py:3089} INFO - Sync 3 DAGs
[2024-08-06T22:37:18.309+0800] {logging_mixin.py:188} INFO - [2024-08-06T22:37:18.309+0800] {dag.py:3947} INFO - Setting next_dagrun for example_branch_datetime_operator to 2024-08-05 00:00:00+00:00, run_after=2024-08-06 00:00:00+00:00
[2024-08-06T22:37:18.317+0800] {logging_mixin.py:188} INFO - [2024-08-06T22:37:18.316+0800] {dag.py:3947} INFO - Setting next_dagrun for example_branch_datetime_operator_2 to 2024-08-05 00:00:00+00:00, run_after=2024-08-06 00:00:00+00:00
[2024-08-06T22:37:18.320+0800] {logging_mixin.py:188} INFO - [2024-08-06T22:37:18.320+0800] {dag.py:3947} INFO - Setting next_dagrun for example_branch_datetime_operator_3 to 2024-08-05 00:00:00+00:00, run_after=2024-08-06 00:00:00+00:00
[2024-08-06T22:37:18.355+0800] {processor.py:183} INFO - Processing /home/haziq/Documents/pl-data-engineering/venv/lib/python3.12/site-packages/airflow/example_dags/example_branch_datetime_operator.py took 0.145 seconds
[2024-08-06T22:38:16.916+0800] {processor.py:161} INFO - Started process (PID=95255) to work on /home/haziq/Documents/pl-data-engineering/venv/lib/python3.12/site-packages/airflow/example_dags/example_branch_datetime_operator.py
[2024-08-06T22:38:16.917+0800] {processor.py:830} INFO - Processing file /home/haziq/Documents/pl-data-engineering/venv/lib/python3.12/site-packages/airflow/example_dags/example_branch_datetime_operator.py for tasks to queue
[2024-08-06T22:38:16.920+0800] {logging_mixin.py:188} INFO - [2024-08-06T22:38:16.919+0800] {dagbag.py:545} INFO - Filling up the DagBag from /home/haziq/Documents/pl-data-engineering/venv/lib/python3.12/site-packages/airflow/example_dags/example_branch_datetime_operator.py
[2024-08-06T22:38:16.934+0800] {processor.py:840} INFO - DAG(s) 'example_branch_datetime_operator_2', 'example_branch_datetime_operator_3', 'example_branch_datetime_operator' retrieved from /home/haziq/Documents/pl-data-engineering/venv/lib/python3.12/site-packages/airflow/example_dags/example_branch_datetime_operator.py
[2024-08-06T22:38:16.969+0800] {logging_mixin.py:188} INFO - [2024-08-06T22:38:16.969+0800] {dag.py:3089} INFO - Sync 3 DAGs
[2024-08-06T22:38:17.002+0800] {logging_mixin.py:188} INFO - [2024-08-06T22:38:17.002+0800] {dag.py:3947} INFO - Setting next_dagrun for example_branch_datetime_operator to 2024-08-05 00:00:00+00:00, run_after=2024-08-06 00:00:00+00:00
[2024-08-06T22:38:17.010+0800] {logging_mixin.py:188} INFO - [2024-08-06T22:38:17.009+0800] {dag.py:3947} INFO - Setting next_dagrun for example_branch_datetime_operator_2 to 2024-08-05 00:00:00+00:00, run_after=2024-08-06 00:00:00+00:00
[2024-08-06T22:38:17.013+0800] {logging_mixin.py:188} INFO - [2024-08-06T22:38:17.013+0800] {dag.py:3947} INFO - Setting next_dagrun for example_branch_datetime_operator_3 to 2024-08-05 00:00:00+00:00, run_after=2024-08-06 00:00:00+00:00
[2024-08-06T22:38:17.047+0800] {processor.py:183} INFO - Processing /home/haziq/Documents/pl-data-engineering/venv/lib/python3.12/site-packages/airflow/example_dags/example_branch_datetime_operator.py took 0.140 seconds
[2024-08-06T22:39:38.545+0800] {processor.py:161} INFO - Started process (PID=95921) to work on /home/haziq/Documents/pl-data-engineering/venv/lib/python3.12/site-packages/airflow/example_dags/example_branch_datetime_operator.py
[2024-08-06T22:39:38.546+0800] {processor.py:830} INFO - Processing file /home/haziq/Documents/pl-data-engineering/venv/lib/python3.12/site-packages/airflow/example_dags/example_branch_datetime_operator.py for tasks to queue
[2024-08-06T22:39:38.549+0800] {logging_mixin.py:188} INFO - [2024-08-06T22:39:38.548+0800] {dagbag.py:545} INFO - Filling up the DagBag from /home/haziq/Documents/pl-data-engineering/venv/lib/python3.12/site-packages/airflow/example_dags/example_branch_datetime_operator.py
[2024-08-06T22:39:38.564+0800] {processor.py:840} INFO - DAG(s) 'example_branch_datetime_operator', 'example_branch_datetime_operator_3', 'example_branch_datetime_operator_2' retrieved from /home/haziq/Documents/pl-data-engineering/venv/lib/python3.12/site-packages/airflow/example_dags/example_branch_datetime_operator.py
[2024-08-06T22:39:38.598+0800] {logging_mixin.py:188} INFO - [2024-08-06T22:39:38.597+0800] {dag.py:3089} INFO - Sync 3 DAGs
[2024-08-06T22:39:38.630+0800] {logging_mixin.py:188} INFO - [2024-08-06T22:39:38.630+0800] {dag.py:3947} INFO - Setting next_dagrun for example_branch_datetime_operator to 2024-08-05 00:00:00+00:00, run_after=2024-08-06 00:00:00+00:00
[2024-08-06T22:39:38.638+0800] {logging_mixin.py:188} INFO - [2024-08-06T22:39:38.637+0800] {dag.py:3947} INFO - Setting next_dagrun for example_branch_datetime_operator_2 to 2024-08-05 00:00:00+00:00, run_after=2024-08-06 00:00:00+00:00
[2024-08-06T22:39:38.641+0800] {logging_mixin.py:188} INFO - [2024-08-06T22:39:38.640+0800] {dag.py:3947} INFO - Setting next_dagrun for example_branch_datetime_operator_3 to 2024-08-05 00:00:00+00:00, run_after=2024-08-06 00:00:00+00:00
[2024-08-06T22:39:38.675+0800] {processor.py:183} INFO - Processing /home/haziq/Documents/pl-data-engineering/venv/lib/python3.12/site-packages/airflow/example_dags/example_branch_datetime_operator.py took 0.147 seconds
[2024-08-06T22:40:53.459+0800] {processor.py:161} INFO - Started process (PID=96481) to work on /home/haziq/Documents/pl-data-engineering/venv/lib/python3.12/site-packages/airflow/example_dags/example_branch_datetime_operator.py
[2024-08-06T22:40:53.461+0800] {processor.py:830} INFO - Processing file /home/haziq/Documents/pl-data-engineering/venv/lib/python3.12/site-packages/airflow/example_dags/example_branch_datetime_operator.py for tasks to queue
[2024-08-06T22:40:53.463+0800] {logging_mixin.py:188} INFO - [2024-08-06T22:40:53.463+0800] {dagbag.py:545} INFO - Filling up the DagBag from /home/haziq/Documents/pl-data-engineering/venv/lib/python3.12/site-packages/airflow/example_dags/example_branch_datetime_operator.py
[2024-08-06T22:40:53.478+0800] {processor.py:840} INFO - DAG(s) 'example_branch_datetime_operator', 'example_branch_datetime_operator_3', 'example_branch_datetime_operator_2' retrieved from /home/haziq/Documents/pl-data-engineering/venv/lib/python3.12/site-packages/airflow/example_dags/example_branch_datetime_operator.py
[2024-08-06T22:40:53.511+0800] {logging_mixin.py:188} INFO - [2024-08-06T22:40:53.510+0800] {dag.py:3089} INFO - Sync 3 DAGs
[2024-08-06T22:40:53.542+0800] {logging_mixin.py:188} INFO - [2024-08-06T22:40:53.541+0800] {dag.py:3947} INFO - Setting next_dagrun for example_branch_datetime_operator to 2024-08-05 00:00:00+00:00, run_after=2024-08-06 00:00:00+00:00
[2024-08-06T22:40:53.549+0800] {logging_mixin.py:188} INFO - [2024-08-06T22:40:53.548+0800] {dag.py:3947} INFO - Setting next_dagrun for example_branch_datetime_operator_2 to 2024-08-05 00:00:00+00:00, run_after=2024-08-06 00:00:00+00:00
[2024-08-06T22:40:53.552+0800] {logging_mixin.py:188} INFO - [2024-08-06T22:40:53.552+0800] {dag.py:3947} INFO - Setting next_dagrun for example_branch_datetime_operator_3 to 2024-08-05 00:00:00+00:00, run_after=2024-08-06 00:00:00+00:00
[2024-08-06T22:40:53.583+0800] {processor.py:183} INFO - Processing /home/haziq/Documents/pl-data-engineering/venv/lib/python3.12/site-packages/airflow/example_dags/example_branch_datetime_operator.py took 0.136 seconds
[2024-08-06T22:42:12.490+0800] {processor.py:161} INFO - Started process (PID=96980) to work on /home/haziq/Documents/pl-data-engineering/venv/lib/python3.12/site-packages/airflow/example_dags/example_branch_datetime_operator.py
[2024-08-06T22:42:12.498+0800] {processor.py:830} INFO - Processing file /home/haziq/Documents/pl-data-engineering/venv/lib/python3.12/site-packages/airflow/example_dags/example_branch_datetime_operator.py for tasks to queue
[2024-08-06T22:42:12.501+0800] {logging_mixin.py:188} INFO - [2024-08-06T22:42:12.500+0800] {dagbag.py:545} INFO - Filling up the DagBag from /home/haziq/Documents/pl-data-engineering/venv/lib/python3.12/site-packages/airflow/example_dags/example_branch_datetime_operator.py
[2024-08-06T22:42:12.516+0800] {processor.py:840} INFO - DAG(s) 'example_branch_datetime_operator_2', 'example_branch_datetime_operator', 'example_branch_datetime_operator_3' retrieved from /home/haziq/Documents/pl-data-engineering/venv/lib/python3.12/site-packages/airflow/example_dags/example_branch_datetime_operator.py
[2024-08-06T22:42:12.548+0800] {logging_mixin.py:188} INFO - [2024-08-06T22:42:12.548+0800] {dag.py:3089} INFO - Sync 3 DAGs
[2024-08-06T22:42:12.582+0800] {logging_mixin.py:188} INFO - [2024-08-06T22:42:12.582+0800] {dag.py:3947} INFO - Setting next_dagrun for example_branch_datetime_operator to 2024-08-05 00:00:00+00:00, run_after=2024-08-06 00:00:00+00:00
[2024-08-06T22:42:12.590+0800] {logging_mixin.py:188} INFO - [2024-08-06T22:42:12.589+0800] {dag.py:3947} INFO - Setting next_dagrun for example_branch_datetime_operator_2 to 2024-08-05 00:00:00+00:00, run_after=2024-08-06 00:00:00+00:00
[2024-08-06T22:42:12.594+0800] {logging_mixin.py:188} INFO - [2024-08-06T22:42:12.594+0800] {dag.py:3947} INFO - Setting next_dagrun for example_branch_datetime_operator_3 to 2024-08-05 00:00:00+00:00, run_after=2024-08-06 00:00:00+00:00
[2024-08-06T22:42:12.636+0800] {processor.py:183} INFO - Processing /home/haziq/Documents/pl-data-engineering/venv/lib/python3.12/site-packages/airflow/example_dags/example_branch_datetime_operator.py took 0.155 seconds
