[2024-08-06T22:33:39.381+0800] {processor.py:161} INFO - Started process (PID=93309) to work on /home/haziq/Documents/pl-data-engineering/venv/lib/python3.12/site-packages/airflow/example_dags/example_bash_operator.py
[2024-08-06T22:33:39.383+0800] {processor.py:830} INFO - Processing file /home/haziq/Documents/pl-data-engineering/venv/lib/python3.12/site-packages/airflow/example_dags/example_bash_operator.py for tasks to queue
[2024-08-06T22:33:39.385+0800] {logging_mixin.py:188} INFO - [2024-08-06T22:33:39.385+0800] {dagbag.py:545} INFO - Filling up the DagBag from /home/haziq/Documents/pl-data-engineering/venv/lib/python3.12/site-packages/airflow/example_dags/example_bash_operator.py
[2024-08-06T22:33:39.402+0800] {processor.py:840} INFO - DAG(s) 'example_bash_operator' retrieved from /home/haziq/Documents/pl-data-engineering/venv/lib/python3.12/site-packages/airflow/example_dags/example_bash_operator.py
[2024-08-06T22:33:39.584+0800] {logging_mixin.py:188} INFO - [2024-08-06T22:33:39.583+0800] {override.py:1858} INFO - Created Permission View: can delete on DAG:example_bash_operator
[2024-08-06T22:33:39.602+0800] {logging_mixin.py:188} INFO - [2024-08-06T22:33:39.601+0800] {override.py:1858} INFO - Created Permission View: can read on DAG:example_bash_operator
[2024-08-06T22:33:39.615+0800] {logging_mixin.py:188} INFO - [2024-08-06T22:33:39.615+0800] {override.py:1858} INFO - Created Permission View: can edit on DAG:example_bash_operator
[2024-08-06T22:33:39.616+0800] {logging_mixin.py:188} INFO - [2024-08-06T22:33:39.616+0800] {dag.py:3089} INFO - Sync 1 DAGs
[2024-08-06T22:33:39.635+0800] {logging_mixin.py:188} INFO - [2024-08-06T22:33:39.635+0800] {dag.py:3111} INFO - Creating ORM DAG for example_bash_operator
[2024-08-06T22:33:39.650+0800] {logging_mixin.py:188} INFO - [2024-08-06T22:33:39.650+0800] {dag.py:3947} INFO - Setting next_dagrun for example_bash_operator to 2024-08-05 00:00:00+00:00, run_after=2024-08-06 00:00:00+00:00
[2024-08-06T22:33:39.685+0800] {processor.py:183} INFO - Processing /home/haziq/Documents/pl-data-engineering/venv/lib/python3.12/site-packages/airflow/example_dags/example_bash_operator.py took 0.315 seconds
[2024-08-06T22:34:37.806+0800] {processor.py:161} INFO - Started process (PID=93720) to work on /home/haziq/Documents/pl-data-engineering/venv/lib/python3.12/site-packages/airflow/example_dags/example_bash_operator.py
[2024-08-06T22:34:37.815+0800] {processor.py:830} INFO - Processing file /home/haziq/Documents/pl-data-engineering/venv/lib/python3.12/site-packages/airflow/example_dags/example_bash_operator.py for tasks to queue
[2024-08-06T22:34:37.818+0800] {logging_mixin.py:188} INFO - [2024-08-06T22:34:37.817+0800] {dagbag.py:545} INFO - Filling up the DagBag from /home/haziq/Documents/pl-data-engineering/venv/lib/python3.12/site-packages/airflow/example_dags/example_bash_operator.py
[2024-08-06T22:34:37.837+0800] {processor.py:840} INFO - DAG(s) 'example_bash_operator' retrieved from /home/haziq/Documents/pl-data-engineering/venv/lib/python3.12/site-packages/airflow/example_dags/example_bash_operator.py
[2024-08-06T22:34:37.873+0800] {logging_mixin.py:188} INFO - [2024-08-06T22:34:37.873+0800] {dag.py:3089} INFO - Sync 1 DAGs
[2024-08-06T22:34:37.904+0800] {logging_mixin.py:188} INFO - [2024-08-06T22:34:37.903+0800] {dag.py:3947} INFO - Setting next_dagrun for example_bash_operator to 2024-08-05 00:00:00+00:00, run_after=2024-08-06 00:00:00+00:00
[2024-08-06T22:34:37.946+0800] {processor.py:183} INFO - Processing /home/haziq/Documents/pl-data-engineering/venv/lib/python3.12/site-packages/airflow/example_dags/example_bash_operator.py took 0.154 seconds
[2024-08-06T22:36:17.845+0800] {processor.py:161} INFO - Started process (PID=94464) to work on /home/haziq/Documents/pl-data-engineering/venv/lib/python3.12/site-packages/airflow/example_dags/example_bash_operator.py
[2024-08-06T22:36:17.848+0800] {processor.py:830} INFO - Processing file /home/haziq/Documents/pl-data-engineering/venv/lib/python3.12/site-packages/airflow/example_dags/example_bash_operator.py for tasks to queue
[2024-08-06T22:36:17.851+0800] {logging_mixin.py:188} INFO - [2024-08-06T22:36:17.851+0800] {dagbag.py:545} INFO - Filling up the DagBag from /home/haziq/Documents/pl-data-engineering/venv/lib/python3.12/site-packages/airflow/example_dags/example_bash_operator.py
[2024-08-06T22:36:17.877+0800] {processor.py:840} INFO - DAG(s) 'example_bash_operator' retrieved from /home/haziq/Documents/pl-data-engineering/venv/lib/python3.12/site-packages/airflow/example_dags/example_bash_operator.py
[2024-08-06T22:36:18.054+0800] {logging_mixin.py:188} INFO - [2024-08-06T22:36:18.054+0800] {dag.py:3089} INFO - Sync 1 DAGs
[2024-08-06T22:36:18.084+0800] {logging_mixin.py:188} INFO - [2024-08-06T22:36:18.084+0800] {dag.py:3947} INFO - Setting next_dagrun for example_bash_operator to 2024-08-05 00:00:00+00:00, run_after=2024-08-06 00:00:00+00:00
[2024-08-06T22:36:18.120+0800] {processor.py:183} INFO - Processing /home/haziq/Documents/pl-data-engineering/venv/lib/python3.12/site-packages/airflow/example_dags/example_bash_operator.py took 0.286 seconds
[2024-08-06T22:37:19.960+0800] {processor.py:161} INFO - Started process (PID=94885) to work on /home/haziq/Documents/pl-data-engineering/venv/lib/python3.12/site-packages/airflow/example_dags/example_bash_operator.py
[2024-08-06T22:37:19.961+0800] {processor.py:830} INFO - Processing file /home/haziq/Documents/pl-data-engineering/venv/lib/python3.12/site-packages/airflow/example_dags/example_bash_operator.py for tasks to queue
[2024-08-06T22:37:19.963+0800] {logging_mixin.py:188} INFO - [2024-08-06T22:37:19.963+0800] {dagbag.py:545} INFO - Filling up the DagBag from /home/haziq/Documents/pl-data-engineering/venv/lib/python3.12/site-packages/airflow/example_dags/example_bash_operator.py
[2024-08-06T22:37:19.981+0800] {processor.py:840} INFO - DAG(s) 'example_bash_operator' retrieved from /home/haziq/Documents/pl-data-engineering/venv/lib/python3.12/site-packages/airflow/example_dags/example_bash_operator.py
[2024-08-06T22:37:20.015+0800] {logging_mixin.py:188} INFO - [2024-08-06T22:37:20.014+0800] {dag.py:3089} INFO - Sync 1 DAGs
[2024-08-06T22:37:20.047+0800] {logging_mixin.py:188} INFO - [2024-08-06T22:37:20.046+0800] {dag.py:3947} INFO - Setting next_dagrun for example_bash_operator to 2024-08-05 00:00:00+00:00, run_after=2024-08-06 00:00:00+00:00
[2024-08-06T22:37:20.083+0800] {processor.py:183} INFO - Processing /home/haziq/Documents/pl-data-engineering/venv/lib/python3.12/site-packages/airflow/example_dags/example_bash_operator.py took 0.132 seconds
[2024-08-06T22:38:18.493+0800] {processor.py:161} INFO - Started process (PID=95272) to work on /home/haziq/Documents/pl-data-engineering/venv/lib/python3.12/site-packages/airflow/example_dags/example_bash_operator.py
[2024-08-06T22:38:18.495+0800] {processor.py:830} INFO - Processing file /home/haziq/Documents/pl-data-engineering/venv/lib/python3.12/site-packages/airflow/example_dags/example_bash_operator.py for tasks to queue
[2024-08-06T22:38:18.499+0800] {logging_mixin.py:188} INFO - [2024-08-06T22:38:18.498+0800] {dagbag.py:545} INFO - Filling up the DagBag from /home/haziq/Documents/pl-data-engineering/venv/lib/python3.12/site-packages/airflow/example_dags/example_bash_operator.py
[2024-08-06T22:38:18.520+0800] {processor.py:840} INFO - DAG(s) 'example_bash_operator' retrieved from /home/haziq/Documents/pl-data-engineering/venv/lib/python3.12/site-packages/airflow/example_dags/example_bash_operator.py
[2024-08-06T22:38:18.560+0800] {logging_mixin.py:188} INFO - [2024-08-06T22:38:18.559+0800] {dag.py:3089} INFO - Sync 1 DAGs
[2024-08-06T22:38:18.596+0800] {logging_mixin.py:188} INFO - [2024-08-06T22:38:18.596+0800] {dag.py:3947} INFO - Setting next_dagrun for example_bash_operator to 2024-08-05 00:00:00+00:00, run_after=2024-08-06 00:00:00+00:00
[2024-08-06T22:38:18.638+0800] {processor.py:183} INFO - Processing /home/haziq/Documents/pl-data-engineering/venv/lib/python3.12/site-packages/airflow/example_dags/example_bash_operator.py took 0.157 seconds
[2024-08-06T22:39:40.125+0800] {processor.py:161} INFO - Started process (PID=95934) to work on /home/haziq/Documents/pl-data-engineering/venv/lib/python3.12/site-packages/airflow/example_dags/example_bash_operator.py
[2024-08-06T22:39:40.126+0800] {processor.py:830} INFO - Processing file /home/haziq/Documents/pl-data-engineering/venv/lib/python3.12/site-packages/airflow/example_dags/example_bash_operator.py for tasks to queue
[2024-08-06T22:39:40.129+0800] {logging_mixin.py:188} INFO - [2024-08-06T22:39:40.129+0800] {dagbag.py:545} INFO - Filling up the DagBag from /home/haziq/Documents/pl-data-engineering/venv/lib/python3.12/site-packages/airflow/example_dags/example_bash_operator.py
[2024-08-06T22:39:40.147+0800] {processor.py:840} INFO - DAG(s) 'example_bash_operator' retrieved from /home/haziq/Documents/pl-data-engineering/venv/lib/python3.12/site-packages/airflow/example_dags/example_bash_operator.py
[2024-08-06T22:39:40.182+0800] {logging_mixin.py:188} INFO - [2024-08-06T22:39:40.181+0800] {dag.py:3089} INFO - Sync 1 DAGs
[2024-08-06T22:39:40.212+0800] {logging_mixin.py:188} INFO - [2024-08-06T22:39:40.212+0800] {dag.py:3947} INFO - Setting next_dagrun for example_bash_operator to 2024-08-05 00:00:00+00:00, run_after=2024-08-06 00:00:00+00:00
[2024-08-06T22:39:40.247+0800] {processor.py:183} INFO - Processing /home/haziq/Documents/pl-data-engineering/venv/lib/python3.12/site-packages/airflow/example_dags/example_bash_operator.py took 0.131 seconds
[2024-08-06T22:40:55.943+0800] {processor.py:161} INFO - Started process (PID=96495) to work on /home/haziq/Documents/pl-data-engineering/venv/lib/python3.12/site-packages/airflow/example_dags/example_bash_operator.py
[2024-08-06T22:40:55.945+0800] {processor.py:830} INFO - Processing file /home/haziq/Documents/pl-data-engineering/venv/lib/python3.12/site-packages/airflow/example_dags/example_bash_operator.py for tasks to queue
[2024-08-06T22:40:55.948+0800] {logging_mixin.py:188} INFO - [2024-08-06T22:40:55.947+0800] {dagbag.py:545} INFO - Filling up the DagBag from /home/haziq/Documents/pl-data-engineering/venv/lib/python3.12/site-packages/airflow/example_dags/example_bash_operator.py
[2024-08-06T22:40:55.968+0800] {processor.py:840} INFO - DAG(s) 'example_bash_operator' retrieved from /home/haziq/Documents/pl-data-engineering/venv/lib/python3.12/site-packages/airflow/example_dags/example_bash_operator.py
[2024-08-06T22:40:56.009+0800] {logging_mixin.py:188} INFO - [2024-08-06T22:40:56.009+0800] {dag.py:3089} INFO - Sync 1 DAGs
[2024-08-06T22:40:56.042+0800] {logging_mixin.py:188} INFO - [2024-08-06T22:40:56.042+0800] {dag.py:3947} INFO - Setting next_dagrun for example_bash_operator to 2024-08-05 00:00:00+00:00, run_after=2024-08-06 00:00:00+00:00
[2024-08-06T22:40:56.078+0800] {processor.py:183} INFO - Processing /home/haziq/Documents/pl-data-engineering/venv/lib/python3.12/site-packages/airflow/example_dags/example_bash_operator.py took 0.146 seconds
[2024-08-06T22:42:15.048+0800] {processor.py:161} INFO - Started process (PID=96995) to work on /home/haziq/Documents/pl-data-engineering/venv/lib/python3.12/site-packages/airflow/example_dags/example_bash_operator.py
[2024-08-06T22:42:15.058+0800] {processor.py:830} INFO - Processing file /home/haziq/Documents/pl-data-engineering/venv/lib/python3.12/site-packages/airflow/example_dags/example_bash_operator.py for tasks to queue
[2024-08-06T22:42:15.062+0800] {logging_mixin.py:188} INFO - [2024-08-06T22:42:15.061+0800] {dagbag.py:545} INFO - Filling up the DagBag from /home/haziq/Documents/pl-data-engineering/venv/lib/python3.12/site-packages/airflow/example_dags/example_bash_operator.py
[2024-08-06T22:42:15.087+0800] {processor.py:840} INFO - DAG(s) 'example_bash_operator' retrieved from /home/haziq/Documents/pl-data-engineering/venv/lib/python3.12/site-packages/airflow/example_dags/example_bash_operator.py
[2024-08-06T22:42:15.132+0800] {logging_mixin.py:188} INFO - [2024-08-06T22:42:15.131+0800] {dag.py:3089} INFO - Sync 1 DAGs
[2024-08-06T22:42:15.167+0800] {logging_mixin.py:188} INFO - [2024-08-06T22:42:15.166+0800] {dag.py:3947} INFO - Setting next_dagrun for example_bash_operator to 2024-08-05 00:00:00+00:00, run_after=2024-08-06 00:00:00+00:00
[2024-08-06T22:42:15.209+0800] {processor.py:183} INFO - Processing /home/haziq/Documents/pl-data-engineering/venv/lib/python3.12/site-packages/airflow/example_dags/example_bash_operator.py took 0.179 seconds
