[2024-08-06T22:33:01.895+0800] {processor.py:161} INFO - Started process (PID=93051) to work on /home/haziq/Documents/pl-data-engineering/venv/lib/python3.12/site-packages/airflow/example_dags/example_sla_dag.py
[2024-08-06T22:33:01.896+0800] {processor.py:830} INFO - Processing file /home/haziq/Documents/pl-data-engineering/venv/lib/python3.12/site-packages/airflow/example_dags/example_sla_dag.py for tasks to queue
[2024-08-06T22:33:01.899+0800] {logging_mixin.py:188} INFO - [2024-08-06T22:33:01.899+0800] {dagbag.py:545} INFO - Filling up the DagBag from /home/haziq/Documents/pl-data-engineering/venv/lib/python3.12/site-packages/airflow/example_dags/example_sla_dag.py
[2024-08-06T22:33:01.912+0800] {processor.py:840} INFO - DAG(s) 'example_sla_dag' retrieved from /home/haziq/Documents/pl-data-engineering/venv/lib/python3.12/site-packages/airflow/example_dags/example_sla_dag.py
[2024-08-06T22:33:02.085+0800] {logging_mixin.py:188} INFO - [2024-08-06T22:33:02.084+0800] {override.py:1858} INFO - Created Permission View: can delete on DAG:example_sla_dag
[2024-08-06T22:33:02.103+0800] {logging_mixin.py:188} INFO - [2024-08-06T22:33:02.103+0800] {override.py:1858} INFO - Created Permission View: can read on DAG:example_sla_dag
[2024-08-06T22:33:02.117+0800] {logging_mixin.py:188} INFO - [2024-08-06T22:33:02.116+0800] {override.py:1858} INFO - Created Permission View: can edit on DAG:example_sla_dag
[2024-08-06T22:33:02.117+0800] {logging_mixin.py:188} INFO - [2024-08-06T22:33:02.117+0800] {dag.py:3089} INFO - Sync 1 DAGs
[2024-08-06T22:33:02.133+0800] {logging_mixin.py:188} INFO - [2024-08-06T22:33:02.133+0800] {dag.py:3111} INFO - Creating ORM DAG for example_sla_dag
[2024-08-06T22:33:02.150+0800] {logging_mixin.py:188} INFO - [2024-08-06T22:33:02.150+0800] {dag.py:3947} INFO - Setting next_dagrun for example_sla_dag to 2024-08-06 14:30:00+00:00, run_after=2024-08-06 14:32:00+00:00
[2024-08-06T22:33:02.181+0800] {processor.py:183} INFO - Processing /home/haziq/Documents/pl-data-engineering/venv/lib/python3.12/site-packages/airflow/example_dags/example_sla_dag.py took 0.297 seconds
[2024-08-06T22:34:01.770+0800] {processor.py:161} INFO - Started process (PID=93463) to work on /home/haziq/Documents/pl-data-engineering/venv/lib/python3.12/site-packages/airflow/example_dags/example_sla_dag.py
[2024-08-06T22:34:01.778+0800] {processor.py:830} INFO - Processing file /home/haziq/Documents/pl-data-engineering/venv/lib/python3.12/site-packages/airflow/example_dags/example_sla_dag.py for tasks to queue
[2024-08-06T22:34:01.782+0800] {logging_mixin.py:188} INFO - [2024-08-06T22:34:01.781+0800] {dagbag.py:545} INFO - Filling up the DagBag from /home/haziq/Documents/pl-data-engineering/venv/lib/python3.12/site-packages/airflow/example_dags/example_sla_dag.py
[2024-08-06T22:34:01.796+0800] {processor.py:840} INFO - DAG(s) 'example_sla_dag' retrieved from /home/haziq/Documents/pl-data-engineering/venv/lib/python3.12/site-packages/airflow/example_dags/example_sla_dag.py
[2024-08-06T22:34:01.821+0800] {logging_mixin.py:188} INFO - [2024-08-06T22:34:01.820+0800] {dag.py:3089} INFO - Sync 1 DAGs
[2024-08-06T22:34:01.854+0800] {logging_mixin.py:188} INFO - [2024-08-06T22:34:01.853+0800] {dag.py:3947} INFO - Setting next_dagrun for example_sla_dag to 2024-08-06 14:32:00+00:00, run_after=2024-08-06 14:34:00+00:00
[2024-08-06T22:34:01.891+0800] {processor.py:183} INFO - Processing /home/haziq/Documents/pl-data-engineering/venv/lib/python3.12/site-packages/airflow/example_dags/example_sla_dag.py took 0.131 seconds
[2024-08-06T22:35:40.951+0800] {processor.py:161} INFO - Started process (PID=94241) to work on /home/haziq/Documents/pl-data-engineering/venv/lib/python3.12/site-packages/airflow/example_dags/example_sla_dag.py
[2024-08-06T22:35:40.952+0800] {processor.py:830} INFO - Processing file /home/haziq/Documents/pl-data-engineering/venv/lib/python3.12/site-packages/airflow/example_dags/example_sla_dag.py for tasks to queue
[2024-08-06T22:35:40.955+0800] {logging_mixin.py:188} INFO - [2024-08-06T22:35:40.954+0800] {dagbag.py:545} INFO - Filling up the DagBag from /home/haziq/Documents/pl-data-engineering/venv/lib/python3.12/site-packages/airflow/example_dags/example_sla_dag.py
[2024-08-06T22:35:40.972+0800] {processor.py:840} INFO - DAG(s) 'example_sla_dag' retrieved from /home/haziq/Documents/pl-data-engineering/venv/lib/python3.12/site-packages/airflow/example_dags/example_sla_dag.py
[2024-08-06T22:35:40.987+0800] {logging_mixin.py:188} INFO - [2024-08-06T22:35:40.986+0800] {dag.py:3089} INFO - Sync 1 DAGs
[2024-08-06T22:35:41.032+0800] {logging_mixin.py:188} INFO - [2024-08-06T22:35:41.032+0800] {dag.py:3947} INFO - Setting next_dagrun for example_sla_dag to 2024-08-06 14:32:00+00:00, run_after=2024-08-06 14:34:00+00:00
[2024-08-06T22:35:41.074+0800] {processor.py:183} INFO - Processing /home/haziq/Documents/pl-data-engineering/venv/lib/python3.12/site-packages/airflow/example_dags/example_sla_dag.py took 0.136 seconds
[2024-08-06T22:36:42.151+0800] {processor.py:161} INFO - Started process (PID=94622) to work on /home/haziq/Documents/pl-data-engineering/venv/lib/python3.12/site-packages/airflow/example_dags/example_sla_dag.py
[2024-08-06T22:36:42.153+0800] {processor.py:830} INFO - Processing file /home/haziq/Documents/pl-data-engineering/venv/lib/python3.12/site-packages/airflow/example_dags/example_sla_dag.py for tasks to queue
[2024-08-06T22:36:42.156+0800] {logging_mixin.py:188} INFO - [2024-08-06T22:36:42.155+0800] {dagbag.py:545} INFO - Filling up the DagBag from /home/haziq/Documents/pl-data-engineering/venv/lib/python3.12/site-packages/airflow/example_dags/example_sla_dag.py
[2024-08-06T22:36:42.169+0800] {processor.py:840} INFO - DAG(s) 'example_sla_dag' retrieved from /home/haziq/Documents/pl-data-engineering/venv/lib/python3.12/site-packages/airflow/example_dags/example_sla_dag.py
[2024-08-06T22:36:42.309+0800] {logging_mixin.py:188} INFO - [2024-08-06T22:36:42.308+0800] {dag.py:3089} INFO - Sync 1 DAGs
[2024-08-06T22:36:42.336+0800] {logging_mixin.py:188} INFO - [2024-08-06T22:36:42.336+0800] {dag.py:3947} INFO - Setting next_dagrun for example_sla_dag to 2024-08-06 14:34:00+00:00, run_after=2024-08-06 14:36:00+00:00
[2024-08-06T22:36:42.378+0800] {processor.py:183} INFO - Processing /home/haziq/Documents/pl-data-engineering/venv/lib/python3.12/site-packages/airflow/example_dags/example_sla_dag.py took 0.238 seconds
[2024-08-06T22:37:41.654+0800] {processor.py:161} INFO - Started process (PID=95035) to work on /home/haziq/Documents/pl-data-engineering/venv/lib/python3.12/site-packages/airflow/example_dags/example_sla_dag.py
[2024-08-06T22:37:41.656+0800] {processor.py:830} INFO - Processing file /home/haziq/Documents/pl-data-engineering/venv/lib/python3.12/site-packages/airflow/example_dags/example_sla_dag.py for tasks to queue
[2024-08-06T22:37:41.658+0800] {logging_mixin.py:188} INFO - [2024-08-06T22:37:41.658+0800] {dagbag.py:545} INFO - Filling up the DagBag from /home/haziq/Documents/pl-data-engineering/venv/lib/python3.12/site-packages/airflow/example_dags/example_sla_dag.py
[2024-08-06T22:37:41.671+0800] {processor.py:840} INFO - DAG(s) 'example_sla_dag' retrieved from /home/haziq/Documents/pl-data-engineering/venv/lib/python3.12/site-packages/airflow/example_dags/example_sla_dag.py
[2024-08-06T22:37:41.696+0800] {logging_mixin.py:188} INFO - [2024-08-06T22:37:41.695+0800] {dag.py:3089} INFO - Sync 1 DAGs
[2024-08-06T22:37:41.729+0800] {logging_mixin.py:188} INFO - [2024-08-06T22:37:41.728+0800] {dag.py:3947} INFO - Setting next_dagrun for example_sla_dag to 2024-08-06 14:34:00+00:00, run_after=2024-08-06 14:36:00+00:00
[2024-08-06T22:37:41.767+0800] {processor.py:183} INFO - Processing /home/haziq/Documents/pl-data-engineering/venv/lib/python3.12/site-packages/airflow/example_dags/example_sla_dag.py took 0.122 seconds
[2024-08-06T22:38:36.560+0800] {processor.py:161} INFO - Started process (PID=95423) to work on /home/haziq/Documents/pl-data-engineering/venv/lib/python3.12/site-packages/airflow/example_dags/example_sla_dag.py
[2024-08-06T22:38:36.562+0800] {processor.py:830} INFO - Processing file /home/haziq/Documents/pl-data-engineering/venv/lib/python3.12/site-packages/airflow/example_dags/example_sla_dag.py for tasks to queue
[2024-08-06T22:38:36.566+0800] {logging_mixin.py:188} INFO - [2024-08-06T22:38:36.565+0800] {dagbag.py:545} INFO - Filling up the DagBag from /home/haziq/Documents/pl-data-engineering/venv/lib/python3.12/site-packages/airflow/example_dags/example_sla_dag.py
[2024-08-06T22:38:36.580+0800] {processor.py:840} INFO - DAG(s) 'example_sla_dag' retrieved from /home/haziq/Documents/pl-data-engineering/venv/lib/python3.12/site-packages/airflow/example_dags/example_sla_dag.py
[2024-08-06T22:38:36.605+0800] {logging_mixin.py:188} INFO - [2024-08-06T22:38:36.604+0800] {dag.py:3089} INFO - Sync 1 DAGs
[2024-08-06T22:38:36.639+0800] {logging_mixin.py:188} INFO - [2024-08-06T22:38:36.639+0800] {dag.py:3947} INFO - Setting next_dagrun for example_sla_dag to 2024-08-06 14:36:00+00:00, run_after=2024-08-06 14:38:00+00:00
[2024-08-06T22:38:36.673+0800] {processor.py:183} INFO - Processing /home/haziq/Documents/pl-data-engineering/venv/lib/python3.12/site-packages/airflow/example_dags/example_sla_dag.py took 0.123 seconds
[2024-08-06T22:39:31.028+0800] {processor.py:161} INFO - Started process (PID=95867) to work on /home/haziq/Documents/pl-data-engineering/venv/lib/python3.12/site-packages/airflow/example_dags/example_sla_dag.py
[2024-08-06T22:39:31.029+0800] {processor.py:830} INFO - Processing file /home/haziq/Documents/pl-data-engineering/venv/lib/python3.12/site-packages/airflow/example_dags/example_sla_dag.py for tasks to queue
[2024-08-06T22:39:31.032+0800] {logging_mixin.py:188} INFO - [2024-08-06T22:39:31.031+0800] {dagbag.py:545} INFO - Filling up the DagBag from /home/haziq/Documents/pl-data-engineering/venv/lib/python3.12/site-packages/airflow/example_dags/example_sla_dag.py
[2024-08-06T22:39:31.046+0800] {processor.py:840} INFO - DAG(s) 'example_sla_dag' retrieved from /home/haziq/Documents/pl-data-engineering/venv/lib/python3.12/site-packages/airflow/example_dags/example_sla_dag.py
[2024-08-06T22:39:31.070+0800] {logging_mixin.py:188} INFO - [2024-08-06T22:39:31.070+0800] {dag.py:3089} INFO - Sync 1 DAGs
[2024-08-06T22:39:31.103+0800] {logging_mixin.py:188} INFO - [2024-08-06T22:39:31.103+0800] {dag.py:3947} INFO - Setting next_dagrun for example_sla_dag to 2024-08-06 14:36:00+00:00, run_after=2024-08-06 14:38:00+00:00
[2024-08-06T22:39:31.138+0800] {processor.py:183} INFO - Processing /home/haziq/Documents/pl-data-engineering/venv/lib/python3.12/site-packages/airflow/example_dags/example_sla_dag.py took 0.120 seconds
[2024-08-06T22:40:22.991+0800] {processor.py:161} INFO - Started process (PID=96230) to work on /home/haziq/Documents/pl-data-engineering/venv/lib/python3.12/site-packages/airflow/example_dags/example_sla_dag.py
[2024-08-06T22:40:22.999+0800] {processor.py:830} INFO - Processing file /home/haziq/Documents/pl-data-engineering/venv/lib/python3.12/site-packages/airflow/example_dags/example_sla_dag.py for tasks to queue
[2024-08-06T22:40:23.002+0800] {logging_mixin.py:188} INFO - [2024-08-06T22:40:23.001+0800] {dagbag.py:545} INFO - Filling up the DagBag from /home/haziq/Documents/pl-data-engineering/venv/lib/python3.12/site-packages/airflow/example_dags/example_sla_dag.py
[2024-08-06T22:40:23.015+0800] {processor.py:840} INFO - DAG(s) 'example_sla_dag' retrieved from /home/haziq/Documents/pl-data-engineering/venv/lib/python3.12/site-packages/airflow/example_dags/example_sla_dag.py
[2024-08-06T22:40:23.039+0800] {logging_mixin.py:188} INFO - [2024-08-06T22:40:23.038+0800] {dag.py:3089} INFO - Sync 1 DAGs
[2024-08-06T22:40:23.072+0800] {logging_mixin.py:188} INFO - [2024-08-06T22:40:23.071+0800] {dag.py:3947} INFO - Setting next_dagrun for example_sla_dag to 2024-08-06 14:38:00+00:00, run_after=2024-08-06 14:40:00+00:00
[2024-08-06T22:40:23.110+0800] {processor.py:183} INFO - Processing /home/haziq/Documents/pl-data-engineering/venv/lib/python3.12/site-packages/airflow/example_dags/example_sla_dag.py took 0.130 seconds
[2024-08-06T22:41:13.243+0800] {processor.py:161} INFO - Started process (PID=96601) to work on /home/haziq/Documents/pl-data-engineering/venv/lib/python3.12/site-packages/airflow/example_dags/example_sla_dag.py
[2024-08-06T22:41:13.244+0800] {processor.py:830} INFO - Processing file /home/haziq/Documents/pl-data-engineering/venv/lib/python3.12/site-packages/airflow/example_dags/example_sla_dag.py for tasks to queue
[2024-08-06T22:41:13.247+0800] {logging_mixin.py:188} INFO - [2024-08-06T22:41:13.246+0800] {dagbag.py:545} INFO - Filling up the DagBag from /home/haziq/Documents/pl-data-engineering/venv/lib/python3.12/site-packages/airflow/example_dags/example_sla_dag.py
[2024-08-06T22:41:13.261+0800] {processor.py:840} INFO - DAG(s) 'example_sla_dag' retrieved from /home/haziq/Documents/pl-data-engineering/venv/lib/python3.12/site-packages/airflow/example_dags/example_sla_dag.py
[2024-08-06T22:41:13.285+0800] {logging_mixin.py:188} INFO - [2024-08-06T22:41:13.284+0800] {dag.py:3089} INFO - Sync 1 DAGs
[2024-08-06T22:41:13.325+0800] {logging_mixin.py:188} INFO - [2024-08-06T22:41:13.324+0800] {dag.py:3947} INFO - Setting next_dagrun for example_sla_dag to 2024-08-06 14:38:00+00:00, run_after=2024-08-06 14:40:00+00:00
[2024-08-06T22:41:13.370+0800] {processor.py:183} INFO - Processing /home/haziq/Documents/pl-data-engineering/venv/lib/python3.12/site-packages/airflow/example_dags/example_sla_dag.py took 0.135 seconds
[2024-08-06T22:42:06.158+0800] {processor.py:161} INFO - Started process (PID=96947) to work on /home/haziq/Documents/pl-data-engineering/venv/lib/python3.12/site-packages/airflow/example_dags/example_sla_dag.py
[2024-08-06T22:42:06.166+0800] {processor.py:830} INFO - Processing file /home/haziq/Documents/pl-data-engineering/venv/lib/python3.12/site-packages/airflow/example_dags/example_sla_dag.py for tasks to queue
[2024-08-06T22:42:06.170+0800] {logging_mixin.py:188} INFO - [2024-08-06T22:42:06.169+0800] {dagbag.py:545} INFO - Filling up the DagBag from /home/haziq/Documents/pl-data-engineering/venv/lib/python3.12/site-packages/airflow/example_dags/example_sla_dag.py
[2024-08-06T22:42:06.182+0800] {processor.py:840} INFO - DAG(s) 'example_sla_dag' retrieved from /home/haziq/Documents/pl-data-engineering/venv/lib/python3.12/site-packages/airflow/example_dags/example_sla_dag.py
[2024-08-06T22:42:06.205+0800] {logging_mixin.py:188} INFO - [2024-08-06T22:42:06.205+0800] {dag.py:3089} INFO - Sync 1 DAGs
[2024-08-06T22:42:06.240+0800] {logging_mixin.py:188} INFO - [2024-08-06T22:42:06.239+0800] {dag.py:3947} INFO - Setting next_dagrun for example_sla_dag to 2024-08-06 14:40:00+00:00, run_after=2024-08-06 14:42:00+00:00
[2024-08-06T22:42:06.281+0800] {processor.py:183} INFO - Processing /home/haziq/Documents/pl-data-engineering/venv/lib/python3.12/site-packages/airflow/example_dags/example_sla_dag.py took 0.132 seconds
