[2024-08-06T22:33:13.929+0800] {processor.py:161} INFO - Started process (PID=93125) to work on /home/haziq/Documents/pl-data-engineering/venv/lib/python3.12/site-packages/airflow/example_dags/example_nested_branch_dag.py
[2024-08-06T22:33:13.931+0800] {processor.py:830} INFO - Processing file /home/haziq/Documents/pl-data-engineering/venv/lib/python3.12/site-packages/airflow/example_dags/example_nested_branch_dag.py for tasks to queue
[2024-08-06T22:33:13.934+0800] {logging_mixin.py:188} INFO - [2024-08-06T22:33:13.934+0800] {dagbag.py:545} INFO - Filling up the DagBag from /home/haziq/Documents/pl-data-engineering/venv/lib/python3.12/site-packages/airflow/example_dags/example_nested_branch_dag.py
[2024-08-06T22:33:13.960+0800] {processor.py:840} INFO - DAG(s) 'example_nested_branch_dag' retrieved from /home/haziq/Documents/pl-data-engineering/venv/lib/python3.12/site-packages/airflow/example_dags/example_nested_branch_dag.py
[2024-08-06T22:33:14.132+0800] {logging_mixin.py:188} INFO - [2024-08-06T22:33:14.131+0800] {override.py:1858} INFO - Created Permission View: can delete on DAG:example_nested_branch_dag
[2024-08-06T22:33:14.151+0800] {logging_mixin.py:188} INFO - [2024-08-06T22:33:14.150+0800] {override.py:1858} INFO - Created Permission View: can read on DAG:example_nested_branch_dag
[2024-08-06T22:33:14.171+0800] {logging_mixin.py:188} INFO - [2024-08-06T22:33:14.171+0800] {override.py:1858} INFO - Created Permission View: can edit on DAG:example_nested_branch_dag
[2024-08-06T22:33:14.172+0800] {logging_mixin.py:188} INFO - [2024-08-06T22:33:14.172+0800] {dag.py:3089} INFO - Sync 1 DAGs
[2024-08-06T22:33:14.189+0800] {logging_mixin.py:188} INFO - [2024-08-06T22:33:14.189+0800] {dag.py:3111} INFO - Creating ORM DAG for example_nested_branch_dag
[2024-08-06T22:33:14.208+0800] {logging_mixin.py:188} INFO - [2024-08-06T22:33:14.207+0800] {dag.py:3947} INFO - Setting next_dagrun for example_nested_branch_dag to 2024-08-05 00:00:00+00:00, run_after=2024-08-06 00:00:00+00:00
[2024-08-06T22:33:14.243+0800] {processor.py:183} INFO - Processing /home/haziq/Documents/pl-data-engineering/venv/lib/python3.12/site-packages/airflow/example_dags/example_nested_branch_dag.py took 0.325 seconds
[2024-08-06T22:34:14.508+0800] {processor.py:161} INFO - Started process (PID=93549) to work on /home/haziq/Documents/pl-data-engineering/venv/lib/python3.12/site-packages/airflow/example_dags/example_nested_branch_dag.py
[2024-08-06T22:34:14.517+0800] {processor.py:830} INFO - Processing file /home/haziq/Documents/pl-data-engineering/venv/lib/python3.12/site-packages/airflow/example_dags/example_nested_branch_dag.py for tasks to queue
[2024-08-06T22:34:14.519+0800] {logging_mixin.py:188} INFO - [2024-08-06T22:34:14.519+0800] {dagbag.py:545} INFO - Filling up the DagBag from /home/haziq/Documents/pl-data-engineering/venv/lib/python3.12/site-packages/airflow/example_dags/example_nested_branch_dag.py
[2024-08-06T22:34:14.535+0800] {processor.py:840} INFO - DAG(s) 'example_nested_branch_dag' retrieved from /home/haziq/Documents/pl-data-engineering/venv/lib/python3.12/site-packages/airflow/example_dags/example_nested_branch_dag.py
[2024-08-06T22:34:14.562+0800] {logging_mixin.py:188} INFO - [2024-08-06T22:34:14.562+0800] {dag.py:3089} INFO - Sync 1 DAGs
[2024-08-06T22:34:14.593+0800] {logging_mixin.py:188} INFO - [2024-08-06T22:34:14.593+0800] {dag.py:3947} INFO - Setting next_dagrun for example_nested_branch_dag to 2024-08-05 00:00:00+00:00, run_after=2024-08-06 00:00:00+00:00
[2024-08-06T22:34:14.629+0800] {processor.py:183} INFO - Processing /home/haziq/Documents/pl-data-engineering/venv/lib/python3.12/site-packages/airflow/example_dags/example_nested_branch_dag.py took 0.132 seconds
[2024-08-06T22:35:52.827+0800] {processor.py:161} INFO - Started process (PID=94315) to work on /home/haziq/Documents/pl-data-engineering/venv/lib/python3.12/site-packages/airflow/example_dags/example_nested_branch_dag.py
[2024-08-06T22:35:52.829+0800] {processor.py:830} INFO - Processing file /home/haziq/Documents/pl-data-engineering/venv/lib/python3.12/site-packages/airflow/example_dags/example_nested_branch_dag.py for tasks to queue
[2024-08-06T22:35:52.832+0800] {logging_mixin.py:188} INFO - [2024-08-06T22:35:52.831+0800] {dagbag.py:545} INFO - Filling up the DagBag from /home/haziq/Documents/pl-data-engineering/venv/lib/python3.12/site-packages/airflow/example_dags/example_nested_branch_dag.py
[2024-08-06T22:35:52.847+0800] {processor.py:840} INFO - DAG(s) 'example_nested_branch_dag' retrieved from /home/haziq/Documents/pl-data-engineering/venv/lib/python3.12/site-packages/airflow/example_dags/example_nested_branch_dag.py
[2024-08-06T22:35:52.990+0800] {logging_mixin.py:188} INFO - [2024-08-06T22:35:52.990+0800] {dag.py:3089} INFO - Sync 1 DAGs
[2024-08-06T22:35:53.016+0800] {logging_mixin.py:188} INFO - [2024-08-06T22:35:53.016+0800] {dag.py:3947} INFO - Setting next_dagrun for example_nested_branch_dag to 2024-08-05 00:00:00+00:00, run_after=2024-08-06 00:00:00+00:00
[2024-08-06T22:35:53.060+0800] {processor.py:183} INFO - Processing /home/haziq/Documents/pl-data-engineering/venv/lib/python3.12/site-packages/airflow/example_dags/example_nested_branch_dag.py took 0.244 seconds
[2024-08-06T22:36:57.852+0800] {processor.py:161} INFO - Started process (PID=94724) to work on /home/haziq/Documents/pl-data-engineering/venv/lib/python3.12/site-packages/airflow/example_dags/example_nested_branch_dag.py
[2024-08-06T22:36:57.854+0800] {processor.py:830} INFO - Processing file /home/haziq/Documents/pl-data-engineering/venv/lib/python3.12/site-packages/airflow/example_dags/example_nested_branch_dag.py for tasks to queue
[2024-08-06T22:36:57.856+0800] {logging_mixin.py:188} INFO - [2024-08-06T22:36:57.855+0800] {dagbag.py:545} INFO - Filling up the DagBag from /home/haziq/Documents/pl-data-engineering/venv/lib/python3.12/site-packages/airflow/example_dags/example_nested_branch_dag.py
[2024-08-06T22:36:57.872+0800] {processor.py:840} INFO - DAG(s) 'example_nested_branch_dag' retrieved from /home/haziq/Documents/pl-data-engineering/venv/lib/python3.12/site-packages/airflow/example_dags/example_nested_branch_dag.py
[2024-08-06T22:36:57.898+0800] {logging_mixin.py:188} INFO - [2024-08-06T22:36:57.898+0800] {dag.py:3089} INFO - Sync 1 DAGs
[2024-08-06T22:36:57.933+0800] {logging_mixin.py:188} INFO - [2024-08-06T22:36:57.933+0800] {dag.py:3947} INFO - Setting next_dagrun for example_nested_branch_dag to 2024-08-05 00:00:00+00:00, run_after=2024-08-06 00:00:00+00:00
[2024-08-06T22:36:57.970+0800] {processor.py:183} INFO - Processing /home/haziq/Documents/pl-data-engineering/venv/lib/python3.12/site-packages/airflow/example_dags/example_nested_branch_dag.py took 0.127 seconds
[2024-08-06T22:37:57.397+0800] {processor.py:161} INFO - Started process (PID=95137) to work on /home/haziq/Documents/pl-data-engineering/venv/lib/python3.12/site-packages/airflow/example_dags/example_nested_branch_dag.py
[2024-08-06T22:37:57.398+0800] {processor.py:830} INFO - Processing file /home/haziq/Documents/pl-data-engineering/venv/lib/python3.12/site-packages/airflow/example_dags/example_nested_branch_dag.py for tasks to queue
[2024-08-06T22:37:57.401+0800] {logging_mixin.py:188} INFO - [2024-08-06T22:37:57.401+0800] {dagbag.py:545} INFO - Filling up the DagBag from /home/haziq/Documents/pl-data-engineering/venv/lib/python3.12/site-packages/airflow/example_dags/example_nested_branch_dag.py
[2024-08-06T22:37:57.416+0800] {processor.py:840} INFO - DAG(s) 'example_nested_branch_dag' retrieved from /home/haziq/Documents/pl-data-engineering/venv/lib/python3.12/site-packages/airflow/example_dags/example_nested_branch_dag.py
[2024-08-06T22:37:57.443+0800] {logging_mixin.py:188} INFO - [2024-08-06T22:37:57.443+0800] {dag.py:3089} INFO - Sync 1 DAGs
[2024-08-06T22:37:57.475+0800] {logging_mixin.py:188} INFO - [2024-08-06T22:37:57.474+0800] {dag.py:3947} INFO - Setting next_dagrun for example_nested_branch_dag to 2024-08-05 00:00:00+00:00, run_after=2024-08-06 00:00:00+00:00
[2024-08-06T22:37:57.511+0800] {processor.py:183} INFO - Processing /home/haziq/Documents/pl-data-engineering/venv/lib/python3.12/site-packages/airflow/example_dags/example_nested_branch_dag.py took 0.125 seconds
[2024-08-06T22:38:53.256+0800] {processor.py:161} INFO - Started process (PID=95528) to work on /home/haziq/Documents/pl-data-engineering/venv/lib/python3.12/site-packages/airflow/example_dags/example_nested_branch_dag.py
[2024-08-06T22:38:53.259+0800] {processor.py:830} INFO - Processing file /home/haziq/Documents/pl-data-engineering/venv/lib/python3.12/site-packages/airflow/example_dags/example_nested_branch_dag.py for tasks to queue
[2024-08-06T22:38:53.262+0800] {logging_mixin.py:188} INFO - [2024-08-06T22:38:53.261+0800] {dagbag.py:545} INFO - Filling up the DagBag from /home/haziq/Documents/pl-data-engineering/venv/lib/python3.12/site-packages/airflow/example_dags/example_nested_branch_dag.py
[2024-08-06T22:38:53.281+0800] {processor.py:840} INFO - DAG(s) 'example_nested_branch_dag' retrieved from /home/haziq/Documents/pl-data-engineering/venv/lib/python3.12/site-packages/airflow/example_dags/example_nested_branch_dag.py
[2024-08-06T22:38:53.314+0800] {logging_mixin.py:188} INFO - [2024-08-06T22:38:53.313+0800] {dag.py:3089} INFO - Sync 1 DAGs
[2024-08-06T22:38:53.350+0800] {logging_mixin.py:188} INFO - [2024-08-06T22:38:53.349+0800] {dag.py:3947} INFO - Setting next_dagrun for example_nested_branch_dag to 2024-08-05 00:00:00+00:00, run_after=2024-08-06 00:00:00+00:00
[2024-08-06T22:38:53.403+0800] {processor.py:183} INFO - Processing /home/haziq/Documents/pl-data-engineering/venv/lib/python3.12/site-packages/airflow/example_dags/example_nested_branch_dag.py took 0.160 seconds
[2024-08-06T22:39:49.305+0800] {processor.py:161} INFO - Started process (PID=95985) to work on /home/haziq/Documents/pl-data-engineering/venv/lib/python3.12/site-packages/airflow/example_dags/example_nested_branch_dag.py
[2024-08-06T22:39:49.307+0800] {processor.py:830} INFO - Processing file /home/haziq/Documents/pl-data-engineering/venv/lib/python3.12/site-packages/airflow/example_dags/example_nested_branch_dag.py for tasks to queue
[2024-08-06T22:39:49.309+0800] {logging_mixin.py:188} INFO - [2024-08-06T22:39:49.309+0800] {dagbag.py:545} INFO - Filling up the DagBag from /home/haziq/Documents/pl-data-engineering/venv/lib/python3.12/site-packages/airflow/example_dags/example_nested_branch_dag.py
[2024-08-06T22:39:49.325+0800] {processor.py:840} INFO - DAG(s) 'example_nested_branch_dag' retrieved from /home/haziq/Documents/pl-data-engineering/venv/lib/python3.12/site-packages/airflow/example_dags/example_nested_branch_dag.py
[2024-08-06T22:39:49.351+0800] {logging_mixin.py:188} INFO - [2024-08-06T22:39:49.351+0800] {dag.py:3089} INFO - Sync 1 DAGs
[2024-08-06T22:39:49.381+0800] {logging_mixin.py:188} INFO - [2024-08-06T22:39:49.380+0800] {dag.py:3947} INFO - Setting next_dagrun for example_nested_branch_dag to 2024-08-05 00:00:00+00:00, run_after=2024-08-06 00:00:00+00:00
[2024-08-06T22:39:49.415+0800] {processor.py:183} INFO - Processing /home/haziq/Documents/pl-data-engineering/venv/lib/python3.12/site-packages/airflow/example_dags/example_nested_branch_dag.py took 0.122 seconds
[2024-08-06T22:40:39.546+0800] {processor.py:161} INFO - Started process (PID=96334) to work on /home/haziq/Documents/pl-data-engineering/venv/lib/python3.12/site-packages/airflow/example_dags/example_nested_branch_dag.py
[2024-08-06T22:40:39.548+0800] {processor.py:830} INFO - Processing file /home/haziq/Documents/pl-data-engineering/venv/lib/python3.12/site-packages/airflow/example_dags/example_nested_branch_dag.py for tasks to queue
[2024-08-06T22:40:39.551+0800] {logging_mixin.py:188} INFO - [2024-08-06T22:40:39.550+0800] {dagbag.py:545} INFO - Filling up the DagBag from /home/haziq/Documents/pl-data-engineering/venv/lib/python3.12/site-packages/airflow/example_dags/example_nested_branch_dag.py
[2024-08-06T22:40:39.566+0800] {processor.py:840} INFO - DAG(s) 'example_nested_branch_dag' retrieved from /home/haziq/Documents/pl-data-engineering/venv/lib/python3.12/site-packages/airflow/example_dags/example_nested_branch_dag.py
[2024-08-06T22:40:39.592+0800] {logging_mixin.py:188} INFO - [2024-08-06T22:40:39.592+0800] {dag.py:3089} INFO - Sync 1 DAGs
[2024-08-06T22:40:39.622+0800] {logging_mixin.py:188} INFO - [2024-08-06T22:40:39.622+0800] {dag.py:3947} INFO - Setting next_dagrun for example_nested_branch_dag to 2024-08-05 00:00:00+00:00, run_after=2024-08-06 00:00:00+00:00
[2024-08-06T22:40:39.658+0800] {processor.py:183} INFO - Processing /home/haziq/Documents/pl-data-engineering/venv/lib/python3.12/site-packages/airflow/example_dags/example_nested_branch_dag.py took 0.120 seconds
[2024-08-06T22:41:32.781+0800] {processor.py:161} INFO - Started process (PID=96745) to work on /home/haziq/Documents/pl-data-engineering/venv/lib/python3.12/site-packages/airflow/example_dags/example_nested_branch_dag.py
[2024-08-06T22:41:32.783+0800] {processor.py:830} INFO - Processing file /home/haziq/Documents/pl-data-engineering/venv/lib/python3.12/site-packages/airflow/example_dags/example_nested_branch_dag.py for tasks to queue
[2024-08-06T22:41:32.786+0800] {logging_mixin.py:188} INFO - [2024-08-06T22:41:32.785+0800] {dagbag.py:545} INFO - Filling up the DagBag from /home/haziq/Documents/pl-data-engineering/venv/lib/python3.12/site-packages/airflow/example_dags/example_nested_branch_dag.py
[2024-08-06T22:41:32.801+0800] {processor.py:840} INFO - DAG(s) 'example_nested_branch_dag' retrieved from /home/haziq/Documents/pl-data-engineering/venv/lib/python3.12/site-packages/airflow/example_dags/example_nested_branch_dag.py
[2024-08-06T22:41:32.828+0800] {logging_mixin.py:188} INFO - [2024-08-06T22:41:32.828+0800] {dag.py:3089} INFO - Sync 1 DAGs
[2024-08-06T22:41:32.859+0800] {logging_mixin.py:188} INFO - [2024-08-06T22:41:32.859+0800] {dag.py:3947} INFO - Setting next_dagrun for example_nested_branch_dag to 2024-08-05 00:00:00+00:00, run_after=2024-08-06 00:00:00+00:00
[2024-08-06T22:41:32.894+0800] {processor.py:183} INFO - Processing /home/haziq/Documents/pl-data-engineering/venv/lib/python3.12/site-packages/airflow/example_dags/example_nested_branch_dag.py took 0.125 seconds
[2024-08-06T22:42:26.952+0800] {processor.py:161} INFO - Started process (PID=97077) to work on /home/haziq/Documents/pl-data-engineering/venv/lib/python3.12/site-packages/airflow/example_dags/example_nested_branch_dag.py
[2024-08-06T22:42:26.961+0800] {processor.py:830} INFO - Processing file /home/haziq/Documents/pl-data-engineering/venv/lib/python3.12/site-packages/airflow/example_dags/example_nested_branch_dag.py for tasks to queue
[2024-08-06T22:42:26.965+0800] {logging_mixin.py:188} INFO - [2024-08-06T22:42:26.963+0800] {dagbag.py:545} INFO - Filling up the DagBag from /home/haziq/Documents/pl-data-engineering/venv/lib/python3.12/site-packages/airflow/example_dags/example_nested_branch_dag.py
[2024-08-06T22:42:26.986+0800] {processor.py:840} INFO - DAG(s) 'example_nested_branch_dag' retrieved from /home/haziq/Documents/pl-data-engineering/venv/lib/python3.12/site-packages/airflow/example_dags/example_nested_branch_dag.py
[2024-08-06T22:42:27.015+0800] {logging_mixin.py:188} INFO - [2024-08-06T22:42:27.015+0800] {dag.py:3089} INFO - Sync 1 DAGs
[2024-08-06T22:42:27.047+0800] {logging_mixin.py:188} INFO - [2024-08-06T22:42:27.046+0800] {dag.py:3947} INFO - Setting next_dagrun for example_nested_branch_dag to 2024-08-05 00:00:00+00:00, run_after=2024-08-06 00:00:00+00:00
[2024-08-06T22:42:27.086+0800] {processor.py:183} INFO - Processing /home/haziq/Documents/pl-data-engineering/venv/lib/python3.12/site-packages/airflow/example_dags/example_nested_branch_dag.py took 0.149 seconds
