[2024-08-06T22:33:19.370+0800] {processor.py:161} INFO - Started process (PID=93163) to work on /home/haziq/Documents/pl-data-engineering/venv/lib/python3.12/site-packages/airflow/example_dags/example_python_operator.py
[2024-08-06T22:33:19.371+0800] {processor.py:830} INFO - Processing file /home/haziq/Documents/pl-data-engineering/venv/lib/python3.12/site-packages/airflow/example_dags/example_python_operator.py for tasks to queue
[2024-08-06T22:33:19.374+0800] {logging_mixin.py:188} INFO - [2024-08-06T22:33:19.373+0800] {dagbag.py:545} INFO - Filling up the DagBag from /home/haziq/Documents/pl-data-engineering/venv/lib/python3.12/site-packages/airflow/example_dags/example_python_operator.py
[2024-08-06T22:33:19.384+0800] {logging_mixin.py:188} INFO - [2024-08-06T22:33:19.383+0800] {example_python_operator.py:93} WARNING - The virtalenv_python example task requires virtualenv, please install it.
[2024-08-06T22:33:19.385+0800] {processor.py:840} INFO - DAG(s) 'example_python_operator' retrieved from /home/haziq/Documents/pl-data-engineering/venv/lib/python3.12/site-packages/airflow/example_dags/example_python_operator.py
[2024-08-06T22:33:19.557+0800] {logging_mixin.py:188} INFO - [2024-08-06T22:33:19.556+0800] {override.py:1858} INFO - Created Permission View: can delete on DAG:example_python_operator
[2024-08-06T22:33:19.576+0800] {logging_mixin.py:188} INFO - [2024-08-06T22:33:19.575+0800] {override.py:1858} INFO - Created Permission View: can read on DAG:example_python_operator
[2024-08-06T22:33:19.589+0800] {logging_mixin.py:188} INFO - [2024-08-06T22:33:19.589+0800] {override.py:1858} INFO - Created Permission View: can edit on DAG:example_python_operator
[2024-08-06T22:33:19.590+0800] {logging_mixin.py:188} INFO - [2024-08-06T22:33:19.590+0800] {dag.py:3089} INFO - Sync 1 DAGs
[2024-08-06T22:33:19.606+0800] {logging_mixin.py:188} INFO - [2024-08-06T22:33:19.605+0800] {dag.py:3111} INFO - Creating ORM DAG for example_python_operator
[2024-08-06T22:33:19.607+0800] {logging_mixin.py:188} INFO - [2024-08-06T22:33:19.606+0800] {dag.py:3947} INFO - Setting next_dagrun for example_python_operator to None, run_after=None
[2024-08-06T22:33:19.640+0800] {processor.py:183} INFO - Processing /home/haziq/Documents/pl-data-engineering/venv/lib/python3.12/site-packages/airflow/example_dags/example_python_operator.py took 0.282 seconds
[2024-08-06T22:34:19.601+0800] {processor.py:161} INFO - Started process (PID=93574) to work on /home/haziq/Documents/pl-data-engineering/venv/lib/python3.12/site-packages/airflow/example_dags/example_python_operator.py
[2024-08-06T22:34:19.610+0800] {processor.py:830} INFO - Processing file /home/haziq/Documents/pl-data-engineering/venv/lib/python3.12/site-packages/airflow/example_dags/example_python_operator.py for tasks to queue
[2024-08-06T22:34:19.613+0800] {logging_mixin.py:188} INFO - [2024-08-06T22:34:19.613+0800] {dagbag.py:545} INFO - Filling up the DagBag from /home/haziq/Documents/pl-data-engineering/venv/lib/python3.12/site-packages/airflow/example_dags/example_python_operator.py
[2024-08-06T22:34:19.623+0800] {logging_mixin.py:188} INFO - [2024-08-06T22:34:19.623+0800] {example_python_operator.py:93} WARNING - The virtalenv_python example task requires virtualenv, please install it.
[2024-08-06T22:34:19.624+0800] {processor.py:840} INFO - DAG(s) 'example_python_operator' retrieved from /home/haziq/Documents/pl-data-engineering/venv/lib/python3.12/site-packages/airflow/example_dags/example_python_operator.py
[2024-08-06T22:34:19.650+0800] {logging_mixin.py:188} INFO - [2024-08-06T22:34:19.650+0800] {dag.py:3089} INFO - Sync 1 DAGs
[2024-08-06T22:34:19.668+0800] {logging_mixin.py:188} INFO - [2024-08-06T22:34:19.668+0800] {dag.py:3947} INFO - Setting next_dagrun for example_python_operator to None, run_after=None
[2024-08-06T22:34:19.704+0800] {processor.py:183} INFO - Processing /home/haziq/Documents/pl-data-engineering/venv/lib/python3.12/site-packages/airflow/example_dags/example_python_operator.py took 0.114 seconds
[2024-08-06T22:35:58.059+0800] {processor.py:161} INFO - Started process (PID=94340) to work on /home/haziq/Documents/pl-data-engineering/venv/lib/python3.12/site-packages/airflow/example_dags/example_python_operator.py
[2024-08-06T22:35:58.061+0800] {processor.py:830} INFO - Processing file /home/haziq/Documents/pl-data-engineering/venv/lib/python3.12/site-packages/airflow/example_dags/example_python_operator.py for tasks to queue
[2024-08-06T22:35:58.064+0800] {logging_mixin.py:188} INFO - [2024-08-06T22:35:58.064+0800] {dagbag.py:545} INFO - Filling up the DagBag from /home/haziq/Documents/pl-data-engineering/venv/lib/python3.12/site-packages/airflow/example_dags/example_python_operator.py
[2024-08-06T22:35:58.077+0800] {logging_mixin.py:188} INFO - [2024-08-06T22:35:58.077+0800] {example_python_operator.py:93} WARNING - The virtalenv_python example task requires virtualenv, please install it.
[2024-08-06T22:35:58.078+0800] {processor.py:840} INFO - DAG(s) 'example_python_operator' retrieved from /home/haziq/Documents/pl-data-engineering/venv/lib/python3.12/site-packages/airflow/example_dags/example_python_operator.py
[2024-08-06T22:35:58.253+0800] {logging_mixin.py:188} INFO - [2024-08-06T22:35:58.253+0800] {dag.py:3089} INFO - Sync 1 DAGs
[2024-08-06T22:35:58.268+0800] {logging_mixin.py:188} INFO - [2024-08-06T22:35:58.268+0800] {dag.py:3947} INFO - Setting next_dagrun for example_python_operator to None, run_after=None
[2024-08-06T22:35:58.328+0800] {processor.py:183} INFO - Processing /home/haziq/Documents/pl-data-engineering/venv/lib/python3.12/site-packages/airflow/example_dags/example_python_operator.py took 0.283 seconds
[2024-08-06T22:37:02.109+0800] {processor.py:161} INFO - Started process (PID=94770) to work on /home/haziq/Documents/pl-data-engineering/venv/lib/python3.12/site-packages/airflow/example_dags/example_python_operator.py
[2024-08-06T22:37:02.111+0800] {processor.py:830} INFO - Processing file /home/haziq/Documents/pl-data-engineering/venv/lib/python3.12/site-packages/airflow/example_dags/example_python_operator.py for tasks to queue
[2024-08-06T22:37:02.114+0800] {logging_mixin.py:188} INFO - [2024-08-06T22:37:02.114+0800] {dagbag.py:545} INFO - Filling up the DagBag from /home/haziq/Documents/pl-data-engineering/venv/lib/python3.12/site-packages/airflow/example_dags/example_python_operator.py
[2024-08-06T22:37:02.126+0800] {logging_mixin.py:188} INFO - [2024-08-06T22:37:02.125+0800] {example_python_operator.py:93} WARNING - The virtalenv_python example task requires virtualenv, please install it.
[2024-08-06T22:37:02.127+0800] {processor.py:840} INFO - DAG(s) 'example_python_operator' retrieved from /home/haziq/Documents/pl-data-engineering/venv/lib/python3.12/site-packages/airflow/example_dags/example_python_operator.py
[2024-08-06T22:37:02.160+0800] {logging_mixin.py:188} INFO - [2024-08-06T22:37:02.160+0800] {dag.py:3089} INFO - Sync 1 DAGs
[2024-08-06T22:37:02.191+0800] {logging_mixin.py:188} INFO - [2024-08-06T22:37:02.190+0800] {dag.py:3947} INFO - Setting next_dagrun for example_python_operator to None, run_after=None
[2024-08-06T22:37:02.236+0800] {processor.py:183} INFO - Processing /home/haziq/Documents/pl-data-engineering/venv/lib/python3.12/site-packages/airflow/example_dags/example_python_operator.py took 0.136 seconds
[2024-08-06T22:38:02.195+0800] {processor.py:161} INFO - Started process (PID=95163) to work on /home/haziq/Documents/pl-data-engineering/venv/lib/python3.12/site-packages/airflow/example_dags/example_python_operator.py
[2024-08-06T22:38:02.196+0800] {processor.py:830} INFO - Processing file /home/haziq/Documents/pl-data-engineering/venv/lib/python3.12/site-packages/airflow/example_dags/example_python_operator.py for tasks to queue
[2024-08-06T22:38:02.199+0800] {logging_mixin.py:188} INFO - [2024-08-06T22:38:02.199+0800] {dagbag.py:545} INFO - Filling up the DagBag from /home/haziq/Documents/pl-data-engineering/venv/lib/python3.12/site-packages/airflow/example_dags/example_python_operator.py
[2024-08-06T22:38:02.209+0800] {logging_mixin.py:188} INFO - [2024-08-06T22:38:02.209+0800] {example_python_operator.py:93} WARNING - The virtalenv_python example task requires virtualenv, please install it.
[2024-08-06T22:38:02.210+0800] {processor.py:840} INFO - DAG(s) 'example_python_operator' retrieved from /home/haziq/Documents/pl-data-engineering/venv/lib/python3.12/site-packages/airflow/example_dags/example_python_operator.py
[2024-08-06T22:38:02.237+0800] {logging_mixin.py:188} INFO - [2024-08-06T22:38:02.236+0800] {dag.py:3089} INFO - Sync 1 DAGs
[2024-08-06T22:38:02.254+0800] {logging_mixin.py:188} INFO - [2024-08-06T22:38:02.254+0800] {dag.py:3947} INFO - Setting next_dagrun for example_python_operator to None, run_after=None
[2024-08-06T22:38:02.288+0800] {processor.py:183} INFO - Processing /home/haziq/Documents/pl-data-engineering/venv/lib/python3.12/site-packages/airflow/example_dags/example_python_operator.py took 0.102 seconds
[2024-08-06T22:38:58.409+0800] {processor.py:161} INFO - Started process (PID=95564) to work on /home/haziq/Documents/pl-data-engineering/venv/lib/python3.12/site-packages/airflow/example_dags/example_python_operator.py
[2024-08-06T22:38:58.411+0800] {processor.py:830} INFO - Processing file /home/haziq/Documents/pl-data-engineering/venv/lib/python3.12/site-packages/airflow/example_dags/example_python_operator.py for tasks to queue
[2024-08-06T22:38:58.415+0800] {logging_mixin.py:188} INFO - [2024-08-06T22:38:58.414+0800] {dagbag.py:545} INFO - Filling up the DagBag from /home/haziq/Documents/pl-data-engineering/venv/lib/python3.12/site-packages/airflow/example_dags/example_python_operator.py
[2024-08-06T22:38:58.430+0800] {logging_mixin.py:188} INFO - [2024-08-06T22:38:58.429+0800] {example_python_operator.py:93} WARNING - The virtalenv_python example task requires virtualenv, please install it.
[2024-08-06T22:38:58.431+0800] {processor.py:840} INFO - DAG(s) 'example_python_operator' retrieved from /home/haziq/Documents/pl-data-engineering/venv/lib/python3.12/site-packages/airflow/example_dags/example_python_operator.py
[2024-08-06T22:38:58.464+0800] {logging_mixin.py:188} INFO - [2024-08-06T22:38:58.463+0800] {dag.py:3089} INFO - Sync 1 DAGs
[2024-08-06T22:38:58.485+0800] {logging_mixin.py:188} INFO - [2024-08-06T22:38:58.484+0800] {dag.py:3947} INFO - Setting next_dagrun for example_python_operator to None, run_after=None
[2024-08-06T22:38:58.533+0800] {processor.py:183} INFO - Processing /home/haziq/Documents/pl-data-engineering/venv/lib/python3.12/site-packages/airflow/example_dags/example_python_operator.py took 0.140 seconds
[2024-08-06T22:39:53.822+0800] {processor.py:161} INFO - Started process (PID=96024) to work on /home/haziq/Documents/pl-data-engineering/venv/lib/python3.12/site-packages/airflow/example_dags/example_python_operator.py
[2024-08-06T22:39:53.824+0800] {processor.py:830} INFO - Processing file /home/haziq/Documents/pl-data-engineering/venv/lib/python3.12/site-packages/airflow/example_dags/example_python_operator.py for tasks to queue
[2024-08-06T22:39:53.826+0800] {logging_mixin.py:188} INFO - [2024-08-06T22:39:53.826+0800] {dagbag.py:545} INFO - Filling up the DagBag from /home/haziq/Documents/pl-data-engineering/venv/lib/python3.12/site-packages/airflow/example_dags/example_python_operator.py
[2024-08-06T22:39:53.836+0800] {logging_mixin.py:188} INFO - [2024-08-06T22:39:53.836+0800] {example_python_operator.py:93} WARNING - The virtalenv_python example task requires virtualenv, please install it.
[2024-08-06T22:39:53.837+0800] {processor.py:840} INFO - DAG(s) 'example_python_operator' retrieved from /home/haziq/Documents/pl-data-engineering/venv/lib/python3.12/site-packages/airflow/example_dags/example_python_operator.py
[2024-08-06T22:39:53.863+0800] {logging_mixin.py:188} INFO - [2024-08-06T22:39:53.863+0800] {dag.py:3089} INFO - Sync 1 DAGs
[2024-08-06T22:39:53.882+0800] {logging_mixin.py:188} INFO - [2024-08-06T22:39:53.882+0800] {dag.py:3947} INFO - Setting next_dagrun for example_python_operator to None, run_after=None
[2024-08-06T22:39:53.921+0800] {processor.py:183} INFO - Processing /home/haziq/Documents/pl-data-engineering/venv/lib/python3.12/site-packages/airflow/example_dags/example_python_operator.py took 0.111 seconds
[2024-08-06T22:40:44.380+0800] {processor.py:161} INFO - Started process (PID=96406) to work on /home/haziq/Documents/pl-data-engineering/venv/lib/python3.12/site-packages/airflow/example_dags/example_python_operator.py
[2024-08-06T22:40:44.388+0800] {processor.py:830} INFO - Processing file /home/haziq/Documents/pl-data-engineering/venv/lib/python3.12/site-packages/airflow/example_dags/example_python_operator.py for tasks to queue
[2024-08-06T22:40:44.391+0800] {logging_mixin.py:188} INFO - [2024-08-06T22:40:44.390+0800] {dagbag.py:545} INFO - Filling up the DagBag from /home/haziq/Documents/pl-data-engineering/venv/lib/python3.12/site-packages/airflow/example_dags/example_python_operator.py
[2024-08-06T22:40:44.403+0800] {logging_mixin.py:188} INFO - [2024-08-06T22:40:44.403+0800] {example_python_operator.py:93} WARNING - The virtalenv_python example task requires virtualenv, please install it.
[2024-08-06T22:40:44.404+0800] {processor.py:840} INFO - DAG(s) 'example_python_operator' retrieved from /home/haziq/Documents/pl-data-engineering/venv/lib/python3.12/site-packages/airflow/example_dags/example_python_operator.py
[2024-08-06T22:40:44.436+0800] {logging_mixin.py:188} INFO - [2024-08-06T22:40:44.435+0800] {dag.py:3089} INFO - Sync 1 DAGs
[2024-08-06T22:40:44.460+0800] {logging_mixin.py:188} INFO - [2024-08-06T22:40:44.459+0800] {dag.py:3947} INFO - Setting next_dagrun for example_python_operator to None, run_after=None
[2024-08-06T22:40:44.512+0800] {processor.py:183} INFO - Processing /home/haziq/Documents/pl-data-engineering/venv/lib/python3.12/site-packages/airflow/example_dags/example_python_operator.py took 0.144 seconds
[2024-08-06T22:41:37.056+0800] {processor.py:161} INFO - Started process (PID=96771) to work on /home/haziq/Documents/pl-data-engineering/venv/lib/python3.12/site-packages/airflow/example_dags/example_python_operator.py
[2024-08-06T22:41:37.057+0800] {processor.py:830} INFO - Processing file /home/haziq/Documents/pl-data-engineering/venv/lib/python3.12/site-packages/airflow/example_dags/example_python_operator.py for tasks to queue
[2024-08-06T22:41:37.060+0800] {logging_mixin.py:188} INFO - [2024-08-06T22:41:37.059+0800] {dagbag.py:545} INFO - Filling up the DagBag from /home/haziq/Documents/pl-data-engineering/venv/lib/python3.12/site-packages/airflow/example_dags/example_python_operator.py
[2024-08-06T22:41:37.070+0800] {logging_mixin.py:188} INFO - [2024-08-06T22:41:37.070+0800] {example_python_operator.py:93} WARNING - The virtalenv_python example task requires virtualenv, please install it.
[2024-08-06T22:41:37.071+0800] {processor.py:840} INFO - DAG(s) 'example_python_operator' retrieved from /home/haziq/Documents/pl-data-engineering/venv/lib/python3.12/site-packages/airflow/example_dags/example_python_operator.py
[2024-08-06T22:41:37.098+0800] {logging_mixin.py:188} INFO - [2024-08-06T22:41:37.097+0800] {dag.py:3089} INFO - Sync 1 DAGs
[2024-08-06T22:41:37.115+0800] {logging_mixin.py:188} INFO - [2024-08-06T22:41:37.115+0800] {dag.py:3947} INFO - Setting next_dagrun for example_python_operator to None, run_after=None
[2024-08-06T22:41:37.152+0800] {processor.py:183} INFO - Processing /home/haziq/Documents/pl-data-engineering/venv/lib/python3.12/site-packages/airflow/example_dags/example_python_operator.py took 0.106 seconds
[2024-08-06T22:42:30.939+0800] {processor.py:161} INFO - Started process (PID=97103) to work on /home/haziq/Documents/pl-data-engineering/venv/lib/python3.12/site-packages/airflow/example_dags/example_python_operator.py
[2024-08-06T22:42:30.947+0800] {processor.py:830} INFO - Processing file /home/haziq/Documents/pl-data-engineering/venv/lib/python3.12/site-packages/airflow/example_dags/example_python_operator.py for tasks to queue
[2024-08-06T22:42:30.950+0800] {logging_mixin.py:188} INFO - [2024-08-06T22:42:30.950+0800] {dagbag.py:545} INFO - Filling up the DagBag from /home/haziq/Documents/pl-data-engineering/venv/lib/python3.12/site-packages/airflow/example_dags/example_python_operator.py
[2024-08-06T22:42:30.961+0800] {logging_mixin.py:188} INFO - [2024-08-06T22:42:30.961+0800] {example_python_operator.py:93} WARNING - The virtalenv_python example task requires virtualenv, please install it.
[2024-08-06T22:42:30.963+0800] {processor.py:840} INFO - DAG(s) 'example_python_operator' retrieved from /home/haziq/Documents/pl-data-engineering/venv/lib/python3.12/site-packages/airflow/example_dags/example_python_operator.py
[2024-08-06T22:42:30.993+0800] {logging_mixin.py:188} INFO - [2024-08-06T22:42:30.993+0800] {dag.py:3089} INFO - Sync 1 DAGs
[2024-08-06T22:42:31.023+0800] {logging_mixin.py:188} INFO - [2024-08-06T22:42:31.023+0800] {dag.py:3947} INFO - Setting next_dagrun for example_python_operator to None, run_after=None
[2024-08-06T22:42:31.082+0800] {processor.py:183} INFO - Processing /home/haziq/Documents/pl-data-engineering/venv/lib/python3.12/site-packages/airflow/example_dags/example_python_operator.py took 0.152 seconds
