[2024-08-06T22:33:04.407+0800] {processor.py:161} INFO - Started process (PID=93064) to work on /home/haziq/Documents/pl-data-engineering/venv/lib/python3.12/site-packages/airflow/example_dags/example_short_circuit_decorator.py
[2024-08-06T22:33:04.408+0800] {processor.py:830} INFO - Processing file /home/haziq/Documents/pl-data-engineering/venv/lib/python3.12/site-packages/airflow/example_dags/example_short_circuit_decorator.py for tasks to queue
[2024-08-06T22:33:04.411+0800] {logging_mixin.py:188} INFO - [2024-08-06T22:33:04.411+0800] {dagbag.py:545} INFO - Filling up the DagBag from /home/haziq/Documents/pl-data-engineering/venv/lib/python3.12/site-packages/airflow/example_dags/example_short_circuit_decorator.py
[2024-08-06T22:33:04.432+0800] {processor.py:840} INFO - DAG(s) 'example_short_circuit_decorator' retrieved from /home/haziq/Documents/pl-data-engineering/venv/lib/python3.12/site-packages/airflow/example_dags/example_short_circuit_decorator.py
[2024-08-06T22:33:04.613+0800] {logging_mixin.py:188} INFO - [2024-08-06T22:33:04.612+0800] {override.py:1858} INFO - Created Permission View: can delete on DAG:example_short_circuit_decorator
[2024-08-06T22:33:04.632+0800] {logging_mixin.py:188} INFO - [2024-08-06T22:33:04.631+0800] {override.py:1858} INFO - Created Permission View: can read on DAG:example_short_circuit_decorator
[2024-08-06T22:33:04.646+0800] {logging_mixin.py:188} INFO - [2024-08-06T22:33:04.645+0800] {override.py:1858} INFO - Created Permission View: can edit on DAG:example_short_circuit_decorator
[2024-08-06T22:33:04.647+0800] {logging_mixin.py:188} INFO - [2024-08-06T22:33:04.646+0800] {dag.py:3089} INFO - Sync 1 DAGs
[2024-08-06T22:33:04.663+0800] {logging_mixin.py:188} INFO - [2024-08-06T22:33:04.663+0800] {dag.py:3111} INFO - Creating ORM DAG for example_short_circuit_decorator
[2024-08-06T22:33:04.677+0800] {logging_mixin.py:188} INFO - [2024-08-06T22:33:04.676+0800] {dag.py:3947} INFO - Setting next_dagrun for example_short_circuit_decorator to 2024-08-05 00:00:00+00:00, run_after=2024-08-06 00:00:00+00:00
[2024-08-06T22:33:04.711+0800] {processor.py:183} INFO - Processing /home/haziq/Documents/pl-data-engineering/venv/lib/python3.12/site-packages/airflow/example_dags/example_short_circuit_decorator.py took 0.315 seconds
[2024-08-06T22:34:04.322+0800] {processor.py:161} INFO - Started process (PID=93488) to work on /home/haziq/Documents/pl-data-engineering/venv/lib/python3.12/site-packages/airflow/example_dags/example_short_circuit_decorator.py
[2024-08-06T22:34:04.331+0800] {processor.py:830} INFO - Processing file /home/haziq/Documents/pl-data-engineering/venv/lib/python3.12/site-packages/airflow/example_dags/example_short_circuit_decorator.py for tasks to queue
[2024-08-06T22:34:04.334+0800] {logging_mixin.py:188} INFO - [2024-08-06T22:34:04.334+0800] {dagbag.py:545} INFO - Filling up the DagBag from /home/haziq/Documents/pl-data-engineering/venv/lib/python3.12/site-packages/airflow/example_dags/example_short_circuit_decorator.py
[2024-08-06T22:34:04.348+0800] {processor.py:840} INFO - DAG(s) 'example_short_circuit_decorator' retrieved from /home/haziq/Documents/pl-data-engineering/venv/lib/python3.12/site-packages/airflow/example_dags/example_short_circuit_decorator.py
[2024-08-06T22:34:04.377+0800] {logging_mixin.py:188} INFO - [2024-08-06T22:34:04.376+0800] {dag.py:3089} INFO - Sync 1 DAGs
[2024-08-06T22:34:04.407+0800] {logging_mixin.py:188} INFO - [2024-08-06T22:34:04.407+0800] {dag.py:3947} INFO - Setting next_dagrun for example_short_circuit_decorator to 2024-08-05 00:00:00+00:00, run_after=2024-08-06 00:00:00+00:00
[2024-08-06T22:34:04.443+0800] {processor.py:183} INFO - Processing /home/haziq/Documents/pl-data-engineering/venv/lib/python3.12/site-packages/airflow/example_dags/example_short_circuit_decorator.py took 0.132 seconds
[2024-08-06T22:35:43.483+0800] {processor.py:161} INFO - Started process (PID=94255) to work on /home/haziq/Documents/pl-data-engineering/venv/lib/python3.12/site-packages/airflow/example_dags/example_short_circuit_decorator.py
[2024-08-06T22:35:43.486+0800] {processor.py:830} INFO - Processing file /home/haziq/Documents/pl-data-engineering/venv/lib/python3.12/site-packages/airflow/example_dags/example_short_circuit_decorator.py for tasks to queue
[2024-08-06T22:35:43.489+0800] {logging_mixin.py:188} INFO - [2024-08-06T22:35:43.488+0800] {dagbag.py:545} INFO - Filling up the DagBag from /home/haziq/Documents/pl-data-engineering/venv/lib/python3.12/site-packages/airflow/example_dags/example_short_circuit_decorator.py
[2024-08-06T22:35:43.502+0800] {processor.py:840} INFO - DAG(s) 'example_short_circuit_decorator' retrieved from /home/haziq/Documents/pl-data-engineering/venv/lib/python3.12/site-packages/airflow/example_dags/example_short_circuit_decorator.py
[2024-08-06T22:35:43.681+0800] {logging_mixin.py:188} INFO - [2024-08-06T22:35:43.680+0800] {dag.py:3089} INFO - Sync 1 DAGs
[2024-08-06T22:35:43.706+0800] {logging_mixin.py:188} INFO - [2024-08-06T22:35:43.706+0800] {dag.py:3947} INFO - Setting next_dagrun for example_short_circuit_decorator to 2024-08-05 00:00:00+00:00, run_after=2024-08-06 00:00:00+00:00
[2024-08-06T22:35:43.741+0800] {processor.py:183} INFO - Processing /home/haziq/Documents/pl-data-engineering/venv/lib/python3.12/site-packages/airflow/example_dags/example_short_circuit_decorator.py took 0.270 seconds
[2024-08-06T22:36:44.909+0800] {processor.py:161} INFO - Started process (PID=94635) to work on /home/haziq/Documents/pl-data-engineering/venv/lib/python3.12/site-packages/airflow/example_dags/example_short_circuit_decorator.py
[2024-08-06T22:36:44.912+0800] {processor.py:830} INFO - Processing file /home/haziq/Documents/pl-data-engineering/venv/lib/python3.12/site-packages/airflow/example_dags/example_short_circuit_decorator.py for tasks to queue
[2024-08-06T22:36:44.915+0800] {logging_mixin.py:188} INFO - [2024-08-06T22:36:44.914+0800] {dagbag.py:545} INFO - Filling up the DagBag from /home/haziq/Documents/pl-data-engineering/venv/lib/python3.12/site-packages/airflow/example_dags/example_short_circuit_decorator.py
[2024-08-06T22:36:44.932+0800] {processor.py:840} INFO - DAG(s) 'example_short_circuit_decorator' retrieved from /home/haziq/Documents/pl-data-engineering/venv/lib/python3.12/site-packages/airflow/example_dags/example_short_circuit_decorator.py
[2024-08-06T22:36:44.970+0800] {logging_mixin.py:188} INFO - [2024-08-06T22:36:44.969+0800] {dag.py:3089} INFO - Sync 1 DAGs
[2024-08-06T22:36:45.008+0800] {logging_mixin.py:188} INFO - [2024-08-06T22:36:45.008+0800] {dag.py:3947} INFO - Setting next_dagrun for example_short_circuit_decorator to 2024-08-05 00:00:00+00:00, run_after=2024-08-06 00:00:00+00:00
[2024-08-06T22:36:45.055+0800] {processor.py:183} INFO - Processing /home/haziq/Documents/pl-data-engineering/venv/lib/python3.12/site-packages/airflow/example_dags/example_short_circuit_decorator.py took 0.154 seconds
[2024-08-06T22:37:44.232+0800] {processor.py:161} INFO - Started process (PID=95048) to work on /home/haziq/Documents/pl-data-engineering/venv/lib/python3.12/site-packages/airflow/example_dags/example_short_circuit_decorator.py
[2024-08-06T22:37:44.234+0800] {processor.py:830} INFO - Processing file /home/haziq/Documents/pl-data-engineering/venv/lib/python3.12/site-packages/airflow/example_dags/example_short_circuit_decorator.py for tasks to queue
[2024-08-06T22:37:44.238+0800] {logging_mixin.py:188} INFO - [2024-08-06T22:37:44.237+0800] {dagbag.py:545} INFO - Filling up the DagBag from /home/haziq/Documents/pl-data-engineering/venv/lib/python3.12/site-packages/airflow/example_dags/example_short_circuit_decorator.py
[2024-08-06T22:37:44.255+0800] {processor.py:840} INFO - DAG(s) 'example_short_circuit_decorator' retrieved from /home/haziq/Documents/pl-data-engineering/venv/lib/python3.12/site-packages/airflow/example_dags/example_short_circuit_decorator.py
[2024-08-06T22:37:44.303+0800] {logging_mixin.py:188} INFO - [2024-08-06T22:37:44.303+0800] {dag.py:3089} INFO - Sync 1 DAGs
[2024-08-06T22:37:44.342+0800] {logging_mixin.py:188} INFO - [2024-08-06T22:37:44.341+0800] {dag.py:3947} INFO - Setting next_dagrun for example_short_circuit_decorator to 2024-08-05 00:00:00+00:00, run_after=2024-08-06 00:00:00+00:00
[2024-08-06T22:37:44.411+0800] {processor.py:183} INFO - Processing /home/haziq/Documents/pl-data-engineering/venv/lib/python3.12/site-packages/airflow/example_dags/example_short_circuit_decorator.py took 0.193 seconds
[2024-08-06T22:38:39.130+0800] {processor.py:161} INFO - Started process (PID=95436) to work on /home/haziq/Documents/pl-data-engineering/venv/lib/python3.12/site-packages/airflow/example_dags/example_short_circuit_decorator.py
[2024-08-06T22:38:39.131+0800] {processor.py:830} INFO - Processing file /home/haziq/Documents/pl-data-engineering/venv/lib/python3.12/site-packages/airflow/example_dags/example_short_circuit_decorator.py for tasks to queue
[2024-08-06T22:38:39.134+0800] {logging_mixin.py:188} INFO - [2024-08-06T22:38:39.134+0800] {dagbag.py:545} INFO - Filling up the DagBag from /home/haziq/Documents/pl-data-engineering/venv/lib/python3.12/site-packages/airflow/example_dags/example_short_circuit_decorator.py
[2024-08-06T22:38:39.147+0800] {processor.py:840} INFO - DAG(s) 'example_short_circuit_decorator' retrieved from /home/haziq/Documents/pl-data-engineering/venv/lib/python3.12/site-packages/airflow/example_dags/example_short_circuit_decorator.py
[2024-08-06T22:38:39.176+0800] {logging_mixin.py:188} INFO - [2024-08-06T22:38:39.175+0800] {dag.py:3089} INFO - Sync 1 DAGs
[2024-08-06T22:38:39.204+0800] {logging_mixin.py:188} INFO - [2024-08-06T22:38:39.204+0800] {dag.py:3947} INFO - Setting next_dagrun for example_short_circuit_decorator to 2024-08-05 00:00:00+00:00, run_after=2024-08-06 00:00:00+00:00
[2024-08-06T22:38:39.241+0800] {processor.py:183} INFO - Processing /home/haziq/Documents/pl-data-engineering/venv/lib/python3.12/site-packages/airflow/example_dags/example_short_circuit_decorator.py took 0.119 seconds
[2024-08-06T22:39:33.549+0800] {processor.py:161} INFO - Started process (PID=95893) to work on /home/haziq/Documents/pl-data-engineering/venv/lib/python3.12/site-packages/airflow/example_dags/example_short_circuit_decorator.py
[2024-08-06T22:39:33.551+0800] {processor.py:830} INFO - Processing file /home/haziq/Documents/pl-data-engineering/venv/lib/python3.12/site-packages/airflow/example_dags/example_short_circuit_decorator.py for tasks to queue
[2024-08-06T22:39:33.553+0800] {logging_mixin.py:188} INFO - [2024-08-06T22:39:33.553+0800] {dagbag.py:545} INFO - Filling up the DagBag from /home/haziq/Documents/pl-data-engineering/venv/lib/python3.12/site-packages/airflow/example_dags/example_short_circuit_decorator.py
[2024-08-06T22:39:33.567+0800] {processor.py:840} INFO - DAG(s) 'example_short_circuit_decorator' retrieved from /home/haziq/Documents/pl-data-engineering/venv/lib/python3.12/site-packages/airflow/example_dags/example_short_circuit_decorator.py
[2024-08-06T22:39:33.596+0800] {logging_mixin.py:188} INFO - [2024-08-06T22:39:33.595+0800] {dag.py:3089} INFO - Sync 1 DAGs
[2024-08-06T22:39:33.625+0800] {logging_mixin.py:188} INFO - [2024-08-06T22:39:33.624+0800] {dag.py:3947} INFO - Setting next_dagrun for example_short_circuit_decorator to 2024-08-05 00:00:00+00:00, run_after=2024-08-06 00:00:00+00:00
[2024-08-06T22:39:33.661+0800] {processor.py:183} INFO - Processing /home/haziq/Documents/pl-data-engineering/venv/lib/python3.12/site-packages/airflow/example_dags/example_short_circuit_decorator.py took 0.123 seconds
[2024-08-06T22:40:25.195+0800] {processor.py:161} INFO - Started process (PID=96244) to work on /home/haziq/Documents/pl-data-engineering/venv/lib/python3.12/site-packages/airflow/example_dags/example_short_circuit_decorator.py
[2024-08-06T22:40:25.204+0800] {processor.py:830} INFO - Processing file /home/haziq/Documents/pl-data-engineering/venv/lib/python3.12/site-packages/airflow/example_dags/example_short_circuit_decorator.py for tasks to queue
[2024-08-06T22:40:25.206+0800] {logging_mixin.py:188} INFO - [2024-08-06T22:40:25.206+0800] {dagbag.py:545} INFO - Filling up the DagBag from /home/haziq/Documents/pl-data-engineering/venv/lib/python3.12/site-packages/airflow/example_dags/example_short_circuit_decorator.py
[2024-08-06T22:40:25.219+0800] {processor.py:840} INFO - DAG(s) 'example_short_circuit_decorator' retrieved from /home/haziq/Documents/pl-data-engineering/venv/lib/python3.12/site-packages/airflow/example_dags/example_short_circuit_decorator.py
[2024-08-06T22:40:25.247+0800] {logging_mixin.py:188} INFO - [2024-08-06T22:40:25.246+0800] {dag.py:3089} INFO - Sync 1 DAGs
[2024-08-06T22:40:25.276+0800] {logging_mixin.py:188} INFO - [2024-08-06T22:40:25.276+0800] {dag.py:3947} INFO - Setting next_dagrun for example_short_circuit_decorator to 2024-08-05 00:00:00+00:00, run_after=2024-08-06 00:00:00+00:00
[2024-08-06T22:40:25.312+0800] {processor.py:183} INFO - Processing /home/haziq/Documents/pl-data-engineering/venv/lib/python3.12/site-packages/airflow/example_dags/example_short_circuit_decorator.py took 0.128 seconds
[2024-08-06T22:41:15.798+0800] {processor.py:161} INFO - Started process (PID=96622) to work on /home/haziq/Documents/pl-data-engineering/venv/lib/python3.12/site-packages/airflow/example_dags/example_short_circuit_decorator.py
[2024-08-06T22:41:15.806+0800] {processor.py:830} INFO - Processing file /home/haziq/Documents/pl-data-engineering/venv/lib/python3.12/site-packages/airflow/example_dags/example_short_circuit_decorator.py for tasks to queue
[2024-08-06T22:41:15.810+0800] {logging_mixin.py:188} INFO - [2024-08-06T22:41:15.809+0800] {dagbag.py:545} INFO - Filling up the DagBag from /home/haziq/Documents/pl-data-engineering/venv/lib/python3.12/site-packages/airflow/example_dags/example_short_circuit_decorator.py
[2024-08-06T22:41:15.823+0800] {processor.py:840} INFO - DAG(s) 'example_short_circuit_decorator' retrieved from /home/haziq/Documents/pl-data-engineering/venv/lib/python3.12/site-packages/airflow/example_dags/example_short_circuit_decorator.py
[2024-08-06T22:41:15.851+0800] {logging_mixin.py:188} INFO - [2024-08-06T22:41:15.851+0800] {dag.py:3089} INFO - Sync 1 DAGs
[2024-08-06T22:41:15.881+0800] {logging_mixin.py:188} INFO - [2024-08-06T22:41:15.880+0800] {dag.py:3947} INFO - Setting next_dagrun for example_short_circuit_decorator to 2024-08-05 00:00:00+00:00, run_after=2024-08-06 00:00:00+00:00
[2024-08-06T22:41:15.917+0800] {processor.py:183} INFO - Processing /home/haziq/Documents/pl-data-engineering/venv/lib/python3.12/site-packages/airflow/example_dags/example_short_circuit_decorator.py took 0.128 seconds
[2024-08-06T22:42:08.689+0800] {processor.py:161} INFO - Started process (PID=96957) to work on /home/haziq/Documents/pl-data-engineering/venv/lib/python3.12/site-packages/airflow/example_dags/example_short_circuit_decorator.py
[2024-08-06T22:42:08.692+0800] {processor.py:830} INFO - Processing file /home/haziq/Documents/pl-data-engineering/venv/lib/python3.12/site-packages/airflow/example_dags/example_short_circuit_decorator.py for tasks to queue
[2024-08-06T22:42:08.695+0800] {logging_mixin.py:188} INFO - [2024-08-06T22:42:08.695+0800] {dagbag.py:545} INFO - Filling up the DagBag from /home/haziq/Documents/pl-data-engineering/venv/lib/python3.12/site-packages/airflow/example_dags/example_short_circuit_decorator.py
[2024-08-06T22:42:08.710+0800] {processor.py:840} INFO - DAG(s) 'example_short_circuit_decorator' retrieved from /home/haziq/Documents/pl-data-engineering/venv/lib/python3.12/site-packages/airflow/example_dags/example_short_circuit_decorator.py
[2024-08-06T22:42:08.743+0800] {logging_mixin.py:188} INFO - [2024-08-06T22:42:08.742+0800] {dag.py:3089} INFO - Sync 1 DAGs
[2024-08-06T22:42:08.775+0800] {logging_mixin.py:188} INFO - [2024-08-06T22:42:08.775+0800] {dag.py:3947} INFO - Setting next_dagrun for example_short_circuit_decorator to 2024-08-05 00:00:00+00:00, run_after=2024-08-06 00:00:00+00:00
[2024-08-06T22:42:08.822+0800] {processor.py:183} INFO - Processing /home/haziq/Documents/pl-data-engineering/venv/lib/python3.12/site-packages/airflow/example_dags/example_short_circuit_decorator.py took 0.145 seconds
