[2024-08-06T22:33:16.469+0800] {processor.py:161} INFO - Started process (PID=93139) to work on /home/haziq/Documents/pl-data-engineering/venv/lib/python3.12/site-packages/airflow/example_dags/example_params_ui_tutorial.py
[2024-08-06T22:33:16.470+0800] {processor.py:830} INFO - Processing file /home/haziq/Documents/pl-data-engineering/venv/lib/python3.12/site-packages/airflow/example_dags/example_params_ui_tutorial.py for tasks to queue
[2024-08-06T22:33:16.473+0800] {logging_mixin.py:188} INFO - [2024-08-06T22:33:16.472+0800] {dagbag.py:545} INFO - Filling up the DagBag from /home/haziq/Documents/pl-data-engineering/venv/lib/python3.12/site-packages/airflow/example_dags/example_params_ui_tutorial.py
[2024-08-06T22:33:16.484+0800] {processor.py:840} INFO - DAG(s) 'example_params_ui_tutorial' retrieved from /home/haziq/Documents/pl-data-engineering/venv/lib/python3.12/site-packages/airflow/example_dags/example_params_ui_tutorial.py
[2024-08-06T22:33:16.701+0800] {logging_mixin.py:188} INFO - [2024-08-06T22:33:16.700+0800] {override.py:1858} INFO - Created Permission View: can delete on DAG:example_params_ui_tutorial
[2024-08-06T22:33:16.720+0800] {logging_mixin.py:188} INFO - [2024-08-06T22:33:16.719+0800] {override.py:1858} INFO - Created Permission View: can read on DAG:example_params_ui_tutorial
[2024-08-06T22:33:16.734+0800] {logging_mixin.py:188} INFO - [2024-08-06T22:33:16.733+0800] {override.py:1858} INFO - Created Permission View: can edit on DAG:example_params_ui_tutorial
[2024-08-06T22:33:16.734+0800] {logging_mixin.py:188} INFO - [2024-08-06T22:33:16.734+0800] {dag.py:3089} INFO - Sync 1 DAGs
[2024-08-06T22:33:16.752+0800] {logging_mixin.py:188} INFO - [2024-08-06T22:33:16.751+0800] {dag.py:3111} INFO - Creating ORM DAG for example_params_ui_tutorial
[2024-08-06T22:33:16.753+0800] {logging_mixin.py:188} INFO - [2024-08-06T22:33:16.753+0800] {dag.py:3947} INFO - Setting next_dagrun for example_params_ui_tutorial to None, run_after=None
[2024-08-06T22:33:16.789+0800] {processor.py:183} INFO - Processing /home/haziq/Documents/pl-data-engineering/venv/lib/python3.12/site-packages/airflow/example_dags/example_params_ui_tutorial.py took 0.328 seconds
[2024-08-06T22:34:17.045+0800] {processor.py:161} INFO - Started process (PID=93562) to work on /home/haziq/Documents/pl-data-engineering/venv/lib/python3.12/site-packages/airflow/example_dags/example_params_ui_tutorial.py
[2024-08-06T22:34:17.053+0800] {processor.py:830} INFO - Processing file /home/haziq/Documents/pl-data-engineering/venv/lib/python3.12/site-packages/airflow/example_dags/example_params_ui_tutorial.py for tasks to queue
[2024-08-06T22:34:17.056+0800] {logging_mixin.py:188} INFO - [2024-08-06T22:34:17.055+0800] {dagbag.py:545} INFO - Filling up the DagBag from /home/haziq/Documents/pl-data-engineering/venv/lib/python3.12/site-packages/airflow/example_dags/example_params_ui_tutorial.py
[2024-08-06T22:34:17.067+0800] {processor.py:840} INFO - DAG(s) 'example_params_ui_tutorial' retrieved from /home/haziq/Documents/pl-data-engineering/venv/lib/python3.12/site-packages/airflow/example_dags/example_params_ui_tutorial.py
[2024-08-06T22:34:17.134+0800] {logging_mixin.py:188} INFO - [2024-08-06T22:34:17.134+0800] {dag.py:3089} INFO - Sync 1 DAGs
[2024-08-06T22:34:17.153+0800] {logging_mixin.py:188} INFO - [2024-08-06T22:34:17.152+0800] {dag.py:3947} INFO - Setting next_dagrun for example_params_ui_tutorial to None, run_after=None
[2024-08-06T22:34:17.189+0800] {processor.py:183} INFO - Processing /home/haziq/Documents/pl-data-engineering/venv/lib/python3.12/site-packages/airflow/example_dags/example_params_ui_tutorial.py took 0.156 seconds
[2024-08-06T22:35:55.282+0800] {processor.py:161} INFO - Started process (PID=94327) to work on /home/haziq/Documents/pl-data-engineering/venv/lib/python3.12/site-packages/airflow/example_dags/example_params_ui_tutorial.py
[2024-08-06T22:35:55.283+0800] {processor.py:830} INFO - Processing file /home/haziq/Documents/pl-data-engineering/venv/lib/python3.12/site-packages/airflow/example_dags/example_params_ui_tutorial.py for tasks to queue
[2024-08-06T22:35:55.286+0800] {logging_mixin.py:188} INFO - [2024-08-06T22:35:55.286+0800] {dagbag.py:545} INFO - Filling up the DagBag from /home/haziq/Documents/pl-data-engineering/venv/lib/python3.12/site-packages/airflow/example_dags/example_params_ui_tutorial.py
[2024-08-06T22:35:55.298+0800] {processor.py:840} INFO - DAG(s) 'example_params_ui_tutorial' retrieved from /home/haziq/Documents/pl-data-engineering/venv/lib/python3.12/site-packages/airflow/example_dags/example_params_ui_tutorial.py
[2024-08-06T22:35:55.489+0800] {logging_mixin.py:188} INFO - [2024-08-06T22:35:55.489+0800] {dag.py:3089} INFO - Sync 1 DAGs
[2024-08-06T22:35:55.503+0800] {logging_mixin.py:188} INFO - [2024-08-06T22:35:55.503+0800] {dag.py:3947} INFO - Setting next_dagrun for example_params_ui_tutorial to None, run_after=None
[2024-08-06T22:35:55.550+0800] {processor.py:183} INFO - Processing /home/haziq/Documents/pl-data-engineering/venv/lib/python3.12/site-packages/airflow/example_dags/example_params_ui_tutorial.py took 0.276 seconds
[2024-08-06T22:37:00.411+0800] {processor.py:161} INFO - Started process (PID=94748) to work on /home/haziq/Documents/pl-data-engineering/venv/lib/python3.12/site-packages/airflow/example_dags/example_params_ui_tutorial.py
[2024-08-06T22:37:00.412+0800] {processor.py:830} INFO - Processing file /home/haziq/Documents/pl-data-engineering/venv/lib/python3.12/site-packages/airflow/example_dags/example_params_ui_tutorial.py for tasks to queue
[2024-08-06T22:37:00.416+0800] {logging_mixin.py:188} INFO - [2024-08-06T22:37:00.415+0800] {dagbag.py:545} INFO - Filling up the DagBag from /home/haziq/Documents/pl-data-engineering/venv/lib/python3.12/site-packages/airflow/example_dags/example_params_ui_tutorial.py
[2024-08-06T22:37:00.427+0800] {processor.py:840} INFO - DAG(s) 'example_params_ui_tutorial' retrieved from /home/haziq/Documents/pl-data-engineering/venv/lib/python3.12/site-packages/airflow/example_dags/example_params_ui_tutorial.py
[2024-08-06T22:37:00.502+0800] {logging_mixin.py:188} INFO - [2024-08-06T22:37:00.502+0800] {dag.py:3089} INFO - Sync 1 DAGs
[2024-08-06T22:37:00.521+0800] {logging_mixin.py:188} INFO - [2024-08-06T22:37:00.521+0800] {dag.py:3947} INFO - Setting next_dagrun for example_params_ui_tutorial to None, run_after=None
[2024-08-06T22:37:00.565+0800] {processor.py:183} INFO - Processing /home/haziq/Documents/pl-data-engineering/venv/lib/python3.12/site-packages/airflow/example_dags/example_params_ui_tutorial.py took 0.164 seconds
[2024-08-06T22:37:59.943+0800] {processor.py:161} INFO - Started process (PID=95150) to work on /home/haziq/Documents/pl-data-engineering/venv/lib/python3.12/site-packages/airflow/example_dags/example_params_ui_tutorial.py
[2024-08-06T22:37:59.945+0800] {processor.py:830} INFO - Processing file /home/haziq/Documents/pl-data-engineering/venv/lib/python3.12/site-packages/airflow/example_dags/example_params_ui_tutorial.py for tasks to queue
[2024-08-06T22:37:59.948+0800] {logging_mixin.py:188} INFO - [2024-08-06T22:37:59.947+0800] {dagbag.py:545} INFO - Filling up the DagBag from /home/haziq/Documents/pl-data-engineering/venv/lib/python3.12/site-packages/airflow/example_dags/example_params_ui_tutorial.py
[2024-08-06T22:37:59.959+0800] {processor.py:840} INFO - DAG(s) 'example_params_ui_tutorial' retrieved from /home/haziq/Documents/pl-data-engineering/venv/lib/python3.12/site-packages/airflow/example_dags/example_params_ui_tutorial.py
[2024-08-06T22:38:00.021+0800] {logging_mixin.py:188} INFO - [2024-08-06T22:38:00.021+0800] {dag.py:3089} INFO - Sync 1 DAGs
[2024-08-06T22:38:00.039+0800] {logging_mixin.py:188} INFO - [2024-08-06T22:38:00.038+0800] {dag.py:3947} INFO - Setting next_dagrun for example_params_ui_tutorial to None, run_after=None
[2024-08-06T22:38:00.080+0800] {processor.py:183} INFO - Processing /home/haziq/Documents/pl-data-engineering/venv/lib/python3.12/site-packages/airflow/example_dags/example_params_ui_tutorial.py took 0.149 seconds
[2024-08-06T22:38:55.816+0800] {processor.py:161} INFO - Started process (PID=95541) to work on /home/haziq/Documents/pl-data-engineering/venv/lib/python3.12/site-packages/airflow/example_dags/example_params_ui_tutorial.py
[2024-08-06T22:38:55.817+0800] {processor.py:830} INFO - Processing file /home/haziq/Documents/pl-data-engineering/venv/lib/python3.12/site-packages/airflow/example_dags/example_params_ui_tutorial.py for tasks to queue
[2024-08-06T22:38:55.820+0800] {logging_mixin.py:188} INFO - [2024-08-06T22:38:55.819+0800] {dagbag.py:545} INFO - Filling up the DagBag from /home/haziq/Documents/pl-data-engineering/venv/lib/python3.12/site-packages/airflow/example_dags/example_params_ui_tutorial.py
[2024-08-06T22:38:55.831+0800] {processor.py:840} INFO - DAG(s) 'example_params_ui_tutorial' retrieved from /home/haziq/Documents/pl-data-engineering/venv/lib/python3.12/site-packages/airflow/example_dags/example_params_ui_tutorial.py
[2024-08-06T22:38:55.892+0800] {logging_mixin.py:188} INFO - [2024-08-06T22:38:55.892+0800] {dag.py:3089} INFO - Sync 1 DAGs
[2024-08-06T22:38:55.911+0800] {logging_mixin.py:188} INFO - [2024-08-06T22:38:55.910+0800] {dag.py:3947} INFO - Setting next_dagrun for example_params_ui_tutorial to None, run_after=None
[2024-08-06T22:38:55.950+0800] {processor.py:183} INFO - Processing /home/haziq/Documents/pl-data-engineering/venv/lib/python3.12/site-packages/airflow/example_dags/example_params_ui_tutorial.py took 0.146 seconds
[2024-08-06T22:39:51.843+0800] {processor.py:161} INFO - Started process (PID=96016) to work on /home/haziq/Documents/pl-data-engineering/venv/lib/python3.12/site-packages/airflow/example_dags/example_params_ui_tutorial.py
[2024-08-06T22:39:51.845+0800] {processor.py:830} INFO - Processing file /home/haziq/Documents/pl-data-engineering/venv/lib/python3.12/site-packages/airflow/example_dags/example_params_ui_tutorial.py for tasks to queue
[2024-08-06T22:39:51.847+0800] {logging_mixin.py:188} INFO - [2024-08-06T22:39:51.847+0800] {dagbag.py:545} INFO - Filling up the DagBag from /home/haziq/Documents/pl-data-engineering/venv/lib/python3.12/site-packages/airflow/example_dags/example_params_ui_tutorial.py
[2024-08-06T22:39:51.859+0800] {processor.py:840} INFO - DAG(s) 'example_params_ui_tutorial' retrieved from /home/haziq/Documents/pl-data-engineering/venv/lib/python3.12/site-packages/airflow/example_dags/example_params_ui_tutorial.py
[2024-08-06T22:39:51.923+0800] {logging_mixin.py:188} INFO - [2024-08-06T22:39:51.922+0800] {dag.py:3089} INFO - Sync 1 DAGs
[2024-08-06T22:39:51.940+0800] {logging_mixin.py:188} INFO - [2024-08-06T22:39:51.940+0800] {dag.py:3947} INFO - Setting next_dagrun for example_params_ui_tutorial to None, run_after=None
[2024-08-06T22:39:51.975+0800] {processor.py:183} INFO - Processing /home/haziq/Documents/pl-data-engineering/venv/lib/python3.12/site-packages/airflow/example_dags/example_params_ui_tutorial.py took 0.142 seconds
[2024-08-06T22:40:41.803+0800] {processor.py:161} INFO - Started process (PID=96346) to work on /home/haziq/Documents/pl-data-engineering/venv/lib/python3.12/site-packages/airflow/example_dags/example_params_ui_tutorial.py
[2024-08-06T22:40:41.812+0800] {processor.py:830} INFO - Processing file /home/haziq/Documents/pl-data-engineering/venv/lib/python3.12/site-packages/airflow/example_dags/example_params_ui_tutorial.py for tasks to queue
[2024-08-06T22:40:41.815+0800] {logging_mixin.py:188} INFO - [2024-08-06T22:40:41.814+0800] {dagbag.py:545} INFO - Filling up the DagBag from /home/haziq/Documents/pl-data-engineering/venv/lib/python3.12/site-packages/airflow/example_dags/example_params_ui_tutorial.py
[2024-08-06T22:40:41.828+0800] {processor.py:840} INFO - DAG(s) 'example_params_ui_tutorial' retrieved from /home/haziq/Documents/pl-data-engineering/venv/lib/python3.12/site-packages/airflow/example_dags/example_params_ui_tutorial.py
[2024-08-06T22:40:41.902+0800] {logging_mixin.py:188} INFO - [2024-08-06T22:40:41.902+0800] {dag.py:3089} INFO - Sync 1 DAGs
[2024-08-06T22:40:41.927+0800] {logging_mixin.py:188} INFO - [2024-08-06T22:40:41.926+0800] {dag.py:3947} INFO - Setting next_dagrun for example_params_ui_tutorial to None, run_after=None
[2024-08-06T22:40:41.979+0800] {processor.py:183} INFO - Processing /home/haziq/Documents/pl-data-engineering/venv/lib/python3.12/site-packages/airflow/example_dags/example_params_ui_tutorial.py took 0.189 seconds
[2024-08-06T22:41:35.347+0800] {processor.py:161} INFO - Started process (PID=96758) to work on /home/haziq/Documents/pl-data-engineering/venv/lib/python3.12/site-packages/airflow/example_dags/example_params_ui_tutorial.py
[2024-08-06T22:41:35.349+0800] {processor.py:830} INFO - Processing file /home/haziq/Documents/pl-data-engineering/venv/lib/python3.12/site-packages/airflow/example_dags/example_params_ui_tutorial.py for tasks to queue
[2024-08-06T22:41:35.352+0800] {logging_mixin.py:188} INFO - [2024-08-06T22:41:35.351+0800] {dagbag.py:545} INFO - Filling up the DagBag from /home/haziq/Documents/pl-data-engineering/venv/lib/python3.12/site-packages/airflow/example_dags/example_params_ui_tutorial.py
[2024-08-06T22:41:35.366+0800] {processor.py:840} INFO - DAG(s) 'example_params_ui_tutorial' retrieved from /home/haziq/Documents/pl-data-engineering/venv/lib/python3.12/site-packages/airflow/example_dags/example_params_ui_tutorial.py
[2024-08-06T22:41:35.453+0800] {logging_mixin.py:188} INFO - [2024-08-06T22:41:35.453+0800] {dag.py:3089} INFO - Sync 1 DAGs
[2024-08-06T22:41:35.479+0800] {logging_mixin.py:188} INFO - [2024-08-06T22:41:35.479+0800] {dag.py:3947} INFO - Setting next_dagrun for example_params_ui_tutorial to None, run_after=None
[2024-08-06T22:41:35.525+0800] {processor.py:183} INFO - Processing /home/haziq/Documents/pl-data-engineering/venv/lib/python3.12/site-packages/airflow/example_dags/example_params_ui_tutorial.py took 0.190 seconds
[2024-08-06T22:42:29.069+0800] {processor.py:161} INFO - Started process (PID=97089) to work on /home/haziq/Documents/pl-data-engineering/venv/lib/python3.12/site-packages/airflow/example_dags/example_params_ui_tutorial.py
[2024-08-06T22:42:29.071+0800] {processor.py:830} INFO - Processing file /home/haziq/Documents/pl-data-engineering/venv/lib/python3.12/site-packages/airflow/example_dags/example_params_ui_tutorial.py for tasks to queue
[2024-08-06T22:42:29.074+0800] {logging_mixin.py:188} INFO - [2024-08-06T22:42:29.073+0800] {dagbag.py:545} INFO - Filling up the DagBag from /home/haziq/Documents/pl-data-engineering/venv/lib/python3.12/site-packages/airflow/example_dags/example_params_ui_tutorial.py
[2024-08-06T22:42:29.085+0800] {processor.py:840} INFO - DAG(s) 'example_params_ui_tutorial' retrieved from /home/haziq/Documents/pl-data-engineering/venv/lib/python3.12/site-packages/airflow/example_dags/example_params_ui_tutorial.py
[2024-08-06T22:42:29.165+0800] {logging_mixin.py:188} INFO - [2024-08-06T22:42:29.164+0800] {dag.py:3089} INFO - Sync 1 DAGs
[2024-08-06T22:42:29.188+0800] {logging_mixin.py:188} INFO - [2024-08-06T22:42:29.187+0800] {dag.py:3947} INFO - Setting next_dagrun for example_params_ui_tutorial to None, run_after=None
[2024-08-06T22:42:29.234+0800] {processor.py:183} INFO - Processing /home/haziq/Documents/pl-data-engineering/venv/lib/python3.12/site-packages/airflow/example_dags/example_params_ui_tutorial.py took 0.177 seconds
