[2024-08-06T22:32:59.007+0800] {processor.py:161} INFO - Started process (PID=93031) to work on /home/haziq/Documents/pl-data-engineering/venv/lib/python3.12/site-packages/airflow/example_dags/example_skip_dag.py
[2024-08-06T22:32:59.008+0800] {processor.py:830} INFO - Processing file /home/haziq/Documents/pl-data-engineering/venv/lib/python3.12/site-packages/airflow/example_dags/example_skip_dag.py for tasks to queue
[2024-08-06T22:32:59.011+0800] {logging_mixin.py:188} INFO - [2024-08-06T22:32:59.010+0800] {dagbag.py:545} INFO - Filling up the DagBag from /home/haziq/Documents/pl-data-engineering/venv/lib/python3.12/site-packages/airflow/example_dags/example_skip_dag.py
[2024-08-06T22:32:59.022+0800] {processor.py:840} INFO - DAG(s) 'example_skip_dag' retrieved from /home/haziq/Documents/pl-data-engineering/venv/lib/python3.12/site-packages/airflow/example_dags/example_skip_dag.py
[2024-08-06T22:32:59.190+0800] {logging_mixin.py:188} INFO - [2024-08-06T22:32:59.188+0800] {override.py:1858} INFO - Created Permission View: can delete on DAG:example_skip_dag
[2024-08-06T22:32:59.208+0800] {logging_mixin.py:188} INFO - [2024-08-06T22:32:59.207+0800] {override.py:1858} INFO - Created Permission View: can read on DAG:example_skip_dag
[2024-08-06T22:32:59.223+0800] {logging_mixin.py:188} INFO - [2024-08-06T22:32:59.223+0800] {override.py:1858} INFO - Created Permission View: can edit on DAG:example_skip_dag
[2024-08-06T22:32:59.224+0800] {logging_mixin.py:188} INFO - [2024-08-06T22:32:59.224+0800] {dag.py:3089} INFO - Sync 1 DAGs
[2024-08-06T22:32:59.240+0800] {logging_mixin.py:188} INFO - [2024-08-06T22:32:59.239+0800] {dag.py:3111} INFO - Creating ORM DAG for example_skip_dag
[2024-08-06T22:32:59.253+0800] {logging_mixin.py:188} INFO - [2024-08-06T22:32:59.253+0800] {dag.py:3947} INFO - Setting next_dagrun for example_skip_dag to 2024-08-05 00:00:00+00:00, run_after=2024-08-06 00:00:00+00:00
[2024-08-06T22:32:59.287+0800] {processor.py:183} INFO - Processing /home/haziq/Documents/pl-data-engineering/venv/lib/python3.12/site-packages/airflow/example_dags/example_skip_dag.py took 0.289 seconds
[2024-08-06T22:33:59.250+0800] {processor.py:161} INFO - Started process (PID=93438) to work on /home/haziq/Documents/pl-data-engineering/venv/lib/python3.12/site-packages/airflow/example_dags/example_skip_dag.py
[2024-08-06T22:33:59.252+0800] {processor.py:830} INFO - Processing file /home/haziq/Documents/pl-data-engineering/venv/lib/python3.12/site-packages/airflow/example_dags/example_skip_dag.py for tasks to queue
[2024-08-06T22:33:59.256+0800] {logging_mixin.py:188} INFO - [2024-08-06T22:33:59.255+0800] {dagbag.py:545} INFO - Filling up the DagBag from /home/haziq/Documents/pl-data-engineering/venv/lib/python3.12/site-packages/airflow/example_dags/example_skip_dag.py
[2024-08-06T22:33:59.270+0800] {processor.py:840} INFO - DAG(s) 'example_skip_dag' retrieved from /home/haziq/Documents/pl-data-engineering/venv/lib/python3.12/site-packages/airflow/example_dags/example_skip_dag.py
[2024-08-06T22:33:59.296+0800] {logging_mixin.py:188} INFO - [2024-08-06T22:33:59.295+0800] {dag.py:3089} INFO - Sync 1 DAGs
[2024-08-06T22:33:59.326+0800] {logging_mixin.py:188} INFO - [2024-08-06T22:33:59.325+0800] {dag.py:3947} INFO - Setting next_dagrun for example_skip_dag to 2024-08-05 00:00:00+00:00, run_after=2024-08-06 00:00:00+00:00
[2024-08-06T22:33:59.368+0800] {processor.py:183} INFO - Processing /home/haziq/Documents/pl-data-engineering/venv/lib/python3.12/site-packages/airflow/example_dags/example_skip_dag.py took 0.129 seconds
[2024-08-06T22:35:38.277+0800] {processor.py:161} INFO - Started process (PID=94225) to work on /home/haziq/Documents/pl-data-engineering/venv/lib/python3.12/site-packages/airflow/example_dags/example_skip_dag.py
[2024-08-06T22:35:38.281+0800] {processor.py:830} INFO - Processing file /home/haziq/Documents/pl-data-engineering/venv/lib/python3.12/site-packages/airflow/example_dags/example_skip_dag.py for tasks to queue
[2024-08-06T22:35:38.286+0800] {logging_mixin.py:188} INFO - [2024-08-06T22:35:38.285+0800] {dagbag.py:545} INFO - Filling up the DagBag from /home/haziq/Documents/pl-data-engineering/venv/lib/python3.12/site-packages/airflow/example_dags/example_skip_dag.py
[2024-08-06T22:35:38.313+0800] {processor.py:840} INFO - DAG(s) 'example_skip_dag' retrieved from /home/haziq/Documents/pl-data-engineering/venv/lib/python3.12/site-packages/airflow/example_dags/example_skip_dag.py
[2024-08-06T22:35:38.337+0800] {logging_mixin.py:188} INFO - [2024-08-06T22:35:38.336+0800] {dag.py:3089} INFO - Sync 1 DAGs
[2024-08-06T22:35:38.408+0800] {logging_mixin.py:188} INFO - [2024-08-06T22:35:38.408+0800] {dag.py:3947} INFO - Setting next_dagrun for example_skip_dag to 2024-08-05 00:00:00+00:00, run_after=2024-08-06 00:00:00+00:00
[2024-08-06T22:35:38.463+0800] {processor.py:183} INFO - Processing /home/haziq/Documents/pl-data-engineering/venv/lib/python3.12/site-packages/airflow/example_dags/example_skip_dag.py took 0.200 seconds
[2024-08-06T22:36:40.259+0800] {processor.py:161} INFO - Started process (PID=94609) to work on /home/haziq/Documents/pl-data-engineering/venv/lib/python3.12/site-packages/airflow/example_dags/example_skip_dag.py
[2024-08-06T22:36:40.260+0800] {processor.py:830} INFO - Processing file /home/haziq/Documents/pl-data-engineering/venv/lib/python3.12/site-packages/airflow/example_dags/example_skip_dag.py for tasks to queue
[2024-08-06T22:36:40.263+0800] {logging_mixin.py:188} INFO - [2024-08-06T22:36:40.262+0800] {dagbag.py:545} INFO - Filling up the DagBag from /home/haziq/Documents/pl-data-engineering/venv/lib/python3.12/site-packages/airflow/example_dags/example_skip_dag.py
[2024-08-06T22:36:40.273+0800] {processor.py:840} INFO - DAG(s) 'example_skip_dag' retrieved from /home/haziq/Documents/pl-data-engineering/venv/lib/python3.12/site-packages/airflow/example_dags/example_skip_dag.py
[2024-08-06T22:36:40.415+0800] {logging_mixin.py:188} INFO - [2024-08-06T22:36:40.415+0800] {dag.py:3089} INFO - Sync 1 DAGs
[2024-08-06T22:36:40.441+0800] {logging_mixin.py:188} INFO - [2024-08-06T22:36:40.440+0800] {dag.py:3947} INFO - Setting next_dagrun for example_skip_dag to 2024-08-05 00:00:00+00:00, run_after=2024-08-06 00:00:00+00:00
[2024-08-06T22:36:40.481+0800] {processor.py:183} INFO - Processing /home/haziq/Documents/pl-data-engineering/venv/lib/python3.12/site-packages/airflow/example_dags/example_skip_dag.py took 0.234 seconds
[2024-08-06T22:37:39.094+0800] {processor.py:161} INFO - Started process (PID=95021) to work on /home/haziq/Documents/pl-data-engineering/venv/lib/python3.12/site-packages/airflow/example_dags/example_skip_dag.py
[2024-08-06T22:37:39.096+0800] {processor.py:830} INFO - Processing file /home/haziq/Documents/pl-data-engineering/venv/lib/python3.12/site-packages/airflow/example_dags/example_skip_dag.py for tasks to queue
[2024-08-06T22:37:39.100+0800] {logging_mixin.py:188} INFO - [2024-08-06T22:37:39.099+0800] {dagbag.py:545} INFO - Filling up the DagBag from /home/haziq/Documents/pl-data-engineering/venv/lib/python3.12/site-packages/airflow/example_dags/example_skip_dag.py
[2024-08-06T22:37:39.109+0800] {processor.py:840} INFO - DAG(s) 'example_skip_dag' retrieved from /home/haziq/Documents/pl-data-engineering/venv/lib/python3.12/site-packages/airflow/example_dags/example_skip_dag.py
[2024-08-06T22:37:39.137+0800] {logging_mixin.py:188} INFO - [2024-08-06T22:37:39.136+0800] {dag.py:3089} INFO - Sync 1 DAGs
[2024-08-06T22:37:39.177+0800] {logging_mixin.py:188} INFO - [2024-08-06T22:37:39.176+0800] {dag.py:3947} INFO - Setting next_dagrun for example_skip_dag to 2024-08-05 00:00:00+00:00, run_after=2024-08-06 00:00:00+00:00
[2024-08-06T22:37:39.227+0800] {processor.py:183} INFO - Processing /home/haziq/Documents/pl-data-engineering/venv/lib/python3.12/site-packages/airflow/example_dags/example_skip_dag.py took 0.144 seconds
[2024-08-06T22:38:35.461+0800] {processor.py:161} INFO - Started process (PID=95410) to work on /home/haziq/Documents/pl-data-engineering/venv/lib/python3.12/site-packages/airflow/example_dags/example_skip_dag.py
[2024-08-06T22:38:35.462+0800] {processor.py:830} INFO - Processing file /home/haziq/Documents/pl-data-engineering/venv/lib/python3.12/site-packages/airflow/example_dags/example_skip_dag.py for tasks to queue
[2024-08-06T22:38:35.465+0800] {logging_mixin.py:188} INFO - [2024-08-06T22:38:35.464+0800] {dagbag.py:545} INFO - Filling up the DagBag from /home/haziq/Documents/pl-data-engineering/venv/lib/python3.12/site-packages/airflow/example_dags/example_skip_dag.py
[2024-08-06T22:38:35.475+0800] {processor.py:840} INFO - DAG(s) 'example_skip_dag' retrieved from /home/haziq/Documents/pl-data-engineering/venv/lib/python3.12/site-packages/airflow/example_dags/example_skip_dag.py
[2024-08-06T22:38:35.501+0800] {logging_mixin.py:188} INFO - [2024-08-06T22:38:35.500+0800] {dag.py:3089} INFO - Sync 1 DAGs
[2024-08-06T22:38:35.530+0800] {logging_mixin.py:188} INFO - [2024-08-06T22:38:35.530+0800] {dag.py:3947} INFO - Setting next_dagrun for example_skip_dag to 2024-08-05 00:00:00+00:00, run_after=2024-08-06 00:00:00+00:00
[2024-08-06T22:38:35.567+0800] {processor.py:183} INFO - Processing /home/haziq/Documents/pl-data-engineering/venv/lib/python3.12/site-packages/airflow/example_dags/example_skip_dag.py took 0.115 seconds
[2024-08-06T22:39:28.477+0800] {processor.py:161} INFO - Started process (PID=95854) to work on /home/haziq/Documents/pl-data-engineering/venv/lib/python3.12/site-packages/airflow/example_dags/example_skip_dag.py
[2024-08-06T22:39:28.479+0800] {processor.py:830} INFO - Processing file /home/haziq/Documents/pl-data-engineering/venv/lib/python3.12/site-packages/airflow/example_dags/example_skip_dag.py for tasks to queue
[2024-08-06T22:39:28.483+0800] {logging_mixin.py:188} INFO - [2024-08-06T22:39:28.482+0800] {dagbag.py:545} INFO - Filling up the DagBag from /home/haziq/Documents/pl-data-engineering/venv/lib/python3.12/site-packages/airflow/example_dags/example_skip_dag.py
[2024-08-06T22:39:28.492+0800] {processor.py:840} INFO - DAG(s) 'example_skip_dag' retrieved from /home/haziq/Documents/pl-data-engineering/venv/lib/python3.12/site-packages/airflow/example_dags/example_skip_dag.py
[2024-08-06T22:39:28.519+0800] {logging_mixin.py:188} INFO - [2024-08-06T22:39:28.519+0800] {dag.py:3089} INFO - Sync 1 DAGs
[2024-08-06T22:39:28.552+0800] {logging_mixin.py:188} INFO - [2024-08-06T22:39:28.551+0800] {dag.py:3947} INFO - Setting next_dagrun for example_skip_dag to 2024-08-05 00:00:00+00:00, run_after=2024-08-06 00:00:00+00:00
[2024-08-06T22:39:28.588+0800] {processor.py:183} INFO - Processing /home/haziq/Documents/pl-data-engineering/venv/lib/python3.12/site-packages/airflow/example_dags/example_skip_dag.py took 0.123 seconds
[2024-08-06T22:40:20.740+0800] {processor.py:161} INFO - Started process (PID=96207) to work on /home/haziq/Documents/pl-data-engineering/venv/lib/python3.12/site-packages/airflow/example_dags/example_skip_dag.py
[2024-08-06T22:40:20.749+0800] {processor.py:830} INFO - Processing file /home/haziq/Documents/pl-data-engineering/venv/lib/python3.12/site-packages/airflow/example_dags/example_skip_dag.py for tasks to queue
[2024-08-06T22:40:20.751+0800] {logging_mixin.py:188} INFO - [2024-08-06T22:40:20.751+0800] {dagbag.py:545} INFO - Filling up the DagBag from /home/haziq/Documents/pl-data-engineering/venv/lib/python3.12/site-packages/airflow/example_dags/example_skip_dag.py
[2024-08-06T22:40:20.761+0800] {processor.py:840} INFO - DAG(s) 'example_skip_dag' retrieved from /home/haziq/Documents/pl-data-engineering/venv/lib/python3.12/site-packages/airflow/example_dags/example_skip_dag.py
[2024-08-06T22:40:20.788+0800] {logging_mixin.py:188} INFO - [2024-08-06T22:40:20.787+0800] {dag.py:3089} INFO - Sync 1 DAGs
[2024-08-06T22:40:20.820+0800] {logging_mixin.py:188} INFO - [2024-08-06T22:40:20.819+0800] {dag.py:3947} INFO - Setting next_dagrun for example_skip_dag to 2024-08-05 00:00:00+00:00, run_after=2024-08-06 00:00:00+00:00
[2024-08-06T22:40:20.856+0800] {processor.py:183} INFO - Processing /home/haziq/Documents/pl-data-engineering/venv/lib/python3.12/site-packages/airflow/example_dags/example_skip_dag.py took 0.128 seconds
[2024-08-06T22:41:11.288+0800] {processor.py:161} INFO - Started process (PID=96587) to work on /home/haziq/Documents/pl-data-engineering/venv/lib/python3.12/site-packages/airflow/example_dags/example_skip_dag.py
[2024-08-06T22:41:11.290+0800] {processor.py:830} INFO - Processing file /home/haziq/Documents/pl-data-engineering/venv/lib/python3.12/site-packages/airflow/example_dags/example_skip_dag.py for tasks to queue
[2024-08-06T22:41:11.292+0800] {logging_mixin.py:188} INFO - [2024-08-06T22:41:11.292+0800] {dagbag.py:545} INFO - Filling up the DagBag from /home/haziq/Documents/pl-data-engineering/venv/lib/python3.12/site-packages/airflow/example_dags/example_skip_dag.py
[2024-08-06T22:41:11.302+0800] {processor.py:840} INFO - DAG(s) 'example_skip_dag' retrieved from /home/haziq/Documents/pl-data-engineering/venv/lib/python3.12/site-packages/airflow/example_dags/example_skip_dag.py
[2024-08-06T22:41:11.328+0800] {logging_mixin.py:188} INFO - [2024-08-06T22:41:11.327+0800] {dag.py:3089} INFO - Sync 1 DAGs
[2024-08-06T22:41:11.357+0800] {logging_mixin.py:188} INFO - [2024-08-06T22:41:11.356+0800] {dag.py:3947} INFO - Setting next_dagrun for example_skip_dag to 2024-08-05 00:00:00+00:00, run_after=2024-08-06 00:00:00+00:00
[2024-08-06T22:41:11.392+0800] {processor.py:183} INFO - Processing /home/haziq/Documents/pl-data-engineering/venv/lib/python3.12/site-packages/airflow/example_dags/example_skip_dag.py took 0.116 seconds
[2024-08-06T22:42:03.611+0800] {processor.py:161} INFO - Started process (PID=96934) to work on /home/haziq/Documents/pl-data-engineering/venv/lib/python3.12/site-packages/airflow/example_dags/example_skip_dag.py
[2024-08-06T22:42:03.620+0800] {processor.py:830} INFO - Processing file /home/haziq/Documents/pl-data-engineering/venv/lib/python3.12/site-packages/airflow/example_dags/example_skip_dag.py for tasks to queue
[2024-08-06T22:42:03.623+0800] {logging_mixin.py:188} INFO - [2024-08-06T22:42:03.623+0800] {dagbag.py:545} INFO - Filling up the DagBag from /home/haziq/Documents/pl-data-engineering/venv/lib/python3.12/site-packages/airflow/example_dags/example_skip_dag.py
[2024-08-06T22:42:03.636+0800] {processor.py:840} INFO - DAG(s) 'example_skip_dag' retrieved from /home/haziq/Documents/pl-data-engineering/venv/lib/python3.12/site-packages/airflow/example_dags/example_skip_dag.py
[2024-08-06T22:42:03.669+0800] {logging_mixin.py:188} INFO - [2024-08-06T22:42:03.668+0800] {dag.py:3089} INFO - Sync 1 DAGs
[2024-08-06T22:42:03.707+0800] {logging_mixin.py:188} INFO - [2024-08-06T22:42:03.707+0800] {dag.py:3947} INFO - Setting next_dagrun for example_skip_dag to 2024-08-05 00:00:00+00:00, run_after=2024-08-06 00:00:00+00:00
[2024-08-06T22:42:03.749+0800] {processor.py:183} INFO - Processing /home/haziq/Documents/pl-data-engineering/venv/lib/python3.12/site-packages/airflow/example_dags/example_skip_dag.py took 0.150 seconds
