[2024-08-06T22:33:11.080+0800] {processor.py:161} INFO - Started process (PID=93113) to work on /home/haziq/Documents/pl-data-engineering/venv/lib/python3.12/site-packages/airflow/example_dags/example_latest_only_with_trigger.py
[2024-08-06T22:33:11.081+0800] {processor.py:830} INFO - Processing file /home/haziq/Documents/pl-data-engineering/venv/lib/python3.12/site-packages/airflow/example_dags/example_latest_only_with_trigger.py for tasks to queue
[2024-08-06T22:33:11.084+0800] {logging_mixin.py:188} INFO - [2024-08-06T22:33:11.083+0800] {dagbag.py:545} INFO - Filling up the DagBag from /home/haziq/Documents/pl-data-engineering/venv/lib/python3.12/site-packages/airflow/example_dags/example_latest_only_with_trigger.py
[2024-08-06T22:33:11.097+0800] {processor.py:840} INFO - DAG(s) 'latest_only_with_trigger' retrieved from /home/haziq/Documents/pl-data-engineering/venv/lib/python3.12/site-packages/airflow/example_dags/example_latest_only_with_trigger.py
[2024-08-06T22:33:11.267+0800] {logging_mixin.py:188} INFO - [2024-08-06T22:33:11.266+0800] {override.py:1858} INFO - Created Permission View: can delete on DAG:latest_only_with_trigger
[2024-08-06T22:33:11.286+0800] {logging_mixin.py:188} INFO - [2024-08-06T22:33:11.285+0800] {override.py:1858} INFO - Created Permission View: can read on DAG:latest_only_with_trigger
[2024-08-06T22:33:11.300+0800] {logging_mixin.py:188} INFO - [2024-08-06T22:33:11.299+0800] {override.py:1858} INFO - Created Permission View: can edit on DAG:latest_only_with_trigger
[2024-08-06T22:33:11.301+0800] {logging_mixin.py:188} INFO - [2024-08-06T22:33:11.300+0800] {dag.py:3089} INFO - Sync 1 DAGs
[2024-08-06T22:33:11.317+0800] {logging_mixin.py:188} INFO - [2024-08-06T22:33:11.316+0800] {dag.py:3111} INFO - Creating ORM DAG for latest_only_with_trigger
[2024-08-06T22:33:11.331+0800] {logging_mixin.py:188} INFO - [2024-08-06T22:33:11.331+0800] {dag.py:3947} INFO - Setting next_dagrun for latest_only_with_trigger to 2024-08-06 08:00:00+00:00, run_after=2024-08-06 12:00:00+00:00
[2024-08-06T22:33:11.365+0800] {processor.py:183} INFO - Processing /home/haziq/Documents/pl-data-engineering/venv/lib/python3.12/site-packages/airflow/example_dags/example_latest_only_with_trigger.py took 0.294 seconds
[2024-08-06T22:34:11.941+0800] {processor.py:161} INFO - Started process (PID=93527) to work on /home/haziq/Documents/pl-data-engineering/venv/lib/python3.12/site-packages/airflow/example_dags/example_latest_only_with_trigger.py
[2024-08-06T22:34:11.949+0800] {processor.py:830} INFO - Processing file /home/haziq/Documents/pl-data-engineering/venv/lib/python3.12/site-packages/airflow/example_dags/example_latest_only_with_trigger.py for tasks to queue
[2024-08-06T22:34:11.952+0800] {logging_mixin.py:188} INFO - [2024-08-06T22:34:11.952+0800] {dagbag.py:545} INFO - Filling up the DagBag from /home/haziq/Documents/pl-data-engineering/venv/lib/python3.12/site-packages/airflow/example_dags/example_latest_only_with_trigger.py
[2024-08-06T22:34:11.961+0800] {processor.py:840} INFO - DAG(s) 'latest_only_with_trigger' retrieved from /home/haziq/Documents/pl-data-engineering/venv/lib/python3.12/site-packages/airflow/example_dags/example_latest_only_with_trigger.py
[2024-08-06T22:34:11.987+0800] {logging_mixin.py:188} INFO - [2024-08-06T22:34:11.987+0800] {dag.py:3089} INFO - Sync 1 DAGs
[2024-08-06T22:34:12.017+0800] {logging_mixin.py:188} INFO - [2024-08-06T22:34:12.017+0800] {dag.py:3947} INFO - Setting next_dagrun for latest_only_with_trigger to 2024-08-06 08:00:00+00:00, run_after=2024-08-06 12:00:00+00:00
[2024-08-06T22:34:12.055+0800] {processor.py:183} INFO - Processing /home/haziq/Documents/pl-data-engineering/venv/lib/python3.12/site-packages/airflow/example_dags/example_latest_only_with_trigger.py took 0.123 seconds
[2024-08-06T22:35:49.888+0800] {processor.py:161} INFO - Started process (PID=94289) to work on /home/haziq/Documents/pl-data-engineering/venv/lib/python3.12/site-packages/airflow/example_dags/example_latest_only_with_trigger.py
[2024-08-06T22:35:49.890+0800] {processor.py:830} INFO - Processing file /home/haziq/Documents/pl-data-engineering/venv/lib/python3.12/site-packages/airflow/example_dags/example_latest_only_with_trigger.py for tasks to queue
[2024-08-06T22:35:49.894+0800] {logging_mixin.py:188} INFO - [2024-08-06T22:35:49.893+0800] {dagbag.py:545} INFO - Filling up the DagBag from /home/haziq/Documents/pl-data-engineering/venv/lib/python3.12/site-packages/airflow/example_dags/example_latest_only_with_trigger.py
[2024-08-06T22:35:49.907+0800] {processor.py:840} INFO - DAG(s) 'latest_only_with_trigger' retrieved from /home/haziq/Documents/pl-data-engineering/venv/lib/python3.12/site-packages/airflow/example_dags/example_latest_only_with_trigger.py
[2024-08-06T22:35:50.110+0800] {logging_mixin.py:188} INFO - [2024-08-06T22:35:50.110+0800] {dag.py:3089} INFO - Sync 1 DAGs
[2024-08-06T22:35:50.143+0800] {logging_mixin.py:188} INFO - [2024-08-06T22:35:50.143+0800] {dag.py:3947} INFO - Setting next_dagrun for latest_only_with_trigger to 2024-08-06 08:00:00+00:00, run_after=2024-08-06 12:00:00+00:00
[2024-08-06T22:35:50.195+0800] {processor.py:183} INFO - Processing /home/haziq/Documents/pl-data-engineering/venv/lib/python3.12/site-packages/airflow/example_dags/example_latest_only_with_trigger.py took 0.317 seconds
[2024-08-06T22:36:55.308+0800] {processor.py:161} INFO - Started process (PID=94711) to work on /home/haziq/Documents/pl-data-engineering/venv/lib/python3.12/site-packages/airflow/example_dags/example_latest_only_with_trigger.py
[2024-08-06T22:36:55.310+0800] {processor.py:830} INFO - Processing file /home/haziq/Documents/pl-data-engineering/venv/lib/python3.12/site-packages/airflow/example_dags/example_latest_only_with_trigger.py for tasks to queue
[2024-08-06T22:36:55.315+0800] {logging_mixin.py:188} INFO - [2024-08-06T22:36:55.314+0800] {dagbag.py:545} INFO - Filling up the DagBag from /home/haziq/Documents/pl-data-engineering/venv/lib/python3.12/site-packages/airflow/example_dags/example_latest_only_with_trigger.py
[2024-08-06T22:36:55.329+0800] {processor.py:840} INFO - DAG(s) 'latest_only_with_trigger' retrieved from /home/haziq/Documents/pl-data-engineering/venv/lib/python3.12/site-packages/airflow/example_dags/example_latest_only_with_trigger.py
[2024-08-06T22:36:55.365+0800] {logging_mixin.py:188} INFO - [2024-08-06T22:36:55.364+0800] {dag.py:3089} INFO - Sync 1 DAGs
[2024-08-06T22:36:55.426+0800] {logging_mixin.py:188} INFO - [2024-08-06T22:36:55.425+0800] {dag.py:3947} INFO - Setting next_dagrun for latest_only_with_trigger to 2024-08-06 08:00:00+00:00, run_after=2024-08-06 12:00:00+00:00
[2024-08-06T22:36:55.491+0800] {processor.py:183} INFO - Processing /home/haziq/Documents/pl-data-engineering/venv/lib/python3.12/site-packages/airflow/example_dags/example_latest_only_with_trigger.py took 0.195 seconds
[2024-08-06T22:37:54.837+0800] {processor.py:161} INFO - Started process (PID=95112) to work on /home/haziq/Documents/pl-data-engineering/venv/lib/python3.12/site-packages/airflow/example_dags/example_latest_only_with_trigger.py
[2024-08-06T22:37:54.839+0800] {processor.py:830} INFO - Processing file /home/haziq/Documents/pl-data-engineering/venv/lib/python3.12/site-packages/airflow/example_dags/example_latest_only_with_trigger.py for tasks to queue
[2024-08-06T22:37:54.842+0800] {logging_mixin.py:188} INFO - [2024-08-06T22:37:54.841+0800] {dagbag.py:545} INFO - Filling up the DagBag from /home/haziq/Documents/pl-data-engineering/venv/lib/python3.12/site-packages/airflow/example_dags/example_latest_only_with_trigger.py
[2024-08-06T22:37:54.849+0800] {processor.py:840} INFO - DAG(s) 'latest_only_with_trigger' retrieved from /home/haziq/Documents/pl-data-engineering/venv/lib/python3.12/site-packages/airflow/example_dags/example_latest_only_with_trigger.py
[2024-08-06T22:37:54.875+0800] {logging_mixin.py:188} INFO - [2024-08-06T22:37:54.875+0800] {dag.py:3089} INFO - Sync 1 DAGs
[2024-08-06T22:37:54.905+0800] {logging_mixin.py:188} INFO - [2024-08-06T22:37:54.905+0800] {dag.py:3947} INFO - Setting next_dagrun for latest_only_with_trigger to 2024-08-06 08:00:00+00:00, run_after=2024-08-06 12:00:00+00:00
[2024-08-06T22:37:54.941+0800] {processor.py:183} INFO - Processing /home/haziq/Documents/pl-data-engineering/venv/lib/python3.12/site-packages/airflow/example_dags/example_latest_only_with_trigger.py took 0.116 seconds
[2024-08-06T22:38:51.416+0800] {processor.py:161} INFO - Started process (PID=95514) to work on /home/haziq/Documents/pl-data-engineering/venv/lib/python3.12/site-packages/airflow/example_dags/example_latest_only_with_trigger.py
[2024-08-06T22:38:51.418+0800] {processor.py:830} INFO - Processing file /home/haziq/Documents/pl-data-engineering/venv/lib/python3.12/site-packages/airflow/example_dags/example_latest_only_with_trigger.py for tasks to queue
[2024-08-06T22:38:51.421+0800] {logging_mixin.py:188} INFO - [2024-08-06T22:38:51.420+0800] {dagbag.py:545} INFO - Filling up the DagBag from /home/haziq/Documents/pl-data-engineering/venv/lib/python3.12/site-packages/airflow/example_dags/example_latest_only_with_trigger.py
[2024-08-06T22:38:51.430+0800] {processor.py:840} INFO - DAG(s) 'latest_only_with_trigger' retrieved from /home/haziq/Documents/pl-data-engineering/venv/lib/python3.12/site-packages/airflow/example_dags/example_latest_only_with_trigger.py
[2024-08-06T22:38:51.465+0800] {logging_mixin.py:188} INFO - [2024-08-06T22:38:51.464+0800] {dag.py:3089} INFO - Sync 1 DAGs
[2024-08-06T22:38:51.503+0800] {logging_mixin.py:188} INFO - [2024-08-06T22:38:51.503+0800] {dag.py:3947} INFO - Setting next_dagrun for latest_only_with_trigger to 2024-08-06 08:00:00+00:00, run_after=2024-08-06 12:00:00+00:00
[2024-08-06T22:38:51.549+0800] {processor.py:183} INFO - Processing /home/haziq/Documents/pl-data-engineering/venv/lib/python3.12/site-packages/airflow/example_dags/example_latest_only_with_trigger.py took 0.144 seconds
[2024-08-06T22:39:46.979+0800] {processor.py:161} INFO - Started process (PID=95975) to work on /home/haziq/Documents/pl-data-engineering/venv/lib/python3.12/site-packages/airflow/example_dags/example_latest_only_with_trigger.py
[2024-08-06T22:39:46.981+0800] {processor.py:830} INFO - Processing file /home/haziq/Documents/pl-data-engineering/venv/lib/python3.12/site-packages/airflow/example_dags/example_latest_only_with_trigger.py for tasks to queue
[2024-08-06T22:39:46.983+0800] {logging_mixin.py:188} INFO - [2024-08-06T22:39:46.983+0800] {dagbag.py:545} INFO - Filling up the DagBag from /home/haziq/Documents/pl-data-engineering/venv/lib/python3.12/site-packages/airflow/example_dags/example_latest_only_with_trigger.py
[2024-08-06T22:39:46.991+0800] {processor.py:840} INFO - DAG(s) 'latest_only_with_trigger' retrieved from /home/haziq/Documents/pl-data-engineering/venv/lib/python3.12/site-packages/airflow/example_dags/example_latest_only_with_trigger.py
[2024-08-06T22:39:47.017+0800] {logging_mixin.py:188} INFO - [2024-08-06T22:39:47.017+0800] {dag.py:3089} INFO - Sync 1 DAGs
[2024-08-06T22:39:47.046+0800] {logging_mixin.py:188} INFO - [2024-08-06T22:39:47.046+0800] {dag.py:3947} INFO - Setting next_dagrun for latest_only_with_trigger to 2024-08-06 08:00:00+00:00, run_after=2024-08-06 12:00:00+00:00
[2024-08-06T22:39:47.082+0800] {processor.py:183} INFO - Processing /home/haziq/Documents/pl-data-engineering/venv/lib/python3.12/site-packages/airflow/example_dags/example_latest_only_with_trigger.py took 0.115 seconds
[2024-08-06T22:40:37.797+0800] {processor.py:161} INFO - Started process (PID=96321) to work on /home/haziq/Documents/pl-data-engineering/venv/lib/python3.12/site-packages/airflow/example_dags/example_latest_only_with_trigger.py
[2024-08-06T22:40:37.806+0800] {processor.py:830} INFO - Processing file /home/haziq/Documents/pl-data-engineering/venv/lib/python3.12/site-packages/airflow/example_dags/example_latest_only_with_trigger.py for tasks to queue
[2024-08-06T22:40:37.808+0800] {logging_mixin.py:188} INFO - [2024-08-06T22:40:37.808+0800] {dagbag.py:545} INFO - Filling up the DagBag from /home/haziq/Documents/pl-data-engineering/venv/lib/python3.12/site-packages/airflow/example_dags/example_latest_only_with_trigger.py
[2024-08-06T22:40:37.816+0800] {processor.py:840} INFO - DAG(s) 'latest_only_with_trigger' retrieved from /home/haziq/Documents/pl-data-engineering/venv/lib/python3.12/site-packages/airflow/example_dags/example_latest_only_with_trigger.py
[2024-08-06T22:40:37.842+0800] {logging_mixin.py:188} INFO - [2024-08-06T22:40:37.841+0800] {dag.py:3089} INFO - Sync 1 DAGs
[2024-08-06T22:40:37.871+0800] {logging_mixin.py:188} INFO - [2024-08-06T22:40:37.871+0800] {dag.py:3947} INFO - Setting next_dagrun for latest_only_with_trigger to 2024-08-06 08:00:00+00:00, run_after=2024-08-06 12:00:00+00:00
[2024-08-06T22:40:37.907+0800] {processor.py:183} INFO - Processing /home/haziq/Documents/pl-data-engineering/venv/lib/python3.12/site-packages/airflow/example_dags/example_latest_only_with_trigger.py took 0.121 seconds
[2024-08-06T22:41:30.237+0800] {processor.py:161} INFO - Started process (PID=96735) to work on /home/haziq/Documents/pl-data-engineering/venv/lib/python3.12/site-packages/airflow/example_dags/example_latest_only_with_trigger.py
[2024-08-06T22:41:30.239+0800] {processor.py:830} INFO - Processing file /home/haziq/Documents/pl-data-engineering/venv/lib/python3.12/site-packages/airflow/example_dags/example_latest_only_with_trigger.py for tasks to queue
[2024-08-06T22:41:30.241+0800] {logging_mixin.py:188} INFO - [2024-08-06T22:41:30.241+0800] {dagbag.py:545} INFO - Filling up the DagBag from /home/haziq/Documents/pl-data-engineering/venv/lib/python3.12/site-packages/airflow/example_dags/example_latest_only_with_trigger.py
[2024-08-06T22:41:30.250+0800] {processor.py:840} INFO - DAG(s) 'latest_only_with_trigger' retrieved from /home/haziq/Documents/pl-data-engineering/venv/lib/python3.12/site-packages/airflow/example_dags/example_latest_only_with_trigger.py
[2024-08-06T22:41:30.275+0800] {logging_mixin.py:188} INFO - [2024-08-06T22:41:30.275+0800] {dag.py:3089} INFO - Sync 1 DAGs
[2024-08-06T22:41:30.305+0800] {logging_mixin.py:188} INFO - [2024-08-06T22:41:30.304+0800] {dag.py:3947} INFO - Setting next_dagrun for latest_only_with_trigger to 2024-08-06 08:00:00+00:00, run_after=2024-08-06 12:00:00+00:00
[2024-08-06T22:41:30.339+0800] {processor.py:183} INFO - Processing /home/haziq/Documents/pl-data-engineering/venv/lib/python3.12/site-packages/airflow/example_dags/example_latest_only_with_trigger.py took 0.113 seconds
[2024-08-06T22:42:25.231+0800] {processor.py:161} INFO - Started process (PID=97064) to work on /home/haziq/Documents/pl-data-engineering/venv/lib/python3.12/site-packages/airflow/example_dags/example_latest_only_with_trigger.py
[2024-08-06T22:42:25.240+0800] {processor.py:830} INFO - Processing file /home/haziq/Documents/pl-data-engineering/venv/lib/python3.12/site-packages/airflow/example_dags/example_latest_only_with_trigger.py for tasks to queue
[2024-08-06T22:42:25.242+0800] {logging_mixin.py:188} INFO - [2024-08-06T22:42:25.242+0800] {dagbag.py:545} INFO - Filling up the DagBag from /home/haziq/Documents/pl-data-engineering/venv/lib/python3.12/site-packages/airflow/example_dags/example_latest_only_with_trigger.py
[2024-08-06T22:42:25.250+0800] {processor.py:840} INFO - DAG(s) 'latest_only_with_trigger' retrieved from /home/haziq/Documents/pl-data-engineering/venv/lib/python3.12/site-packages/airflow/example_dags/example_latest_only_with_trigger.py
[2024-08-06T22:42:25.279+0800] {logging_mixin.py:188} INFO - [2024-08-06T22:42:25.279+0800] {dag.py:3089} INFO - Sync 1 DAGs
[2024-08-06T22:42:25.316+0800] {logging_mixin.py:188} INFO - [2024-08-06T22:42:25.315+0800] {dag.py:3947} INFO - Setting next_dagrun for latest_only_with_trigger to 2024-08-06 08:00:00+00:00, run_after=2024-08-06 12:00:00+00:00
[2024-08-06T22:42:25.362+0800] {processor.py:183} INFO - Processing /home/haziq/Documents/pl-data-engineering/venv/lib/python3.12/site-packages/airflow/example_dags/example_latest_only_with_trigger.py took 0.142 seconds
