[2024-08-06T22:32:52.350+0800] {processor.py:161} INFO - Started process (PID=92977) to work on /home/haziq/Documents/pl-data-engineering/venv/lib/python3.12/site-packages/airflow/example_dags/example_task_group.py
[2024-08-06T22:32:52.352+0800] {processor.py:830} INFO - Processing file /home/haziq/Documents/pl-data-engineering/venv/lib/python3.12/site-packages/airflow/example_dags/example_task_group.py for tasks to queue
[2024-08-06T22:32:52.355+0800] {logging_mixin.py:188} INFO - [2024-08-06T22:32:52.354+0800] {dagbag.py:545} INFO - Filling up the DagBag from /home/haziq/Documents/pl-data-engineering/venv/lib/python3.12/site-packages/airflow/example_dags/example_task_group.py
[2024-08-06T22:32:52.374+0800] {processor.py:840} INFO - DAG(s) 'example_task_group' retrieved from /home/haziq/Documents/pl-data-engineering/venv/lib/python3.12/site-packages/airflow/example_dags/example_task_group.py
[2024-08-06T22:32:52.585+0800] {logging_mixin.py:188} INFO - [2024-08-06T22:32:52.584+0800] {override.py:1858} INFO - Created Permission View: can delete on DAG:example_task_group
[2024-08-06T22:32:52.609+0800] {logging_mixin.py:188} INFO - [2024-08-06T22:32:52.608+0800] {override.py:1858} INFO - Created Permission View: can read on DAG:example_task_group
[2024-08-06T22:32:52.628+0800] {logging_mixin.py:188} INFO - [2024-08-06T22:32:52.626+0800] {override.py:1858} INFO - Created Permission View: can edit on DAG:example_task_group
[2024-08-06T22:32:52.630+0800] {logging_mixin.py:188} INFO - [2024-08-06T22:32:52.629+0800] {dag.py:3089} INFO - Sync 1 DAGs
[2024-08-06T22:32:52.651+0800] {logging_mixin.py:188} INFO - [2024-08-06T22:32:52.650+0800] {dag.py:3111} INFO - Creating ORM DAG for example_task_group
[2024-08-06T22:32:52.667+0800] {logging_mixin.py:188} INFO - [2024-08-06T22:32:52.667+0800] {dag.py:3947} INFO - Setting next_dagrun for example_task_group to 2024-08-05 00:00:00+00:00, run_after=2024-08-06 00:00:00+00:00
[2024-08-06T22:32:52.707+0800] {processor.py:183} INFO - Processing /home/haziq/Documents/pl-data-engineering/venv/lib/python3.12/site-packages/airflow/example_dags/example_task_group.py took 0.367 seconds
[2024-08-06T22:33:51.580+0800] {processor.py:161} INFO - Started process (PID=93388) to work on /home/haziq/Documents/pl-data-engineering/venv/lib/python3.12/site-packages/airflow/example_dags/example_task_group.py
[2024-08-06T22:33:51.582+0800] {processor.py:830} INFO - Processing file /home/haziq/Documents/pl-data-engineering/venv/lib/python3.12/site-packages/airflow/example_dags/example_task_group.py for tasks to queue
[2024-08-06T22:33:51.585+0800] {logging_mixin.py:188} INFO - [2024-08-06T22:33:51.584+0800] {dagbag.py:545} INFO - Filling up the DagBag from /home/haziq/Documents/pl-data-engineering/venv/lib/python3.12/site-packages/airflow/example_dags/example_task_group.py
[2024-08-06T22:33:51.595+0800] {processor.py:840} INFO - DAG(s) 'example_task_group' retrieved from /home/haziq/Documents/pl-data-engineering/venv/lib/python3.12/site-packages/airflow/example_dags/example_task_group.py
[2024-08-06T22:33:51.622+0800] {logging_mixin.py:188} INFO - [2024-08-06T22:33:51.622+0800] {dag.py:3089} INFO - Sync 1 DAGs
[2024-08-06T22:33:51.655+0800] {logging_mixin.py:188} INFO - [2024-08-06T22:33:51.654+0800] {dag.py:3947} INFO - Setting next_dagrun for example_task_group to 2024-08-05 00:00:00+00:00, run_after=2024-08-06 00:00:00+00:00
[2024-08-06T22:33:51.691+0800] {processor.py:183} INFO - Processing /home/haziq/Documents/pl-data-engineering/venv/lib/python3.12/site-packages/airflow/example_dags/example_task_group.py took 0.122 seconds
[2024-08-06T22:34:49.535+0800] {processor.py:161} INFO - Started process (PID=93800) to work on /home/haziq/Documents/pl-data-engineering/venv/lib/python3.12/site-packages/airflow/example_dags/example_task_group.py
[2024-08-06T22:34:49.544+0800] {processor.py:830} INFO - Processing file /home/haziq/Documents/pl-data-engineering/venv/lib/python3.12/site-packages/airflow/example_dags/example_task_group.py for tasks to queue
[2024-08-06T22:34:49.547+0800] {logging_mixin.py:188} INFO - [2024-08-06T22:34:49.546+0800] {dagbag.py:545} INFO - Filling up the DagBag from /home/haziq/Documents/pl-data-engineering/venv/lib/python3.12/site-packages/airflow/example_dags/example_task_group.py
[2024-08-06T22:34:49.558+0800] {processor.py:840} INFO - DAG(s) 'example_task_group' retrieved from /home/haziq/Documents/pl-data-engineering/venv/lib/python3.12/site-packages/airflow/example_dags/example_task_group.py
[2024-08-06T22:34:49.584+0800] {logging_mixin.py:188} INFO - [2024-08-06T22:34:49.584+0800] {dag.py:3089} INFO - Sync 1 DAGs
[2024-08-06T22:34:49.614+0800] {logging_mixin.py:188} INFO - [2024-08-06T22:34:49.614+0800] {dag.py:3947} INFO - Setting next_dagrun for example_task_group to 2024-08-05 00:00:00+00:00, run_after=2024-08-06 00:00:00+00:00
[2024-08-06T22:34:49.653+0800] {processor.py:183} INFO - Processing /home/haziq/Documents/pl-data-engineering/venv/lib/python3.12/site-packages/airflow/example_dags/example_task_group.py took 0.128 seconds
[2024-08-06T22:35:30.568+0800] {processor.py:161} INFO - Started process (PID=94143) to work on /home/haziq/Documents/pl-data-engineering/venv/lib/python3.12/site-packages/airflow/example_dags/example_task_group.py
[2024-08-06T22:35:30.570+0800] {processor.py:830} INFO - Processing file /home/haziq/Documents/pl-data-engineering/venv/lib/python3.12/site-packages/airflow/example_dags/example_task_group.py for tasks to queue
[2024-08-06T22:35:30.573+0800] {logging_mixin.py:188} INFO - [2024-08-06T22:35:30.572+0800] {dagbag.py:545} INFO - Filling up the DagBag from /home/haziq/Documents/pl-data-engineering/venv/lib/python3.12/site-packages/airflow/example_dags/example_task_group.py
[2024-08-06T22:35:30.583+0800] {processor.py:840} INFO - DAG(s) 'example_task_group' retrieved from /home/haziq/Documents/pl-data-engineering/venv/lib/python3.12/site-packages/airflow/example_dags/example_task_group.py
[2024-08-06T22:35:30.599+0800] {logging_mixin.py:188} INFO - [2024-08-06T22:35:30.598+0800] {dag.py:3089} INFO - Sync 1 DAGs
[2024-08-06T22:35:30.646+0800] {logging_mixin.py:188} INFO - [2024-08-06T22:35:30.646+0800] {dag.py:3947} INFO - Setting next_dagrun for example_task_group to 2024-08-05 00:00:00+00:00, run_after=2024-08-06 00:00:00+00:00
[2024-08-06T22:35:30.688+0800] {processor.py:183} INFO - Processing /home/haziq/Documents/pl-data-engineering/venv/lib/python3.12/site-packages/airflow/example_dags/example_task_group.py took 0.128 seconds
[2024-08-06T22:36:31.259+0800] {processor.py:161} INFO - Started process (PID=94545) to work on /home/haziq/Documents/pl-data-engineering/venv/lib/python3.12/site-packages/airflow/example_dags/example_task_group.py
[2024-08-06T22:36:31.261+0800] {processor.py:830} INFO - Processing file /home/haziq/Documents/pl-data-engineering/venv/lib/python3.12/site-packages/airflow/example_dags/example_task_group.py for tasks to queue
[2024-08-06T22:36:31.263+0800] {logging_mixin.py:188} INFO - [2024-08-06T22:36:31.263+0800] {dagbag.py:545} INFO - Filling up the DagBag from /home/haziq/Documents/pl-data-engineering/venv/lib/python3.12/site-packages/airflow/example_dags/example_task_group.py
[2024-08-06T22:36:31.274+0800] {processor.py:840} INFO - DAG(s) 'example_task_group' retrieved from /home/haziq/Documents/pl-data-engineering/venv/lib/python3.12/site-packages/airflow/example_dags/example_task_group.py
[2024-08-06T22:36:31.471+0800] {logging_mixin.py:188} INFO - [2024-08-06T22:36:31.471+0800] {dag.py:3089} INFO - Sync 1 DAGs
[2024-08-06T22:36:31.508+0800] {logging_mixin.py:188} INFO - [2024-08-06T22:36:31.508+0800] {dag.py:3947} INFO - Setting next_dagrun for example_task_group to 2024-08-05 00:00:00+00:00, run_after=2024-08-06 00:00:00+00:00
[2024-08-06T22:36:31.552+0800] {processor.py:183} INFO - Processing /home/haziq/Documents/pl-data-engineering/venv/lib/python3.12/site-packages/airflow/example_dags/example_task_group.py took 0.302 seconds
[2024-08-06T22:37:30.224+0800] {processor.py:161} INFO - Started process (PID=94947) to work on /home/haziq/Documents/pl-data-engineering/venv/lib/python3.12/site-packages/airflow/example_dags/example_task_group.py
[2024-08-06T22:37:30.226+0800] {processor.py:830} INFO - Processing file /home/haziq/Documents/pl-data-engineering/venv/lib/python3.12/site-packages/airflow/example_dags/example_task_group.py for tasks to queue
[2024-08-06T22:37:30.229+0800] {logging_mixin.py:188} INFO - [2024-08-06T22:37:30.228+0800] {dagbag.py:545} INFO - Filling up the DagBag from /home/haziq/Documents/pl-data-engineering/venv/lib/python3.12/site-packages/airflow/example_dags/example_task_group.py
[2024-08-06T22:37:30.240+0800] {processor.py:840} INFO - DAG(s) 'example_task_group' retrieved from /home/haziq/Documents/pl-data-engineering/venv/lib/python3.12/site-packages/airflow/example_dags/example_task_group.py
[2024-08-06T22:37:30.267+0800] {logging_mixin.py:188} INFO - [2024-08-06T22:37:30.266+0800] {dag.py:3089} INFO - Sync 1 DAGs
[2024-08-06T22:37:30.297+0800] {logging_mixin.py:188} INFO - [2024-08-06T22:37:30.297+0800] {dag.py:3947} INFO - Setting next_dagrun for example_task_group to 2024-08-05 00:00:00+00:00, run_after=2024-08-06 00:00:00+00:00
[2024-08-06T22:37:30.334+0800] {processor.py:183} INFO - Processing /home/haziq/Documents/pl-data-engineering/venv/lib/python3.12/site-packages/airflow/example_dags/example_task_group.py took 0.122 seconds
[2024-08-06T22:38:27.425+0800] {processor.py:161} INFO - Started process (PID=95334) to work on /home/haziq/Documents/pl-data-engineering/venv/lib/python3.12/site-packages/airflow/example_dags/example_task_group.py
[2024-08-06T22:38:27.426+0800] {processor.py:830} INFO - Processing file /home/haziq/Documents/pl-data-engineering/venv/lib/python3.12/site-packages/airflow/example_dags/example_task_group.py for tasks to queue
[2024-08-06T22:38:27.429+0800] {logging_mixin.py:188} INFO - [2024-08-06T22:38:27.428+0800] {dagbag.py:545} INFO - Filling up the DagBag from /home/haziq/Documents/pl-data-engineering/venv/lib/python3.12/site-packages/airflow/example_dags/example_task_group.py
[2024-08-06T22:38:27.440+0800] {processor.py:840} INFO - DAG(s) 'example_task_group' retrieved from /home/haziq/Documents/pl-data-engineering/venv/lib/python3.12/site-packages/airflow/example_dags/example_task_group.py
[2024-08-06T22:38:27.466+0800] {logging_mixin.py:188} INFO - [2024-08-06T22:38:27.466+0800] {dag.py:3089} INFO - Sync 1 DAGs
[2024-08-06T22:38:27.497+0800] {logging_mixin.py:188} INFO - [2024-08-06T22:38:27.497+0800] {dag.py:3947} INFO - Setting next_dagrun for example_task_group to 2024-08-05 00:00:00+00:00, run_after=2024-08-06 00:00:00+00:00
[2024-08-06T22:38:27.541+0800] {processor.py:183} INFO - Processing /home/haziq/Documents/pl-data-engineering/venv/lib/python3.12/site-packages/airflow/example_dags/example_task_group.py took 0.127 seconds
[2024-08-06T22:39:21.307+0800] {processor.py:161} INFO - Started process (PID=95768) to work on /home/haziq/Documents/pl-data-engineering/venv/lib/python3.12/site-packages/airflow/example_dags/example_task_group.py
[2024-08-06T22:39:21.315+0800] {processor.py:830} INFO - Processing file /home/haziq/Documents/pl-data-engineering/venv/lib/python3.12/site-packages/airflow/example_dags/example_task_group.py for tasks to queue
[2024-08-06T22:39:21.318+0800] {logging_mixin.py:188} INFO - [2024-08-06T22:39:21.318+0800] {dagbag.py:545} INFO - Filling up the DagBag from /home/haziq/Documents/pl-data-engineering/venv/lib/python3.12/site-packages/airflow/example_dags/example_task_group.py
[2024-08-06T22:39:21.330+0800] {processor.py:840} INFO - DAG(s) 'example_task_group' retrieved from /home/haziq/Documents/pl-data-engineering/venv/lib/python3.12/site-packages/airflow/example_dags/example_task_group.py
[2024-08-06T22:39:21.358+0800] {logging_mixin.py:188} INFO - [2024-08-06T22:39:21.358+0800] {dag.py:3089} INFO - Sync 1 DAGs
[2024-08-06T22:39:21.389+0800] {logging_mixin.py:188} INFO - [2024-08-06T22:39:21.389+0800] {dag.py:3947} INFO - Setting next_dagrun for example_task_group to 2024-08-05 00:00:00+00:00, run_after=2024-08-06 00:00:00+00:00
[2024-08-06T22:39:21.435+0800] {processor.py:183} INFO - Processing /home/haziq/Documents/pl-data-engineering/venv/lib/python3.12/site-packages/airflow/example_dags/example_task_group.py took 0.138 seconds
[2024-08-06T22:40:14.101+0800] {processor.py:161} INFO - Started process (PID=96150) to work on /home/haziq/Documents/pl-data-engineering/venv/lib/python3.12/site-packages/airflow/example_dags/example_task_group.py
[2024-08-06T22:40:14.103+0800] {processor.py:830} INFO - Processing file /home/haziq/Documents/pl-data-engineering/venv/lib/python3.12/site-packages/airflow/example_dags/example_task_group.py for tasks to queue
[2024-08-06T22:40:14.105+0800] {logging_mixin.py:188} INFO - [2024-08-06T22:40:14.105+0800] {dagbag.py:545} INFO - Filling up the DagBag from /home/haziq/Documents/pl-data-engineering/venv/lib/python3.12/site-packages/airflow/example_dags/example_task_group.py
[2024-08-06T22:40:14.116+0800] {processor.py:840} INFO - DAG(s) 'example_task_group' retrieved from /home/haziq/Documents/pl-data-engineering/venv/lib/python3.12/site-packages/airflow/example_dags/example_task_group.py
[2024-08-06T22:40:14.142+0800] {logging_mixin.py:188} INFO - [2024-08-06T22:40:14.142+0800] {dag.py:3089} INFO - Sync 1 DAGs
[2024-08-06T22:40:14.172+0800] {logging_mixin.py:188} INFO - [2024-08-06T22:40:14.172+0800] {dag.py:3947} INFO - Setting next_dagrun for example_task_group to 2024-08-05 00:00:00+00:00, run_after=2024-08-06 00:00:00+00:00
[2024-08-06T22:40:14.214+0800] {processor.py:183} INFO - Processing /home/haziq/Documents/pl-data-engineering/venv/lib/python3.12/site-packages/airflow/example_dags/example_task_group.py took 0.125 seconds
[2024-08-06T22:41:03.946+0800] {processor.py:161} INFO - Started process (PID=96548) to work on /home/haziq/Documents/pl-data-engineering/venv/lib/python3.12/site-packages/airflow/example_dags/example_task_group.py
[2024-08-06T22:41:03.947+0800] {processor.py:830} INFO - Processing file /home/haziq/Documents/pl-data-engineering/venv/lib/python3.12/site-packages/airflow/example_dags/example_task_group.py for tasks to queue
[2024-08-06T22:41:03.950+0800] {logging_mixin.py:188} INFO - [2024-08-06T22:41:03.949+0800] {dagbag.py:545} INFO - Filling up the DagBag from /home/haziq/Documents/pl-data-engineering/venv/lib/python3.12/site-packages/airflow/example_dags/example_task_group.py
[2024-08-06T22:41:03.961+0800] {processor.py:840} INFO - DAG(s) 'example_task_group' retrieved from /home/haziq/Documents/pl-data-engineering/venv/lib/python3.12/site-packages/airflow/example_dags/example_task_group.py
[2024-08-06T22:41:03.988+0800] {logging_mixin.py:188} INFO - [2024-08-06T22:41:03.987+0800] {dag.py:3089} INFO - Sync 1 DAGs
[2024-08-06T22:41:04.016+0800] {logging_mixin.py:188} INFO - [2024-08-06T22:41:04.016+0800] {dag.py:3947} INFO - Setting next_dagrun for example_task_group to 2024-08-05 00:00:00+00:00, run_after=2024-08-06 00:00:00+00:00
[2024-08-06T22:41:04.054+0800] {processor.py:183} INFO - Processing /home/haziq/Documents/pl-data-engineering/venv/lib/python3.12/site-packages/airflow/example_dags/example_task_group.py took 0.120 seconds
[2024-08-06T22:41:54.673+0800] {processor.py:161} INFO - Started process (PID=96886) to work on /home/haziq/Documents/pl-data-engineering/venv/lib/python3.12/site-packages/airflow/example_dags/example_task_group.py
[2024-08-06T22:41:54.675+0800] {processor.py:830} INFO - Processing file /home/haziq/Documents/pl-data-engineering/venv/lib/python3.12/site-packages/airflow/example_dags/example_task_group.py for tasks to queue
[2024-08-06T22:41:54.677+0800] {logging_mixin.py:188} INFO - [2024-08-06T22:41:54.677+0800] {dagbag.py:545} INFO - Filling up the DagBag from /home/haziq/Documents/pl-data-engineering/venv/lib/python3.12/site-packages/airflow/example_dags/example_task_group.py
[2024-08-06T22:41:54.689+0800] {processor.py:840} INFO - DAG(s) 'example_task_group' retrieved from /home/haziq/Documents/pl-data-engineering/venv/lib/python3.12/site-packages/airflow/example_dags/example_task_group.py
[2024-08-06T22:41:54.714+0800] {logging_mixin.py:188} INFO - [2024-08-06T22:41:54.714+0800] {dag.py:3089} INFO - Sync 1 DAGs
[2024-08-06T22:41:54.743+0800] {logging_mixin.py:188} INFO - [2024-08-06T22:41:54.743+0800] {dag.py:3947} INFO - Setting next_dagrun for example_task_group to 2024-08-05 00:00:00+00:00, run_after=2024-08-06 00:00:00+00:00
[2024-08-06T22:41:54.781+0800] {processor.py:183} INFO - Processing /home/haziq/Documents/pl-data-engineering/venv/lib/python3.12/site-packages/airflow/example_dags/example_task_group.py took 0.116 seconds
