[2024-08-06T22:33:08.474+0800] {processor.py:161} INFO - Started process (PID=93088) to work on /home/haziq/Documents/pl-data-engineering/venv/lib/python3.12/site-packages/airflow/example_dags/example_params_trigger_ui.py
[2024-08-06T22:33:08.475+0800] {processor.py:830} INFO - Processing file /home/haziq/Documents/pl-data-engineering/venv/lib/python3.12/site-packages/airflow/example_dags/example_params_trigger_ui.py for tasks to queue
[2024-08-06T22:33:08.479+0800] {logging_mixin.py:188} INFO - [2024-08-06T22:33:08.478+0800] {dagbag.py:545} INFO - Filling up the DagBag from /home/haziq/Documents/pl-data-engineering/venv/lib/python3.12/site-packages/airflow/example_dags/example_params_trigger_ui.py
[2024-08-06T22:33:08.497+0800] {processor.py:840} INFO - DAG(s) 'example_params_trigger_ui' retrieved from /home/haziq/Documents/pl-data-engineering/venv/lib/python3.12/site-packages/airflow/example_dags/example_params_trigger_ui.py
[2024-08-06T22:33:08.706+0800] {logging_mixin.py:188} INFO - [2024-08-06T22:33:08.705+0800] {override.py:1858} INFO - Created Permission View: can delete on DAG:example_params_trigger_ui
[2024-08-06T22:33:08.725+0800] {logging_mixin.py:188} INFO - [2024-08-06T22:33:08.724+0800] {override.py:1858} INFO - Created Permission View: can read on DAG:example_params_trigger_ui
[2024-08-06T22:33:08.739+0800] {logging_mixin.py:188} INFO - [2024-08-06T22:33:08.738+0800] {override.py:1858} INFO - Created Permission View: can edit on DAG:example_params_trigger_ui
[2024-08-06T22:33:08.739+0800] {logging_mixin.py:188} INFO - [2024-08-06T22:33:08.739+0800] {dag.py:3089} INFO - Sync 1 DAGs
[2024-08-06T22:33:08.756+0800] {logging_mixin.py:188} INFO - [2024-08-06T22:33:08.755+0800] {dag.py:3111} INFO - Creating ORM DAG for example_params_trigger_ui
[2024-08-06T22:33:08.757+0800] {logging_mixin.py:188} INFO - [2024-08-06T22:33:08.757+0800] {dag.py:3947} INFO - Setting next_dagrun for example_params_trigger_ui to None, run_after=None
[2024-08-06T22:33:08.791+0800] {processor.py:183} INFO - Processing /home/haziq/Documents/pl-data-engineering/venv/lib/python3.12/site-packages/airflow/example_dags/example_params_trigger_ui.py took 0.329 seconds
[2024-08-06T22:34:08.145+0800] {processor.py:161} INFO - Started process (PID=93510) to work on /home/haziq/Documents/pl-data-engineering/venv/lib/python3.12/site-packages/airflow/example_dags/example_params_trigger_ui.py
[2024-08-06T22:34:08.148+0800] {processor.py:830} INFO - Processing file /home/haziq/Documents/pl-data-engineering/venv/lib/python3.12/site-packages/airflow/example_dags/example_params_trigger_ui.py for tasks to queue
[2024-08-06T22:34:08.151+0800] {logging_mixin.py:188} INFO - [2024-08-06T22:34:08.150+0800] {dagbag.py:545} INFO - Filling up the DagBag from /home/haziq/Documents/pl-data-engineering/venv/lib/python3.12/site-packages/airflow/example_dags/example_params_trigger_ui.py
[2024-08-06T22:34:08.166+0800] {processor.py:840} INFO - DAG(s) 'example_params_trigger_ui' retrieved from /home/haziq/Documents/pl-data-engineering/venv/lib/python3.12/site-packages/airflow/example_dags/example_params_trigger_ui.py
[2024-08-06T22:34:08.226+0800] {logging_mixin.py:188} INFO - [2024-08-06T22:34:08.226+0800] {dag.py:3089} INFO - Sync 1 DAGs
[2024-08-06T22:34:08.244+0800] {logging_mixin.py:188} INFO - [2024-08-06T22:34:08.244+0800] {dag.py:3947} INFO - Setting next_dagrun for example_params_trigger_ui to None, run_after=None
[2024-08-06T22:34:08.281+0800] {processor.py:183} INFO - Processing /home/haziq/Documents/pl-data-engineering/venv/lib/python3.12/site-packages/airflow/example_dags/example_params_trigger_ui.py took 0.144 seconds
[2024-08-06T22:35:47.623+0800] {processor.py:161} INFO - Started process (PID=94276) to work on /home/haziq/Documents/pl-data-engineering/venv/lib/python3.12/site-packages/airflow/example_dags/example_params_trigger_ui.py
[2024-08-06T22:35:47.632+0800] {processor.py:830} INFO - Processing file /home/haziq/Documents/pl-data-engineering/venv/lib/python3.12/site-packages/airflow/example_dags/example_params_trigger_ui.py for tasks to queue
[2024-08-06T22:35:47.635+0800] {logging_mixin.py:188} INFO - [2024-08-06T22:35:47.634+0800] {dagbag.py:545} INFO - Filling up the DagBag from /home/haziq/Documents/pl-data-engineering/venv/lib/python3.12/site-packages/airflow/example_dags/example_params_trigger_ui.py
[2024-08-06T22:35:47.654+0800] {processor.py:840} INFO - DAG(s) 'example_params_trigger_ui' retrieved from /home/haziq/Documents/pl-data-engineering/venv/lib/python3.12/site-packages/airflow/example_dags/example_params_trigger_ui.py
[2024-08-06T22:35:47.850+0800] {logging_mixin.py:188} INFO - [2024-08-06T22:35:47.849+0800] {dag.py:3089} INFO - Sync 1 DAGs
[2024-08-06T22:35:47.865+0800] {logging_mixin.py:188} INFO - [2024-08-06T22:35:47.864+0800] {dag.py:3947} INFO - Setting next_dagrun for example_params_trigger_ui to None, run_after=None
[2024-08-06T22:35:47.910+0800] {processor.py:183} INFO - Processing /home/haziq/Documents/pl-data-engineering/venv/lib/python3.12/site-packages/airflow/example_dags/example_params_trigger_ui.py took 0.297 seconds
[2024-08-06T22:36:48.747+0800] {processor.py:161} INFO - Started process (PID=94657) to work on /home/haziq/Documents/pl-data-engineering/venv/lib/python3.12/site-packages/airflow/example_dags/example_params_trigger_ui.py
[2024-08-06T22:36:48.748+0800] {processor.py:830} INFO - Processing file /home/haziq/Documents/pl-data-engineering/venv/lib/python3.12/site-packages/airflow/example_dags/example_params_trigger_ui.py for tasks to queue
[2024-08-06T22:36:48.752+0800] {logging_mixin.py:188} INFO - [2024-08-06T22:36:48.751+0800] {dagbag.py:545} INFO - Filling up the DagBag from /home/haziq/Documents/pl-data-engineering/venv/lib/python3.12/site-packages/airflow/example_dags/example_params_trigger_ui.py
[2024-08-06T22:36:48.770+0800] {processor.py:840} INFO - DAG(s) 'example_params_trigger_ui' retrieved from /home/haziq/Documents/pl-data-engineering/venv/lib/python3.12/site-packages/airflow/example_dags/example_params_trigger_ui.py
[2024-08-06T22:36:48.837+0800] {logging_mixin.py:188} INFO - [2024-08-06T22:36:48.836+0800] {dag.py:3089} INFO - Sync 1 DAGs
[2024-08-06T22:36:48.859+0800] {logging_mixin.py:188} INFO - [2024-08-06T22:36:48.858+0800] {dag.py:3947} INFO - Setting next_dagrun for example_params_trigger_ui to None, run_after=None
[2024-08-06T22:36:48.898+0800] {processor.py:183} INFO - Processing /home/haziq/Documents/pl-data-engineering/venv/lib/python3.12/site-packages/airflow/example_dags/example_params_trigger_ui.py took 0.162 seconds
[2024-08-06T22:37:48.177+0800] {processor.py:161} INFO - Started process (PID=95072) to work on /home/haziq/Documents/pl-data-engineering/venv/lib/python3.12/site-packages/airflow/example_dags/example_params_trigger_ui.py
[2024-08-06T22:37:48.179+0800] {processor.py:830} INFO - Processing file /home/haziq/Documents/pl-data-engineering/venv/lib/python3.12/site-packages/airflow/example_dags/example_params_trigger_ui.py for tasks to queue
[2024-08-06T22:37:48.182+0800] {logging_mixin.py:188} INFO - [2024-08-06T22:37:48.181+0800] {dagbag.py:545} INFO - Filling up the DagBag from /home/haziq/Documents/pl-data-engineering/venv/lib/python3.12/site-packages/airflow/example_dags/example_params_trigger_ui.py
[2024-08-06T22:37:48.207+0800] {processor.py:840} INFO - DAG(s) 'example_params_trigger_ui' retrieved from /home/haziq/Documents/pl-data-engineering/venv/lib/python3.12/site-packages/airflow/example_dags/example_params_trigger_ui.py
[2024-08-06T22:37:48.298+0800] {logging_mixin.py:188} INFO - [2024-08-06T22:37:48.297+0800] {dag.py:3089} INFO - Sync 1 DAGs
[2024-08-06T22:37:48.328+0800] {logging_mixin.py:188} INFO - [2024-08-06T22:37:48.327+0800] {dag.py:3947} INFO - Setting next_dagrun for example_params_trigger_ui to None, run_after=None
[2024-08-06T22:37:48.380+0800] {processor.py:183} INFO - Processing /home/haziq/Documents/pl-data-engineering/venv/lib/python3.12/site-packages/airflow/example_dags/example_params_trigger_ui.py took 0.216 seconds
[2024-08-06T22:38:42.973+0800] {processor.py:161} INFO - Started process (PID=95462) to work on /home/haziq/Documents/pl-data-engineering/venv/lib/python3.12/site-packages/airflow/example_dags/example_params_trigger_ui.py
[2024-08-06T22:38:42.975+0800] {processor.py:830} INFO - Processing file /home/haziq/Documents/pl-data-engineering/venv/lib/python3.12/site-packages/airflow/example_dags/example_params_trigger_ui.py for tasks to queue
[2024-08-06T22:38:42.977+0800] {logging_mixin.py:188} INFO - [2024-08-06T22:38:42.977+0800] {dagbag.py:545} INFO - Filling up the DagBag from /home/haziq/Documents/pl-data-engineering/venv/lib/python3.12/site-packages/airflow/example_dags/example_params_trigger_ui.py
[2024-08-06T22:38:42.992+0800] {processor.py:840} INFO - DAG(s) 'example_params_trigger_ui' retrieved from /home/haziq/Documents/pl-data-engineering/venv/lib/python3.12/site-packages/airflow/example_dags/example_params_trigger_ui.py
[2024-08-06T22:38:43.050+0800] {logging_mixin.py:188} INFO - [2024-08-06T22:38:43.050+0800] {dag.py:3089} INFO - Sync 1 DAGs
[2024-08-06T22:38:43.068+0800] {logging_mixin.py:188} INFO - [2024-08-06T22:38:43.068+0800] {dag.py:3947} INFO - Setting next_dagrun for example_params_trigger_ui to None, run_after=None
[2024-08-06T22:38:43.111+0800] {processor.py:183} INFO - Processing /home/haziq/Documents/pl-data-engineering/venv/lib/python3.12/site-packages/airflow/example_dags/example_params_trigger_ui.py took 0.149 seconds
[2024-08-06T22:39:36.820+0800] {processor.py:161} INFO - Started process (PID=95907) to work on /home/haziq/Documents/pl-data-engineering/venv/lib/python3.12/site-packages/airflow/example_dags/example_params_trigger_ui.py
[2024-08-06T22:39:36.822+0800] {processor.py:830} INFO - Processing file /home/haziq/Documents/pl-data-engineering/venv/lib/python3.12/site-packages/airflow/example_dags/example_params_trigger_ui.py for tasks to queue
[2024-08-06T22:39:36.824+0800] {logging_mixin.py:188} INFO - [2024-08-06T22:39:36.824+0800] {dagbag.py:545} INFO - Filling up the DagBag from /home/haziq/Documents/pl-data-engineering/venv/lib/python3.12/site-packages/airflow/example_dags/example_params_trigger_ui.py
[2024-08-06T22:39:36.838+0800] {processor.py:840} INFO - DAG(s) 'example_params_trigger_ui' retrieved from /home/haziq/Documents/pl-data-engineering/venv/lib/python3.12/site-packages/airflow/example_dags/example_params_trigger_ui.py
[2024-08-06T22:39:36.896+0800] {logging_mixin.py:188} INFO - [2024-08-06T22:39:36.895+0800] {dag.py:3089} INFO - Sync 1 DAGs
[2024-08-06T22:39:36.913+0800] {logging_mixin.py:188} INFO - [2024-08-06T22:39:36.913+0800] {dag.py:3947} INFO - Setting next_dagrun for example_params_trigger_ui to None, run_after=None
[2024-08-06T22:39:36.947+0800] {processor.py:183} INFO - Processing /home/haziq/Documents/pl-data-engineering/venv/lib/python3.12/site-packages/airflow/example_dags/example_params_trigger_ui.py took 0.138 seconds
[2024-08-06T22:40:35.029+0800] {processor.py:161} INFO - Started process (PID=96307) to work on /home/haziq/Documents/pl-data-engineering/venv/lib/python3.12/site-packages/airflow/example_dags/example_params_trigger_ui.py
[2024-08-06T22:40:35.038+0800] {processor.py:830} INFO - Processing file /home/haziq/Documents/pl-data-engineering/venv/lib/python3.12/site-packages/airflow/example_dags/example_params_trigger_ui.py for tasks to queue
[2024-08-06T22:40:35.040+0800] {logging_mixin.py:188} INFO - [2024-08-06T22:40:35.039+0800] {dagbag.py:545} INFO - Filling up the DagBag from /home/haziq/Documents/pl-data-engineering/venv/lib/python3.12/site-packages/airflow/example_dags/example_params_trigger_ui.py
[2024-08-06T22:40:35.054+0800] {processor.py:840} INFO - DAG(s) 'example_params_trigger_ui' retrieved from /home/haziq/Documents/pl-data-engineering/venv/lib/python3.12/site-packages/airflow/example_dags/example_params_trigger_ui.py
[2024-08-06T22:40:35.113+0800] {logging_mixin.py:188} INFO - [2024-08-06T22:40:35.113+0800] {dag.py:3089} INFO - Sync 1 DAGs
[2024-08-06T22:40:35.130+0800] {logging_mixin.py:188} INFO - [2024-08-06T22:40:35.130+0800] {dag.py:3947} INFO - Setting next_dagrun for example_params_trigger_ui to None, run_after=None
[2024-08-06T22:40:35.165+0800] {processor.py:183} INFO - Processing /home/haziq/Documents/pl-data-engineering/venv/lib/python3.12/site-packages/airflow/example_dags/example_params_trigger_ui.py took 0.148 seconds
[2024-08-06T22:41:26.777+0800] {processor.py:161} INFO - Started process (PID=96709) to work on /home/haziq/Documents/pl-data-engineering/venv/lib/python3.12/site-packages/airflow/example_dags/example_params_trigger_ui.py
[2024-08-06T22:41:26.779+0800] {processor.py:830} INFO - Processing file /home/haziq/Documents/pl-data-engineering/venv/lib/python3.12/site-packages/airflow/example_dags/example_params_trigger_ui.py for tasks to queue
[2024-08-06T22:41:26.781+0800] {logging_mixin.py:188} INFO - [2024-08-06T22:41:26.781+0800] {dagbag.py:545} INFO - Filling up the DagBag from /home/haziq/Documents/pl-data-engineering/venv/lib/python3.12/site-packages/airflow/example_dags/example_params_trigger_ui.py
[2024-08-06T22:41:26.797+0800] {processor.py:840} INFO - DAG(s) 'example_params_trigger_ui' retrieved from /home/haziq/Documents/pl-data-engineering/venv/lib/python3.12/site-packages/airflow/example_dags/example_params_trigger_ui.py
[2024-08-06T22:41:26.856+0800] {logging_mixin.py:188} INFO - [2024-08-06T22:41:26.856+0800] {dag.py:3089} INFO - Sync 1 DAGs
[2024-08-06T22:41:26.874+0800] {logging_mixin.py:188} INFO - [2024-08-06T22:41:26.873+0800] {dag.py:3947} INFO - Setting next_dagrun for example_params_trigger_ui to None, run_after=None
[2024-08-06T22:41:26.910+0800] {processor.py:183} INFO - Processing /home/haziq/Documents/pl-data-engineering/venv/lib/python3.12/site-packages/airflow/example_dags/example_params_trigger_ui.py took 0.144 seconds
[2024-08-06T22:42:21.640+0800] {processor.py:161} INFO - Started process (PID=97050) to work on /home/haziq/Documents/pl-data-engineering/venv/lib/python3.12/site-packages/airflow/example_dags/example_params_trigger_ui.py
[2024-08-06T22:42:21.648+0800] {processor.py:830} INFO - Processing file /home/haziq/Documents/pl-data-engineering/venv/lib/python3.12/site-packages/airflow/example_dags/example_params_trigger_ui.py for tasks to queue
[2024-08-06T22:42:21.651+0800] {logging_mixin.py:188} INFO - [2024-08-06T22:42:21.651+0800] {dagbag.py:545} INFO - Filling up the DagBag from /home/haziq/Documents/pl-data-engineering/venv/lib/python3.12/site-packages/airflow/example_dags/example_params_trigger_ui.py
[2024-08-06T22:42:21.666+0800] {processor.py:840} INFO - DAG(s) 'example_params_trigger_ui' retrieved from /home/haziq/Documents/pl-data-engineering/venv/lib/python3.12/site-packages/airflow/example_dags/example_params_trigger_ui.py
[2024-08-06T22:42:21.728+0800] {logging_mixin.py:188} INFO - [2024-08-06T22:42:21.728+0800] {dag.py:3089} INFO - Sync 1 DAGs
[2024-08-06T22:42:21.746+0800] {logging_mixin.py:188} INFO - [2024-08-06T22:42:21.745+0800] {dag.py:3947} INFO - Setting next_dagrun for example_params_trigger_ui to None, run_after=None
[2024-08-06T22:42:21.786+0800] {processor.py:183} INFO - Processing /home/haziq/Documents/pl-data-engineering/venv/lib/python3.12/site-packages/airflow/example_dags/example_params_trigger_ui.py took 0.154 seconds
