[2024-08-06T22:32:55.001+0800] {processor.py:161} INFO - Started process (PID=93003) to work on /home/haziq/Documents/pl-data-engineering/venv/lib/python3.12/site-packages/airflow/example_dags/example_trigger_target_dag.py
[2024-08-06T22:32:55.002+0800] {processor.py:830} INFO - Processing file /home/haziq/Documents/pl-data-engineering/venv/lib/python3.12/site-packages/airflow/example_dags/example_trigger_target_dag.py for tasks to queue
[2024-08-06T22:32:55.005+0800] {logging_mixin.py:188} INFO - [2024-08-06T22:32:55.005+0800] {dagbag.py:545} INFO - Filling up the DagBag from /home/haziq/Documents/pl-data-engineering/venv/lib/python3.12/site-packages/airflow/example_dags/example_trigger_target_dag.py
[2024-08-06T22:32:55.022+0800] {processor.py:840} INFO - DAG(s) 'example_trigger_target_dag' retrieved from /home/haziq/Documents/pl-data-engineering/venv/lib/python3.12/site-packages/airflow/example_dags/example_trigger_target_dag.py
[2024-08-06T22:32:55.201+0800] {logging_mixin.py:188} INFO - [2024-08-06T22:32:55.200+0800] {override.py:1858} INFO - Created Permission View: can delete on DAG:example_trigger_target_dag
[2024-08-06T22:32:55.221+0800] {logging_mixin.py:188} INFO - [2024-08-06T22:32:55.220+0800] {override.py:1858} INFO - Created Permission View: can read on DAG:example_trigger_target_dag
[2024-08-06T22:32:55.234+0800] {logging_mixin.py:188} INFO - [2024-08-06T22:32:55.234+0800] {override.py:1858} INFO - Created Permission View: can edit on DAG:example_trigger_target_dag
[2024-08-06T22:32:55.235+0800] {logging_mixin.py:188} INFO - [2024-08-06T22:32:55.235+0800] {dag.py:3089} INFO - Sync 1 DAGs
[2024-08-06T22:32:55.252+0800] {logging_mixin.py:188} INFO - [2024-08-06T22:32:55.251+0800] {dag.py:3111} INFO - Creating ORM DAG for example_trigger_target_dag
[2024-08-06T22:32:55.252+0800] {logging_mixin.py:188} INFO - [2024-08-06T22:32:55.252+0800] {dag.py:3947} INFO - Setting next_dagrun for example_trigger_target_dag to None, run_after=None
[2024-08-06T22:32:55.286+0800] {processor.py:183} INFO - Processing /home/haziq/Documents/pl-data-engineering/venv/lib/python3.12/site-packages/airflow/example_dags/example_trigger_target_dag.py took 0.296 seconds
[2024-08-06T22:33:54.876+0800] {processor.py:161} INFO - Started process (PID=93415) to work on /home/haziq/Documents/pl-data-engineering/venv/lib/python3.12/site-packages/airflow/example_dags/example_trigger_target_dag.py
[2024-08-06T22:33:54.884+0800] {processor.py:830} INFO - Processing file /home/haziq/Documents/pl-data-engineering/venv/lib/python3.12/site-packages/airflow/example_dags/example_trigger_target_dag.py for tasks to queue
[2024-08-06T22:33:54.888+0800] {logging_mixin.py:188} INFO - [2024-08-06T22:33:54.887+0800] {dagbag.py:545} INFO - Filling up the DagBag from /home/haziq/Documents/pl-data-engineering/venv/lib/python3.12/site-packages/airflow/example_dags/example_trigger_target_dag.py
[2024-08-06T22:33:54.896+0800] {processor.py:840} INFO - DAG(s) 'example_trigger_target_dag' retrieved from /home/haziq/Documents/pl-data-engineering/venv/lib/python3.12/site-packages/airflow/example_dags/example_trigger_target_dag.py
[2024-08-06T22:33:54.920+0800] {logging_mixin.py:188} INFO - [2024-08-06T22:33:54.920+0800] {dag.py:3089} INFO - Sync 1 DAGs
[2024-08-06T22:33:54.938+0800] {logging_mixin.py:188} INFO - [2024-08-06T22:33:54.937+0800] {dag.py:3947} INFO - Setting next_dagrun for example_trigger_target_dag to None, run_after=None
[2024-08-06T22:33:54.976+0800] {processor.py:183} INFO - Processing /home/haziq/Documents/pl-data-engineering/venv/lib/python3.12/site-packages/airflow/example_dags/example_trigger_target_dag.py took 0.111 seconds
[2024-08-06T22:35:33.286+0800] {processor.py:161} INFO - Started process (PID=94180) to work on /home/haziq/Documents/pl-data-engineering/venv/lib/python3.12/site-packages/airflow/example_dags/example_trigger_target_dag.py
[2024-08-06T22:35:33.288+0800] {processor.py:830} INFO - Processing file /home/haziq/Documents/pl-data-engineering/venv/lib/python3.12/site-packages/airflow/example_dags/example_trigger_target_dag.py for tasks to queue
[2024-08-06T22:35:33.292+0800] {logging_mixin.py:188} INFO - [2024-08-06T22:35:33.291+0800] {dagbag.py:545} INFO - Filling up the DagBag from /home/haziq/Documents/pl-data-engineering/venv/lib/python3.12/site-packages/airflow/example_dags/example_trigger_target_dag.py
[2024-08-06T22:35:33.306+0800] {processor.py:840} INFO - DAG(s) 'example_trigger_target_dag' retrieved from /home/haziq/Documents/pl-data-engineering/venv/lib/python3.12/site-packages/airflow/example_dags/example_trigger_target_dag.py
[2024-08-06T22:35:33.321+0800] {logging_mixin.py:188} INFO - [2024-08-06T22:35:33.321+0800] {dag.py:3089} INFO - Sync 1 DAGs
[2024-08-06T22:35:33.348+0800] {logging_mixin.py:188} INFO - [2024-08-06T22:35:33.347+0800] {dag.py:3947} INFO - Setting next_dagrun for example_trigger_target_dag to None, run_after=None
[2024-08-06T22:35:33.396+0800] {processor.py:183} INFO - Processing /home/haziq/Documents/pl-data-engineering/venv/lib/python3.12/site-packages/airflow/example_dags/example_trigger_target_dag.py took 0.127 seconds
[2024-08-06T22:36:35.457+0800] {processor.py:161} INFO - Started process (PID=94581) to work on /home/haziq/Documents/pl-data-engineering/venv/lib/python3.12/site-packages/airflow/example_dags/example_trigger_target_dag.py
[2024-08-06T22:36:35.459+0800] {processor.py:830} INFO - Processing file /home/haziq/Documents/pl-data-engineering/venv/lib/python3.12/site-packages/airflow/example_dags/example_trigger_target_dag.py for tasks to queue
[2024-08-06T22:36:35.462+0800] {logging_mixin.py:188} INFO - [2024-08-06T22:36:35.462+0800] {dagbag.py:545} INFO - Filling up the DagBag from /home/haziq/Documents/pl-data-engineering/venv/lib/python3.12/site-packages/airflow/example_dags/example_trigger_target_dag.py
[2024-08-06T22:36:35.471+0800] {processor.py:840} INFO - DAG(s) 'example_trigger_target_dag' retrieved from /home/haziq/Documents/pl-data-engineering/venv/lib/python3.12/site-packages/airflow/example_dags/example_trigger_target_dag.py
[2024-08-06T22:36:35.619+0800] {logging_mixin.py:188} INFO - [2024-08-06T22:36:35.618+0800] {dag.py:3089} INFO - Sync 1 DAGs
[2024-08-06T22:36:35.638+0800] {logging_mixin.py:188} INFO - [2024-08-06T22:36:35.638+0800] {dag.py:3947} INFO - Setting next_dagrun for example_trigger_target_dag to None, run_after=None
[2024-08-06T22:36:35.673+0800] {processor.py:183} INFO - Processing /home/haziq/Documents/pl-data-engineering/venv/lib/python3.12/site-packages/airflow/example_dags/example_trigger_target_dag.py took 0.224 seconds
[2024-08-06T22:37:33.948+0800] {processor.py:161} INFO - Started process (PID=94973) to work on /home/haziq/Documents/pl-data-engineering/venv/lib/python3.12/site-packages/airflow/example_dags/example_trigger_target_dag.py
[2024-08-06T22:37:33.951+0800] {processor.py:830} INFO - Processing file /home/haziq/Documents/pl-data-engineering/venv/lib/python3.12/site-packages/airflow/example_dags/example_trigger_target_dag.py for tasks to queue
[2024-08-06T22:37:33.954+0800] {logging_mixin.py:188} INFO - [2024-08-06T22:37:33.953+0800] {dagbag.py:545} INFO - Filling up the DagBag from /home/haziq/Documents/pl-data-engineering/venv/lib/python3.12/site-packages/airflow/example_dags/example_trigger_target_dag.py
[2024-08-06T22:37:33.968+0800] {processor.py:840} INFO - DAG(s) 'example_trigger_target_dag' retrieved from /home/haziq/Documents/pl-data-engineering/venv/lib/python3.12/site-packages/airflow/example_dags/example_trigger_target_dag.py
[2024-08-06T22:37:33.996+0800] {logging_mixin.py:188} INFO - [2024-08-06T22:37:33.995+0800] {dag.py:3089} INFO - Sync 1 DAGs
[2024-08-06T22:37:34.019+0800] {logging_mixin.py:188} INFO - [2024-08-06T22:37:34.019+0800] {dag.py:3947} INFO - Setting next_dagrun for example_trigger_target_dag to None, run_after=None
[2024-08-06T22:37:34.062+0800] {processor.py:183} INFO - Processing /home/haziq/Documents/pl-data-engineering/venv/lib/python3.12/site-packages/airflow/example_dags/example_trigger_target_dag.py took 0.127 seconds
[2024-08-06T22:38:31.262+0800] {processor.py:161} INFO - Started process (PID=95384) to work on /home/haziq/Documents/pl-data-engineering/venv/lib/python3.12/site-packages/airflow/example_dags/example_trigger_target_dag.py
[2024-08-06T22:38:31.264+0800] {processor.py:830} INFO - Processing file /home/haziq/Documents/pl-data-engineering/venv/lib/python3.12/site-packages/airflow/example_dags/example_trigger_target_dag.py for tasks to queue
[2024-08-06T22:38:31.266+0800] {logging_mixin.py:188} INFO - [2024-08-06T22:38:31.266+0800] {dagbag.py:545} INFO - Filling up the DagBag from /home/haziq/Documents/pl-data-engineering/venv/lib/python3.12/site-packages/airflow/example_dags/example_trigger_target_dag.py
[2024-08-06T22:38:31.278+0800] {processor.py:840} INFO - DAG(s) 'example_trigger_target_dag' retrieved from /home/haziq/Documents/pl-data-engineering/venv/lib/python3.12/site-packages/airflow/example_dags/example_trigger_target_dag.py
[2024-08-06T22:38:31.307+0800] {logging_mixin.py:188} INFO - [2024-08-06T22:38:31.306+0800] {dag.py:3089} INFO - Sync 1 DAGs
[2024-08-06T22:38:31.330+0800] {logging_mixin.py:188} INFO - [2024-08-06T22:38:31.329+0800] {dag.py:3947} INFO - Setting next_dagrun for example_trigger_target_dag to None, run_after=None
[2024-08-06T22:38:31.379+0800] {processor.py:183} INFO - Processing /home/haziq/Documents/pl-data-engineering/venv/lib/python3.12/site-packages/airflow/example_dags/example_trigger_target_dag.py took 0.125 seconds
[2024-08-06T22:39:23.966+0800] {processor.py:161} INFO - Started process (PID=95781) to work on /home/haziq/Documents/pl-data-engineering/venv/lib/python3.12/site-packages/airflow/example_dags/example_trigger_target_dag.py
[2024-08-06T22:39:23.969+0800] {processor.py:830} INFO - Processing file /home/haziq/Documents/pl-data-engineering/venv/lib/python3.12/site-packages/airflow/example_dags/example_trigger_target_dag.py for tasks to queue
[2024-08-06T22:39:23.971+0800] {logging_mixin.py:188} INFO - [2024-08-06T22:39:23.971+0800] {dagbag.py:545} INFO - Filling up the DagBag from /home/haziq/Documents/pl-data-engineering/venv/lib/python3.12/site-packages/airflow/example_dags/example_trigger_target_dag.py
[2024-08-06T22:39:23.982+0800] {processor.py:840} INFO - DAG(s) 'example_trigger_target_dag' retrieved from /home/haziq/Documents/pl-data-engineering/venv/lib/python3.12/site-packages/airflow/example_dags/example_trigger_target_dag.py
[2024-08-06T22:39:24.007+0800] {logging_mixin.py:188} INFO - [2024-08-06T22:39:24.007+0800] {dag.py:3089} INFO - Sync 1 DAGs
[2024-08-06T22:39:24.027+0800] {logging_mixin.py:188} INFO - [2024-08-06T22:39:24.026+0800] {dag.py:3947} INFO - Setting next_dagrun for example_trigger_target_dag to None, run_after=None
[2024-08-06T22:39:24.066+0800] {processor.py:183} INFO - Processing /home/haziq/Documents/pl-data-engineering/venv/lib/python3.12/site-packages/airflow/example_dags/example_trigger_target_dag.py took 0.109 seconds
[2024-08-06T22:40:16.744+0800] {processor.py:161} INFO - Started process (PID=96173) to work on /home/haziq/Documents/pl-data-engineering/venv/lib/python3.12/site-packages/airflow/example_dags/example_trigger_target_dag.py
[2024-08-06T22:40:16.746+0800] {processor.py:830} INFO - Processing file /home/haziq/Documents/pl-data-engineering/venv/lib/python3.12/site-packages/airflow/example_dags/example_trigger_target_dag.py for tasks to queue
[2024-08-06T22:40:16.749+0800] {logging_mixin.py:188} INFO - [2024-08-06T22:40:16.748+0800] {dagbag.py:545} INFO - Filling up the DagBag from /home/haziq/Documents/pl-data-engineering/venv/lib/python3.12/site-packages/airflow/example_dags/example_trigger_target_dag.py
[2024-08-06T22:40:16.759+0800] {processor.py:840} INFO - DAG(s) 'example_trigger_target_dag' retrieved from /home/haziq/Documents/pl-data-engineering/venv/lib/python3.12/site-packages/airflow/example_dags/example_trigger_target_dag.py
[2024-08-06T22:40:16.783+0800] {logging_mixin.py:188} INFO - [2024-08-06T22:40:16.782+0800] {dag.py:3089} INFO - Sync 1 DAGs
[2024-08-06T22:40:16.800+0800] {logging_mixin.py:188} INFO - [2024-08-06T22:40:16.800+0800] {dag.py:3947} INFO - Setting next_dagrun for example_trigger_target_dag to None, run_after=None
[2024-08-06T22:40:16.837+0800] {processor.py:183} INFO - Processing /home/haziq/Documents/pl-data-engineering/venv/lib/python3.12/site-packages/airflow/example_dags/example_trigger_target_dag.py took 0.104 seconds
[2024-08-06T22:41:07.507+0800] {processor.py:161} INFO - Started process (PID=96561) to work on /home/haziq/Documents/pl-data-engineering/venv/lib/python3.12/site-packages/airflow/example_dags/example_trigger_target_dag.py
[2024-08-06T22:41:07.508+0800] {processor.py:830} INFO - Processing file /home/haziq/Documents/pl-data-engineering/venv/lib/python3.12/site-packages/airflow/example_dags/example_trigger_target_dag.py for tasks to queue
[2024-08-06T22:41:07.511+0800] {logging_mixin.py:188} INFO - [2024-08-06T22:41:07.510+0800] {dagbag.py:545} INFO - Filling up the DagBag from /home/haziq/Documents/pl-data-engineering/venv/lib/python3.12/site-packages/airflow/example_dags/example_trigger_target_dag.py
[2024-08-06T22:41:07.521+0800] {processor.py:840} INFO - DAG(s) 'example_trigger_target_dag' retrieved from /home/haziq/Documents/pl-data-engineering/venv/lib/python3.12/site-packages/airflow/example_dags/example_trigger_target_dag.py
[2024-08-06T22:41:07.543+0800] {logging_mixin.py:188} INFO - [2024-08-06T22:41:07.543+0800] {dag.py:3089} INFO - Sync 1 DAGs
[2024-08-06T22:41:07.561+0800] {logging_mixin.py:188} INFO - [2024-08-06T22:41:07.561+0800] {dag.py:3947} INFO - Setting next_dagrun for example_trigger_target_dag to None, run_after=None
[2024-08-06T22:41:07.601+0800] {processor.py:183} INFO - Processing /home/haziq/Documents/pl-data-engineering/venv/lib/python3.12/site-packages/airflow/example_dags/example_trigger_target_dag.py took 0.106 seconds
[2024-08-06T22:41:58.536+0800] {processor.py:161} INFO - Started process (PID=96899) to work on /home/haziq/Documents/pl-data-engineering/venv/lib/python3.12/site-packages/airflow/example_dags/example_trigger_target_dag.py
[2024-08-06T22:41:58.545+0800] {processor.py:830} INFO - Processing file /home/haziq/Documents/pl-data-engineering/venv/lib/python3.12/site-packages/airflow/example_dags/example_trigger_target_dag.py for tasks to queue
[2024-08-06T22:41:58.548+0800] {logging_mixin.py:188} INFO - [2024-08-06T22:41:58.547+0800] {dagbag.py:545} INFO - Filling up the DagBag from /home/haziq/Documents/pl-data-engineering/venv/lib/python3.12/site-packages/airflow/example_dags/example_trigger_target_dag.py
[2024-08-06T22:41:58.559+0800] {processor.py:840} INFO - DAG(s) 'example_trigger_target_dag' retrieved from /home/haziq/Documents/pl-data-engineering/venv/lib/python3.12/site-packages/airflow/example_dags/example_trigger_target_dag.py
[2024-08-06T22:41:58.595+0800] {logging_mixin.py:188} INFO - [2024-08-06T22:41:58.594+0800] {dag.py:3089} INFO - Sync 1 DAGs
[2024-08-06T22:41:58.625+0800] {logging_mixin.py:188} INFO - [2024-08-06T22:41:58.624+0800] {dag.py:3947} INFO - Setting next_dagrun for example_trigger_target_dag to None, run_after=None
[2024-08-06T22:41:58.668+0800] {processor.py:183} INFO - Processing /home/haziq/Documents/pl-data-engineering/venv/lib/python3.12/site-packages/airflow/example_dags/example_trigger_target_dag.py took 0.141 seconds
