[2024-08-06T22:33:28.807+0800] {processor.py:161} INFO - Started process (PID=93222) to work on /home/haziq/Documents/pl-data-engineering/venv/lib/python3.12/site-packages/airflow/example_dags/example_kubernetes_executor.py
[2024-08-06T22:33:28.809+0800] {processor.py:830} INFO - Processing file /home/haziq/Documents/pl-data-engineering/venv/lib/python3.12/site-packages/airflow/example_dags/example_kubernetes_executor.py for tasks to queue
[2024-08-06T22:33:28.814+0800] {logging_mixin.py:188} INFO - [2024-08-06T22:33:28.813+0800] {dagbag.py:545} INFO - Filling up the DagBag from /home/haziq/Documents/pl-data-engineering/venv/lib/python3.12/site-packages/airflow/example_dags/example_kubernetes_executor.py
[2024-08-06T22:33:28.820+0800] {logging_mixin.py:188} INFO - [2024-08-06T22:33:28.819+0800] {example_kubernetes_executor.py:39} WARNING - The example_kubernetes_executor example DAG requires the kubernetes provider. Please install it with: pip install apache-airflow[cncf.kubernetes]
[2024-08-06T22:33:28.821+0800] {processor.py:842} WARNING - No viable dags retrieved from /home/haziq/Documents/pl-data-engineering/venv/lib/python3.12/site-packages/airflow/example_dags/example_kubernetes_executor.py
[2024-08-06T22:33:28.838+0800] {processor.py:183} INFO - Processing /home/haziq/Documents/pl-data-engineering/venv/lib/python3.12/site-packages/airflow/example_dags/example_kubernetes_executor.py took 0.040 seconds
[2024-08-06T22:34:28.796+0800] {processor.py:161} INFO - Started process (PID=93641) to work on /home/haziq/Documents/pl-data-engineering/venv/lib/python3.12/site-packages/airflow/example_dags/example_kubernetes_executor.py
[2024-08-06T22:34:28.804+0800] {processor.py:830} INFO - Processing file /home/haziq/Documents/pl-data-engineering/venv/lib/python3.12/site-packages/airflow/example_dags/example_kubernetes_executor.py for tasks to queue
[2024-08-06T22:34:28.806+0800] {logging_mixin.py:188} INFO - [2024-08-06T22:34:28.806+0800] {dagbag.py:545} INFO - Filling up the DagBag from /home/haziq/Documents/pl-data-engineering/venv/lib/python3.12/site-packages/airflow/example_dags/example_kubernetes_executor.py
[2024-08-06T22:34:28.811+0800] {logging_mixin.py:188} INFO - [2024-08-06T22:34:28.810+0800] {example_kubernetes_executor.py:39} WARNING - The example_kubernetes_executor example DAG requires the kubernetes provider. Please install it with: pip install apache-airflow[cncf.kubernetes]
[2024-08-06T22:34:28.811+0800] {processor.py:842} WARNING - No viable dags retrieved from /home/haziq/Documents/pl-data-engineering/venv/lib/python3.12/site-packages/airflow/example_dags/example_kubernetes_executor.py
[2024-08-06T22:34:28.827+0800] {processor.py:183} INFO - Processing /home/haziq/Documents/pl-data-engineering/venv/lib/python3.12/site-packages/airflow/example_dags/example_kubernetes_executor.py took 0.043 seconds
[2024-08-06T22:36:07.856+0800] {processor.py:161} INFO - Started process (PID=94402) to work on /home/haziq/Documents/pl-data-engineering/venv/lib/python3.12/site-packages/airflow/example_dags/example_kubernetes_executor.py
[2024-08-06T22:36:07.858+0800] {processor.py:830} INFO - Processing file /home/haziq/Documents/pl-data-engineering/venv/lib/python3.12/site-packages/airflow/example_dags/example_kubernetes_executor.py for tasks to queue
[2024-08-06T22:36:07.861+0800] {logging_mixin.py:188} INFO - [2024-08-06T22:36:07.860+0800] {dagbag.py:545} INFO - Filling up the DagBag from /home/haziq/Documents/pl-data-engineering/venv/lib/python3.12/site-packages/airflow/example_dags/example_kubernetes_executor.py
[2024-08-06T22:36:07.866+0800] {logging_mixin.py:188} INFO - [2024-08-06T22:36:07.866+0800] {example_kubernetes_executor.py:39} WARNING - The example_kubernetes_executor example DAG requires the kubernetes provider. Please install it with: pip install apache-airflow[cncf.kubernetes]
[2024-08-06T22:36:07.866+0800] {processor.py:842} WARNING - No viable dags retrieved from /home/haziq/Documents/pl-data-engineering/venv/lib/python3.12/site-packages/airflow/example_dags/example_kubernetes_executor.py
[2024-08-06T22:36:07.886+0800] {processor.py:183} INFO - Processing /home/haziq/Documents/pl-data-engineering/venv/lib/python3.12/site-packages/airflow/example_dags/example_kubernetes_executor.py took 0.043 seconds
[2024-08-06T22:37:12.245+0800] {processor.py:161} INFO - Started process (PID=94837) to work on /home/haziq/Documents/pl-data-engineering/venv/lib/python3.12/site-packages/airflow/example_dags/example_kubernetes_executor.py
[2024-08-06T22:37:12.247+0800] {processor.py:830} INFO - Processing file /home/haziq/Documents/pl-data-engineering/venv/lib/python3.12/site-packages/airflow/example_dags/example_kubernetes_executor.py for tasks to queue
[2024-08-06T22:37:12.250+0800] {logging_mixin.py:188} INFO - [2024-08-06T22:37:12.249+0800] {dagbag.py:545} INFO - Filling up the DagBag from /home/haziq/Documents/pl-data-engineering/venv/lib/python3.12/site-packages/airflow/example_dags/example_kubernetes_executor.py
[2024-08-06T22:37:12.255+0800] {logging_mixin.py:188} INFO - [2024-08-06T22:37:12.254+0800] {example_kubernetes_executor.py:39} WARNING - The example_kubernetes_executor example DAG requires the kubernetes provider. Please install it with: pip install apache-airflow[cncf.kubernetes]
[2024-08-06T22:37:12.255+0800] {processor.py:842} WARNING - No viable dags retrieved from /home/haziq/Documents/pl-data-engineering/venv/lib/python3.12/site-packages/airflow/example_dags/example_kubernetes_executor.py
[2024-08-06T22:37:12.273+0800] {processor.py:183} INFO - Processing /home/haziq/Documents/pl-data-engineering/venv/lib/python3.12/site-packages/airflow/example_dags/example_kubernetes_executor.py took 0.037 seconds
[2024-08-06T22:38:10.430+0800] {processor.py:161} INFO - Started process (PID=95215) to work on /home/haziq/Documents/pl-data-engineering/venv/lib/python3.12/site-packages/airflow/example_dags/example_kubernetes_executor.py
[2024-08-06T22:38:10.431+0800] {processor.py:830} INFO - Processing file /home/haziq/Documents/pl-data-engineering/venv/lib/python3.12/site-packages/airflow/example_dags/example_kubernetes_executor.py for tasks to queue
[2024-08-06T22:38:10.434+0800] {logging_mixin.py:188} INFO - [2024-08-06T22:38:10.433+0800] {dagbag.py:545} INFO - Filling up the DagBag from /home/haziq/Documents/pl-data-engineering/venv/lib/python3.12/site-packages/airflow/example_dags/example_kubernetes_executor.py
[2024-08-06T22:38:10.439+0800] {logging_mixin.py:188} INFO - [2024-08-06T22:38:10.438+0800] {example_kubernetes_executor.py:39} WARNING - The example_kubernetes_executor example DAG requires the kubernetes provider. Please install it with: pip install apache-airflow[cncf.kubernetes]
[2024-08-06T22:38:10.439+0800] {processor.py:842} WARNING - No viable dags retrieved from /home/haziq/Documents/pl-data-engineering/venv/lib/python3.12/site-packages/airflow/example_dags/example_kubernetes_executor.py
[2024-08-06T22:38:10.463+0800] {processor.py:183} INFO - Processing /home/haziq/Documents/pl-data-engineering/venv/lib/python3.12/site-packages/airflow/example_dags/example_kubernetes_executor.py took 0.045 seconds
[2024-08-06T22:39:07.588+0800] {processor.py:161} INFO - Started process (PID=95628) to work on /home/haziq/Documents/pl-data-engineering/venv/lib/python3.12/site-packages/airflow/example_dags/example_kubernetes_executor.py
[2024-08-06T22:39:07.590+0800] {processor.py:830} INFO - Processing file /home/haziq/Documents/pl-data-engineering/venv/lib/python3.12/site-packages/airflow/example_dags/example_kubernetes_executor.py for tasks to queue
[2024-08-06T22:39:07.594+0800] {logging_mixin.py:188} INFO - [2024-08-06T22:39:07.593+0800] {dagbag.py:545} INFO - Filling up the DagBag from /home/haziq/Documents/pl-data-engineering/venv/lib/python3.12/site-packages/airflow/example_dags/example_kubernetes_executor.py
[2024-08-06T22:39:07.598+0800] {logging_mixin.py:188} INFO - [2024-08-06T22:39:07.598+0800] {example_kubernetes_executor.py:39} WARNING - The example_kubernetes_executor example DAG requires the kubernetes provider. Please install it with: pip install apache-airflow[cncf.kubernetes]
[2024-08-06T22:39:07.598+0800] {processor.py:842} WARNING - No viable dags retrieved from /home/haziq/Documents/pl-data-engineering/venv/lib/python3.12/site-packages/airflow/example_dags/example_kubernetes_executor.py
[2024-08-06T22:39:07.619+0800] {processor.py:183} INFO - Processing /home/haziq/Documents/pl-data-engineering/venv/lib/python3.12/site-packages/airflow/example_dags/example_kubernetes_executor.py took 0.040 seconds
[2024-08-06T22:40:03.484+0800] {processor.py:161} INFO - Started process (PID=96085) to work on /home/haziq/Documents/pl-data-engineering/venv/lib/python3.12/site-packages/airflow/example_dags/example_kubernetes_executor.py
[2024-08-06T22:40:03.486+0800] {processor.py:830} INFO - Processing file /home/haziq/Documents/pl-data-engineering/venv/lib/python3.12/site-packages/airflow/example_dags/example_kubernetes_executor.py for tasks to queue
[2024-08-06T22:40:03.489+0800] {logging_mixin.py:188} INFO - [2024-08-06T22:40:03.488+0800] {dagbag.py:545} INFO - Filling up the DagBag from /home/haziq/Documents/pl-data-engineering/venv/lib/python3.12/site-packages/airflow/example_dags/example_kubernetes_executor.py
[2024-08-06T22:40:03.493+0800] {logging_mixin.py:188} INFO - [2024-08-06T22:40:03.492+0800] {example_kubernetes_executor.py:39} WARNING - The example_kubernetes_executor example DAG requires the kubernetes provider. Please install it with: pip install apache-airflow[cncf.kubernetes]
[2024-08-06T22:40:03.493+0800] {processor.py:842} WARNING - No viable dags retrieved from /home/haziq/Documents/pl-data-engineering/venv/lib/python3.12/site-packages/airflow/example_dags/example_kubernetes_executor.py
[2024-08-06T22:40:03.510+0800] {processor.py:183} INFO - Processing /home/haziq/Documents/pl-data-engineering/venv/lib/python3.12/site-packages/airflow/example_dags/example_kubernetes_executor.py took 0.037 seconds
[2024-08-06T22:41:18.536+0800] {processor.py:161} INFO - Started process (PID=96645) to work on /home/haziq/Documents/pl-data-engineering/venv/lib/python3.12/site-packages/airflow/example_dags/example_kubernetes_executor.py
[2024-08-06T22:41:18.538+0800] {processor.py:830} INFO - Processing file /home/haziq/Documents/pl-data-engineering/venv/lib/python3.12/site-packages/airflow/example_dags/example_kubernetes_executor.py for tasks to queue
[2024-08-06T22:41:18.541+0800] {logging_mixin.py:188} INFO - [2024-08-06T22:41:18.540+0800] {dagbag.py:545} INFO - Filling up the DagBag from /home/haziq/Documents/pl-data-engineering/venv/lib/python3.12/site-packages/airflow/example_dags/example_kubernetes_executor.py
[2024-08-06T22:41:18.545+0800] {logging_mixin.py:188} INFO - [2024-08-06T22:41:18.545+0800] {example_kubernetes_executor.py:39} WARNING - The example_kubernetes_executor example DAG requires the kubernetes provider. Please install it with: pip install apache-airflow[cncf.kubernetes]
[2024-08-06T22:41:18.546+0800] {processor.py:842} WARNING - No viable dags retrieved from /home/haziq/Documents/pl-data-engineering/venv/lib/python3.12/site-packages/airflow/example_dags/example_kubernetes_executor.py
[2024-08-06T22:41:18.562+0800] {processor.py:183} INFO - Processing /home/haziq/Documents/pl-data-engineering/venv/lib/python3.12/site-packages/airflow/example_dags/example_kubernetes_executor.py took 0.038 seconds
[2024-08-06T22:42:40.538+0800] {processor.py:161} INFO - Started process (PID=97166) to work on /home/haziq/Documents/pl-data-engineering/venv/lib/python3.12/site-packages/airflow/example_dags/example_kubernetes_executor.py
[2024-08-06T22:42:40.547+0800] {processor.py:830} INFO - Processing file /home/haziq/Documents/pl-data-engineering/venv/lib/python3.12/site-packages/airflow/example_dags/example_kubernetes_executor.py for tasks to queue
[2024-08-06T22:42:40.551+0800] {logging_mixin.py:188} INFO - [2024-08-06T22:42:40.550+0800] {dagbag.py:545} INFO - Filling up the DagBag from /home/haziq/Documents/pl-data-engineering/venv/lib/python3.12/site-packages/airflow/example_dags/example_kubernetes_executor.py
[2024-08-06T22:42:40.556+0800] {logging_mixin.py:188} INFO - [2024-08-06T22:42:40.556+0800] {example_kubernetes_executor.py:39} WARNING - The example_kubernetes_executor example DAG requires the kubernetes provider. Please install it with: pip install apache-airflow[cncf.kubernetes]
[2024-08-06T22:42:40.557+0800] {processor.py:842} WARNING - No viable dags retrieved from /home/haziq/Documents/pl-data-engineering/venv/lib/python3.12/site-packages/airflow/example_dags/example_kubernetes_executor.py
[2024-08-06T22:42:40.577+0800] {processor.py:183} INFO - Processing /home/haziq/Documents/pl-data-engineering/venv/lib/python3.12/site-packages/airflow/example_dags/example_kubernetes_executor.py took 0.050 seconds
