[2024-08-06T22:32:58.510+0800] {processor.py:161} INFO - Started process (PID=93018) to work on /home/haziq/Documents/pl-data-engineering/venv/lib/python3.12/site-packages/airflow/example_dags/example_trigger_controller_dag.py
[2024-08-06T22:32:58.511+0800] {processor.py:830} INFO - Processing file /home/haziq/Documents/pl-data-engineering/venv/lib/python3.12/site-packages/airflow/example_dags/example_trigger_controller_dag.py for tasks to queue
[2024-08-06T22:32:58.514+0800] {logging_mixin.py:188} INFO - [2024-08-06T22:32:58.513+0800] {dagbag.py:545} INFO - Filling up the DagBag from /home/haziq/Documents/pl-data-engineering/venv/lib/python3.12/site-packages/airflow/example_dags/example_trigger_controller_dag.py
[2024-08-06T22:32:58.522+0800] {processor.py:840} INFO - DAG(s) 'example_trigger_controller_dag' retrieved from /home/haziq/Documents/pl-data-engineering/venv/lib/python3.12/site-packages/airflow/example_dags/example_trigger_controller_dag.py
[2024-08-06T22:32:58.711+0800] {logging_mixin.py:188} INFO - [2024-08-06T22:32:58.709+0800] {override.py:1858} INFO - Created Permission View: can delete on DAG:example_trigger_controller_dag
[2024-08-06T22:32:58.739+0800] {logging_mixin.py:188} INFO - [2024-08-06T22:32:58.738+0800] {override.py:1858} INFO - Created Permission View: can read on DAG:example_trigger_controller_dag
[2024-08-06T22:32:58.760+0800] {logging_mixin.py:188} INFO - [2024-08-06T22:32:58.758+0800] {override.py:1858} INFO - Created Permission View: can edit on DAG:example_trigger_controller_dag
[2024-08-06T22:32:58.761+0800] {logging_mixin.py:188} INFO - [2024-08-06T22:32:58.761+0800] {dag.py:3089} INFO - Sync 1 DAGs
[2024-08-06T22:32:58.781+0800] {logging_mixin.py:188} INFO - [2024-08-06T22:32:58.781+0800] {dag.py:3111} INFO - Creating ORM DAG for example_trigger_controller_dag
[2024-08-06T22:32:58.807+0800] {logging_mixin.py:188} INFO - [2024-08-06T22:32:58.806+0800] {dag.py:3947} INFO - Setting next_dagrun for example_trigger_controller_dag to 2021-01-01 00:00:00+00:00, run_after=2021-01-01 00:00:00+00:00
[2024-08-06T22:32:58.849+0800] {processor.py:183} INFO - Processing /home/haziq/Documents/pl-data-engineering/venv/lib/python3.12/site-packages/airflow/example_dags/example_trigger_controller_dag.py took 0.350 seconds
[2024-08-06T22:33:57.969+0800] {processor.py:161} INFO - Started process (PID=93437) to work on /home/haziq/Documents/pl-data-engineering/venv/lib/python3.12/site-packages/airflow/example_dags/example_trigger_controller_dag.py
[2024-08-06T22:33:57.971+0800] {processor.py:830} INFO - Processing file /home/haziq/Documents/pl-data-engineering/venv/lib/python3.12/site-packages/airflow/example_dags/example_trigger_controller_dag.py for tasks to queue
[2024-08-06T22:33:57.973+0800] {logging_mixin.py:188} INFO - [2024-08-06T22:33:57.973+0800] {dagbag.py:545} INFO - Filling up the DagBag from /home/haziq/Documents/pl-data-engineering/venv/lib/python3.12/site-packages/airflow/example_dags/example_trigger_controller_dag.py
[2024-08-06T22:33:57.982+0800] {processor.py:840} INFO - DAG(s) 'example_trigger_controller_dag' retrieved from /home/haziq/Documents/pl-data-engineering/venv/lib/python3.12/site-packages/airflow/example_dags/example_trigger_controller_dag.py
[2024-08-06T22:33:58.007+0800] {logging_mixin.py:188} INFO - [2024-08-06T22:33:58.006+0800] {dag.py:3089} INFO - Sync 1 DAGs
[2024-08-06T22:33:58.037+0800] {logging_mixin.py:188} INFO - [2024-08-06T22:33:58.037+0800] {dag.py:3947} INFO - Setting next_dagrun for example_trigger_controller_dag to 2021-01-01 00:00:00+00:00, run_after=2021-01-01 00:00:00+00:00
[2024-08-06T22:33:58.075+0800] {processor.py:183} INFO - Processing /home/haziq/Documents/pl-data-engineering/venv/lib/python3.12/site-packages/airflow/example_dags/example_trigger_controller_dag.py took 0.116 seconds
[2024-08-06T22:35:37.150+0800] {processor.py:161} INFO - Started process (PID=94205) to work on /home/haziq/Documents/pl-data-engineering/venv/lib/python3.12/site-packages/airflow/example_dags/example_trigger_controller_dag.py
[2024-08-06T22:35:37.152+0800] {processor.py:830} INFO - Processing file /home/haziq/Documents/pl-data-engineering/venv/lib/python3.12/site-packages/airflow/example_dags/example_trigger_controller_dag.py for tasks to queue
[2024-08-06T22:35:37.154+0800] {logging_mixin.py:188} INFO - [2024-08-06T22:35:37.153+0800] {dagbag.py:545} INFO - Filling up the DagBag from /home/haziq/Documents/pl-data-engineering/venv/lib/python3.12/site-packages/airflow/example_dags/example_trigger_controller_dag.py
[2024-08-06T22:35:37.161+0800] {processor.py:840} INFO - DAG(s) 'example_trigger_controller_dag' retrieved from /home/haziq/Documents/pl-data-engineering/venv/lib/python3.12/site-packages/airflow/example_dags/example_trigger_controller_dag.py
[2024-08-06T22:35:37.176+0800] {logging_mixin.py:188} INFO - [2024-08-06T22:35:37.175+0800] {dag.py:3089} INFO - Sync 1 DAGs
[2024-08-06T22:35:37.217+0800] {logging_mixin.py:188} INFO - [2024-08-06T22:35:37.216+0800] {dag.py:3947} INFO - Setting next_dagrun for example_trigger_controller_dag to 2021-01-01 00:00:00+00:00, run_after=2021-01-01 00:00:00+00:00
[2024-08-06T22:35:37.251+0800] {processor.py:183} INFO - Processing /home/haziq/Documents/pl-data-engineering/venv/lib/python3.12/site-packages/airflow/example_dags/example_trigger_controller_dag.py took 0.113 seconds
[2024-08-06T22:36:39.519+0800] {processor.py:161} INFO - Started process (PID=94602) to work on /home/haziq/Documents/pl-data-engineering/venv/lib/python3.12/site-packages/airflow/example_dags/example_trigger_controller_dag.py
[2024-08-06T22:36:39.521+0800] {processor.py:830} INFO - Processing file /home/haziq/Documents/pl-data-engineering/venv/lib/python3.12/site-packages/airflow/example_dags/example_trigger_controller_dag.py for tasks to queue
[2024-08-06T22:36:39.523+0800] {logging_mixin.py:188} INFO - [2024-08-06T22:36:39.523+0800] {dagbag.py:545} INFO - Filling up the DagBag from /home/haziq/Documents/pl-data-engineering/venv/lib/python3.12/site-packages/airflow/example_dags/example_trigger_controller_dag.py
[2024-08-06T22:36:39.531+0800] {processor.py:840} INFO - DAG(s) 'example_trigger_controller_dag' retrieved from /home/haziq/Documents/pl-data-engineering/venv/lib/python3.12/site-packages/airflow/example_dags/example_trigger_controller_dag.py
[2024-08-06T22:36:39.671+0800] {logging_mixin.py:188} INFO - [2024-08-06T22:36:39.670+0800] {dag.py:3089} INFO - Sync 1 DAGs
[2024-08-06T22:36:39.696+0800] {logging_mixin.py:188} INFO - [2024-08-06T22:36:39.695+0800] {dag.py:3947} INFO - Setting next_dagrun for example_trigger_controller_dag to 2021-01-01 00:00:00+00:00, run_after=2021-01-01 00:00:00+00:00
[2024-08-06T22:36:39.738+0800] {processor.py:183} INFO - Processing /home/haziq/Documents/pl-data-engineering/venv/lib/python3.12/site-packages/airflow/example_dags/example_trigger_controller_dag.py took 0.228 seconds
[2024-08-06T22:37:37.829+0800] {processor.py:161} INFO - Started process (PID=95010) to work on /home/haziq/Documents/pl-data-engineering/venv/lib/python3.12/site-packages/airflow/example_dags/example_trigger_controller_dag.py
[2024-08-06T22:37:37.831+0800] {processor.py:830} INFO - Processing file /home/haziq/Documents/pl-data-engineering/venv/lib/python3.12/site-packages/airflow/example_dags/example_trigger_controller_dag.py for tasks to queue
[2024-08-06T22:37:37.834+0800] {logging_mixin.py:188} INFO - [2024-08-06T22:37:37.834+0800] {dagbag.py:545} INFO - Filling up the DagBag from /home/haziq/Documents/pl-data-engineering/venv/lib/python3.12/site-packages/airflow/example_dags/example_trigger_controller_dag.py
[2024-08-06T22:37:37.842+0800] {processor.py:840} INFO - DAG(s) 'example_trigger_controller_dag' retrieved from /home/haziq/Documents/pl-data-engineering/venv/lib/python3.12/site-packages/airflow/example_dags/example_trigger_controller_dag.py
[2024-08-06T22:37:37.864+0800] {logging_mixin.py:188} INFO - [2024-08-06T22:37:37.863+0800] {dag.py:3089} INFO - Sync 1 DAGs
[2024-08-06T22:37:37.892+0800] {logging_mixin.py:188} INFO - [2024-08-06T22:37:37.892+0800] {dag.py:3947} INFO - Setting next_dagrun for example_trigger_controller_dag to 2021-01-01 00:00:00+00:00, run_after=2021-01-01 00:00:00+00:00
[2024-08-06T22:37:37.929+0800] {processor.py:183} INFO - Processing /home/haziq/Documents/pl-data-engineering/venv/lib/python3.12/site-packages/airflow/example_dags/example_trigger_controller_dag.py took 0.112 seconds
[2024-08-06T22:38:34.188+0800] {processor.py:161} INFO - Started process (PID=95409) to work on /home/haziq/Documents/pl-data-engineering/venv/lib/python3.12/site-packages/airflow/example_dags/example_trigger_controller_dag.py
[2024-08-06T22:38:34.190+0800] {processor.py:830} INFO - Processing file /home/haziq/Documents/pl-data-engineering/venv/lib/python3.12/site-packages/airflow/example_dags/example_trigger_controller_dag.py for tasks to queue
[2024-08-06T22:38:34.192+0800] {logging_mixin.py:188} INFO - [2024-08-06T22:38:34.192+0800] {dagbag.py:545} INFO - Filling up the DagBag from /home/haziq/Documents/pl-data-engineering/venv/lib/python3.12/site-packages/airflow/example_dags/example_trigger_controller_dag.py
[2024-08-06T22:38:34.200+0800] {processor.py:840} INFO - DAG(s) 'example_trigger_controller_dag' retrieved from /home/haziq/Documents/pl-data-engineering/venv/lib/python3.12/site-packages/airflow/example_dags/example_trigger_controller_dag.py
[2024-08-06T22:38:34.223+0800] {logging_mixin.py:188} INFO - [2024-08-06T22:38:34.223+0800] {dag.py:3089} INFO - Sync 1 DAGs
[2024-08-06T22:38:34.252+0800] {logging_mixin.py:188} INFO - [2024-08-06T22:38:34.251+0800] {dag.py:3947} INFO - Setting next_dagrun for example_trigger_controller_dag to 2021-01-01 00:00:00+00:00, run_after=2021-01-01 00:00:00+00:00
[2024-08-06T22:38:34.287+0800] {processor.py:183} INFO - Processing /home/haziq/Documents/pl-data-engineering/venv/lib/python3.12/site-packages/airflow/example_dags/example_trigger_controller_dag.py took 0.108 seconds
[2024-08-06T22:39:27.803+0800] {processor.py:161} INFO - Started process (PID=95853) to work on /home/haziq/Documents/pl-data-engineering/venv/lib/python3.12/site-packages/airflow/example_dags/example_trigger_controller_dag.py
[2024-08-06T22:39:27.805+0800] {processor.py:830} INFO - Processing file /home/haziq/Documents/pl-data-engineering/venv/lib/python3.12/site-packages/airflow/example_dags/example_trigger_controller_dag.py for tasks to queue
[2024-08-06T22:39:27.810+0800] {logging_mixin.py:188} INFO - [2024-08-06T22:39:27.809+0800] {dagbag.py:545} INFO - Filling up the DagBag from /home/haziq/Documents/pl-data-engineering/venv/lib/python3.12/site-packages/airflow/example_dags/example_trigger_controller_dag.py
[2024-08-06T22:39:27.819+0800] {processor.py:840} INFO - DAG(s) 'example_trigger_controller_dag' retrieved from /home/haziq/Documents/pl-data-engineering/venv/lib/python3.12/site-packages/airflow/example_dags/example_trigger_controller_dag.py
[2024-08-06T22:39:27.849+0800] {logging_mixin.py:188} INFO - [2024-08-06T22:39:27.848+0800] {dag.py:3089} INFO - Sync 1 DAGs
[2024-08-06T22:39:27.883+0800] {logging_mixin.py:188} INFO - [2024-08-06T22:39:27.882+0800] {dag.py:3947} INFO - Setting next_dagrun for example_trigger_controller_dag to 2021-01-01 00:00:00+00:00, run_after=2021-01-01 00:00:00+00:00
[2024-08-06T22:39:27.926+0800] {processor.py:183} INFO - Processing /home/haziq/Documents/pl-data-engineering/venv/lib/python3.12/site-packages/airflow/example_dags/example_trigger_controller_dag.py took 0.135 seconds
[2024-08-06T22:40:20.317+0800] {processor.py:161} INFO - Started process (PID=96195) to work on /home/haziq/Documents/pl-data-engineering/venv/lib/python3.12/site-packages/airflow/example_dags/example_trigger_controller_dag.py
[2024-08-06T22:40:20.325+0800] {processor.py:830} INFO - Processing file /home/haziq/Documents/pl-data-engineering/venv/lib/python3.12/site-packages/airflow/example_dags/example_trigger_controller_dag.py for tasks to queue
[2024-08-06T22:40:20.327+0800] {logging_mixin.py:188} INFO - [2024-08-06T22:40:20.327+0800] {dagbag.py:545} INFO - Filling up the DagBag from /home/haziq/Documents/pl-data-engineering/venv/lib/python3.12/site-packages/airflow/example_dags/example_trigger_controller_dag.py
[2024-08-06T22:40:20.335+0800] {processor.py:840} INFO - DAG(s) 'example_trigger_controller_dag' retrieved from /home/haziq/Documents/pl-data-engineering/venv/lib/python3.12/site-packages/airflow/example_dags/example_trigger_controller_dag.py
[2024-08-06T22:40:20.359+0800] {logging_mixin.py:188} INFO - [2024-08-06T22:40:20.358+0800] {dag.py:3089} INFO - Sync 1 DAGs
[2024-08-06T22:40:20.388+0800] {logging_mixin.py:188} INFO - [2024-08-06T22:40:20.388+0800] {dag.py:3947} INFO - Setting next_dagrun for example_trigger_controller_dag to 2021-01-01 00:00:00+00:00, run_after=2021-01-01 00:00:00+00:00
[2024-08-06T22:40:20.425+0800] {processor.py:183} INFO - Processing /home/haziq/Documents/pl-data-engineering/venv/lib/python3.12/site-packages/airflow/example_dags/example_trigger_controller_dag.py took 0.116 seconds
[2024-08-06T22:41:10.023+0800] {processor.py:161} INFO - Started process (PID=96586) to work on /home/haziq/Documents/pl-data-engineering/venv/lib/python3.12/site-packages/airflow/example_dags/example_trigger_controller_dag.py
[2024-08-06T22:41:10.024+0800] {processor.py:830} INFO - Processing file /home/haziq/Documents/pl-data-engineering/venv/lib/python3.12/site-packages/airflow/example_dags/example_trigger_controller_dag.py for tasks to queue
[2024-08-06T22:41:10.027+0800] {logging_mixin.py:188} INFO - [2024-08-06T22:41:10.026+0800] {dagbag.py:545} INFO - Filling up the DagBag from /home/haziq/Documents/pl-data-engineering/venv/lib/python3.12/site-packages/airflow/example_dags/example_trigger_controller_dag.py
[2024-08-06T22:41:10.035+0800] {processor.py:840} INFO - DAG(s) 'example_trigger_controller_dag' retrieved from /home/haziq/Documents/pl-data-engineering/venv/lib/python3.12/site-packages/airflow/example_dags/example_trigger_controller_dag.py
[2024-08-06T22:41:10.058+0800] {logging_mixin.py:188} INFO - [2024-08-06T22:41:10.058+0800] {dag.py:3089} INFO - Sync 1 DAGs
[2024-08-06T22:41:10.086+0800] {logging_mixin.py:188} INFO - [2024-08-06T22:41:10.086+0800] {dag.py:3947} INFO - Setting next_dagrun for example_trigger_controller_dag to 2021-01-01 00:00:00+00:00, run_after=2021-01-01 00:00:00+00:00
[2024-08-06T22:41:10.123+0800] {processor.py:183} INFO - Processing /home/haziq/Documents/pl-data-engineering/venv/lib/python3.12/site-packages/airflow/example_dags/example_trigger_controller_dag.py took 0.111 seconds
[2024-08-06T22:42:02.343+0800] {processor.py:161} INFO - Started process (PID=96923) to work on /home/haziq/Documents/pl-data-engineering/venv/lib/python3.12/site-packages/airflow/example_dags/example_trigger_controller_dag.py
[2024-08-06T22:42:02.345+0800] {processor.py:830} INFO - Processing file /home/haziq/Documents/pl-data-engineering/venv/lib/python3.12/site-packages/airflow/example_dags/example_trigger_controller_dag.py for tasks to queue
[2024-08-06T22:42:02.348+0800] {logging_mixin.py:188} INFO - [2024-08-06T22:42:02.347+0800] {dagbag.py:545} INFO - Filling up the DagBag from /home/haziq/Documents/pl-data-engineering/venv/lib/python3.12/site-packages/airflow/example_dags/example_trigger_controller_dag.py
[2024-08-06T22:42:02.355+0800] {processor.py:840} INFO - DAG(s) 'example_trigger_controller_dag' retrieved from /home/haziq/Documents/pl-data-engineering/venv/lib/python3.12/site-packages/airflow/example_dags/example_trigger_controller_dag.py
[2024-08-06T22:42:02.378+0800] {logging_mixin.py:188} INFO - [2024-08-06T22:42:02.378+0800] {dag.py:3089} INFO - Sync 1 DAGs
[2024-08-06T22:42:02.408+0800] {logging_mixin.py:188} INFO - [2024-08-06T22:42:02.407+0800] {dag.py:3947} INFO - Setting next_dagrun for example_trigger_controller_dag to 2021-01-01 00:00:00+00:00, run_after=2021-01-01 00:00:00+00:00
[2024-08-06T22:42:02.450+0800] {processor.py:183} INFO - Processing /home/haziq/Documents/pl-data-engineering/venv/lib/python3.12/site-packages/airflow/example_dags/example_trigger_controller_dag.py took 0.119 seconds
