[2024-08-06T22:33:27.440+0800] {processor.py:161} INFO - Started process (PID=93211) to work on /home/haziq/Documents/pl-data-engineering/venv/lib/python3.12/site-packages/airflow/example_dags/example_display_name.py
[2024-08-06T22:33:27.442+0800] {processor.py:830} INFO - Processing file /home/haziq/Documents/pl-data-engineering/venv/lib/python3.12/site-packages/airflow/example_dags/example_display_name.py for tasks to queue
[2024-08-06T22:33:27.445+0800] {logging_mixin.py:188} INFO - [2024-08-06T22:33:27.444+0800] {dagbag.py:545} INFO - Filling up the DagBag from /home/haziq/Documents/pl-data-engineering/venv/lib/python3.12/site-packages/airflow/example_dags/example_display_name.py
[2024-08-06T22:33:27.461+0800] {processor.py:840} INFO - DAG(s) 'example_display_name' retrieved from /home/haziq/Documents/pl-data-engineering/venv/lib/python3.12/site-packages/airflow/example_dags/example_display_name.py
[2024-08-06T22:33:27.633+0800] {logging_mixin.py:188} INFO - [2024-08-06T22:33:27.632+0800] {override.py:1858} INFO - Created Permission View: can delete on DAG:example_display_name
[2024-08-06T22:33:27.652+0800] {logging_mixin.py:188} INFO - [2024-08-06T22:33:27.651+0800] {override.py:1858} INFO - Created Permission View: can read on DAG:example_display_name
[2024-08-06T22:33:27.665+0800] {logging_mixin.py:188} INFO - [2024-08-06T22:33:27.664+0800] {override.py:1858} INFO - Created Permission View: can edit on DAG:example_display_name
[2024-08-06T22:33:27.665+0800] {logging_mixin.py:188} INFO - [2024-08-06T22:33:27.665+0800] {dag.py:3089} INFO - Sync 1 DAGs
[2024-08-06T22:33:27.681+0800] {logging_mixin.py:188} INFO - [2024-08-06T22:33:27.681+0800] {dag.py:3111} INFO - Creating ORM DAG for example_display_name
[2024-08-06T22:33:27.683+0800] {logging_mixin.py:188} INFO - [2024-08-06T22:33:27.682+0800] {dag.py:3947} INFO - Setting next_dagrun for example_display_name to None, run_after=None
[2024-08-06T22:33:27.716+0800] {processor.py:183} INFO - Processing /home/haziq/Documents/pl-data-engineering/venv/lib/python3.12/site-packages/airflow/example_dags/example_display_name.py took 0.287 seconds
[2024-08-06T22:34:27.872+0800] {processor.py:161} INFO - Started process (PID=93632) to work on /home/haziq/Documents/pl-data-engineering/venv/lib/python3.12/site-packages/airflow/example_dags/example_display_name.py
[2024-08-06T22:34:27.874+0800] {processor.py:830} INFO - Processing file /home/haziq/Documents/pl-data-engineering/venv/lib/python3.12/site-packages/airflow/example_dags/example_display_name.py for tasks to queue
[2024-08-06T22:34:27.877+0800] {logging_mixin.py:188} INFO - [2024-08-06T22:34:27.876+0800] {dagbag.py:545} INFO - Filling up the DagBag from /home/haziq/Documents/pl-data-engineering/venv/lib/python3.12/site-packages/airflow/example_dags/example_display_name.py
[2024-08-06T22:34:27.886+0800] {processor.py:840} INFO - DAG(s) 'example_display_name' retrieved from /home/haziq/Documents/pl-data-engineering/venv/lib/python3.12/site-packages/airflow/example_dags/example_display_name.py
[2024-08-06T22:34:27.910+0800] {logging_mixin.py:188} INFO - [2024-08-06T22:34:27.909+0800] {dag.py:3089} INFO - Sync 1 DAGs
[2024-08-06T22:34:27.927+0800] {logging_mixin.py:188} INFO - [2024-08-06T22:34:27.927+0800] {dag.py:3947} INFO - Setting next_dagrun for example_display_name to None, run_after=None
[2024-08-06T22:34:27.963+0800] {processor.py:183} INFO - Processing /home/haziq/Documents/pl-data-engineering/venv/lib/python3.12/site-packages/airflow/example_dags/example_display_name.py took 0.102 seconds
[2024-08-06T22:36:06.380+0800] {processor.py:161} INFO - Started process (PID=94389) to work on /home/haziq/Documents/pl-data-engineering/venv/lib/python3.12/site-packages/airflow/example_dags/example_display_name.py
[2024-08-06T22:36:06.382+0800] {processor.py:830} INFO - Processing file /home/haziq/Documents/pl-data-engineering/venv/lib/python3.12/site-packages/airflow/example_dags/example_display_name.py for tasks to queue
[2024-08-06T22:36:06.385+0800] {logging_mixin.py:188} INFO - [2024-08-06T22:36:06.385+0800] {dagbag.py:545} INFO - Filling up the DagBag from /home/haziq/Documents/pl-data-engineering/venv/lib/python3.12/site-packages/airflow/example_dags/example_display_name.py
[2024-08-06T22:36:06.397+0800] {processor.py:840} INFO - DAG(s) 'example_display_name' retrieved from /home/haziq/Documents/pl-data-engineering/venv/lib/python3.12/site-packages/airflow/example_dags/example_display_name.py
[2024-08-06T22:36:06.635+0800] {logging_mixin.py:188} INFO - [2024-08-06T22:36:06.634+0800] {dag.py:3089} INFO - Sync 1 DAGs
[2024-08-06T22:36:06.654+0800] {logging_mixin.py:188} INFO - [2024-08-06T22:36:06.654+0800] {dag.py:3947} INFO - Setting next_dagrun for example_display_name to None, run_after=None
[2024-08-06T22:36:06.704+0800] {processor.py:183} INFO - Processing /home/haziq/Documents/pl-data-engineering/venv/lib/python3.12/site-packages/airflow/example_dags/example_display_name.py took 0.335 seconds
[2024-08-06T22:37:10.970+0800] {processor.py:161} INFO - Started process (PID=94825) to work on /home/haziq/Documents/pl-data-engineering/venv/lib/python3.12/site-packages/airflow/example_dags/example_display_name.py
[2024-08-06T22:37:10.971+0800] {processor.py:830} INFO - Processing file /home/haziq/Documents/pl-data-engineering/venv/lib/python3.12/site-packages/airflow/example_dags/example_display_name.py for tasks to queue
[2024-08-06T22:37:10.974+0800] {logging_mixin.py:188} INFO - [2024-08-06T22:37:10.973+0800] {dagbag.py:545} INFO - Filling up the DagBag from /home/haziq/Documents/pl-data-engineering/venv/lib/python3.12/site-packages/airflow/example_dags/example_display_name.py
[2024-08-06T22:37:10.983+0800] {processor.py:840} INFO - DAG(s) 'example_display_name' retrieved from /home/haziq/Documents/pl-data-engineering/venv/lib/python3.12/site-packages/airflow/example_dags/example_display_name.py
[2024-08-06T22:37:11.006+0800] {logging_mixin.py:188} INFO - [2024-08-06T22:37:11.006+0800] {dag.py:3089} INFO - Sync 1 DAGs
[2024-08-06T22:37:11.024+0800] {logging_mixin.py:188} INFO - [2024-08-06T22:37:11.023+0800] {dag.py:3947} INFO - Setting next_dagrun for example_display_name to None, run_after=None
[2024-08-06T22:37:11.061+0800] {processor.py:183} INFO - Processing /home/haziq/Documents/pl-data-engineering/venv/lib/python3.12/site-packages/airflow/example_dags/example_display_name.py took 0.102 seconds
[2024-08-06T22:38:09.537+0800] {processor.py:161} INFO - Started process (PID=95204) to work on /home/haziq/Documents/pl-data-engineering/venv/lib/python3.12/site-packages/airflow/example_dags/example_display_name.py
[2024-08-06T22:38:09.545+0800] {processor.py:830} INFO - Processing file /home/haziq/Documents/pl-data-engineering/venv/lib/python3.12/site-packages/airflow/example_dags/example_display_name.py for tasks to queue
[2024-08-06T22:38:09.548+0800] {logging_mixin.py:188} INFO - [2024-08-06T22:38:09.548+0800] {dagbag.py:545} INFO - Filling up the DagBag from /home/haziq/Documents/pl-data-engineering/venv/lib/python3.12/site-packages/airflow/example_dags/example_display_name.py
[2024-08-06T22:38:09.559+0800] {processor.py:840} INFO - DAG(s) 'example_display_name' retrieved from /home/haziq/Documents/pl-data-engineering/venv/lib/python3.12/site-packages/airflow/example_dags/example_display_name.py
[2024-08-06T22:38:09.585+0800] {logging_mixin.py:188} INFO - [2024-08-06T22:38:09.585+0800] {dag.py:3089} INFO - Sync 1 DAGs
[2024-08-06T22:38:09.603+0800] {logging_mixin.py:188} INFO - [2024-08-06T22:38:09.602+0800] {dag.py:3947} INFO - Setting next_dagrun for example_display_name to None, run_after=None
[2024-08-06T22:38:09.638+0800] {processor.py:183} INFO - Processing /home/haziq/Documents/pl-data-engineering/venv/lib/python3.12/site-packages/airflow/example_dags/example_display_name.py took 0.111 seconds
[2024-08-06T22:39:06.704+0800] {processor.py:161} INFO - Started process (PID=95615) to work on /home/haziq/Documents/pl-data-engineering/venv/lib/python3.12/site-packages/airflow/example_dags/example_display_name.py
[2024-08-06T22:39:06.707+0800] {processor.py:830} INFO - Processing file /home/haziq/Documents/pl-data-engineering/venv/lib/python3.12/site-packages/airflow/example_dags/example_display_name.py for tasks to queue
[2024-08-06T22:39:06.710+0800] {logging_mixin.py:188} INFO - [2024-08-06T22:39:06.709+0800] {dagbag.py:545} INFO - Filling up the DagBag from /home/haziq/Documents/pl-data-engineering/venv/lib/python3.12/site-packages/airflow/example_dags/example_display_name.py
[2024-08-06T22:39:06.719+0800] {processor.py:840} INFO - DAG(s) 'example_display_name' retrieved from /home/haziq/Documents/pl-data-engineering/venv/lib/python3.12/site-packages/airflow/example_dags/example_display_name.py
[2024-08-06T22:39:06.744+0800] {logging_mixin.py:188} INFO - [2024-08-06T22:39:06.743+0800] {dag.py:3089} INFO - Sync 1 DAGs
[2024-08-06T22:39:06.765+0800] {logging_mixin.py:188} INFO - [2024-08-06T22:39:06.765+0800] {dag.py:3947} INFO - Setting next_dagrun for example_display_name to None, run_after=None
[2024-08-06T22:39:06.810+0800] {processor.py:183} INFO - Processing /home/haziq/Documents/pl-data-engineering/venv/lib/python3.12/site-packages/airflow/example_dags/example_display_name.py took 0.118 seconds
[2024-08-06T22:40:02.215+0800] {processor.py:161} INFO - Started process (PID=96084) to work on /home/haziq/Documents/pl-data-engineering/venv/lib/python3.12/site-packages/airflow/example_dags/example_display_name.py
[2024-08-06T22:40:02.216+0800] {processor.py:830} INFO - Processing file /home/haziq/Documents/pl-data-engineering/venv/lib/python3.12/site-packages/airflow/example_dags/example_display_name.py for tasks to queue
[2024-08-06T22:40:02.219+0800] {logging_mixin.py:188} INFO - [2024-08-06T22:40:02.218+0800] {dagbag.py:545} INFO - Filling up the DagBag from /home/haziq/Documents/pl-data-engineering/venv/lib/python3.12/site-packages/airflow/example_dags/example_display_name.py
[2024-08-06T22:40:02.228+0800] {processor.py:840} INFO - DAG(s) 'example_display_name' retrieved from /home/haziq/Documents/pl-data-engineering/venv/lib/python3.12/site-packages/airflow/example_dags/example_display_name.py
[2024-08-06T22:40:02.252+0800] {logging_mixin.py:188} INFO - [2024-08-06T22:40:02.251+0800] {dag.py:3089} INFO - Sync 1 DAGs
[2024-08-06T22:40:02.269+0800] {logging_mixin.py:188} INFO - [2024-08-06T22:40:02.268+0800] {dag.py:3947} INFO - Setting next_dagrun for example_display_name to None, run_after=None
[2024-08-06T22:40:02.306+0800] {processor.py:183} INFO - Processing /home/haziq/Documents/pl-data-engineering/venv/lib/python3.12/site-packages/airflow/example_dags/example_display_name.py took 0.103 seconds
[2024-08-06T22:41:18.185+0800] {processor.py:161} INFO - Started process (PID=96644) to work on /home/haziq/Documents/pl-data-engineering/venv/lib/python3.12/site-packages/airflow/example_dags/example_display_name.py
[2024-08-06T22:41:18.187+0800] {processor.py:830} INFO - Processing file /home/haziq/Documents/pl-data-engineering/venv/lib/python3.12/site-packages/airflow/example_dags/example_display_name.py for tasks to queue
[2024-08-06T22:41:18.189+0800] {logging_mixin.py:188} INFO - [2024-08-06T22:41:18.189+0800] {dagbag.py:545} INFO - Filling up the DagBag from /home/haziq/Documents/pl-data-engineering/venv/lib/python3.12/site-packages/airflow/example_dags/example_display_name.py
[2024-08-06T22:41:18.199+0800] {processor.py:840} INFO - DAG(s) 'example_display_name' retrieved from /home/haziq/Documents/pl-data-engineering/venv/lib/python3.12/site-packages/airflow/example_dags/example_display_name.py
[2024-08-06T22:41:18.222+0800] {logging_mixin.py:188} INFO - [2024-08-06T22:41:18.222+0800] {dag.py:3089} INFO - Sync 1 DAGs
[2024-08-06T22:41:18.240+0800] {logging_mixin.py:188} INFO - [2024-08-06T22:41:18.239+0800] {dag.py:3947} INFO - Setting next_dagrun for example_display_name to None, run_after=None
[2024-08-06T22:41:18.275+0800] {processor.py:183} INFO - Processing /home/haziq/Documents/pl-data-engineering/venv/lib/python3.12/site-packages/airflow/example_dags/example_display_name.py took 0.102 seconds
[2024-08-06T22:42:39.336+0800] {processor.py:161} INFO - Started process (PID=97154) to work on /home/haziq/Documents/pl-data-engineering/venv/lib/python3.12/site-packages/airflow/example_dags/example_display_name.py
[2024-08-06T22:42:39.345+0800] {processor.py:830} INFO - Processing file /home/haziq/Documents/pl-data-engineering/venv/lib/python3.12/site-packages/airflow/example_dags/example_display_name.py for tasks to queue
[2024-08-06T22:42:39.349+0800] {logging_mixin.py:188} INFO - [2024-08-06T22:42:39.348+0800] {dagbag.py:545} INFO - Filling up the DagBag from /home/haziq/Documents/pl-data-engineering/venv/lib/python3.12/site-packages/airflow/example_dags/example_display_name.py
[2024-08-06T22:42:39.360+0800] {processor.py:840} INFO - DAG(s) 'example_display_name' retrieved from /home/haziq/Documents/pl-data-engineering/venv/lib/python3.12/site-packages/airflow/example_dags/example_display_name.py
[2024-08-06T22:42:39.389+0800] {logging_mixin.py:188} INFO - [2024-08-06T22:42:39.388+0800] {dag.py:3089} INFO - Sync 1 DAGs
[2024-08-06T22:42:39.409+0800] {logging_mixin.py:188} INFO - [2024-08-06T22:42:39.409+0800] {dag.py:3947} INFO - Setting next_dagrun for example_display_name to None, run_after=None
[2024-08-06T22:42:39.451+0800] {processor.py:183} INFO - Processing /home/haziq/Documents/pl-data-engineering/venv/lib/python3.12/site-packages/airflow/example_dags/example_display_name.py took 0.126 seconds
