[2024-08-06T22:33:25.955+0800] {processor.py:161} INFO - Started process (PID=93199) to work on /home/haziq/Documents/pl-data-engineering/venv/lib/python3.12/site-packages/airflow/example_dags/example_branch_day_of_week_operator.py
[2024-08-06T22:33:25.957+0800] {processor.py:830} INFO - Processing file /home/haziq/Documents/pl-data-engineering/venv/lib/python3.12/site-packages/airflow/example_dags/example_branch_day_of_week_operator.py for tasks to queue
[2024-08-06T22:33:25.960+0800] {logging_mixin.py:188} INFO - [2024-08-06T22:33:25.959+0800] {dagbag.py:545} INFO - Filling up the DagBag from /home/haziq/Documents/pl-data-engineering/venv/lib/python3.12/site-packages/airflow/example_dags/example_branch_day_of_week_operator.py
[2024-08-06T22:33:25.972+0800] {processor.py:840} INFO - DAG(s) 'example_weekday_branch_operator' retrieved from /home/haziq/Documents/pl-data-engineering/venv/lib/python3.12/site-packages/airflow/example_dags/example_branch_day_of_week_operator.py
[2024-08-06T22:33:26.143+0800] {logging_mixin.py:188} INFO - [2024-08-06T22:33:26.142+0800] {override.py:1858} INFO - Created Permission View: can delete on DAG:example_weekday_branch_operator
[2024-08-06T22:33:26.162+0800] {logging_mixin.py:188} INFO - [2024-08-06T22:33:26.162+0800] {override.py:1858} INFO - Created Permission View: can read on DAG:example_weekday_branch_operator
[2024-08-06T22:33:26.178+0800] {logging_mixin.py:188} INFO - [2024-08-06T22:33:26.178+0800] {override.py:1858} INFO - Created Permission View: can edit on DAG:example_weekday_branch_operator
[2024-08-06T22:33:26.179+0800] {logging_mixin.py:188} INFO - [2024-08-06T22:33:26.179+0800] {dag.py:3089} INFO - Sync 1 DAGs
[2024-08-06T22:33:26.200+0800] {logging_mixin.py:188} INFO - [2024-08-06T22:33:26.200+0800] {dag.py:3111} INFO - Creating ORM DAG for example_weekday_branch_operator
[2024-08-06T22:33:26.216+0800] {logging_mixin.py:188} INFO - [2024-08-06T22:33:26.216+0800] {dag.py:3947} INFO - Setting next_dagrun for example_weekday_branch_operator to 2024-08-05 00:00:00+00:00, run_after=2024-08-06 00:00:00+00:00
[2024-08-06T22:33:26.263+0800] {processor.py:183} INFO - Processing /home/haziq/Documents/pl-data-engineering/venv/lib/python3.12/site-packages/airflow/example_dags/example_branch_day_of_week_operator.py took 0.319 seconds
[2024-08-06T22:34:26.607+0800] {processor.py:161} INFO - Started process (PID=93631) to work on /home/haziq/Documents/pl-data-engineering/venv/lib/python3.12/site-packages/airflow/example_dags/example_branch_day_of_week_operator.py
[2024-08-06T22:34:26.610+0800] {processor.py:830} INFO - Processing file /home/haziq/Documents/pl-data-engineering/venv/lib/python3.12/site-packages/airflow/example_dags/example_branch_day_of_week_operator.py for tasks to queue
[2024-08-06T22:34:26.612+0800] {logging_mixin.py:188} INFO - [2024-08-06T22:34:26.612+0800] {dagbag.py:545} INFO - Filling up the DagBag from /home/haziq/Documents/pl-data-engineering/venv/lib/python3.12/site-packages/airflow/example_dags/example_branch_day_of_week_operator.py
[2024-08-06T22:34:26.625+0800] {processor.py:840} INFO - DAG(s) 'example_weekday_branch_operator' retrieved from /home/haziq/Documents/pl-data-engineering/venv/lib/python3.12/site-packages/airflow/example_dags/example_branch_day_of_week_operator.py
[2024-08-06T22:34:26.654+0800] {logging_mixin.py:188} INFO - [2024-08-06T22:34:26.654+0800] {dag.py:3089} INFO - Sync 1 DAGs
[2024-08-06T22:34:26.686+0800] {logging_mixin.py:188} INFO - [2024-08-06T22:34:26.685+0800] {dag.py:3947} INFO - Setting next_dagrun for example_weekday_branch_operator to 2024-08-05 00:00:00+00:00, run_after=2024-08-06 00:00:00+00:00
[2024-08-06T22:34:26.722+0800] {processor.py:183} INFO - Processing /home/haziq/Documents/pl-data-engineering/venv/lib/python3.12/site-packages/airflow/example_dags/example_branch_day_of_week_operator.py took 0.126 seconds
[2024-08-06T22:36:04.867+0800] {processor.py:161} INFO - Started process (PID=94388) to work on /home/haziq/Documents/pl-data-engineering/venv/lib/python3.12/site-packages/airflow/example_dags/example_branch_day_of_week_operator.py
[2024-08-06T22:36:04.868+0800] {processor.py:830} INFO - Processing file /home/haziq/Documents/pl-data-engineering/venv/lib/python3.12/site-packages/airflow/example_dags/example_branch_day_of_week_operator.py for tasks to queue
[2024-08-06T22:36:04.871+0800] {logging_mixin.py:188} INFO - [2024-08-06T22:36:04.870+0800] {dagbag.py:545} INFO - Filling up the DagBag from /home/haziq/Documents/pl-data-engineering/venv/lib/python3.12/site-packages/airflow/example_dags/example_branch_day_of_week_operator.py
[2024-08-06T22:36:04.885+0800] {processor.py:840} INFO - DAG(s) 'example_weekday_branch_operator' retrieved from /home/haziq/Documents/pl-data-engineering/venv/lib/python3.12/site-packages/airflow/example_dags/example_branch_day_of_week_operator.py
[2024-08-06T22:36:05.064+0800] {logging_mixin.py:188} INFO - [2024-08-06T22:36:05.063+0800] {dag.py:3089} INFO - Sync 1 DAGs
[2024-08-06T22:36:05.103+0800] {logging_mixin.py:188} INFO - [2024-08-06T22:36:05.103+0800] {dag.py:3947} INFO - Setting next_dagrun for example_weekday_branch_operator to 2024-08-05 00:00:00+00:00, run_after=2024-08-06 00:00:00+00:00
[2024-08-06T22:36:05.162+0800] {processor.py:183} INFO - Processing /home/haziq/Documents/pl-data-engineering/venv/lib/python3.12/site-packages/airflow/example_dags/example_branch_day_of_week_operator.py took 0.303 seconds
[2024-08-06T22:37:09.699+0800] {processor.py:161} INFO - Started process (PID=94814) to work on /home/haziq/Documents/pl-data-engineering/venv/lib/python3.12/site-packages/airflow/example_dags/example_branch_day_of_week_operator.py
[2024-08-06T22:37:09.700+0800] {processor.py:830} INFO - Processing file /home/haziq/Documents/pl-data-engineering/venv/lib/python3.12/site-packages/airflow/example_dags/example_branch_day_of_week_operator.py for tasks to queue
[2024-08-06T22:37:09.703+0800] {logging_mixin.py:188} INFO - [2024-08-06T22:37:09.702+0800] {dagbag.py:545} INFO - Filling up the DagBag from /home/haziq/Documents/pl-data-engineering/venv/lib/python3.12/site-packages/airflow/example_dags/example_branch_day_of_week_operator.py
[2024-08-06T22:37:09.715+0800] {processor.py:840} INFO - DAG(s) 'example_weekday_branch_operator' retrieved from /home/haziq/Documents/pl-data-engineering/venv/lib/python3.12/site-packages/airflow/example_dags/example_branch_day_of_week_operator.py
[2024-08-06T22:37:09.740+0800] {logging_mixin.py:188} INFO - [2024-08-06T22:37:09.740+0800] {dag.py:3089} INFO - Sync 1 DAGs
[2024-08-06T22:37:09.771+0800] {logging_mixin.py:188} INFO - [2024-08-06T22:37:09.770+0800] {dag.py:3947} INFO - Setting next_dagrun for example_weekday_branch_operator to 2024-08-05 00:00:00+00:00, run_after=2024-08-06 00:00:00+00:00
[2024-08-06T22:37:09.808+0800] {processor.py:183} INFO - Processing /home/haziq/Documents/pl-data-engineering/venv/lib/python3.12/site-packages/airflow/example_dags/example_branch_day_of_week_operator.py took 0.121 seconds
[2024-08-06T22:38:08.262+0800] {processor.py:161} INFO - Started process (PID=95202) to work on /home/haziq/Documents/pl-data-engineering/venv/lib/python3.12/site-packages/airflow/example_dags/example_branch_day_of_week_operator.py
[2024-08-06T22:38:08.264+0800] {processor.py:830} INFO - Processing file /home/haziq/Documents/pl-data-engineering/venv/lib/python3.12/site-packages/airflow/example_dags/example_branch_day_of_week_operator.py for tasks to queue
[2024-08-06T22:38:08.267+0800] {logging_mixin.py:188} INFO - [2024-08-06T22:38:08.266+0800] {dagbag.py:545} INFO - Filling up the DagBag from /home/haziq/Documents/pl-data-engineering/venv/lib/python3.12/site-packages/airflow/example_dags/example_branch_day_of_week_operator.py
[2024-08-06T22:38:08.280+0800] {processor.py:840} INFO - DAG(s) 'example_weekday_branch_operator' retrieved from /home/haziq/Documents/pl-data-engineering/venv/lib/python3.12/site-packages/airflow/example_dags/example_branch_day_of_week_operator.py
[2024-08-06T22:38:08.306+0800] {logging_mixin.py:188} INFO - [2024-08-06T22:38:08.305+0800] {dag.py:3089} INFO - Sync 1 DAGs
[2024-08-06T22:38:08.336+0800] {logging_mixin.py:188} INFO - [2024-08-06T22:38:08.336+0800] {dag.py:3947} INFO - Setting next_dagrun for example_weekday_branch_operator to 2024-08-05 00:00:00+00:00, run_after=2024-08-06 00:00:00+00:00
[2024-08-06T22:38:08.373+0800] {processor.py:183} INFO - Processing /home/haziq/Documents/pl-data-engineering/venv/lib/python3.12/site-packages/airflow/example_dags/example_branch_day_of_week_operator.py took 0.122 seconds
[2024-08-06T22:39:06.067+0800] {processor.py:161} INFO - Started process (PID=95614) to work on /home/haziq/Documents/pl-data-engineering/venv/lib/python3.12/site-packages/airflow/example_dags/example_branch_day_of_week_operator.py
[2024-08-06T22:39:06.075+0800] {processor.py:830} INFO - Processing file /home/haziq/Documents/pl-data-engineering/venv/lib/python3.12/site-packages/airflow/example_dags/example_branch_day_of_week_operator.py for tasks to queue
[2024-08-06T22:39:06.078+0800] {logging_mixin.py:188} INFO - [2024-08-06T22:39:06.077+0800] {dagbag.py:545} INFO - Filling up the DagBag from /home/haziq/Documents/pl-data-engineering/venv/lib/python3.12/site-packages/airflow/example_dags/example_branch_day_of_week_operator.py
[2024-08-06T22:39:06.090+0800] {processor.py:840} INFO - DAG(s) 'example_weekday_branch_operator' retrieved from /home/haziq/Documents/pl-data-engineering/venv/lib/python3.12/site-packages/airflow/example_dags/example_branch_day_of_week_operator.py
[2024-08-06T22:39:06.116+0800] {logging_mixin.py:188} INFO - [2024-08-06T22:39:06.115+0800] {dag.py:3089} INFO - Sync 1 DAGs
[2024-08-06T22:39:06.146+0800] {logging_mixin.py:188} INFO - [2024-08-06T22:39:06.146+0800] {dag.py:3947} INFO - Setting next_dagrun for example_weekday_branch_operator to 2024-08-05 00:00:00+00:00, run_after=2024-08-06 00:00:00+00:00
[2024-08-06T22:39:06.182+0800] {processor.py:183} INFO - Processing /home/haziq/Documents/pl-data-engineering/venv/lib/python3.12/site-packages/airflow/example_dags/example_branch_day_of_week_operator.py took 0.125 seconds
[2024-08-06T22:40:00.947+0800] {processor.py:161} INFO - Started process (PID=96072) to work on /home/haziq/Documents/pl-data-engineering/venv/lib/python3.12/site-packages/airflow/example_dags/example_branch_day_of_week_operator.py
[2024-08-06T22:40:00.949+0800] {processor.py:830} INFO - Processing file /home/haziq/Documents/pl-data-engineering/venv/lib/python3.12/site-packages/airflow/example_dags/example_branch_day_of_week_operator.py for tasks to queue
[2024-08-06T22:40:00.951+0800] {logging_mixin.py:188} INFO - [2024-08-06T22:40:00.951+0800] {dagbag.py:545} INFO - Filling up the DagBag from /home/haziq/Documents/pl-data-engineering/venv/lib/python3.12/site-packages/airflow/example_dags/example_branch_day_of_week_operator.py
[2024-08-06T22:40:00.963+0800] {processor.py:840} INFO - DAG(s) 'example_weekday_branch_operator' retrieved from /home/haziq/Documents/pl-data-engineering/venv/lib/python3.12/site-packages/airflow/example_dags/example_branch_day_of_week_operator.py
[2024-08-06T22:40:00.988+0800] {logging_mixin.py:188} INFO - [2024-08-06T22:40:00.988+0800] {dag.py:3089} INFO - Sync 1 DAGs
[2024-08-06T22:40:01.018+0800] {logging_mixin.py:188} INFO - [2024-08-06T22:40:01.018+0800] {dag.py:3947} INFO - Setting next_dagrun for example_weekday_branch_operator to 2024-08-05 00:00:00+00:00, run_after=2024-08-06 00:00:00+00:00
[2024-08-06T22:40:01.054+0800] {processor.py:183} INFO - Processing /home/haziq/Documents/pl-data-engineering/venv/lib/python3.12/site-packages/airflow/example_dags/example_branch_day_of_week_operator.py took 0.119 seconds
[2024-08-06T22:41:17.768+0800] {processor.py:161} INFO - Started process (PID=96627) to work on /home/haziq/Documents/pl-data-engineering/venv/lib/python3.12/site-packages/airflow/example_dags/example_branch_day_of_week_operator.py
[2024-08-06T22:41:17.770+0800] {processor.py:830} INFO - Processing file /home/haziq/Documents/pl-data-engineering/venv/lib/python3.12/site-packages/airflow/example_dags/example_branch_day_of_week_operator.py for tasks to queue
[2024-08-06T22:41:17.772+0800] {logging_mixin.py:188} INFO - [2024-08-06T22:41:17.772+0800] {dagbag.py:545} INFO - Filling up the DagBag from /home/haziq/Documents/pl-data-engineering/venv/lib/python3.12/site-packages/airflow/example_dags/example_branch_day_of_week_operator.py
[2024-08-06T22:41:17.784+0800] {processor.py:840} INFO - DAG(s) 'example_weekday_branch_operator' retrieved from /home/haziq/Documents/pl-data-engineering/venv/lib/python3.12/site-packages/airflow/example_dags/example_branch_day_of_week_operator.py
[2024-08-06T22:41:17.812+0800] {logging_mixin.py:188} INFO - [2024-08-06T22:41:17.812+0800] {dag.py:3089} INFO - Sync 1 DAGs
[2024-08-06T22:41:17.847+0800] {logging_mixin.py:188} INFO - [2024-08-06T22:41:17.847+0800] {dag.py:3947} INFO - Setting next_dagrun for example_weekday_branch_operator to 2024-08-05 00:00:00+00:00, run_after=2024-08-06 00:00:00+00:00
[2024-08-06T22:41:17.884+0800] {processor.py:183} INFO - Processing /home/haziq/Documents/pl-data-engineering/venv/lib/python3.12/site-packages/airflow/example_dags/example_branch_day_of_week_operator.py took 0.126 seconds
[2024-08-06T22:42:38.063+0800] {processor.py:161} INFO - Started process (PID=97153) to work on /home/haziq/Documents/pl-data-engineering/venv/lib/python3.12/site-packages/airflow/example_dags/example_branch_day_of_week_operator.py
[2024-08-06T22:42:38.064+0800] {processor.py:830} INFO - Processing file /home/haziq/Documents/pl-data-engineering/venv/lib/python3.12/site-packages/airflow/example_dags/example_branch_day_of_week_operator.py for tasks to queue
[2024-08-06T22:42:38.067+0800] {logging_mixin.py:188} INFO - [2024-08-06T22:42:38.066+0800] {dagbag.py:545} INFO - Filling up the DagBag from /home/haziq/Documents/pl-data-engineering/venv/lib/python3.12/site-packages/airflow/example_dags/example_branch_day_of_week_operator.py
[2024-08-06T22:42:38.078+0800] {processor.py:840} INFO - DAG(s) 'example_weekday_branch_operator' retrieved from /home/haziq/Documents/pl-data-engineering/venv/lib/python3.12/site-packages/airflow/example_dags/example_branch_day_of_week_operator.py
[2024-08-06T22:42:38.113+0800] {logging_mixin.py:188} INFO - [2024-08-06T22:42:38.112+0800] {dag.py:3089} INFO - Sync 1 DAGs
[2024-08-06T22:42:38.143+0800] {logging_mixin.py:188} INFO - [2024-08-06T22:42:38.143+0800] {dag.py:3947} INFO - Setting next_dagrun for example_weekday_branch_operator to 2024-08-05 00:00:00+00:00, run_after=2024-08-06 00:00:00+00:00
[2024-08-06T22:42:38.179+0800] {processor.py:183} INFO - Processing /home/haziq/Documents/pl-data-engineering/venv/lib/python3.12/site-packages/airflow/example_dags/example_branch_day_of_week_operator.py took 0.126 seconds
