[2024-08-06T22:33:05.893+0800] {processor.py:161} INFO - Started process (PID=93076) to work on /home/haziq/Documents/pl-data-engineering/venv/lib/python3.12/site-packages/airflow/example_dags/example_setup_teardown_taskflow.py
[2024-08-06T22:33:05.894+0800] {processor.py:830} INFO - Processing file /home/haziq/Documents/pl-data-engineering/venv/lib/python3.12/site-packages/airflow/example_dags/example_setup_teardown_taskflow.py for tasks to queue
[2024-08-06T22:33:05.897+0800] {logging_mixin.py:188} INFO - [2024-08-06T22:33:05.896+0800] {dagbag.py:545} INFO - Filling up the DagBag from /home/haziq/Documents/pl-data-engineering/venv/lib/python3.12/site-packages/airflow/example_dags/example_setup_teardown_taskflow.py
[2024-08-06T22:33:05.916+0800] {processor.py:840} INFO - DAG(s) 'example_setup_teardown_taskflow' retrieved from /home/haziq/Documents/pl-data-engineering/venv/lib/python3.12/site-packages/airflow/example_dags/example_setup_teardown_taskflow.py
[2024-08-06T22:33:06.094+0800] {logging_mixin.py:188} INFO - [2024-08-06T22:33:06.092+0800] {override.py:1858} INFO - Created Permission View: can delete on DAG:example_setup_teardown_taskflow
[2024-08-06T22:33:06.113+0800] {logging_mixin.py:188} INFO - [2024-08-06T22:33:06.112+0800] {override.py:1858} INFO - Created Permission View: can read on DAG:example_setup_teardown_taskflow
[2024-08-06T22:33:06.126+0800] {logging_mixin.py:188} INFO - [2024-08-06T22:33:06.125+0800] {override.py:1858} INFO - Created Permission View: can edit on DAG:example_setup_teardown_taskflow
[2024-08-06T22:33:06.126+0800] {logging_mixin.py:188} INFO - [2024-08-06T22:33:06.126+0800] {dag.py:3089} INFO - Sync 1 DAGs
[2024-08-06T22:33:06.143+0800] {logging_mixin.py:188} INFO - [2024-08-06T22:33:06.143+0800] {dag.py:3111} INFO - Creating ORM DAG for example_setup_teardown_taskflow
[2024-08-06T22:33:06.157+0800] {logging_mixin.py:188} INFO - [2024-08-06T22:33:06.156+0800] {dag.py:3947} INFO - Setting next_dagrun for example_setup_teardown_taskflow to 2024-08-05 00:00:00+00:00, run_after=2024-08-06 00:00:00+00:00
[2024-08-06T22:33:06.190+0800] {processor.py:183} INFO - Processing /home/haziq/Documents/pl-data-engineering/venv/lib/python3.12/site-packages/airflow/example_dags/example_setup_teardown_taskflow.py took 0.309 seconds
[2024-08-06T22:34:05.604+0800] {processor.py:161} INFO - Started process (PID=93489) to work on /home/haziq/Documents/pl-data-engineering/venv/lib/python3.12/site-packages/airflow/example_dags/example_setup_teardown_taskflow.py
[2024-08-06T22:34:05.605+0800] {processor.py:830} INFO - Processing file /home/haziq/Documents/pl-data-engineering/venv/lib/python3.12/site-packages/airflow/example_dags/example_setup_teardown_taskflow.py for tasks to queue
[2024-08-06T22:34:05.608+0800] {logging_mixin.py:188} INFO - [2024-08-06T22:34:05.607+0800] {dagbag.py:545} INFO - Filling up the DagBag from /home/haziq/Documents/pl-data-engineering/venv/lib/python3.12/site-packages/airflow/example_dags/example_setup_teardown_taskflow.py
[2024-08-06T22:34:05.622+0800] {processor.py:840} INFO - DAG(s) 'example_setup_teardown_taskflow' retrieved from /home/haziq/Documents/pl-data-engineering/venv/lib/python3.12/site-packages/airflow/example_dags/example_setup_teardown_taskflow.py
[2024-08-06T22:34:05.651+0800] {logging_mixin.py:188} INFO - [2024-08-06T22:34:05.650+0800] {dag.py:3089} INFO - Sync 1 DAGs
[2024-08-06T22:34:05.681+0800] {logging_mixin.py:188} INFO - [2024-08-06T22:34:05.681+0800] {dag.py:3947} INFO - Setting next_dagrun for example_setup_teardown_taskflow to 2024-08-05 00:00:00+00:00, run_after=2024-08-06 00:00:00+00:00
[2024-08-06T22:34:05.718+0800] {processor.py:183} INFO - Processing /home/haziq/Documents/pl-data-engineering/venv/lib/python3.12/site-packages/airflow/example_dags/example_setup_teardown_taskflow.py took 0.123 seconds
[2024-08-06T22:35:44.866+0800] {processor.py:161} INFO - Started process (PID=94266) to work on /home/haziq/Documents/pl-data-engineering/venv/lib/python3.12/site-packages/airflow/example_dags/example_setup_teardown_taskflow.py
[2024-08-06T22:35:44.874+0800] {processor.py:830} INFO - Processing file /home/haziq/Documents/pl-data-engineering/venv/lib/python3.12/site-packages/airflow/example_dags/example_setup_teardown_taskflow.py for tasks to queue
[2024-08-06T22:35:44.876+0800] {logging_mixin.py:188} INFO - [2024-08-06T22:35:44.876+0800] {dagbag.py:545} INFO - Filling up the DagBag from /home/haziq/Documents/pl-data-engineering/venv/lib/python3.12/site-packages/airflow/example_dags/example_setup_teardown_taskflow.py
[2024-08-06T22:35:44.891+0800] {processor.py:840} INFO - DAG(s) 'example_setup_teardown_taskflow' retrieved from /home/haziq/Documents/pl-data-engineering/venv/lib/python3.12/site-packages/airflow/example_dags/example_setup_teardown_taskflow.py
[2024-08-06T22:35:45.085+0800] {logging_mixin.py:188} INFO - [2024-08-06T22:35:45.085+0800] {dag.py:3089} INFO - Sync 1 DAGs
[2024-08-06T22:35:45.114+0800] {logging_mixin.py:188} INFO - [2024-08-06T22:35:45.113+0800] {dag.py:3947} INFO - Setting next_dagrun for example_setup_teardown_taskflow to 2024-08-05 00:00:00+00:00, run_after=2024-08-06 00:00:00+00:00
[2024-08-06T22:35:45.149+0800] {processor.py:183} INFO - Processing /home/haziq/Documents/pl-data-engineering/venv/lib/python3.12/site-packages/airflow/example_dags/example_setup_teardown_taskflow.py took 0.295 seconds
[2024-08-06T22:36:46.185+0800] {processor.py:161} INFO - Started process (PID=94644) to work on /home/haziq/Documents/pl-data-engineering/venv/lib/python3.12/site-packages/airflow/example_dags/example_setup_teardown_taskflow.py
[2024-08-06T22:36:46.187+0800] {processor.py:830} INFO - Processing file /home/haziq/Documents/pl-data-engineering/venv/lib/python3.12/site-packages/airflow/example_dags/example_setup_teardown_taskflow.py for tasks to queue
[2024-08-06T22:36:46.190+0800] {logging_mixin.py:188} INFO - [2024-08-06T22:36:46.189+0800] {dagbag.py:545} INFO - Filling up the DagBag from /home/haziq/Documents/pl-data-engineering/venv/lib/python3.12/site-packages/airflow/example_dags/example_setup_teardown_taskflow.py
[2024-08-06T22:36:46.204+0800] {processor.py:840} INFO - DAG(s) 'example_setup_teardown_taskflow' retrieved from /home/haziq/Documents/pl-data-engineering/venv/lib/python3.12/site-packages/airflow/example_dags/example_setup_teardown_taskflow.py
[2024-08-06T22:36:46.231+0800] {logging_mixin.py:188} INFO - [2024-08-06T22:36:46.231+0800] {dag.py:3089} INFO - Sync 1 DAGs
[2024-08-06T22:36:46.260+0800] {logging_mixin.py:188} INFO - [2024-08-06T22:36:46.260+0800] {dag.py:3947} INFO - Setting next_dagrun for example_setup_teardown_taskflow to 2024-08-05 00:00:00+00:00, run_after=2024-08-06 00:00:00+00:00
[2024-08-06T22:36:46.295+0800] {processor.py:183} INFO - Processing /home/haziq/Documents/pl-data-engineering/venv/lib/python3.12/site-packages/airflow/example_dags/example_setup_teardown_taskflow.py took 0.126 seconds
[2024-08-06T22:37:45.627+0800] {processor.py:161} INFO - Started process (PID=95059) to work on /home/haziq/Documents/pl-data-engineering/venv/lib/python3.12/site-packages/airflow/example_dags/example_setup_teardown_taskflow.py
[2024-08-06T22:37:45.628+0800] {processor.py:830} INFO - Processing file /home/haziq/Documents/pl-data-engineering/venv/lib/python3.12/site-packages/airflow/example_dags/example_setup_teardown_taskflow.py for tasks to queue
[2024-08-06T22:37:45.631+0800] {logging_mixin.py:188} INFO - [2024-08-06T22:37:45.630+0800] {dagbag.py:545} INFO - Filling up the DagBag from /home/haziq/Documents/pl-data-engineering/venv/lib/python3.12/site-packages/airflow/example_dags/example_setup_teardown_taskflow.py
[2024-08-06T22:37:45.645+0800] {processor.py:840} INFO - DAG(s) 'example_setup_teardown_taskflow' retrieved from /home/haziq/Documents/pl-data-engineering/venv/lib/python3.12/site-packages/airflow/example_dags/example_setup_teardown_taskflow.py
[2024-08-06T22:37:45.672+0800] {logging_mixin.py:188} INFO - [2024-08-06T22:37:45.672+0800] {dag.py:3089} INFO - Sync 1 DAGs
[2024-08-06T22:37:45.704+0800] {logging_mixin.py:188} INFO - [2024-08-06T22:37:45.703+0800] {dag.py:3947} INFO - Setting next_dagrun for example_setup_teardown_taskflow to 2024-08-05 00:00:00+00:00, run_after=2024-08-06 00:00:00+00:00
[2024-08-06T22:37:45.741+0800] {processor.py:183} INFO - Processing /home/haziq/Documents/pl-data-engineering/venv/lib/python3.12/site-packages/airflow/example_dags/example_setup_teardown_taskflow.py took 0.123 seconds
[2024-08-06T22:38:40.396+0800] {processor.py:161} INFO - Started process (PID=95448) to work on /home/haziq/Documents/pl-data-engineering/venv/lib/python3.12/site-packages/airflow/example_dags/example_setup_teardown_taskflow.py
[2024-08-06T22:38:40.398+0800] {processor.py:830} INFO - Processing file /home/haziq/Documents/pl-data-engineering/venv/lib/python3.12/site-packages/airflow/example_dags/example_setup_teardown_taskflow.py for tasks to queue
[2024-08-06T22:38:40.400+0800] {logging_mixin.py:188} INFO - [2024-08-06T22:38:40.400+0800] {dagbag.py:545} INFO - Filling up the DagBag from /home/haziq/Documents/pl-data-engineering/venv/lib/python3.12/site-packages/airflow/example_dags/example_setup_teardown_taskflow.py
[2024-08-06T22:38:40.414+0800] {processor.py:840} INFO - DAG(s) 'example_setup_teardown_taskflow' retrieved from /home/haziq/Documents/pl-data-engineering/venv/lib/python3.12/site-packages/airflow/example_dags/example_setup_teardown_taskflow.py
[2024-08-06T22:38:40.441+0800] {logging_mixin.py:188} INFO - [2024-08-06T22:38:40.441+0800] {dag.py:3089} INFO - Sync 1 DAGs
[2024-08-06T22:38:40.470+0800] {logging_mixin.py:188} INFO - [2024-08-06T22:38:40.470+0800] {dag.py:3947} INFO - Setting next_dagrun for example_setup_teardown_taskflow to 2024-08-05 00:00:00+00:00, run_after=2024-08-06 00:00:00+00:00
[2024-08-06T22:38:40.506+0800] {processor.py:183} INFO - Processing /home/haziq/Documents/pl-data-engineering/venv/lib/python3.12/site-packages/airflow/example_dags/example_setup_teardown_taskflow.py took 0.119 seconds
[2024-08-06T22:39:34.271+0800] {processor.py:161} INFO - Started process (PID=95894) to work on /home/haziq/Documents/pl-data-engineering/venv/lib/python3.12/site-packages/airflow/example_dags/example_setup_teardown_taskflow.py
[2024-08-06T22:39:34.273+0800] {processor.py:830} INFO - Processing file /home/haziq/Documents/pl-data-engineering/venv/lib/python3.12/site-packages/airflow/example_dags/example_setup_teardown_taskflow.py for tasks to queue
[2024-08-06T22:39:34.277+0800] {logging_mixin.py:188} INFO - [2024-08-06T22:39:34.276+0800] {dagbag.py:545} INFO - Filling up the DagBag from /home/haziq/Documents/pl-data-engineering/venv/lib/python3.12/site-packages/airflow/example_dags/example_setup_teardown_taskflow.py
[2024-08-06T22:39:34.302+0800] {processor.py:840} INFO - DAG(s) 'example_setup_teardown_taskflow' retrieved from /home/haziq/Documents/pl-data-engineering/venv/lib/python3.12/site-packages/airflow/example_dags/example_setup_teardown_taskflow.py
[2024-08-06T22:39:34.340+0800] {logging_mixin.py:188} INFO - [2024-08-06T22:39:34.339+0800] {dag.py:3089} INFO - Sync 1 DAGs
[2024-08-06T22:39:34.368+0800] {logging_mixin.py:188} INFO - [2024-08-06T22:39:34.368+0800] {dag.py:3947} INFO - Setting next_dagrun for example_setup_teardown_taskflow to 2024-08-05 00:00:00+00:00, run_after=2024-08-06 00:00:00+00:00
[2024-08-06T22:39:34.404+0800] {processor.py:183} INFO - Processing /home/haziq/Documents/pl-data-engineering/venv/lib/python3.12/site-packages/airflow/example_dags/example_setup_teardown_taskflow.py took 0.146 seconds
[2024-08-06T22:40:26.041+0800] {processor.py:161} INFO - Started process (PID=96245) to work on /home/haziq/Documents/pl-data-engineering/venv/lib/python3.12/site-packages/airflow/example_dags/example_setup_teardown_taskflow.py
[2024-08-06T22:40:26.050+0800] {processor.py:830} INFO - Processing file /home/haziq/Documents/pl-data-engineering/venv/lib/python3.12/site-packages/airflow/example_dags/example_setup_teardown_taskflow.py for tasks to queue
[2024-08-06T22:40:26.053+0800] {logging_mixin.py:188} INFO - [2024-08-06T22:40:26.052+0800] {dagbag.py:545} INFO - Filling up the DagBag from /home/haziq/Documents/pl-data-engineering/venv/lib/python3.12/site-packages/airflow/example_dags/example_setup_teardown_taskflow.py
[2024-08-06T22:40:26.067+0800] {processor.py:840} INFO - DAG(s) 'example_setup_teardown_taskflow' retrieved from /home/haziq/Documents/pl-data-engineering/venv/lib/python3.12/site-packages/airflow/example_dags/example_setup_teardown_taskflow.py
[2024-08-06T22:40:26.094+0800] {logging_mixin.py:188} INFO - [2024-08-06T22:40:26.093+0800] {dag.py:3089} INFO - Sync 1 DAGs
[2024-08-06T22:40:26.124+0800] {logging_mixin.py:188} INFO - [2024-08-06T22:40:26.123+0800] {dag.py:3947} INFO - Setting next_dagrun for example_setup_teardown_taskflow to 2024-08-05 00:00:00+00:00, run_after=2024-08-06 00:00:00+00:00
[2024-08-06T22:40:26.159+0800] {processor.py:183} INFO - Processing /home/haziq/Documents/pl-data-engineering/venv/lib/python3.12/site-packages/airflow/example_dags/example_setup_teardown_taskflow.py took 0.129 seconds
[2024-08-06T22:41:16.498+0800] {processor.py:161} INFO - Started process (PID=96626) to work on /home/haziq/Documents/pl-data-engineering/venv/lib/python3.12/site-packages/airflow/example_dags/example_setup_teardown_taskflow.py
[2024-08-06T22:41:16.500+0800] {processor.py:830} INFO - Processing file /home/haziq/Documents/pl-data-engineering/venv/lib/python3.12/site-packages/airflow/example_dags/example_setup_teardown_taskflow.py for tasks to queue
[2024-08-06T22:41:16.503+0800] {logging_mixin.py:188} INFO - [2024-08-06T22:41:16.503+0800] {dagbag.py:545} INFO - Filling up the DagBag from /home/haziq/Documents/pl-data-engineering/venv/lib/python3.12/site-packages/airflow/example_dags/example_setup_teardown_taskflow.py
[2024-08-06T22:41:16.522+0800] {processor.py:840} INFO - DAG(s) 'example_setup_teardown_taskflow' retrieved from /home/haziq/Documents/pl-data-engineering/venv/lib/python3.12/site-packages/airflow/example_dags/example_setup_teardown_taskflow.py
[2024-08-06T22:41:16.560+0800] {logging_mixin.py:188} INFO - [2024-08-06T22:41:16.560+0800] {dag.py:3089} INFO - Sync 1 DAGs
[2024-08-06T22:41:16.600+0800] {logging_mixin.py:188} INFO - [2024-08-06T22:41:16.600+0800] {dag.py:3947} INFO - Setting next_dagrun for example_setup_teardown_taskflow to 2024-08-05 00:00:00+00:00, run_after=2024-08-06 00:00:00+00:00
[2024-08-06T22:41:16.647+0800] {processor.py:183} INFO - Processing /home/haziq/Documents/pl-data-engineering/venv/lib/python3.12/site-packages/airflow/example_dags/example_setup_teardown_taskflow.py took 0.160 seconds
[2024-08-06T22:42:09.939+0800] {processor.py:161} INFO - Started process (PID=96970) to work on /home/haziq/Documents/pl-data-engineering/venv/lib/python3.12/site-packages/airflow/example_dags/example_setup_teardown_taskflow.py
[2024-08-06T22:42:09.947+0800] {processor.py:830} INFO - Processing file /home/haziq/Documents/pl-data-engineering/venv/lib/python3.12/site-packages/airflow/example_dags/example_setup_teardown_taskflow.py for tasks to queue
[2024-08-06T22:42:09.950+0800] {logging_mixin.py:188} INFO - [2024-08-06T22:42:09.949+0800] {dagbag.py:545} INFO - Filling up the DagBag from /home/haziq/Documents/pl-data-engineering/venv/lib/python3.12/site-packages/airflow/example_dags/example_setup_teardown_taskflow.py
[2024-08-06T22:42:09.964+0800] {processor.py:840} INFO - DAG(s) 'example_setup_teardown_taskflow' retrieved from /home/haziq/Documents/pl-data-engineering/venv/lib/python3.12/site-packages/airflow/example_dags/example_setup_teardown_taskflow.py
[2024-08-06T22:42:09.991+0800] {logging_mixin.py:188} INFO - [2024-08-06T22:42:09.991+0800] {dag.py:3089} INFO - Sync 1 DAGs
[2024-08-06T22:42:10.021+0800] {logging_mixin.py:188} INFO - [2024-08-06T22:42:10.020+0800] {dag.py:3947} INFO - Setting next_dagrun for example_setup_teardown_taskflow to 2024-08-05 00:00:00+00:00, run_after=2024-08-06 00:00:00+00:00
[2024-08-06T22:42:10.062+0800] {processor.py:183} INFO - Processing /home/haziq/Documents/pl-data-engineering/venv/lib/python3.12/site-packages/airflow/example_dags/example_setup_teardown_taskflow.py took 0.132 seconds
