[2024-08-06T22:33:31.123+0800] {processor.py:161} INFO - Started process (PID=93246) to work on /home/haziq/Documents/pl-data-engineering/venv/lib/python3.12/site-packages/airflow/example_dags/example_external_task_marker_dag.py
[2024-08-06T22:33:31.125+0800] {processor.py:830} INFO - Processing file /home/haziq/Documents/pl-data-engineering/venv/lib/python3.12/site-packages/airflow/example_dags/example_external_task_marker_dag.py for tasks to queue
[2024-08-06T22:33:31.128+0800] {logging_mixin.py:188} INFO - [2024-08-06T22:33:31.127+0800] {dagbag.py:545} INFO - Filling up the DagBag from /home/haziq/Documents/pl-data-engineering/venv/lib/python3.12/site-packages/airflow/example_dags/example_external_task_marker_dag.py
[2024-08-06T22:33:31.140+0800] {processor.py:840} INFO - DAG(s) 'example_external_task_marker_parent', 'example_external_task_marker_child' retrieved from /home/haziq/Documents/pl-data-engineering/venv/lib/python3.12/site-packages/airflow/example_dags/example_external_task_marker_dag.py
[2024-08-06T22:33:31.356+0800] {logging_mixin.py:188} INFO - [2024-08-06T22:33:31.355+0800] {override.py:1858} INFO - Created Permission View: can delete on DAG:example_external_task_marker_parent
[2024-08-06T22:33:31.376+0800] {logging_mixin.py:188} INFO - [2024-08-06T22:33:31.375+0800] {override.py:1858} INFO - Created Permission View: can read on DAG:example_external_task_marker_parent
[2024-08-06T22:33:31.390+0800] {logging_mixin.py:188} INFO - [2024-08-06T22:33:31.389+0800] {override.py:1858} INFO - Created Permission View: can edit on DAG:example_external_task_marker_parent
[2024-08-06T22:33:31.420+0800] {logging_mixin.py:188} INFO - [2024-08-06T22:33:31.420+0800] {override.py:1858} INFO - Created Permission View: can delete on DAG:example_external_task_marker_child
[2024-08-06T22:33:31.438+0800] {logging_mixin.py:188} INFO - [2024-08-06T22:33:31.437+0800] {override.py:1858} INFO - Created Permission View: can read on DAG:example_external_task_marker_child
[2024-08-06T22:33:31.452+0800] {logging_mixin.py:188} INFO - [2024-08-06T22:33:31.451+0800] {override.py:1858} INFO - Created Permission View: can edit on DAG:example_external_task_marker_child
[2024-08-06T22:33:31.452+0800] {logging_mixin.py:188} INFO - [2024-08-06T22:33:31.452+0800] {dag.py:3089} INFO - Sync 2 DAGs
[2024-08-06T22:33:31.468+0800] {logging_mixin.py:188} INFO - [2024-08-06T22:33:31.467+0800] {dag.py:3111} INFO - Creating ORM DAG for example_external_task_marker_parent
[2024-08-06T22:33:31.469+0800] {logging_mixin.py:188} INFO - [2024-08-06T22:33:31.468+0800] {dag.py:3111} INFO - Creating ORM DAG for example_external_task_marker_child
[2024-08-06T22:33:31.469+0800] {logging_mixin.py:188} INFO - [2024-08-06T22:33:31.469+0800] {dag.py:3947} INFO - Setting next_dagrun for example_external_task_marker_child to None, run_after=None
[2024-08-06T22:33:31.470+0800] {logging_mixin.py:188} INFO - [2024-08-06T22:33:31.470+0800] {dag.py:3947} INFO - Setting next_dagrun for example_external_task_marker_parent to None, run_after=None
[2024-08-06T22:33:31.507+0800] {processor.py:183} INFO - Processing /home/haziq/Documents/pl-data-engineering/venv/lib/python3.12/site-packages/airflow/example_dags/example_external_task_marker_dag.py took 0.393 seconds
[2024-08-06T22:34:31.139+0800] {processor.py:161} INFO - Started process (PID=93662) to work on /home/haziq/Documents/pl-data-engineering/venv/lib/python3.12/site-packages/airflow/example_dags/example_external_task_marker_dag.py
[2024-08-06T22:34:31.148+0800] {processor.py:830} INFO - Processing file /home/haziq/Documents/pl-data-engineering/venv/lib/python3.12/site-packages/airflow/example_dags/example_external_task_marker_dag.py for tasks to queue
[2024-08-06T22:34:31.151+0800] {logging_mixin.py:188} INFO - [2024-08-06T22:34:31.150+0800] {dagbag.py:545} INFO - Filling up the DagBag from /home/haziq/Documents/pl-data-engineering/venv/lib/python3.12/site-packages/airflow/example_dags/example_external_task_marker_dag.py
[2024-08-06T22:34:31.160+0800] {processor.py:840} INFO - DAG(s) 'example_external_task_marker_parent', 'example_external_task_marker_child' retrieved from /home/haziq/Documents/pl-data-engineering/venv/lib/python3.12/site-packages/airflow/example_dags/example_external_task_marker_dag.py
[2024-08-06T22:34:31.200+0800] {logging_mixin.py:188} INFO - [2024-08-06T22:34:31.199+0800] {dag.py:3089} INFO - Sync 2 DAGs
[2024-08-06T22:34:31.218+0800] {logging_mixin.py:188} INFO - [2024-08-06T22:34:31.218+0800] {dag.py:3947} INFO - Setting next_dagrun for example_external_task_marker_child to None, run_after=None
[2024-08-06T22:34:31.224+0800] {logging_mixin.py:188} INFO - [2024-08-06T22:34:31.223+0800] {dag.py:3947} INFO - Setting next_dagrun for example_external_task_marker_parent to None, run_after=None
[2024-08-06T22:34:31.256+0800] {processor.py:183} INFO - Processing /home/haziq/Documents/pl-data-engineering/venv/lib/python3.12/site-packages/airflow/example_dags/example_external_task_marker_dag.py took 0.129 seconds
[2024-08-06T22:36:10.370+0800] {processor.py:161} INFO - Started process (PID=94412) to work on /home/haziq/Documents/pl-data-engineering/venv/lib/python3.12/site-packages/airflow/example_dags/example_external_task_marker_dag.py
[2024-08-06T22:36:10.372+0800] {processor.py:830} INFO - Processing file /home/haziq/Documents/pl-data-engineering/venv/lib/python3.12/site-packages/airflow/example_dags/example_external_task_marker_dag.py for tasks to queue
[2024-08-06T22:36:10.374+0800] {logging_mixin.py:188} INFO - [2024-08-06T22:36:10.373+0800] {dagbag.py:545} INFO - Filling up the DagBag from /home/haziq/Documents/pl-data-engineering/venv/lib/python3.12/site-packages/airflow/example_dags/example_external_task_marker_dag.py
[2024-08-06T22:36:10.384+0800] {processor.py:840} INFO - DAG(s) 'example_external_task_marker_parent', 'example_external_task_marker_child' retrieved from /home/haziq/Documents/pl-data-engineering/venv/lib/python3.12/site-packages/airflow/example_dags/example_external_task_marker_dag.py
[2024-08-06T22:36:10.532+0800] {logging_mixin.py:188} INFO - [2024-08-06T22:36:10.532+0800] {dag.py:3089} INFO - Sync 2 DAGs
[2024-08-06T22:36:10.549+0800] {logging_mixin.py:188} INFO - [2024-08-06T22:36:10.549+0800] {dag.py:3947} INFO - Setting next_dagrun for example_external_task_marker_child to None, run_after=None
[2024-08-06T22:36:10.554+0800] {logging_mixin.py:188} INFO - [2024-08-06T22:36:10.553+0800] {dag.py:3947} INFO - Setting next_dagrun for example_external_task_marker_parent to None, run_after=None
[2024-08-06T22:36:10.594+0800] {processor.py:183} INFO - Processing /home/haziq/Documents/pl-data-engineering/venv/lib/python3.12/site-packages/airflow/example_dags/example_external_task_marker_dag.py took 0.236 seconds
[2024-08-06T22:37:14.712+0800] {processor.py:161} INFO - Started process (PID=94850) to work on /home/haziq/Documents/pl-data-engineering/venv/lib/python3.12/site-packages/airflow/example_dags/example_external_task_marker_dag.py
[2024-08-06T22:37:14.713+0800] {processor.py:830} INFO - Processing file /home/haziq/Documents/pl-data-engineering/venv/lib/python3.12/site-packages/airflow/example_dags/example_external_task_marker_dag.py for tasks to queue
[2024-08-06T22:37:14.716+0800] {logging_mixin.py:188} INFO - [2024-08-06T22:37:14.715+0800] {dagbag.py:545} INFO - Filling up the DagBag from /home/haziq/Documents/pl-data-engineering/venv/lib/python3.12/site-packages/airflow/example_dags/example_external_task_marker_dag.py
[2024-08-06T22:37:14.726+0800] {processor.py:840} INFO - DAG(s) 'example_external_task_marker_parent', 'example_external_task_marker_child' retrieved from /home/haziq/Documents/pl-data-engineering/venv/lib/python3.12/site-packages/airflow/example_dags/example_external_task_marker_dag.py
[2024-08-06T22:37:14.755+0800] {logging_mixin.py:188} INFO - [2024-08-06T22:37:14.754+0800] {dag.py:3089} INFO - Sync 2 DAGs
[2024-08-06T22:37:14.772+0800] {logging_mixin.py:188} INFO - [2024-08-06T22:37:14.772+0800] {dag.py:3947} INFO - Setting next_dagrun for example_external_task_marker_child to None, run_after=None
[2024-08-06T22:37:14.777+0800] {logging_mixin.py:188} INFO - [2024-08-06T22:37:14.777+0800] {dag.py:3947} INFO - Setting next_dagrun for example_external_task_marker_parent to None, run_after=None
[2024-08-06T22:37:14.810+0800] {processor.py:183} INFO - Processing /home/haziq/Documents/pl-data-engineering/venv/lib/python3.12/site-packages/airflow/example_dags/example_external_task_marker_dag.py took 0.110 seconds
[2024-08-06T22:38:12.468+0800] {processor.py:161} INFO - Started process (PID=95228) to work on /home/haziq/Documents/pl-data-engineering/venv/lib/python3.12/site-packages/airflow/example_dags/example_external_task_marker_dag.py
[2024-08-06T22:38:12.471+0800] {processor.py:830} INFO - Processing file /home/haziq/Documents/pl-data-engineering/venv/lib/python3.12/site-packages/airflow/example_dags/example_external_task_marker_dag.py for tasks to queue
[2024-08-06T22:38:12.474+0800] {logging_mixin.py:188} INFO - [2024-08-06T22:38:12.473+0800] {dagbag.py:545} INFO - Filling up the DagBag from /home/haziq/Documents/pl-data-engineering/venv/lib/python3.12/site-packages/airflow/example_dags/example_external_task_marker_dag.py
[2024-08-06T22:38:12.483+0800] {processor.py:840} INFO - DAG(s) 'example_external_task_marker_child', 'example_external_task_marker_parent' retrieved from /home/haziq/Documents/pl-data-engineering/venv/lib/python3.12/site-packages/airflow/example_dags/example_external_task_marker_dag.py
[2024-08-06T22:38:12.511+0800] {logging_mixin.py:188} INFO - [2024-08-06T22:38:12.511+0800] {dag.py:3089} INFO - Sync 2 DAGs
[2024-08-06T22:38:12.532+0800] {logging_mixin.py:188} INFO - [2024-08-06T22:38:12.532+0800] {dag.py:3947} INFO - Setting next_dagrun for example_external_task_marker_child to None, run_after=None
[2024-08-06T22:38:12.541+0800] {logging_mixin.py:188} INFO - [2024-08-06T22:38:12.540+0800] {dag.py:3947} INFO - Setting next_dagrun for example_external_task_marker_parent to None, run_after=None
[2024-08-06T22:38:12.578+0800] {processor.py:183} INFO - Processing /home/haziq/Documents/pl-data-engineering/venv/lib/python3.12/site-packages/airflow/example_dags/example_external_task_marker_dag.py took 0.122 seconds
[2024-08-06T22:39:10.062+0800] {processor.py:161} INFO - Started process (PID=95641) to work on /home/haziq/Documents/pl-data-engineering/venv/lib/python3.12/site-packages/airflow/example_dags/example_external_task_marker_dag.py
[2024-08-06T22:39:10.063+0800] {processor.py:830} INFO - Processing file /home/haziq/Documents/pl-data-engineering/venv/lib/python3.12/site-packages/airflow/example_dags/example_external_task_marker_dag.py for tasks to queue
[2024-08-06T22:39:10.067+0800] {logging_mixin.py:188} INFO - [2024-08-06T22:39:10.066+0800] {dagbag.py:545} INFO - Filling up the DagBag from /home/haziq/Documents/pl-data-engineering/venv/lib/python3.12/site-packages/airflow/example_dags/example_external_task_marker_dag.py
[2024-08-06T22:39:10.079+0800] {processor.py:840} INFO - DAG(s) 'example_external_task_marker_child', 'example_external_task_marker_parent' retrieved from /home/haziq/Documents/pl-data-engineering/venv/lib/python3.12/site-packages/airflow/example_dags/example_external_task_marker_dag.py
[2024-08-06T22:39:10.117+0800] {logging_mixin.py:188} INFO - [2024-08-06T22:39:10.116+0800] {dag.py:3089} INFO - Sync 2 DAGs
[2024-08-06T22:39:10.139+0800] {logging_mixin.py:188} INFO - [2024-08-06T22:39:10.138+0800] {dag.py:3947} INFO - Setting next_dagrun for example_external_task_marker_child to None, run_after=None
[2024-08-06T22:39:10.146+0800] {logging_mixin.py:188} INFO - [2024-08-06T22:39:10.145+0800] {dag.py:3947} INFO - Setting next_dagrun for example_external_task_marker_parent to None, run_after=None
[2024-08-06T22:39:10.188+0800] {processor.py:183} INFO - Processing /home/haziq/Documents/pl-data-engineering/venv/lib/python3.12/site-packages/airflow/example_dags/example_external_task_marker_dag.py took 0.137 seconds
[2024-08-06T22:40:04.945+0800] {processor.py:161} INFO - Started process (PID=96097) to work on /home/haziq/Documents/pl-data-engineering/venv/lib/python3.12/site-packages/airflow/example_dags/example_external_task_marker_dag.py
[2024-08-06T22:40:04.947+0800] {processor.py:830} INFO - Processing file /home/haziq/Documents/pl-data-engineering/venv/lib/python3.12/site-packages/airflow/example_dags/example_external_task_marker_dag.py for tasks to queue
[2024-08-06T22:40:04.950+0800] {logging_mixin.py:188} INFO - [2024-08-06T22:40:04.949+0800] {dagbag.py:545} INFO - Filling up the DagBag from /home/haziq/Documents/pl-data-engineering/venv/lib/python3.12/site-packages/airflow/example_dags/example_external_task_marker_dag.py
[2024-08-06T22:40:04.959+0800] {processor.py:840} INFO - DAG(s) 'example_external_task_marker_parent', 'example_external_task_marker_child' retrieved from /home/haziq/Documents/pl-data-engineering/venv/lib/python3.12/site-packages/airflow/example_dags/example_external_task_marker_dag.py
[2024-08-06T22:40:04.989+0800] {logging_mixin.py:188} INFO - [2024-08-06T22:40:04.988+0800] {dag.py:3089} INFO - Sync 2 DAGs
[2024-08-06T22:40:05.007+0800] {logging_mixin.py:188} INFO - [2024-08-06T22:40:05.006+0800] {dag.py:3947} INFO - Setting next_dagrun for example_external_task_marker_child to None, run_after=None
[2024-08-06T22:40:05.012+0800] {logging_mixin.py:188} INFO - [2024-08-06T22:40:05.012+0800] {dag.py:3947} INFO - Setting next_dagrun for example_external_task_marker_parent to None, run_after=None
[2024-08-06T22:40:05.045+0800] {processor.py:183} INFO - Processing /home/haziq/Documents/pl-data-engineering/venv/lib/python3.12/site-packages/airflow/example_dags/example_external_task_marker_dag.py took 0.111 seconds
[2024-08-06T22:41:20.597+0800] {processor.py:161} INFO - Started process (PID=96658) to work on /home/haziq/Documents/pl-data-engineering/venv/lib/python3.12/site-packages/airflow/example_dags/example_external_task_marker_dag.py
[2024-08-06T22:41:20.598+0800] {processor.py:830} INFO - Processing file /home/haziq/Documents/pl-data-engineering/venv/lib/python3.12/site-packages/airflow/example_dags/example_external_task_marker_dag.py for tasks to queue
[2024-08-06T22:41:20.601+0800] {logging_mixin.py:188} INFO - [2024-08-06T22:41:20.601+0800] {dagbag.py:545} INFO - Filling up the DagBag from /home/haziq/Documents/pl-data-engineering/venv/lib/python3.12/site-packages/airflow/example_dags/example_external_task_marker_dag.py
[2024-08-06T22:41:20.611+0800] {processor.py:840} INFO - DAG(s) 'example_external_task_marker_parent', 'example_external_task_marker_child' retrieved from /home/haziq/Documents/pl-data-engineering/venv/lib/python3.12/site-packages/airflow/example_dags/example_external_task_marker_dag.py
[2024-08-06T22:41:20.641+0800] {logging_mixin.py:188} INFO - [2024-08-06T22:41:20.641+0800] {dag.py:3089} INFO - Sync 2 DAGs
[2024-08-06T22:41:20.659+0800] {logging_mixin.py:188} INFO - [2024-08-06T22:41:20.659+0800] {dag.py:3947} INFO - Setting next_dagrun for example_external_task_marker_child to None, run_after=None
[2024-08-06T22:41:20.664+0800] {logging_mixin.py:188} INFO - [2024-08-06T22:41:20.664+0800] {dag.py:3947} INFO - Setting next_dagrun for example_external_task_marker_parent to None, run_after=None
[2024-08-06T22:41:20.701+0800] {processor.py:183} INFO - Processing /home/haziq/Documents/pl-data-engineering/venv/lib/python3.12/site-packages/airflow/example_dags/example_external_task_marker_dag.py took 0.113 seconds
