[2024-08-06T22:33:21.956+0800] {processor.py:161} INFO - Started process (PID=93177) to work on /home/haziq/Documents/pl-data-engineering/venv/lib/python3.12/site-packages/airflow/example_dags/example_dag_decorator.py
[2024-08-06T22:33:21.958+0800] {processor.py:830} INFO - Processing file /home/haziq/Documents/pl-data-engineering/venv/lib/python3.12/site-packages/airflow/example_dags/example_dag_decorator.py for tasks to queue
[2024-08-06T22:33:21.961+0800] {logging_mixin.py:188} INFO - [2024-08-06T22:33:21.960+0800] {dagbag.py:545} INFO - Filling up the DagBag from /home/haziq/Documents/pl-data-engineering/venv/lib/python3.12/site-packages/airflow/example_dags/example_dag_decorator.py
[2024-08-06T22:33:22.114+0800] {processor.py:840} INFO - DAG(s) 'example_dag_decorator' retrieved from /home/haziq/Documents/pl-data-engineering/venv/lib/python3.12/site-packages/airflow/example_dags/example_dag_decorator.py
[2024-08-06T22:33:22.380+0800] {logging_mixin.py:188} INFO - [2024-08-06T22:33:22.379+0800] {override.py:1858} INFO - Created Permission View: can delete on DAG:example_dag_decorator
[2024-08-06T22:33:22.411+0800] {logging_mixin.py:188} INFO - [2024-08-06T22:33:22.411+0800] {override.py:1858} INFO - Created Permission View: can read on DAG:example_dag_decorator
[2024-08-06T22:33:22.432+0800] {logging_mixin.py:188} INFO - [2024-08-06T22:33:22.431+0800] {override.py:1858} INFO - Created Permission View: can edit on DAG:example_dag_decorator
[2024-08-06T22:33:22.432+0800] {logging_mixin.py:188} INFO - [2024-08-06T22:33:22.432+0800] {dag.py:3089} INFO - Sync 1 DAGs
[2024-08-06T22:33:22.450+0800] {logging_mixin.py:188} INFO - [2024-08-06T22:33:22.450+0800] {dag.py:3111} INFO - Creating ORM DAG for example_dag_decorator
[2024-08-06T22:33:22.451+0800] {logging_mixin.py:188} INFO - [2024-08-06T22:33:22.451+0800] {dag.py:3947} INFO - Setting next_dagrun for example_dag_decorator to None, run_after=None
[2024-08-06T22:33:22.485+0800] {processor.py:183} INFO - Processing /home/haziq/Documents/pl-data-engineering/venv/lib/python3.12/site-packages/airflow/example_dags/example_dag_decorator.py took 0.540 seconds
[2024-08-06T22:34:22.142+0800] {processor.py:161} INFO - Started process (PID=93587) to work on /home/haziq/Documents/pl-data-engineering/venv/lib/python3.12/site-packages/airflow/example_dags/example_dag_decorator.py
[2024-08-06T22:34:22.150+0800] {processor.py:830} INFO - Processing file /home/haziq/Documents/pl-data-engineering/venv/lib/python3.12/site-packages/airflow/example_dags/example_dag_decorator.py for tasks to queue
[2024-08-06T22:34:22.153+0800] {logging_mixin.py:188} INFO - [2024-08-06T22:34:22.153+0800] {dagbag.py:545} INFO - Filling up the DagBag from /home/haziq/Documents/pl-data-engineering/venv/lib/python3.12/site-packages/airflow/example_dags/example_dag_decorator.py
[2024-08-06T22:34:22.281+0800] {processor.py:840} INFO - DAG(s) 'example_dag_decorator' retrieved from /home/haziq/Documents/pl-data-engineering/venv/lib/python3.12/site-packages/airflow/example_dags/example_dag_decorator.py
[2024-08-06T22:34:22.435+0800] {logging_mixin.py:188} INFO - [2024-08-06T22:34:22.434+0800] {dag.py:3089} INFO - Sync 1 DAGs
[2024-08-06T22:34:22.451+0800] {logging_mixin.py:188} INFO - [2024-08-06T22:34:22.450+0800] {dag.py:3947} INFO - Setting next_dagrun for example_dag_decorator to None, run_after=None
[2024-08-06T22:34:22.496+0800] {processor.py:183} INFO - Processing /home/haziq/Documents/pl-data-engineering/venv/lib/python3.12/site-packages/airflow/example_dags/example_dag_decorator.py took 0.365 seconds
[2024-08-06T22:35:59.276+0800] {processor.py:161} INFO - Started process (PID=94352) to work on /home/haziq/Documents/pl-data-engineering/venv/lib/python3.12/site-packages/airflow/example_dags/example_dag_decorator.py
[2024-08-06T22:35:59.277+0800] {processor.py:830} INFO - Processing file /home/haziq/Documents/pl-data-engineering/venv/lib/python3.12/site-packages/airflow/example_dags/example_dag_decorator.py for tasks to queue
[2024-08-06T22:35:59.280+0800] {logging_mixin.py:188} INFO - [2024-08-06T22:35:59.279+0800] {dagbag.py:545} INFO - Filling up the DagBag from /home/haziq/Documents/pl-data-engineering/venv/lib/python3.12/site-packages/airflow/example_dags/example_dag_decorator.py
[2024-08-06T22:35:59.431+0800] {processor.py:840} INFO - DAG(s) 'example_dag_decorator' retrieved from /home/haziq/Documents/pl-data-engineering/venv/lib/python3.12/site-packages/airflow/example_dags/example_dag_decorator.py
[2024-08-06T22:35:59.589+0800] {logging_mixin.py:188} INFO - [2024-08-06T22:35:59.588+0800] {dag.py:3089} INFO - Sync 1 DAGs
[2024-08-06T22:35:59.611+0800] {logging_mixin.py:188} INFO - [2024-08-06T22:35:59.610+0800] {dag.py:3947} INFO - Setting next_dagrun for example_dag_decorator to None, run_after=None
[2024-08-06T22:35:59.665+0800] {processor.py:183} INFO - Processing /home/haziq/Documents/pl-data-engineering/venv/lib/python3.12/site-packages/airflow/example_dags/example_dag_decorator.py took 0.400 seconds
[2024-08-06T22:37:04.475+0800] {processor.py:161} INFO - Started process (PID=94788) to work on /home/haziq/Documents/pl-data-engineering/venv/lib/python3.12/site-packages/airflow/example_dags/example_dag_decorator.py
[2024-08-06T22:37:04.477+0800] {processor.py:830} INFO - Processing file /home/haziq/Documents/pl-data-engineering/venv/lib/python3.12/site-packages/airflow/example_dags/example_dag_decorator.py for tasks to queue
[2024-08-06T22:37:04.479+0800] {logging_mixin.py:188} INFO - [2024-08-06T22:37:04.479+0800] {dagbag.py:545} INFO - Filling up the DagBag from /home/haziq/Documents/pl-data-engineering/venv/lib/python3.12/site-packages/airflow/example_dags/example_dag_decorator.py
[2024-08-06T22:37:04.629+0800] {processor.py:840} INFO - DAG(s) 'example_dag_decorator' retrieved from /home/haziq/Documents/pl-data-engineering/venv/lib/python3.12/site-packages/airflow/example_dags/example_dag_decorator.py
[2024-08-06T22:37:04.776+0800] {logging_mixin.py:188} INFO - [2024-08-06T22:37:04.775+0800] {dag.py:3089} INFO - Sync 1 DAGs
[2024-08-06T22:37:04.790+0800] {logging_mixin.py:188} INFO - [2024-08-06T22:37:04.790+0800] {dag.py:3947} INFO - Setting next_dagrun for example_dag_decorator to None, run_after=None
[2024-08-06T22:37:04.841+0800] {processor.py:183} INFO - Processing /home/haziq/Documents/pl-data-engineering/venv/lib/python3.12/site-packages/airflow/example_dags/example_dag_decorator.py took 0.376 seconds
[2024-08-06T22:38:04.738+0800] {processor.py:161} INFO - Started process (PID=95176) to work on /home/haziq/Documents/pl-data-engineering/venv/lib/python3.12/site-packages/airflow/example_dags/example_dag_decorator.py
[2024-08-06T22:38:04.740+0800] {processor.py:830} INFO - Processing file /home/haziq/Documents/pl-data-engineering/venv/lib/python3.12/site-packages/airflow/example_dags/example_dag_decorator.py for tasks to queue
[2024-08-06T22:38:04.742+0800] {logging_mixin.py:188} INFO - [2024-08-06T22:38:04.742+0800] {dagbag.py:545} INFO - Filling up the DagBag from /home/haziq/Documents/pl-data-engineering/venv/lib/python3.12/site-packages/airflow/example_dags/example_dag_decorator.py
[2024-08-06T22:38:04.902+0800] {processor.py:840} INFO - DAG(s) 'example_dag_decorator' retrieved from /home/haziq/Documents/pl-data-engineering/venv/lib/python3.12/site-packages/airflow/example_dags/example_dag_decorator.py
[2024-08-06T22:38:05.069+0800] {logging_mixin.py:188} INFO - [2024-08-06T22:38:05.069+0800] {dag.py:3089} INFO - Sync 1 DAGs
[2024-08-06T22:38:05.084+0800] {logging_mixin.py:188} INFO - [2024-08-06T22:38:05.084+0800] {dag.py:3947} INFO - Setting next_dagrun for example_dag_decorator to None, run_after=None
[2024-08-06T22:38:05.119+0800] {processor.py:183} INFO - Processing /home/haziq/Documents/pl-data-engineering/venv/lib/python3.12/site-packages/airflow/example_dags/example_dag_decorator.py took 0.392 seconds
[2024-08-06T22:39:00.960+0800] {processor.py:161} INFO - Started process (PID=95584) to work on /home/haziq/Documents/pl-data-engineering/venv/lib/python3.12/site-packages/airflow/example_dags/example_dag_decorator.py
[2024-08-06T22:39:00.962+0800] {processor.py:830} INFO - Processing file /home/haziq/Documents/pl-data-engineering/venv/lib/python3.12/site-packages/airflow/example_dags/example_dag_decorator.py for tasks to queue
[2024-08-06T22:39:00.964+0800] {logging_mixin.py:188} INFO - [2024-08-06T22:39:00.964+0800] {dagbag.py:545} INFO - Filling up the DagBag from /home/haziq/Documents/pl-data-engineering/venv/lib/python3.12/site-packages/airflow/example_dags/example_dag_decorator.py
[2024-08-06T22:39:01.101+0800] {processor.py:840} INFO - DAG(s) 'example_dag_decorator' retrieved from /home/haziq/Documents/pl-data-engineering/venv/lib/python3.12/site-packages/airflow/example_dags/example_dag_decorator.py
[2024-08-06T22:39:01.257+0800] {logging_mixin.py:188} INFO - [2024-08-06T22:39:01.256+0800] {dag.py:3089} INFO - Sync 1 DAGs
[2024-08-06T22:39:01.273+0800] {logging_mixin.py:188} INFO - [2024-08-06T22:39:01.273+0800] {dag.py:3947} INFO - Setting next_dagrun for example_dag_decorator to None, run_after=None
[2024-08-06T22:39:01.316+0800] {processor.py:183} INFO - Processing /home/haziq/Documents/pl-data-engineering/venv/lib/python3.12/site-packages/airflow/example_dags/example_dag_decorator.py took 0.364 seconds
[2024-08-06T22:39:55.865+0800] {processor.py:161} INFO - Started process (PID=96036) to work on /home/haziq/Documents/pl-data-engineering/venv/lib/python3.12/site-packages/airflow/example_dags/example_dag_decorator.py
[2024-08-06T22:39:55.866+0800] {processor.py:830} INFO - Processing file /home/haziq/Documents/pl-data-engineering/venv/lib/python3.12/site-packages/airflow/example_dags/example_dag_decorator.py for tasks to queue
[2024-08-06T22:39:55.869+0800] {logging_mixin.py:188} INFO - [2024-08-06T22:39:55.868+0800] {dagbag.py:545} INFO - Filling up the DagBag from /home/haziq/Documents/pl-data-engineering/venv/lib/python3.12/site-packages/airflow/example_dags/example_dag_decorator.py
[2024-08-06T22:39:56.027+0800] {processor.py:840} INFO - DAG(s) 'example_dag_decorator' retrieved from /home/haziq/Documents/pl-data-engineering/venv/lib/python3.12/site-packages/airflow/example_dags/example_dag_decorator.py
[2024-08-06T22:39:56.055+0800] {logging_mixin.py:188} INFO - [2024-08-06T22:39:56.055+0800] {dag.py:3089} INFO - Sync 1 DAGs
[2024-08-06T22:39:56.074+0800] {logging_mixin.py:188} INFO - [2024-08-06T22:39:56.074+0800] {dag.py:3947} INFO - Setting next_dagrun for example_dag_decorator to None, run_after=None
[2024-08-06T22:39:56.108+0800] {processor.py:183} INFO - Processing /home/haziq/Documents/pl-data-engineering/venv/lib/python3.12/site-packages/airflow/example_dags/example_dag_decorator.py took 0.251 seconds
[2024-08-06T22:40:46.941+0800] {processor.py:161} INFO - Started process (PID=96429) to work on /home/haziq/Documents/pl-data-engineering/venv/lib/python3.12/site-packages/airflow/example_dags/example_dag_decorator.py
[2024-08-06T22:40:46.949+0800] {processor.py:830} INFO - Processing file /home/haziq/Documents/pl-data-engineering/venv/lib/python3.12/site-packages/airflow/example_dags/example_dag_decorator.py for tasks to queue
[2024-08-06T22:40:46.953+0800] {logging_mixin.py:188} INFO - [2024-08-06T22:40:46.952+0800] {dagbag.py:545} INFO - Filling up the DagBag from /home/haziq/Documents/pl-data-engineering/venv/lib/python3.12/site-packages/airflow/example_dags/example_dag_decorator.py
[2024-08-06T22:40:47.115+0800] {processor.py:840} INFO - DAG(s) 'example_dag_decorator' retrieved from /home/haziq/Documents/pl-data-engineering/venv/lib/python3.12/site-packages/airflow/example_dags/example_dag_decorator.py
[2024-08-06T22:40:47.151+0800] {logging_mixin.py:188} INFO - [2024-08-06T22:40:47.150+0800] {dag.py:3089} INFO - Sync 1 DAGs
[2024-08-06T22:40:47.172+0800] {logging_mixin.py:188} INFO - [2024-08-06T22:40:47.172+0800] {dag.py:3947} INFO - Setting next_dagrun for example_dag_decorator to None, run_after=None
[2024-08-06T22:40:47.227+0800] {processor.py:183} INFO - Processing /home/haziq/Documents/pl-data-engineering/venv/lib/python3.12/site-packages/airflow/example_dags/example_dag_decorator.py took 0.299 seconds
[2024-08-06T22:41:39.045+0800] {processor.py:161} INFO - Started process (PID=96785) to work on /home/haziq/Documents/pl-data-engineering/venv/lib/python3.12/site-packages/airflow/example_dags/example_dag_decorator.py
[2024-08-06T22:41:39.047+0800] {processor.py:830} INFO - Processing file /home/haziq/Documents/pl-data-engineering/venv/lib/python3.12/site-packages/airflow/example_dags/example_dag_decorator.py for tasks to queue
[2024-08-06T22:41:39.051+0800] {logging_mixin.py:188} INFO - [2024-08-06T22:41:39.050+0800] {dagbag.py:545} INFO - Filling up the DagBag from /home/haziq/Documents/pl-data-engineering/venv/lib/python3.12/site-packages/airflow/example_dags/example_dag_decorator.py
[2024-08-06T22:41:39.262+0800] {processor.py:840} INFO - DAG(s) 'example_dag_decorator' retrieved from /home/haziq/Documents/pl-data-engineering/venv/lib/python3.12/site-packages/airflow/example_dags/example_dag_decorator.py
[2024-08-06T22:41:39.471+0800] {logging_mixin.py:188} INFO - [2024-08-06T22:41:39.470+0800] {dag.py:3089} INFO - Sync 1 DAGs
[2024-08-06T22:41:39.492+0800] {logging_mixin.py:188} INFO - [2024-08-06T22:41:39.491+0800] {dag.py:3947} INFO - Setting next_dagrun for example_dag_decorator to None, run_after=None
[2024-08-06T22:41:39.534+0800] {processor.py:183} INFO - Processing /home/haziq/Documents/pl-data-engineering/venv/lib/python3.12/site-packages/airflow/example_dags/example_dag_decorator.py took 0.500 seconds
[2024-08-06T22:42:33.532+0800] {processor.py:161} INFO - Started process (PID=97124) to work on /home/haziq/Documents/pl-data-engineering/venv/lib/python3.12/site-packages/airflow/example_dags/example_dag_decorator.py
[2024-08-06T22:42:33.534+0800] {processor.py:830} INFO - Processing file /home/haziq/Documents/pl-data-engineering/venv/lib/python3.12/site-packages/airflow/example_dags/example_dag_decorator.py for tasks to queue
[2024-08-06T22:42:33.536+0800] {logging_mixin.py:188} INFO - [2024-08-06T22:42:33.536+0800] {dagbag.py:545} INFO - Filling up the DagBag from /home/haziq/Documents/pl-data-engineering/venv/lib/python3.12/site-packages/airflow/example_dags/example_dag_decorator.py
[2024-08-06T22:42:33.666+0800] {processor.py:840} INFO - DAG(s) 'example_dag_decorator' retrieved from /home/haziq/Documents/pl-data-engineering/venv/lib/python3.12/site-packages/airflow/example_dags/example_dag_decorator.py
[2024-08-06T22:42:34.073+0800] {logging_mixin.py:188} INFO - [2024-08-06T22:42:34.072+0800] {dag.py:3089} INFO - Sync 1 DAGs
[2024-08-06T22:42:34.092+0800] {logging_mixin.py:188} INFO - [2024-08-06T22:42:34.091+0800] {dag.py:3947} INFO - Setting next_dagrun for example_dag_decorator to None, run_after=None
[2024-08-06T22:42:34.143+0800] {processor.py:183} INFO - Processing /home/haziq/Documents/pl-data-engineering/venv/lib/python3.12/site-packages/airflow/example_dags/example_dag_decorator.py took 0.620 seconds
