[2024-08-06T22:32:41.313+0800] {processor.py:161} INFO - Started process (PID=92913) to work on /home/haziq/Documents/pl-data-engineering/venv/lib/python3.12/site-packages/airflow/example_dags/tutorial_taskflow_api.py
[2024-08-06T22:32:41.314+0800] {processor.py:830} INFO - Processing file /home/haziq/Documents/pl-data-engineering/venv/lib/python3.12/site-packages/airflow/example_dags/tutorial_taskflow_api.py for tasks to queue
[2024-08-06T22:32:41.317+0800] {logging_mixin.py:188} INFO - [2024-08-06T22:32:41.316+0800] {dagbag.py:545} INFO - Filling up the DagBag from /home/haziq/Documents/pl-data-engineering/venv/lib/python3.12/site-packages/airflow/example_dags/tutorial_taskflow_api.py
[2024-08-06T22:32:41.331+0800] {processor.py:840} INFO - DAG(s) 'tutorial_taskflow_api' retrieved from /home/haziq/Documents/pl-data-engineering/venv/lib/python3.12/site-packages/airflow/example_dags/tutorial_taskflow_api.py
[2024-08-06T22:32:41.543+0800] {logging_mixin.py:188} INFO - [2024-08-06T22:32:41.542+0800] {override.py:1858} INFO - Created Permission View: can delete on DAG:tutorial_taskflow_api
[2024-08-06T22:32:41.568+0800] {logging_mixin.py:188} INFO - [2024-08-06T22:32:41.567+0800] {override.py:1858} INFO - Created Permission View: can read on DAG:tutorial_taskflow_api
[2024-08-06T22:32:41.606+0800] {logging_mixin.py:188} INFO - [2024-08-06T22:32:41.605+0800] {override.py:1858} INFO - Created Permission View: can edit on DAG:tutorial_taskflow_api
[2024-08-06T22:32:41.607+0800] {logging_mixin.py:188} INFO - [2024-08-06T22:32:41.606+0800] {dag.py:3089} INFO - Sync 1 DAGs
[2024-08-06T22:32:41.631+0800] {logging_mixin.py:188} INFO - [2024-08-06T22:32:41.630+0800] {dag.py:3111} INFO - Creating ORM DAG for tutorial_taskflow_api
[2024-08-06T22:32:41.632+0800] {logging_mixin.py:188} INFO - [2024-08-06T22:32:41.631+0800] {dag.py:3947} INFO - Setting next_dagrun for tutorial_taskflow_api to None, run_after=None
[2024-08-06T22:32:41.677+0800] {processor.py:183} INFO - Processing /home/haziq/Documents/pl-data-engineering/venv/lib/python3.12/site-packages/airflow/example_dags/tutorial_taskflow_api.py took 0.375 seconds
[2024-08-06T22:33:42.220+0800] {processor.py:161} INFO - Started process (PID=93333) to work on /home/haziq/Documents/pl-data-engineering/venv/lib/python3.12/site-packages/airflow/example_dags/tutorial_taskflow_api.py
[2024-08-06T22:33:42.222+0800] {processor.py:830} INFO - Processing file /home/haziq/Documents/pl-data-engineering/venv/lib/python3.12/site-packages/airflow/example_dags/tutorial_taskflow_api.py for tasks to queue
[2024-08-06T22:33:42.225+0800] {logging_mixin.py:188} INFO - [2024-08-06T22:33:42.224+0800] {dagbag.py:545} INFO - Filling up the DagBag from /home/haziq/Documents/pl-data-engineering/venv/lib/python3.12/site-packages/airflow/example_dags/tutorial_taskflow_api.py
[2024-08-06T22:33:42.235+0800] {processor.py:840} INFO - DAG(s) 'tutorial_taskflow_api' retrieved from /home/haziq/Documents/pl-data-engineering/venv/lib/python3.12/site-packages/airflow/example_dags/tutorial_taskflow_api.py
[2024-08-06T22:33:42.258+0800] {logging_mixin.py:188} INFO - [2024-08-06T22:33:42.257+0800] {dag.py:3089} INFO - Sync 1 DAGs
[2024-08-06T22:33:42.276+0800] {logging_mixin.py:188} INFO - [2024-08-06T22:33:42.275+0800] {dag.py:3947} INFO - Setting next_dagrun for tutorial_taskflow_api to None, run_after=None
[2024-08-06T22:33:42.315+0800] {processor.py:183} INFO - Processing /home/haziq/Documents/pl-data-engineering/venv/lib/python3.12/site-packages/airflow/example_dags/tutorial_taskflow_api.py took 0.106 seconds
[2024-08-06T22:34:39.272+0800] {processor.py:161} INFO - Started process (PID=93733) to work on /home/haziq/Documents/pl-data-engineering/venv/lib/python3.12/site-packages/airflow/example_dags/tutorial_taskflow_api.py
[2024-08-06T22:34:39.281+0800] {processor.py:830} INFO - Processing file /home/haziq/Documents/pl-data-engineering/venv/lib/python3.12/site-packages/airflow/example_dags/tutorial_taskflow_api.py for tasks to queue
[2024-08-06T22:34:39.284+0800] {logging_mixin.py:188} INFO - [2024-08-06T22:34:39.284+0800] {dagbag.py:545} INFO - Filling up the DagBag from /home/haziq/Documents/pl-data-engineering/venv/lib/python3.12/site-packages/airflow/example_dags/tutorial_taskflow_api.py
[2024-08-06T22:34:39.295+0800] {processor.py:840} INFO - DAG(s) 'tutorial_taskflow_api' retrieved from /home/haziq/Documents/pl-data-engineering/venv/lib/python3.12/site-packages/airflow/example_dags/tutorial_taskflow_api.py
[2024-08-06T22:34:39.319+0800] {logging_mixin.py:188} INFO - [2024-08-06T22:34:39.319+0800] {dag.py:3089} INFO - Sync 1 DAGs
[2024-08-06T22:34:39.337+0800] {logging_mixin.py:188} INFO - [2024-08-06T22:34:39.337+0800] {dag.py:3947} INFO - Setting next_dagrun for tutorial_taskflow_api to None, run_after=None
[2024-08-06T22:34:39.374+0800] {processor.py:183} INFO - Processing /home/haziq/Documents/pl-data-engineering/venv/lib/python3.12/site-packages/airflow/example_dags/tutorial_taskflow_api.py took 0.113 seconds
[2024-08-06T22:35:20.525+0800] {processor.py:161} INFO - Started process (PID=94021) to work on /home/haziq/Documents/pl-data-engineering/venv/lib/python3.12/site-packages/airflow/example_dags/tutorial_taskflow_api.py
[2024-08-06T22:35:20.527+0800] {processor.py:830} INFO - Processing file /home/haziq/Documents/pl-data-engineering/venv/lib/python3.12/site-packages/airflow/example_dags/tutorial_taskflow_api.py for tasks to queue
[2024-08-06T22:35:20.530+0800] {logging_mixin.py:188} INFO - [2024-08-06T22:35:20.529+0800] {dagbag.py:545} INFO - Filling up the DagBag from /home/haziq/Documents/pl-data-engineering/venv/lib/python3.12/site-packages/airflow/example_dags/tutorial_taskflow_api.py
[2024-08-06T22:35:20.545+0800] {processor.py:840} INFO - DAG(s) 'tutorial_taskflow_api' retrieved from /home/haziq/Documents/pl-data-engineering/venv/lib/python3.12/site-packages/airflow/example_dags/tutorial_taskflow_api.py
[2024-08-06T22:35:20.558+0800] {logging_mixin.py:188} INFO - [2024-08-06T22:35:20.557+0800] {dag.py:3089} INFO - Sync 1 DAGs
[2024-08-06T22:35:20.577+0800] {logging_mixin.py:188} INFO - [2024-08-06T22:35:20.577+0800] {dag.py:3947} INFO - Setting next_dagrun for tutorial_taskflow_api to None, run_after=None
[2024-08-06T22:35:20.619+0800] {processor.py:183} INFO - Processing /home/haziq/Documents/pl-data-engineering/venv/lib/python3.12/site-packages/airflow/example_dags/tutorial_taskflow_api.py took 0.105 seconds
[2024-08-06T22:36:20.880+0800] {processor.py:161} INFO - Started process (PID=94484) to work on /home/haziq/Documents/pl-data-engineering/venv/lib/python3.12/site-packages/airflow/example_dags/tutorial_taskflow_api.py
[2024-08-06T22:36:20.882+0800] {processor.py:830} INFO - Processing file /home/haziq/Documents/pl-data-engineering/venv/lib/python3.12/site-packages/airflow/example_dags/tutorial_taskflow_api.py for tasks to queue
[2024-08-06T22:36:20.885+0800] {logging_mixin.py:188} INFO - [2024-08-06T22:36:20.884+0800] {dagbag.py:545} INFO - Filling up the DagBag from /home/haziq/Documents/pl-data-engineering/venv/lib/python3.12/site-packages/airflow/example_dags/tutorial_taskflow_api.py
[2024-08-06T22:36:20.901+0800] {processor.py:840} INFO - DAG(s) 'tutorial_taskflow_api' retrieved from /home/haziq/Documents/pl-data-engineering/venv/lib/python3.12/site-packages/airflow/example_dags/tutorial_taskflow_api.py
[2024-08-06T22:36:21.109+0800] {logging_mixin.py:188} INFO - [2024-08-06T22:36:21.108+0800] {dag.py:3089} INFO - Sync 1 DAGs
[2024-08-06T22:36:21.130+0800] {logging_mixin.py:188} INFO - [2024-08-06T22:36:21.130+0800] {dag.py:3947} INFO - Setting next_dagrun for tutorial_taskflow_api to None, run_after=None
[2024-08-06T22:36:21.183+0800] {processor.py:183} INFO - Processing /home/haziq/Documents/pl-data-engineering/venv/lib/python3.12/site-packages/airflow/example_dags/tutorial_taskflow_api.py took 0.314 seconds
[2024-08-06T22:36:54.043+0800] {processor.py:161} INFO - Started process (PID=94710) to work on /home/haziq/Documents/pl-data-engineering/venv/lib/python3.12/site-packages/airflow/example_dags/tutorial_taskflow_api.py
[2024-08-06T22:36:54.045+0800] {processor.py:830} INFO - Processing file /home/haziq/Documents/pl-data-engineering/venv/lib/python3.12/site-packages/airflow/example_dags/tutorial_taskflow_api.py for tasks to queue
[2024-08-06T22:36:54.048+0800] {logging_mixin.py:188} INFO - [2024-08-06T22:36:54.047+0800] {dagbag.py:545} INFO - Filling up the DagBag from /home/haziq/Documents/pl-data-engineering/venv/lib/python3.12/site-packages/airflow/example_dags/tutorial_taskflow_api.py
[2024-08-06T22:36:54.058+0800] {processor.py:840} INFO - DAG(s) 'tutorial_taskflow_api' retrieved from /home/haziq/Documents/pl-data-engineering/venv/lib/python3.12/site-packages/airflow/example_dags/tutorial_taskflow_api.py
[2024-08-06T22:36:54.081+0800] {logging_mixin.py:188} INFO - [2024-08-06T22:36:54.081+0800] {dag.py:3089} INFO - Sync 1 DAGs
[2024-08-06T22:36:54.100+0800] {logging_mixin.py:188} INFO - [2024-08-06T22:36:54.099+0800] {dag.py:3947} INFO - Setting next_dagrun for tutorial_taskflow_api to None, run_after=None
[2024-08-06T22:36:54.139+0800] {processor.py:183} INFO - Processing /home/haziq/Documents/pl-data-engineering/venv/lib/python3.12/site-packages/airflow/example_dags/tutorial_taskflow_api.py took 0.108 seconds
[2024-08-06T22:37:53.203+0800] {processor.py:161} INFO - Started process (PID=95110) to work on /home/haziq/Documents/pl-data-engineering/venv/lib/python3.12/site-packages/airflow/example_dags/tutorial_taskflow_api.py
[2024-08-06T22:37:53.206+0800] {processor.py:830} INFO - Processing file /home/haziq/Documents/pl-data-engineering/venv/lib/python3.12/site-packages/airflow/example_dags/tutorial_taskflow_api.py for tasks to queue
[2024-08-06T22:37:53.209+0800] {logging_mixin.py:188} INFO - [2024-08-06T22:37:53.208+0800] {dagbag.py:545} INFO - Filling up the DagBag from /home/haziq/Documents/pl-data-engineering/venv/lib/python3.12/site-packages/airflow/example_dags/tutorial_taskflow_api.py
[2024-08-06T22:37:53.223+0800] {processor.py:840} INFO - DAG(s) 'tutorial_taskflow_api' retrieved from /home/haziq/Documents/pl-data-engineering/venv/lib/python3.12/site-packages/airflow/example_dags/tutorial_taskflow_api.py
[2024-08-06T22:37:53.255+0800] {logging_mixin.py:188} INFO - [2024-08-06T22:37:53.254+0800] {dag.py:3089} INFO - Sync 1 DAGs
[2024-08-06T22:37:53.279+0800] {logging_mixin.py:188} INFO - [2024-08-06T22:37:53.279+0800] {dag.py:3947} INFO - Setting next_dagrun for tutorial_taskflow_api to None, run_after=None
[2024-08-06T22:37:53.324+0800] {processor.py:183} INFO - Processing /home/haziq/Documents/pl-data-engineering/venv/lib/python3.12/site-packages/airflow/example_dags/tutorial_taskflow_api.py took 0.132 seconds
[2024-08-06T22:38:48.009+0800] {processor.py:161} INFO - Started process (PID=95491) to work on /home/haziq/Documents/pl-data-engineering/venv/lib/python3.12/site-packages/airflow/example_dags/tutorial_taskflow_api.py
[2024-08-06T22:38:48.011+0800] {processor.py:830} INFO - Processing file /home/haziq/Documents/pl-data-engineering/venv/lib/python3.12/site-packages/airflow/example_dags/tutorial_taskflow_api.py for tasks to queue
[2024-08-06T22:38:48.013+0800] {logging_mixin.py:188} INFO - [2024-08-06T22:38:48.013+0800] {dagbag.py:545} INFO - Filling up the DagBag from /home/haziq/Documents/pl-data-engineering/venv/lib/python3.12/site-packages/airflow/example_dags/tutorial_taskflow_api.py
[2024-08-06T22:38:48.023+0800] {processor.py:840} INFO - DAG(s) 'tutorial_taskflow_api' retrieved from /home/haziq/Documents/pl-data-engineering/venv/lib/python3.12/site-packages/airflow/example_dags/tutorial_taskflow_api.py
[2024-08-06T22:38:48.048+0800] {logging_mixin.py:188} INFO - [2024-08-06T22:38:48.047+0800] {dag.py:3089} INFO - Sync 1 DAGs
[2024-08-06T22:38:48.065+0800] {logging_mixin.py:188} INFO - [2024-08-06T22:38:48.065+0800] {dag.py:3947} INFO - Setting next_dagrun for tutorial_taskflow_api to None, run_after=None
[2024-08-06T22:38:48.107+0800] {processor.py:183} INFO - Processing /home/haziq/Documents/pl-data-engineering/venv/lib/python3.12/site-packages/airflow/example_dags/tutorial_taskflow_api.py took 0.111 seconds
[2024-08-06T22:39:43.829+0800] {processor.py:161} INFO - Started process (PID=95959) to work on /home/haziq/Documents/pl-data-engineering/venv/lib/python3.12/site-packages/airflow/example_dags/tutorial_taskflow_api.py
[2024-08-06T22:39:43.831+0800] {processor.py:830} INFO - Processing file /home/haziq/Documents/pl-data-engineering/venv/lib/python3.12/site-packages/airflow/example_dags/tutorial_taskflow_api.py for tasks to queue
[2024-08-06T22:39:43.833+0800] {logging_mixin.py:188} INFO - [2024-08-06T22:39:43.833+0800] {dagbag.py:545} INFO - Filling up the DagBag from /home/haziq/Documents/pl-data-engineering/venv/lib/python3.12/site-packages/airflow/example_dags/tutorial_taskflow_api.py
[2024-08-06T22:39:43.843+0800] {processor.py:840} INFO - DAG(s) 'tutorial_taskflow_api' retrieved from /home/haziq/Documents/pl-data-engineering/venv/lib/python3.12/site-packages/airflow/example_dags/tutorial_taskflow_api.py
[2024-08-06T22:39:43.867+0800] {logging_mixin.py:188} INFO - [2024-08-06T22:39:43.867+0800] {dag.py:3089} INFO - Sync 1 DAGs
[2024-08-06T22:39:43.884+0800] {logging_mixin.py:188} INFO - [2024-08-06T22:39:43.884+0800] {dag.py:3947} INFO - Setting next_dagrun for tutorial_taskflow_api to None, run_after=None
[2024-08-06T22:39:43.918+0800] {processor.py:183} INFO - Processing /home/haziq/Documents/pl-data-engineering/venv/lib/python3.12/site-packages/airflow/example_dags/tutorial_taskflow_api.py took 0.100 seconds
[2024-08-06T22:40:32.607+0800] {processor.py:161} INFO - Started process (PID=96287) to work on /home/haziq/Documents/pl-data-engineering/venv/lib/python3.12/site-packages/airflow/example_dags/tutorial_taskflow_api.py
[2024-08-06T22:40:32.615+0800] {processor.py:830} INFO - Processing file /home/haziq/Documents/pl-data-engineering/venv/lib/python3.12/site-packages/airflow/example_dags/tutorial_taskflow_api.py for tasks to queue
[2024-08-06T22:40:32.618+0800] {logging_mixin.py:188} INFO - [2024-08-06T22:40:32.617+0800] {dagbag.py:545} INFO - Filling up the DagBag from /home/haziq/Documents/pl-data-engineering/venv/lib/python3.12/site-packages/airflow/example_dags/tutorial_taskflow_api.py
[2024-08-06T22:40:32.628+0800] {processor.py:840} INFO - DAG(s) 'tutorial_taskflow_api' retrieved from /home/haziq/Documents/pl-data-engineering/venv/lib/python3.12/site-packages/airflow/example_dags/tutorial_taskflow_api.py
[2024-08-06T22:40:32.651+0800] {logging_mixin.py:188} INFO - [2024-08-06T22:40:32.651+0800] {dag.py:3089} INFO - Sync 1 DAGs
[2024-08-06T22:40:32.669+0800] {logging_mixin.py:188} INFO - [2024-08-06T22:40:32.669+0800] {dag.py:3947} INFO - Setting next_dagrun for tutorial_taskflow_api to None, run_after=None
[2024-08-06T22:40:32.705+0800] {processor.py:183} INFO - Processing /home/haziq/Documents/pl-data-engineering/venv/lib/python3.12/site-packages/airflow/example_dags/tutorial_taskflow_api.py took 0.110 seconds
[2024-08-06T22:41:23.722+0800] {processor.py:161} INFO - Started process (PID=96682) to work on /home/haziq/Documents/pl-data-engineering/venv/lib/python3.12/site-packages/airflow/example_dags/tutorial_taskflow_api.py
[2024-08-06T22:41:23.723+0800] {processor.py:830} INFO - Processing file /home/haziq/Documents/pl-data-engineering/venv/lib/python3.12/site-packages/airflow/example_dags/tutorial_taskflow_api.py for tasks to queue
[2024-08-06T22:41:23.726+0800] {logging_mixin.py:188} INFO - [2024-08-06T22:41:23.725+0800] {dagbag.py:545} INFO - Filling up the DagBag from /home/haziq/Documents/pl-data-engineering/venv/lib/python3.12/site-packages/airflow/example_dags/tutorial_taskflow_api.py
[2024-08-06T22:41:23.737+0800] {processor.py:840} INFO - DAG(s) 'tutorial_taskflow_api' retrieved from /home/haziq/Documents/pl-data-engineering/venv/lib/python3.12/site-packages/airflow/example_dags/tutorial_taskflow_api.py
[2024-08-06T22:41:23.760+0800] {logging_mixin.py:188} INFO - [2024-08-06T22:41:23.760+0800] {dag.py:3089} INFO - Sync 1 DAGs
[2024-08-06T22:41:23.778+0800] {logging_mixin.py:188} INFO - [2024-08-06T22:41:23.778+0800] {dag.py:3947} INFO - Setting next_dagrun for tutorial_taskflow_api to None, run_after=None
[2024-08-06T22:41:23.817+0800] {processor.py:183} INFO - Processing /home/haziq/Documents/pl-data-engineering/venv/lib/python3.12/site-packages/airflow/example_dags/tutorial_taskflow_api.py took 0.104 seconds
[2024-08-06T22:42:18.801+0800] {processor.py:161} INFO - Started process (PID=97025) to work on /home/haziq/Documents/pl-data-engineering/venv/lib/python3.12/site-packages/airflow/example_dags/tutorial_taskflow_api.py
[2024-08-06T22:42:18.806+0800] {processor.py:830} INFO - Processing file /home/haziq/Documents/pl-data-engineering/venv/lib/python3.12/site-packages/airflow/example_dags/tutorial_taskflow_api.py for tasks to queue
[2024-08-06T22:42:18.812+0800] {logging_mixin.py:188} INFO - [2024-08-06T22:42:18.810+0800] {dagbag.py:545} INFO - Filling up the DagBag from /home/haziq/Documents/pl-data-engineering/venv/lib/python3.12/site-packages/airflow/example_dags/tutorial_taskflow_api.py
[2024-08-06T22:42:18.830+0800] {processor.py:840} INFO - DAG(s) 'tutorial_taskflow_api' retrieved from /home/haziq/Documents/pl-data-engineering/venv/lib/python3.12/site-packages/airflow/example_dags/tutorial_taskflow_api.py
[2024-08-06T22:42:18.865+0800] {logging_mixin.py:188} INFO - [2024-08-06T22:42:18.864+0800] {dag.py:3089} INFO - Sync 1 DAGs
[2024-08-06T22:42:18.892+0800] {logging_mixin.py:188} INFO - [2024-08-06T22:42:18.891+0800] {dag.py:3947} INFO - Setting next_dagrun for tutorial_taskflow_api to None, run_after=None
[2024-08-06T22:42:18.952+0800] {processor.py:183} INFO - Processing /home/haziq/Documents/pl-data-engineering/venv/lib/python3.12/site-packages/airflow/example_dags/tutorial_taskflow_api.py took 0.164 seconds
