[2024-08-06T22:32:39.631+0800] {processor.py:161} INFO - Started process (PID=92902) to work on /home/haziq/Documents/pl-data-engineering/venv/lib/python3.12/site-packages/airflow/example_dags/tutorial_objectstorage.py
[2024-08-06T22:32:39.633+0800] {processor.py:830} INFO - Processing file /home/haziq/Documents/pl-data-engineering/venv/lib/python3.12/site-packages/airflow/example_dags/tutorial_objectstorage.py for tasks to queue
[2024-08-06T22:32:39.637+0800] {logging_mixin.py:188} INFO - [2024-08-06T22:32:39.636+0800] {dagbag.py:545} INFO - Filling up the DagBag from /home/haziq/Documents/pl-data-engineering/venv/lib/python3.12/site-packages/airflow/example_dags/tutorial_objectstorage.py
[2024-08-06T22:32:39.660+0800] {processor.py:840} INFO - DAG(s) 'tutorial_objectstorage' retrieved from /home/haziq/Documents/pl-data-engineering/venv/lib/python3.12/site-packages/airflow/example_dags/tutorial_objectstorage.py
[2024-08-06T22:32:39.994+0800] {logging_mixin.py:188} INFO - [2024-08-06T22:32:39.992+0800] {override.py:1858} INFO - Created Permission View: can delete on DAG:tutorial_objectstorage
[2024-08-06T22:32:40.029+0800] {logging_mixin.py:188} INFO - [2024-08-06T22:32:40.028+0800] {override.py:1858} INFO - Created Permission View: can read on DAG:tutorial_objectstorage
[2024-08-06T22:32:40.054+0800] {logging_mixin.py:188} INFO - [2024-08-06T22:32:40.053+0800] {override.py:1858} INFO - Created Permission View: can edit on DAG:tutorial_objectstorage
[2024-08-06T22:32:40.055+0800] {logging_mixin.py:188} INFO - [2024-08-06T22:32:40.055+0800] {dag.py:3089} INFO - Sync 1 DAGs
[2024-08-06T22:32:40.092+0800] {logging_mixin.py:188} INFO - [2024-08-06T22:32:40.091+0800] {dag.py:3111} INFO - Creating ORM DAG for tutorial_objectstorage
[2024-08-06T22:32:40.096+0800] {logging_mixin.py:188} INFO - [2024-08-06T22:32:40.095+0800] {dag.py:3947} INFO - Setting next_dagrun for tutorial_objectstorage to None, run_after=None
[2024-08-06T22:32:40.154+0800] {processor.py:183} INFO - Processing /home/haziq/Documents/pl-data-engineering/venv/lib/python3.12/site-packages/airflow/example_dags/tutorial_objectstorage.py took 0.536 seconds
[2024-08-06T22:33:41.308+0800] {processor.py:161} INFO - Started process (PID=93321) to work on /home/haziq/Documents/pl-data-engineering/venv/lib/python3.12/site-packages/airflow/example_dags/tutorial_objectstorage.py
[2024-08-06T22:33:41.317+0800] {processor.py:830} INFO - Processing file /home/haziq/Documents/pl-data-engineering/venv/lib/python3.12/site-packages/airflow/example_dags/tutorial_objectstorage.py for tasks to queue
[2024-08-06T22:33:41.319+0800] {logging_mixin.py:188} INFO - [2024-08-06T22:33:41.319+0800] {dagbag.py:545} INFO - Filling up the DagBag from /home/haziq/Documents/pl-data-engineering/venv/lib/python3.12/site-packages/airflow/example_dags/tutorial_objectstorage.py
[2024-08-06T22:33:41.331+0800] {processor.py:840} INFO - DAG(s) 'tutorial_objectstorage' retrieved from /home/haziq/Documents/pl-data-engineering/venv/lib/python3.12/site-packages/airflow/example_dags/tutorial_objectstorage.py
[2024-08-06T22:33:41.355+0800] {logging_mixin.py:188} INFO - [2024-08-06T22:33:41.354+0800] {dag.py:3089} INFO - Sync 1 DAGs
[2024-08-06T22:33:41.373+0800] {logging_mixin.py:188} INFO - [2024-08-06T22:33:41.373+0800] {dag.py:3947} INFO - Setting next_dagrun for tutorial_objectstorage to None, run_after=None
[2024-08-06T22:33:41.414+0800] {processor.py:183} INFO - Processing /home/haziq/Documents/pl-data-engineering/venv/lib/python3.12/site-packages/airflow/example_dags/tutorial_objectstorage.py took 0.117 seconds
[2024-08-06T22:34:38.362+0800] {processor.py:161} INFO - Started process (PID=93721) to work on /home/haziq/Documents/pl-data-engineering/venv/lib/python3.12/site-packages/airflow/example_dags/tutorial_objectstorage.py
[2024-08-06T22:34:38.371+0800] {processor.py:830} INFO - Processing file /home/haziq/Documents/pl-data-engineering/venv/lib/python3.12/site-packages/airflow/example_dags/tutorial_objectstorage.py for tasks to queue
[2024-08-06T22:34:38.374+0800] {logging_mixin.py:188} INFO - [2024-08-06T22:34:38.373+0800] {dagbag.py:545} INFO - Filling up the DagBag from /home/haziq/Documents/pl-data-engineering/venv/lib/python3.12/site-packages/airflow/example_dags/tutorial_objectstorage.py
[2024-08-06T22:34:38.385+0800] {processor.py:840} INFO - DAG(s) 'tutorial_objectstorage' retrieved from /home/haziq/Documents/pl-data-engineering/venv/lib/python3.12/site-packages/airflow/example_dags/tutorial_objectstorage.py
[2024-08-06T22:34:38.409+0800] {logging_mixin.py:188} INFO - [2024-08-06T22:34:38.409+0800] {dag.py:3089} INFO - Sync 1 DAGs
[2024-08-06T22:34:38.427+0800] {logging_mixin.py:188} INFO - [2024-08-06T22:34:38.427+0800] {dag.py:3947} INFO - Setting next_dagrun for tutorial_objectstorage to None, run_after=None
[2024-08-06T22:34:38.463+0800] {processor.py:183} INFO - Processing /home/haziq/Documents/pl-data-engineering/venv/lib/python3.12/site-packages/airflow/example_dags/tutorial_objectstorage.py took 0.112 seconds
[2024-08-06T22:35:19.257+0800] {processor.py:161} INFO - Started process (PID=94007) to work on /home/haziq/Documents/pl-data-engineering/venv/lib/python3.12/site-packages/airflow/example_dags/tutorial_objectstorage.py
[2024-08-06T22:35:19.265+0800] {processor.py:830} INFO - Processing file /home/haziq/Documents/pl-data-engineering/venv/lib/python3.12/site-packages/airflow/example_dags/tutorial_objectstorage.py for tasks to queue
[2024-08-06T22:35:19.269+0800] {logging_mixin.py:188} INFO - [2024-08-06T22:35:19.268+0800] {dagbag.py:545} INFO - Filling up the DagBag from /home/haziq/Documents/pl-data-engineering/venv/lib/python3.12/site-packages/airflow/example_dags/tutorial_objectstorage.py
[2024-08-06T22:35:19.294+0800] {processor.py:840} INFO - DAG(s) 'tutorial_objectstorage' retrieved from /home/haziq/Documents/pl-data-engineering/venv/lib/python3.12/site-packages/airflow/example_dags/tutorial_objectstorage.py
[2024-08-06T22:35:19.309+0800] {logging_mixin.py:188} INFO - [2024-08-06T22:35:19.308+0800] {dag.py:3089} INFO - Sync 1 DAGs
[2024-08-06T22:35:19.332+0800] {logging_mixin.py:188} INFO - [2024-08-06T22:35:19.332+0800] {dag.py:3947} INFO - Setting next_dagrun for tutorial_objectstorage to None, run_after=None
[2024-08-06T22:35:19.374+0800] {processor.py:183} INFO - Processing /home/haziq/Documents/pl-data-engineering/venv/lib/python3.12/site-packages/airflow/example_dags/tutorial_objectstorage.py took 0.125 seconds
[2024-08-06T22:36:19.505+0800] {processor.py:161} INFO - Started process (PID=94483) to work on /home/haziq/Documents/pl-data-engineering/venv/lib/python3.12/site-packages/airflow/example_dags/tutorial_objectstorage.py
[2024-08-06T22:36:19.506+0800] {processor.py:830} INFO - Processing file /home/haziq/Documents/pl-data-engineering/venv/lib/python3.12/site-packages/airflow/example_dags/tutorial_objectstorage.py for tasks to queue
[2024-08-06T22:36:19.509+0800] {logging_mixin.py:188} INFO - [2024-08-06T22:36:19.508+0800] {dagbag.py:545} INFO - Filling up the DagBag from /home/haziq/Documents/pl-data-engineering/venv/lib/python3.12/site-packages/airflow/example_dags/tutorial_objectstorage.py
[2024-08-06T22:36:19.520+0800] {processor.py:840} INFO - DAG(s) 'tutorial_objectstorage' retrieved from /home/haziq/Documents/pl-data-engineering/venv/lib/python3.12/site-packages/airflow/example_dags/tutorial_objectstorage.py
[2024-08-06T22:36:19.672+0800] {logging_mixin.py:188} INFO - [2024-08-06T22:36:19.671+0800] {dag.py:3089} INFO - Sync 1 DAGs
[2024-08-06T22:36:19.690+0800] {logging_mixin.py:188} INFO - [2024-08-06T22:36:19.689+0800] {dag.py:3947} INFO - Setting next_dagrun for tutorial_objectstorage to None, run_after=None
[2024-08-06T22:36:19.733+0800] {processor.py:183} INFO - Processing /home/haziq/Documents/pl-data-engineering/venv/lib/python3.12/site-packages/airflow/example_dags/tutorial_objectstorage.py took 0.240 seconds
[2024-08-06T22:36:52.753+0800] {processor.py:161} INFO - Started process (PID=94698) to work on /home/haziq/Documents/pl-data-engineering/venv/lib/python3.12/site-packages/airflow/example_dags/tutorial_objectstorage.py
[2024-08-06T22:36:52.755+0800] {processor.py:830} INFO - Processing file /home/haziq/Documents/pl-data-engineering/venv/lib/python3.12/site-packages/airflow/example_dags/tutorial_objectstorage.py for tasks to queue
[2024-08-06T22:36:52.759+0800] {logging_mixin.py:188} INFO - [2024-08-06T22:36:52.758+0800] {dagbag.py:545} INFO - Filling up the DagBag from /home/haziq/Documents/pl-data-engineering/venv/lib/python3.12/site-packages/airflow/example_dags/tutorial_objectstorage.py
[2024-08-06T22:36:52.776+0800] {processor.py:840} INFO - DAG(s) 'tutorial_objectstorage' retrieved from /home/haziq/Documents/pl-data-engineering/venv/lib/python3.12/site-packages/airflow/example_dags/tutorial_objectstorage.py
[2024-08-06T22:36:52.808+0800] {logging_mixin.py:188} INFO - [2024-08-06T22:36:52.807+0800] {dag.py:3089} INFO - Sync 1 DAGs
[2024-08-06T22:36:52.832+0800] {logging_mixin.py:188} INFO - [2024-08-06T22:36:52.831+0800] {dag.py:3947} INFO - Setting next_dagrun for tutorial_objectstorage to None, run_after=None
[2024-08-06T22:36:52.875+0800] {processor.py:183} INFO - Processing /home/haziq/Documents/pl-data-engineering/venv/lib/python3.12/site-packages/airflow/example_dags/tutorial_objectstorage.py took 0.135 seconds
[2024-08-06T22:37:51.929+0800] {processor.py:161} INFO - Started process (PID=95098) to work on /home/haziq/Documents/pl-data-engineering/venv/lib/python3.12/site-packages/airflow/example_dags/tutorial_objectstorage.py
[2024-08-06T22:37:51.931+0800] {processor.py:830} INFO - Processing file /home/haziq/Documents/pl-data-engineering/venv/lib/python3.12/site-packages/airflow/example_dags/tutorial_objectstorage.py for tasks to queue
[2024-08-06T22:37:51.934+0800] {logging_mixin.py:188} INFO - [2024-08-06T22:37:51.933+0800] {dagbag.py:545} INFO - Filling up the DagBag from /home/haziq/Documents/pl-data-engineering/venv/lib/python3.12/site-packages/airflow/example_dags/tutorial_objectstorage.py
[2024-08-06T22:37:51.945+0800] {processor.py:840} INFO - DAG(s) 'tutorial_objectstorage' retrieved from /home/haziq/Documents/pl-data-engineering/venv/lib/python3.12/site-packages/airflow/example_dags/tutorial_objectstorage.py
[2024-08-06T22:37:51.968+0800] {logging_mixin.py:188} INFO - [2024-08-06T22:37:51.968+0800] {dag.py:3089} INFO - Sync 1 DAGs
[2024-08-06T22:37:51.987+0800] {logging_mixin.py:188} INFO - [2024-08-06T22:37:51.986+0800] {dag.py:3947} INFO - Setting next_dagrun for tutorial_objectstorage to None, run_after=None
[2024-08-06T22:37:52.021+0800] {processor.py:183} INFO - Processing /home/haziq/Documents/pl-data-engineering/venv/lib/python3.12/site-packages/airflow/example_dags/tutorial_objectstorage.py took 0.104 seconds
[2024-08-06T22:38:46.701+0800] {processor.py:161} INFO - Started process (PID=95490) to work on /home/haziq/Documents/pl-data-engineering/venv/lib/python3.12/site-packages/airflow/example_dags/tutorial_objectstorage.py
[2024-08-06T22:38:46.703+0800] {processor.py:830} INFO - Processing file /home/haziq/Documents/pl-data-engineering/venv/lib/python3.12/site-packages/airflow/example_dags/tutorial_objectstorage.py for tasks to queue
[2024-08-06T22:38:46.706+0800] {logging_mixin.py:188} INFO - [2024-08-06T22:38:46.705+0800] {dagbag.py:545} INFO - Filling up the DagBag from /home/haziq/Documents/pl-data-engineering/venv/lib/python3.12/site-packages/airflow/example_dags/tutorial_objectstorage.py
[2024-08-06T22:38:46.717+0800] {processor.py:840} INFO - DAG(s) 'tutorial_objectstorage' retrieved from /home/haziq/Documents/pl-data-engineering/venv/lib/python3.12/site-packages/airflow/example_dags/tutorial_objectstorage.py
[2024-08-06T22:38:46.740+0800] {logging_mixin.py:188} INFO - [2024-08-06T22:38:46.740+0800] {dag.py:3089} INFO - Sync 1 DAGs
[2024-08-06T22:38:46.759+0800] {logging_mixin.py:188} INFO - [2024-08-06T22:38:46.758+0800] {dag.py:3947} INFO - Setting next_dagrun for tutorial_objectstorage to None, run_after=None
[2024-08-06T22:38:46.796+0800] {processor.py:183} INFO - Processing /home/haziq/Documents/pl-data-engineering/venv/lib/python3.12/site-packages/airflow/example_dags/tutorial_objectstorage.py took 0.103 seconds
[2024-08-06T22:39:42.557+0800] {processor.py:161} INFO - Started process (PID=95947) to work on /home/haziq/Documents/pl-data-engineering/venv/lib/python3.12/site-packages/airflow/example_dags/tutorial_objectstorage.py
[2024-08-06T22:39:42.558+0800] {processor.py:830} INFO - Processing file /home/haziq/Documents/pl-data-engineering/venv/lib/python3.12/site-packages/airflow/example_dags/tutorial_objectstorage.py for tasks to queue
[2024-08-06T22:39:42.561+0800] {logging_mixin.py:188} INFO - [2024-08-06T22:39:42.560+0800] {dagbag.py:545} INFO - Filling up the DagBag from /home/haziq/Documents/pl-data-engineering/venv/lib/python3.12/site-packages/airflow/example_dags/tutorial_objectstorage.py
[2024-08-06T22:39:42.572+0800] {processor.py:840} INFO - DAG(s) 'tutorial_objectstorage' retrieved from /home/haziq/Documents/pl-data-engineering/venv/lib/python3.12/site-packages/airflow/example_dags/tutorial_objectstorage.py
[2024-08-06T22:39:42.594+0800] {logging_mixin.py:188} INFO - [2024-08-06T22:39:42.594+0800] {dag.py:3089} INFO - Sync 1 DAGs
[2024-08-06T22:39:42.612+0800] {logging_mixin.py:188} INFO - [2024-08-06T22:39:42.611+0800] {dag.py:3947} INFO - Setting next_dagrun for tutorial_objectstorage to None, run_after=None
[2024-08-06T22:39:42.652+0800] {processor.py:183} INFO - Processing /home/haziq/Documents/pl-data-engineering/venv/lib/python3.12/site-packages/airflow/example_dags/tutorial_objectstorage.py took 0.107 seconds
[2024-08-06T22:40:31.320+0800] {processor.py:161} INFO - Started process (PID=96286) to work on /home/haziq/Documents/pl-data-engineering/venv/lib/python3.12/site-packages/airflow/example_dags/tutorial_objectstorage.py
[2024-08-06T22:40:31.328+0800] {processor.py:830} INFO - Processing file /home/haziq/Documents/pl-data-engineering/venv/lib/python3.12/site-packages/airflow/example_dags/tutorial_objectstorage.py for tasks to queue
[2024-08-06T22:40:31.331+0800] {logging_mixin.py:188} INFO - [2024-08-06T22:40:31.331+0800] {dagbag.py:545} INFO - Filling up the DagBag from /home/haziq/Documents/pl-data-engineering/venv/lib/python3.12/site-packages/airflow/example_dags/tutorial_objectstorage.py
[2024-08-06T22:40:31.342+0800] {processor.py:840} INFO - DAG(s) 'tutorial_objectstorage' retrieved from /home/haziq/Documents/pl-data-engineering/venv/lib/python3.12/site-packages/airflow/example_dags/tutorial_objectstorage.py
[2024-08-06T22:40:31.365+0800] {logging_mixin.py:188} INFO - [2024-08-06T22:40:31.364+0800] {dag.py:3089} INFO - Sync 1 DAGs
[2024-08-06T22:40:31.383+0800] {logging_mixin.py:188} INFO - [2024-08-06T22:40:31.383+0800] {dag.py:3947} INFO - Setting next_dagrun for tutorial_objectstorage to None, run_after=None
[2024-08-06T22:40:31.420+0800] {processor.py:183} INFO - Processing /home/haziq/Documents/pl-data-engineering/venv/lib/python3.12/site-packages/airflow/example_dags/tutorial_objectstorage.py took 0.108 seconds
[2024-08-06T22:41:23.039+0800] {processor.py:161} INFO - Started process (PID=96681) to work on /home/haziq/Documents/pl-data-engineering/venv/lib/python3.12/site-packages/airflow/example_dags/tutorial_objectstorage.py
[2024-08-06T22:41:23.041+0800] {processor.py:830} INFO - Processing file /home/haziq/Documents/pl-data-engineering/venv/lib/python3.12/site-packages/airflow/example_dags/tutorial_objectstorage.py for tasks to queue
[2024-08-06T22:41:23.043+0800] {logging_mixin.py:188} INFO - [2024-08-06T22:41:23.043+0800] {dagbag.py:545} INFO - Filling up the DagBag from /home/haziq/Documents/pl-data-engineering/venv/lib/python3.12/site-packages/airflow/example_dags/tutorial_objectstorage.py
[2024-08-06T22:41:23.057+0800] {processor.py:840} INFO - DAG(s) 'tutorial_objectstorage' retrieved from /home/haziq/Documents/pl-data-engineering/venv/lib/python3.12/site-packages/airflow/example_dags/tutorial_objectstorage.py
[2024-08-06T22:41:23.084+0800] {logging_mixin.py:188} INFO - [2024-08-06T22:41:23.084+0800] {dag.py:3089} INFO - Sync 1 DAGs
[2024-08-06T22:41:23.105+0800] {logging_mixin.py:188} INFO - [2024-08-06T22:41:23.104+0800] {dag.py:3947} INFO - Setting next_dagrun for tutorial_objectstorage to None, run_after=None
[2024-08-06T22:41:23.145+0800] {processor.py:183} INFO - Processing /home/haziq/Documents/pl-data-engineering/venv/lib/python3.12/site-packages/airflow/example_dags/tutorial_objectstorage.py took 0.115 seconds
[2024-08-06T22:42:17.519+0800] {processor.py:161} INFO - Started process (PID=97018) to work on /home/haziq/Documents/pl-data-engineering/venv/lib/python3.12/site-packages/airflow/example_dags/tutorial_objectstorage.py
[2024-08-06T22:42:17.528+0800] {processor.py:830} INFO - Processing file /home/haziq/Documents/pl-data-engineering/venv/lib/python3.12/site-packages/airflow/example_dags/tutorial_objectstorage.py for tasks to queue
[2024-08-06T22:42:17.531+0800] {logging_mixin.py:188} INFO - [2024-08-06T22:42:17.531+0800] {dagbag.py:545} INFO - Filling up the DagBag from /home/haziq/Documents/pl-data-engineering/venv/lib/python3.12/site-packages/airflow/example_dags/tutorial_objectstorage.py
[2024-08-06T22:42:17.543+0800] {processor.py:840} INFO - DAG(s) 'tutorial_objectstorage' retrieved from /home/haziq/Documents/pl-data-engineering/venv/lib/python3.12/site-packages/airflow/example_dags/tutorial_objectstorage.py
[2024-08-06T22:42:17.566+0800] {logging_mixin.py:188} INFO - [2024-08-06T22:42:17.566+0800] {dag.py:3089} INFO - Sync 1 DAGs
[2024-08-06T22:42:17.583+0800] {logging_mixin.py:188} INFO - [2024-08-06T22:42:17.583+0800] {dag.py:3947} INFO - Setting next_dagrun for tutorial_objectstorage to None, run_after=None
[2024-08-06T22:42:17.620+0800] {processor.py:183} INFO - Processing /home/haziq/Documents/pl-data-engineering/venv/lib/python3.12/site-packages/airflow/example_dags/tutorial_objectstorage.py took 0.112 seconds
