[2024-08-06T22:32:42.805+0800] {processor.py:161} INFO - Started process (PID=92925) to work on /home/haziq/Documents/pl-data-engineering/venv/lib/python3.12/site-packages/airflow/example_dags/plugins/event_listener.py
[2024-08-06T22:32:42.806+0800] {processor.py:830} INFO - Processing file /home/haziq/Documents/pl-data-engineering/venv/lib/python3.12/site-packages/airflow/example_dags/plugins/event_listener.py for tasks to queue
[2024-08-06T22:32:42.810+0800] {logging_mixin.py:188} INFO - [2024-08-06T22:32:42.809+0800] {dagbag.py:545} INFO - Filling up the DagBag from /home/haziq/Documents/pl-data-engineering/venv/lib/python3.12/site-packages/airflow/example_dags/plugins/event_listener.py
[2024-08-06T22:32:42.814+0800] {processor.py:842} WARNING - No viable dags retrieved from /home/haziq/Documents/pl-data-engineering/venv/lib/python3.12/site-packages/airflow/example_dags/plugins/event_listener.py
[2024-08-06T22:32:42.836+0800] {processor.py:183} INFO - Processing /home/haziq/Documents/pl-data-engineering/venv/lib/python3.12/site-packages/airflow/example_dags/plugins/event_listener.py took 0.039 seconds
[2024-08-06T22:33:43.513+0800] {processor.py:161} INFO - Started process (PID=93334) to work on /home/haziq/Documents/pl-data-engineering/venv/lib/python3.12/site-packages/airflow/example_dags/plugins/event_listener.py
[2024-08-06T22:33:43.515+0800] {processor.py:830} INFO - Processing file /home/haziq/Documents/pl-data-engineering/venv/lib/python3.12/site-packages/airflow/example_dags/plugins/event_listener.py for tasks to queue
[2024-08-06T22:33:43.518+0800] {logging_mixin.py:188} INFO - [2024-08-06T22:33:43.517+0800] {dagbag.py:545} INFO - Filling up the DagBag from /home/haziq/Documents/pl-data-engineering/venv/lib/python3.12/site-packages/airflow/example_dags/plugins/event_listener.py
[2024-08-06T22:33:43.521+0800] {processor.py:842} WARNING - No viable dags retrieved from /home/haziq/Documents/pl-data-engineering/venv/lib/python3.12/site-packages/airflow/example_dags/plugins/event_listener.py
[2024-08-06T22:33:43.538+0800] {processor.py:183} INFO - Processing /home/haziq/Documents/pl-data-engineering/venv/lib/python3.12/site-packages/airflow/example_dags/plugins/event_listener.py took 0.037 seconds
[2024-08-06T22:34:40.571+0800] {processor.py:161} INFO - Started process (PID=93734) to work on /home/haziq/Documents/pl-data-engineering/venv/lib/python3.12/site-packages/airflow/example_dags/plugins/event_listener.py
[2024-08-06T22:34:40.580+0800] {processor.py:830} INFO - Processing file /home/haziq/Documents/pl-data-engineering/venv/lib/python3.12/site-packages/airflow/example_dags/plugins/event_listener.py for tasks to queue
[2024-08-06T22:34:40.583+0800] {logging_mixin.py:188} INFO - [2024-08-06T22:34:40.583+0800] {dagbag.py:545} INFO - Filling up the DagBag from /home/haziq/Documents/pl-data-engineering/venv/lib/python3.12/site-packages/airflow/example_dags/plugins/event_listener.py
[2024-08-06T22:34:40.587+0800] {processor.py:842} WARNING - No viable dags retrieved from /home/haziq/Documents/pl-data-engineering/venv/lib/python3.12/site-packages/airflow/example_dags/plugins/event_listener.py
[2024-08-06T22:34:40.603+0800] {processor.py:183} INFO - Processing /home/haziq/Documents/pl-data-engineering/venv/lib/python3.12/site-packages/airflow/example_dags/plugins/event_listener.py took 0.044 seconds
[2024-08-06T22:35:21.785+0800] {processor.py:161} INFO - Started process (PID=94033) to work on /home/haziq/Documents/pl-data-engineering/venv/lib/python3.12/site-packages/airflow/example_dags/plugins/event_listener.py
[2024-08-06T22:35:21.795+0800] {processor.py:830} INFO - Processing file /home/haziq/Documents/pl-data-engineering/venv/lib/python3.12/site-packages/airflow/example_dags/plugins/event_listener.py for tasks to queue
[2024-08-06T22:35:21.797+0800] {logging_mixin.py:188} INFO - [2024-08-06T22:35:21.797+0800] {dagbag.py:545} INFO - Filling up the DagBag from /home/haziq/Documents/pl-data-engineering/venv/lib/python3.12/site-packages/airflow/example_dags/plugins/event_listener.py
[2024-08-06T22:35:21.801+0800] {processor.py:842} WARNING - No viable dags retrieved from /home/haziq/Documents/pl-data-engineering/venv/lib/python3.12/site-packages/airflow/example_dags/plugins/event_listener.py
[2024-08-06T22:35:21.819+0800] {processor.py:183} INFO - Processing /home/haziq/Documents/pl-data-engineering/venv/lib/python3.12/site-packages/airflow/example_dags/plugins/event_listener.py took 0.042 seconds
[2024-08-06T22:36:22.371+0800] {processor.py:161} INFO - Started process (PID=94493) to work on /home/haziq/Documents/pl-data-engineering/venv/lib/python3.12/site-packages/airflow/example_dags/plugins/event_listener.py
[2024-08-06T22:36:22.373+0800] {processor.py:830} INFO - Processing file /home/haziq/Documents/pl-data-engineering/venv/lib/python3.12/site-packages/airflow/example_dags/plugins/event_listener.py for tasks to queue
[2024-08-06T22:36:22.376+0800] {logging_mixin.py:188} INFO - [2024-08-06T22:36:22.375+0800] {dagbag.py:545} INFO - Filling up the DagBag from /home/haziq/Documents/pl-data-engineering/venv/lib/python3.12/site-packages/airflow/example_dags/plugins/event_listener.py
[2024-08-06T22:36:22.380+0800] {processor.py:842} WARNING - No viable dags retrieved from /home/haziq/Documents/pl-data-engineering/venv/lib/python3.12/site-packages/airflow/example_dags/plugins/event_listener.py
[2024-08-06T22:36:22.401+0800] {processor.py:183} INFO - Processing /home/haziq/Documents/pl-data-engineering/venv/lib/python3.12/site-packages/airflow/example_dags/plugins/event_listener.py took 0.038 seconds
[2024-08-06T22:37:21.249+0800] {processor.py:161} INFO - Started process (PID=94897) to work on /home/haziq/Documents/pl-data-engineering/venv/lib/python3.12/site-packages/airflow/example_dags/plugins/event_listener.py
[2024-08-06T22:37:21.251+0800] {processor.py:830} INFO - Processing file /home/haziq/Documents/pl-data-engineering/venv/lib/python3.12/site-packages/airflow/example_dags/plugins/event_listener.py for tasks to queue
[2024-08-06T22:37:21.253+0800] {logging_mixin.py:188} INFO - [2024-08-06T22:37:21.253+0800] {dagbag.py:545} INFO - Filling up the DagBag from /home/haziq/Documents/pl-data-engineering/venv/lib/python3.12/site-packages/airflow/example_dags/plugins/event_listener.py
[2024-08-06T22:37:21.257+0800] {processor.py:842} WARNING - No viable dags retrieved from /home/haziq/Documents/pl-data-engineering/venv/lib/python3.12/site-packages/airflow/example_dags/plugins/event_listener.py
[2024-08-06T22:37:21.273+0800] {processor.py:183} INFO - Processing /home/haziq/Documents/pl-data-engineering/venv/lib/python3.12/site-packages/airflow/example_dags/plugins/event_listener.py took 0.033 seconds
[2024-08-06T22:37:54.470+0800] {processor.py:161} INFO - Started process (PID=95111) to work on /home/haziq/Documents/pl-data-engineering/venv/lib/python3.12/site-packages/airflow/example_dags/plugins/event_listener.py
[2024-08-06T22:37:54.472+0800] {processor.py:830} INFO - Processing file /home/haziq/Documents/pl-data-engineering/venv/lib/python3.12/site-packages/airflow/example_dags/plugins/event_listener.py for tasks to queue
[2024-08-06T22:37:54.475+0800] {logging_mixin.py:188} INFO - [2024-08-06T22:37:54.475+0800] {dagbag.py:545} INFO - Filling up the DagBag from /home/haziq/Documents/pl-data-engineering/venv/lib/python3.12/site-packages/airflow/example_dags/plugins/event_listener.py
[2024-08-06T22:37:54.479+0800] {processor.py:842} WARNING - No viable dags retrieved from /home/haziq/Documents/pl-data-engineering/venv/lib/python3.12/site-packages/airflow/example_dags/plugins/event_listener.py
[2024-08-06T22:37:54.496+0800] {processor.py:183} INFO - Processing /home/haziq/Documents/pl-data-engineering/venv/lib/python3.12/site-packages/airflow/example_dags/plugins/event_listener.py took 0.038 seconds
[2024-08-06T22:38:49.292+0800] {processor.py:161} INFO - Started process (PID=95500) to work on /home/haziq/Documents/pl-data-engineering/venv/lib/python3.12/site-packages/airflow/example_dags/plugins/event_listener.py
[2024-08-06T22:38:49.300+0800] {processor.py:830} INFO - Processing file /home/haziq/Documents/pl-data-engineering/venv/lib/python3.12/site-packages/airflow/example_dags/plugins/event_listener.py for tasks to queue
[2024-08-06T22:38:49.303+0800] {logging_mixin.py:188} INFO - [2024-08-06T22:38:49.302+0800] {dagbag.py:545} INFO - Filling up the DagBag from /home/haziq/Documents/pl-data-engineering/venv/lib/python3.12/site-packages/airflow/example_dags/plugins/event_listener.py
[2024-08-06T22:38:49.306+0800] {processor.py:842} WARNING - No viable dags retrieved from /home/haziq/Documents/pl-data-engineering/venv/lib/python3.12/site-packages/airflow/example_dags/plugins/event_listener.py
[2024-08-06T22:38:49.323+0800] {processor.py:183} INFO - Processing /home/haziq/Documents/pl-data-engineering/venv/lib/python3.12/site-packages/airflow/example_dags/plugins/event_listener.py took 0.044 seconds
[2024-08-06T22:39:44.121+0800] {processor.py:161} INFO - Started process (PID=95960) to work on /home/haziq/Documents/pl-data-engineering/venv/lib/python3.12/site-packages/airflow/example_dags/plugins/event_listener.py
[2024-08-06T22:39:44.123+0800] {processor.py:830} INFO - Processing file /home/haziq/Documents/pl-data-engineering/venv/lib/python3.12/site-packages/airflow/example_dags/plugins/event_listener.py for tasks to queue
[2024-08-06T22:39:44.126+0800] {logging_mixin.py:188} INFO - [2024-08-06T22:39:44.125+0800] {dagbag.py:545} INFO - Filling up the DagBag from /home/haziq/Documents/pl-data-engineering/venv/lib/python3.12/site-packages/airflow/example_dags/plugins/event_listener.py
[2024-08-06T22:39:44.130+0800] {processor.py:842} WARNING - No viable dags retrieved from /home/haziq/Documents/pl-data-engineering/venv/lib/python3.12/site-packages/airflow/example_dags/plugins/event_listener.py
[2024-08-06T22:39:44.146+0800] {processor.py:183} INFO - Processing /home/haziq/Documents/pl-data-engineering/venv/lib/python3.12/site-packages/airflow/example_dags/plugins/event_listener.py took 0.037 seconds
[2024-08-06T22:40:33.873+0800] {processor.py:161} INFO - Started process (PID=96296) to work on /home/haziq/Documents/pl-data-engineering/venv/lib/python3.12/site-packages/airflow/example_dags/plugins/event_listener.py
[2024-08-06T22:40:33.881+0800] {processor.py:830} INFO - Processing file /home/haziq/Documents/pl-data-engineering/venv/lib/python3.12/site-packages/airflow/example_dags/plugins/event_listener.py for tasks to queue
[2024-08-06T22:40:33.884+0800] {logging_mixin.py:188} INFO - [2024-08-06T22:40:33.883+0800] {dagbag.py:545} INFO - Filling up the DagBag from /home/haziq/Documents/pl-data-engineering/venv/lib/python3.12/site-packages/airflow/example_dags/plugins/event_listener.py
[2024-08-06T22:40:33.887+0800] {processor.py:842} WARNING - No viable dags retrieved from /home/haziq/Documents/pl-data-engineering/venv/lib/python3.12/site-packages/airflow/example_dags/plugins/event_listener.py
[2024-08-06T22:40:33.904+0800] {processor.py:183} INFO - Processing /home/haziq/Documents/pl-data-engineering/venv/lib/python3.12/site-packages/airflow/example_dags/plugins/event_listener.py took 0.042 seconds
[2024-08-06T22:41:25.044+0800] {processor.py:161} INFO - Started process (PID=96695) to work on /home/haziq/Documents/pl-data-engineering/venv/lib/python3.12/site-packages/airflow/example_dags/plugins/event_listener.py
[2024-08-06T22:41:25.045+0800] {processor.py:830} INFO - Processing file /home/haziq/Documents/pl-data-engineering/venv/lib/python3.12/site-packages/airflow/example_dags/plugins/event_listener.py for tasks to queue
[2024-08-06T22:41:25.048+0800] {logging_mixin.py:188} INFO - [2024-08-06T22:41:25.047+0800] {dagbag.py:545} INFO - Filling up the DagBag from /home/haziq/Documents/pl-data-engineering/venv/lib/python3.12/site-packages/airflow/example_dags/plugins/event_listener.py
[2024-08-06T22:41:25.051+0800] {processor.py:842} WARNING - No viable dags retrieved from /home/haziq/Documents/pl-data-engineering/venv/lib/python3.12/site-packages/airflow/example_dags/plugins/event_listener.py
[2024-08-06T22:41:25.067+0800] {processor.py:183} INFO - Processing /home/haziq/Documents/pl-data-engineering/venv/lib/python3.12/site-packages/airflow/example_dags/plugins/event_listener.py took 0.031 seconds
[2024-08-06T22:42:19.588+0800] {processor.py:161} INFO - Started process (PID=97037) to work on /home/haziq/Documents/pl-data-engineering/venv/lib/python3.12/site-packages/airflow/example_dags/plugins/event_listener.py
[2024-08-06T22:42:19.597+0800] {processor.py:830} INFO - Processing file /home/haziq/Documents/pl-data-engineering/venv/lib/python3.12/site-packages/airflow/example_dags/plugins/event_listener.py for tasks to queue
[2024-08-06T22:42:19.600+0800] {logging_mixin.py:188} INFO - [2024-08-06T22:42:19.599+0800] {dagbag.py:545} INFO - Filling up the DagBag from /home/haziq/Documents/pl-data-engineering/venv/lib/python3.12/site-packages/airflow/example_dags/plugins/event_listener.py
[2024-08-06T22:42:19.603+0800] {processor.py:842} WARNING - No viable dags retrieved from /home/haziq/Documents/pl-data-engineering/venv/lib/python3.12/site-packages/airflow/example_dags/plugins/event_listener.py
[2024-08-06T22:42:19.622+0800] {processor.py:183} INFO - Processing /home/haziq/Documents/pl-data-engineering/venv/lib/python3.12/site-packages/airflow/example_dags/plugins/event_listener.py took 0.047 seconds
