[2024-08-06T22:32:44.072+0800] {processor.py:161} INFO - Started process (PID=92926) to work on /home/haziq/Documents/pl-data-engineering/venv/lib/python3.12/site-packages/airflow/example_dags/plugins/listener_plugin.py
[2024-08-06T22:32:44.073+0800] {processor.py:830} INFO - Processing file /home/haziq/Documents/pl-data-engineering/venv/lib/python3.12/site-packages/airflow/example_dags/plugins/listener_plugin.py for tasks to queue
[2024-08-06T22:32:44.077+0800] {logging_mixin.py:188} INFO - [2024-08-06T22:32:44.076+0800] {dagbag.py:545} INFO - Filling up the DagBag from /home/haziq/Documents/pl-data-engineering/venv/lib/python3.12/site-packages/airflow/example_dags/plugins/listener_plugin.py
[2024-08-06T22:32:44.081+0800] {processor.py:842} WARNING - No viable dags retrieved from /home/haziq/Documents/pl-data-engineering/venv/lib/python3.12/site-packages/airflow/example_dags/plugins/listener_plugin.py
[2024-08-06T22:32:44.102+0800] {processor.py:183} INFO - Processing /home/haziq/Documents/pl-data-engineering/venv/lib/python3.12/site-packages/airflow/example_dags/plugins/listener_plugin.py took 0.038 seconds
[2024-08-06T22:33:44.671+0800] {processor.py:161} INFO - Started process (PID=93345) to work on /home/haziq/Documents/pl-data-engineering/venv/lib/python3.12/site-packages/airflow/example_dags/plugins/listener_plugin.py
[2024-08-06T22:33:44.680+0800] {processor.py:830} INFO - Processing file /home/haziq/Documents/pl-data-engineering/venv/lib/python3.12/site-packages/airflow/example_dags/plugins/listener_plugin.py for tasks to queue
[2024-08-06T22:33:44.683+0800] {logging_mixin.py:188} INFO - [2024-08-06T22:33:44.682+0800] {dagbag.py:545} INFO - Filling up the DagBag from /home/haziq/Documents/pl-data-engineering/venv/lib/python3.12/site-packages/airflow/example_dags/plugins/listener_plugin.py
[2024-08-06T22:33:44.686+0800] {processor.py:842} WARNING - No viable dags retrieved from /home/haziq/Documents/pl-data-engineering/venv/lib/python3.12/site-packages/airflow/example_dags/plugins/listener_plugin.py
[2024-08-06T22:33:44.703+0800] {processor.py:183} INFO - Processing /home/haziq/Documents/pl-data-engineering/venv/lib/python3.12/site-packages/airflow/example_dags/plugins/listener_plugin.py took 0.043 seconds
[2024-08-06T22:34:41.416+0800] {processor.py:161} INFO - Started process (PID=93746) to work on /home/haziq/Documents/pl-data-engineering/venv/lib/python3.12/site-packages/airflow/example_dags/plugins/listener_plugin.py
[2024-08-06T22:34:41.425+0800] {processor.py:830} INFO - Processing file /home/haziq/Documents/pl-data-engineering/venv/lib/python3.12/site-packages/airflow/example_dags/plugins/listener_plugin.py for tasks to queue
[2024-08-06T22:34:41.428+0800] {logging_mixin.py:188} INFO - [2024-08-06T22:34:41.427+0800] {dagbag.py:545} INFO - Filling up the DagBag from /home/haziq/Documents/pl-data-engineering/venv/lib/python3.12/site-packages/airflow/example_dags/plugins/listener_plugin.py
[2024-08-06T22:34:41.432+0800] {processor.py:842} WARNING - No viable dags retrieved from /home/haziq/Documents/pl-data-engineering/venv/lib/python3.12/site-packages/airflow/example_dags/plugins/listener_plugin.py
[2024-08-06T22:34:41.457+0800] {processor.py:183} INFO - Processing /home/haziq/Documents/pl-data-engineering/venv/lib/python3.12/site-packages/airflow/example_dags/plugins/listener_plugin.py took 0.052 seconds
[2024-08-06T22:35:22.846+0800] {processor.py:161} INFO - Started process (PID=94038) to work on /home/haziq/Documents/pl-data-engineering/venv/lib/python3.12/site-packages/airflow/example_dags/plugins/listener_plugin.py
[2024-08-06T22:35:22.855+0800] {processor.py:830} INFO - Processing file /home/haziq/Documents/pl-data-engineering/venv/lib/python3.12/site-packages/airflow/example_dags/plugins/listener_plugin.py for tasks to queue
[2024-08-06T22:35:22.858+0800] {logging_mixin.py:188} INFO - [2024-08-06T22:35:22.858+0800] {dagbag.py:545} INFO - Filling up the DagBag from /home/haziq/Documents/pl-data-engineering/venv/lib/python3.12/site-packages/airflow/example_dags/plugins/listener_plugin.py
[2024-08-06T22:35:22.863+0800] {processor.py:842} WARNING - No viable dags retrieved from /home/haziq/Documents/pl-data-engineering/venv/lib/python3.12/site-packages/airflow/example_dags/plugins/listener_plugin.py
[2024-08-06T22:35:22.879+0800] {processor.py:183} INFO - Processing /home/haziq/Documents/pl-data-engineering/venv/lib/python3.12/site-packages/airflow/example_dags/plugins/listener_plugin.py took 0.046 seconds
[2024-08-06T22:36:23.545+0800] {processor.py:161} INFO - Started process (PID=94505) to work on /home/haziq/Documents/pl-data-engineering/venv/lib/python3.12/site-packages/airflow/example_dags/plugins/listener_plugin.py
[2024-08-06T22:36:23.547+0800] {processor.py:830} INFO - Processing file /home/haziq/Documents/pl-data-engineering/venv/lib/python3.12/site-packages/airflow/example_dags/plugins/listener_plugin.py for tasks to queue
[2024-08-06T22:36:23.549+0800] {logging_mixin.py:188} INFO - [2024-08-06T22:36:23.548+0800] {dagbag.py:545} INFO - Filling up the DagBag from /home/haziq/Documents/pl-data-engineering/venv/lib/python3.12/site-packages/airflow/example_dags/plugins/listener_plugin.py
[2024-08-06T22:36:23.554+0800] {processor.py:842} WARNING - No viable dags retrieved from /home/haziq/Documents/pl-data-engineering/venv/lib/python3.12/site-packages/airflow/example_dags/plugins/listener_plugin.py
[2024-08-06T22:36:23.572+0800] {processor.py:183} INFO - Processing /home/haziq/Documents/pl-data-engineering/venv/lib/python3.12/site-packages/airflow/example_dags/plugins/listener_plugin.py took 0.037 seconds
[2024-08-06T22:37:22.419+0800] {processor.py:161} INFO - Started process (PID=94898) to work on /home/haziq/Documents/pl-data-engineering/venv/lib/python3.12/site-packages/airflow/example_dags/plugins/listener_plugin.py
[2024-08-06T22:37:22.421+0800] {processor.py:830} INFO - Processing file /home/haziq/Documents/pl-data-engineering/venv/lib/python3.12/site-packages/airflow/example_dags/plugins/listener_plugin.py for tasks to queue
[2024-08-06T22:37:22.424+0800] {logging_mixin.py:188} INFO - [2024-08-06T22:37:22.424+0800] {dagbag.py:545} INFO - Filling up the DagBag from /home/haziq/Documents/pl-data-engineering/venv/lib/python3.12/site-packages/airflow/example_dags/plugins/listener_plugin.py
[2024-08-06T22:37:22.428+0800] {processor.py:842} WARNING - No viable dags retrieved from /home/haziq/Documents/pl-data-engineering/venv/lib/python3.12/site-packages/airflow/example_dags/plugins/listener_plugin.py
[2024-08-06T22:37:22.447+0800] {processor.py:183} INFO - Processing /home/haziq/Documents/pl-data-engineering/venv/lib/python3.12/site-packages/airflow/example_dags/plugins/listener_plugin.py took 0.039 seconds
[2024-08-06T22:38:19.785+0800] {processor.py:161} INFO - Started process (PID=95284) to work on /home/haziq/Documents/pl-data-engineering/venv/lib/python3.12/site-packages/airflow/example_dags/plugins/listener_plugin.py
[2024-08-06T22:38:19.787+0800] {processor.py:830} INFO - Processing file /home/haziq/Documents/pl-data-engineering/venv/lib/python3.12/site-packages/airflow/example_dags/plugins/listener_plugin.py for tasks to queue
[2024-08-06T22:38:19.789+0800] {logging_mixin.py:188} INFO - [2024-08-06T22:38:19.789+0800] {dagbag.py:545} INFO - Filling up the DagBag from /home/haziq/Documents/pl-data-engineering/venv/lib/python3.12/site-packages/airflow/example_dags/plugins/listener_plugin.py
[2024-08-06T22:38:19.795+0800] {processor.py:842} WARNING - No viable dags retrieved from /home/haziq/Documents/pl-data-engineering/venv/lib/python3.12/site-packages/airflow/example_dags/plugins/listener_plugin.py
[2024-08-06T22:38:19.816+0800] {processor.py:183} INFO - Processing /home/haziq/Documents/pl-data-engineering/venv/lib/python3.12/site-packages/airflow/example_dags/plugins/listener_plugin.py took 0.042 seconds
[2024-08-06T22:39:13.805+0800] {processor.py:161} INFO - Started process (PID=95681) to work on /home/haziq/Documents/pl-data-engineering/venv/lib/python3.12/site-packages/airflow/example_dags/plugins/listener_plugin.py
[2024-08-06T22:39:13.807+0800] {processor.py:830} INFO - Processing file /home/haziq/Documents/pl-data-engineering/venv/lib/python3.12/site-packages/airflow/example_dags/plugins/listener_plugin.py for tasks to queue
[2024-08-06T22:39:13.811+0800] {logging_mixin.py:188} INFO - [2024-08-06T22:39:13.810+0800] {dagbag.py:545} INFO - Filling up the DagBag from /home/haziq/Documents/pl-data-engineering/venv/lib/python3.12/site-packages/airflow/example_dags/plugins/listener_plugin.py
[2024-08-06T22:39:13.817+0800] {processor.py:842} WARNING - No viable dags retrieved from /home/haziq/Documents/pl-data-engineering/venv/lib/python3.12/site-packages/airflow/example_dags/plugins/listener_plugin.py
[2024-08-06T22:39:13.838+0800] {processor.py:183} INFO - Processing /home/haziq/Documents/pl-data-engineering/venv/lib/python3.12/site-packages/airflow/example_dags/plugins/listener_plugin.py took 0.043 seconds
[2024-08-06T22:40:06.253+0800] {processor.py:161} INFO - Started process (PID=96109) to work on /home/haziq/Documents/pl-data-engineering/venv/lib/python3.12/site-packages/airflow/example_dags/plugins/listener_plugin.py
[2024-08-06T22:40:06.254+0800] {processor.py:830} INFO - Processing file /home/haziq/Documents/pl-data-engineering/venv/lib/python3.12/site-packages/airflow/example_dags/plugins/listener_plugin.py for tasks to queue
[2024-08-06T22:40:06.257+0800] {logging_mixin.py:188} INFO - [2024-08-06T22:40:06.256+0800] {dagbag.py:545} INFO - Filling up the DagBag from /home/haziq/Documents/pl-data-engineering/venv/lib/python3.12/site-packages/airflow/example_dags/plugins/listener_plugin.py
[2024-08-06T22:40:06.261+0800] {processor.py:842} WARNING - No viable dags retrieved from /home/haziq/Documents/pl-data-engineering/venv/lib/python3.12/site-packages/airflow/example_dags/plugins/listener_plugin.py
[2024-08-06T22:40:06.278+0800] {processor.py:183} INFO - Processing /home/haziq/Documents/pl-data-engineering/venv/lib/python3.12/site-packages/airflow/example_dags/plugins/listener_plugin.py took 0.033 seconds
[2024-08-06T22:40:57.226+0800] {processor.py:161} INFO - Started process (PID=96496) to work on /home/haziq/Documents/pl-data-engineering/venv/lib/python3.12/site-packages/airflow/example_dags/plugins/listener_plugin.py
[2024-08-06T22:40:57.228+0800] {processor.py:830} INFO - Processing file /home/haziq/Documents/pl-data-engineering/venv/lib/python3.12/site-packages/airflow/example_dags/plugins/listener_plugin.py for tasks to queue
[2024-08-06T22:40:57.231+0800] {logging_mixin.py:188} INFO - [2024-08-06T22:40:57.230+0800] {dagbag.py:545} INFO - Filling up the DagBag from /home/haziq/Documents/pl-data-engineering/venv/lib/python3.12/site-packages/airflow/example_dags/plugins/listener_plugin.py
[2024-08-06T22:40:57.235+0800] {processor.py:842} WARNING - No viable dags retrieved from /home/haziq/Documents/pl-data-engineering/venv/lib/python3.12/site-packages/airflow/example_dags/plugins/listener_plugin.py
[2024-08-06T22:40:57.252+0800] {processor.py:183} INFO - Processing /home/haziq/Documents/pl-data-engineering/venv/lib/python3.12/site-packages/airflow/example_dags/plugins/listener_plugin.py took 0.037 seconds
[2024-08-06T22:41:47.006+0800] {processor.py:161} INFO - Started process (PID=96835) to work on /home/haziq/Documents/pl-data-engineering/venv/lib/python3.12/site-packages/airflow/example_dags/plugins/listener_plugin.py
[2024-08-06T22:41:47.008+0800] {processor.py:830} INFO - Processing file /home/haziq/Documents/pl-data-engineering/venv/lib/python3.12/site-packages/airflow/example_dags/plugins/listener_plugin.py for tasks to queue
[2024-08-06T22:41:47.012+0800] {logging_mixin.py:188} INFO - [2024-08-06T22:41:47.011+0800] {dagbag.py:545} INFO - Filling up the DagBag from /home/haziq/Documents/pl-data-engineering/venv/lib/python3.12/site-packages/airflow/example_dags/plugins/listener_plugin.py
[2024-08-06T22:41:47.015+0800] {processor.py:842} WARNING - No viable dags retrieved from /home/haziq/Documents/pl-data-engineering/venv/lib/python3.12/site-packages/airflow/example_dags/plugins/listener_plugin.py
[2024-08-06T22:41:47.032+0800] {processor.py:183} INFO - Processing /home/haziq/Documents/pl-data-engineering/venv/lib/python3.12/site-packages/airflow/example_dags/plugins/listener_plugin.py took 0.037 seconds
