[2024-08-06T22:32:46.451+0800] {processor.py:161} INFO - Started process (PID=92950) to work on /home/haziq/Documents/pl-data-engineering/venv/lib/python3.12/site-packages/airflow/example_dags/plugins/workday.py
[2024-08-06T22:32:46.452+0800] {processor.py:830} INFO - Processing file /home/haziq/Documents/pl-data-engineering/venv/lib/python3.12/site-packages/airflow/example_dags/plugins/workday.py for tasks to queue
[2024-08-06T22:32:46.455+0800] {logging_mixin.py:188} INFO - [2024-08-06T22:32:46.454+0800] {dagbag.py:545} INFO - Filling up the DagBag from /home/haziq/Documents/pl-data-engineering/venv/lib/python3.12/site-packages/airflow/example_dags/plugins/workday.py
[2024-08-06T22:32:46.459+0800] {logging_mixin.py:188} INFO - [2024-08-06T22:32:46.459+0800] {workday.py:41} WARNING - Could not import pandas. Holidays will not be considered.
[2024-08-06T22:32:46.460+0800] {processor.py:842} WARNING - No viable dags retrieved from /home/haziq/Documents/pl-data-engineering/venv/lib/python3.12/site-packages/airflow/example_dags/plugins/workday.py
[2024-08-06T22:32:46.485+0800] {processor.py:183} INFO - Processing /home/haziq/Documents/pl-data-engineering/venv/lib/python3.12/site-packages/airflow/example_dags/plugins/workday.py took 0.044 seconds
[2024-08-06T22:33:46.989+0800] {processor.py:161} INFO - Started process (PID=93360) to work on /home/haziq/Documents/pl-data-engineering/venv/lib/python3.12/site-packages/airflow/example_dags/plugins/workday.py
[2024-08-06T22:33:46.997+0800] {processor.py:830} INFO - Processing file /home/haziq/Documents/pl-data-engineering/venv/lib/python3.12/site-packages/airflow/example_dags/plugins/workday.py for tasks to queue
[2024-08-06T22:33:47.000+0800] {logging_mixin.py:188} INFO - [2024-08-06T22:33:46.999+0800] {dagbag.py:545} INFO - Filling up the DagBag from /home/haziq/Documents/pl-data-engineering/venv/lib/python3.12/site-packages/airflow/example_dags/plugins/workday.py
[2024-08-06T22:33:47.004+0800] {logging_mixin.py:188} INFO - [2024-08-06T22:33:47.004+0800] {workday.py:41} WARNING - Could not import pandas. Holidays will not be considered.
[2024-08-06T22:33:47.005+0800] {processor.py:842} WARNING - No viable dags retrieved from /home/haziq/Documents/pl-data-engineering/venv/lib/python3.12/site-packages/airflow/example_dags/plugins/workday.py
[2024-08-06T22:33:47.022+0800] {processor.py:183} INFO - Processing /home/haziq/Documents/pl-data-engineering/venv/lib/python3.12/site-packages/airflow/example_dags/plugins/workday.py took 0.045 seconds
[2024-08-06T22:34:43.756+0800] {processor.py:161} INFO - Started process (PID=93760) to work on /home/haziq/Documents/pl-data-engineering/venv/lib/python3.12/site-packages/airflow/example_dags/plugins/workday.py
[2024-08-06T22:34:43.764+0800] {processor.py:830} INFO - Processing file /home/haziq/Documents/pl-data-engineering/venv/lib/python3.12/site-packages/airflow/example_dags/plugins/workday.py for tasks to queue
[2024-08-06T22:34:43.766+0800] {logging_mixin.py:188} INFO - [2024-08-06T22:34:43.766+0800] {dagbag.py:545} INFO - Filling up the DagBag from /home/haziq/Documents/pl-data-engineering/venv/lib/python3.12/site-packages/airflow/example_dags/plugins/workday.py
[2024-08-06T22:34:43.770+0800] {logging_mixin.py:188} INFO - [2024-08-06T22:34:43.770+0800] {workday.py:41} WARNING - Could not import pandas. Holidays will not be considered.
[2024-08-06T22:34:43.771+0800] {processor.py:842} WARNING - No viable dags retrieved from /home/haziq/Documents/pl-data-engineering/venv/lib/python3.12/site-packages/airflow/example_dags/plugins/workday.py
[2024-08-06T22:34:43.788+0800] {processor.py:183} INFO - Processing /home/haziq/Documents/pl-data-engineering/venv/lib/python3.12/site-packages/airflow/example_dags/plugins/workday.py took 0.044 seconds
[2024-08-06T22:35:25.193+0800] {processor.py:161} INFO - Started process (PID=94052) to work on /home/haziq/Documents/pl-data-engineering/venv/lib/python3.12/site-packages/airflow/example_dags/plugins/workday.py
[2024-08-06T22:35:25.202+0800] {processor.py:830} INFO - Processing file /home/haziq/Documents/pl-data-engineering/venv/lib/python3.12/site-packages/airflow/example_dags/plugins/workday.py for tasks to queue
[2024-08-06T22:35:25.204+0800] {logging_mixin.py:188} INFO - [2024-08-06T22:35:25.204+0800] {dagbag.py:545} INFO - Filling up the DagBag from /home/haziq/Documents/pl-data-engineering/venv/lib/python3.12/site-packages/airflow/example_dags/plugins/workday.py
[2024-08-06T22:35:25.209+0800] {logging_mixin.py:188} INFO - [2024-08-06T22:35:25.208+0800] {workday.py:41} WARNING - Could not import pandas. Holidays will not be considered.
[2024-08-06T22:35:25.209+0800] {processor.py:842} WARNING - No viable dags retrieved from /home/haziq/Documents/pl-data-engineering/venv/lib/python3.12/site-packages/airflow/example_dags/plugins/workday.py
[2024-08-06T22:35:25.227+0800] {processor.py:183} INFO - Processing /home/haziq/Documents/pl-data-engineering/venv/lib/python3.12/site-packages/airflow/example_dags/plugins/workday.py took 0.045 seconds
[2024-08-06T22:36:25.889+0800] {processor.py:161} INFO - Started process (PID=94518) to work on /home/haziq/Documents/pl-data-engineering/venv/lib/python3.12/site-packages/airflow/example_dags/plugins/workday.py
[2024-08-06T22:36:25.891+0800] {processor.py:830} INFO - Processing file /home/haziq/Documents/pl-data-engineering/venv/lib/python3.12/site-packages/airflow/example_dags/plugins/workday.py for tasks to queue
[2024-08-06T22:36:25.895+0800] {logging_mixin.py:188} INFO - [2024-08-06T22:36:25.894+0800] {dagbag.py:545} INFO - Filling up the DagBag from /home/haziq/Documents/pl-data-engineering/venv/lib/python3.12/site-packages/airflow/example_dags/plugins/workday.py
[2024-08-06T22:36:25.900+0800] {logging_mixin.py:188} INFO - [2024-08-06T22:36:25.899+0800] {workday.py:41} WARNING - Could not import pandas. Holidays will not be considered.
[2024-08-06T22:36:25.901+0800] {processor.py:842} WARNING - No viable dags retrieved from /home/haziq/Documents/pl-data-engineering/venv/lib/python3.12/site-packages/airflow/example_dags/plugins/workday.py
[2024-08-06T22:36:25.919+0800] {processor.py:183} INFO - Processing /home/haziq/Documents/pl-data-engineering/venv/lib/python3.12/site-packages/airflow/example_dags/plugins/workday.py took 0.045 seconds
[2024-08-06T22:37:24.001+0800] {processor.py:161} INFO - Started process (PID=94911) to work on /home/haziq/Documents/pl-data-engineering/venv/lib/python3.12/site-packages/airflow/example_dags/plugins/workday.py
[2024-08-06T22:37:24.002+0800] {processor.py:830} INFO - Processing file /home/haziq/Documents/pl-data-engineering/venv/lib/python3.12/site-packages/airflow/example_dags/plugins/workday.py for tasks to queue
[2024-08-06T22:37:24.005+0800] {logging_mixin.py:188} INFO - [2024-08-06T22:37:24.004+0800] {dagbag.py:545} INFO - Filling up the DagBag from /home/haziq/Documents/pl-data-engineering/venv/lib/python3.12/site-packages/airflow/example_dags/plugins/workday.py
[2024-08-06T22:37:24.009+0800] {logging_mixin.py:188} INFO - [2024-08-06T22:37:24.008+0800] {workday.py:41} WARNING - Could not import pandas. Holidays will not be considered.
[2024-08-06T22:37:24.009+0800] {processor.py:842} WARNING - No viable dags retrieved from /home/haziq/Documents/pl-data-engineering/venv/lib/python3.12/site-packages/airflow/example_dags/plugins/workday.py
[2024-08-06T22:37:24.026+0800] {processor.py:183} INFO - Processing /home/haziq/Documents/pl-data-engineering/venv/lib/python3.12/site-packages/airflow/example_dags/plugins/workday.py took 0.037 seconds
[2024-08-06T22:38:22.150+0800] {processor.py:161} INFO - Started process (PID=95297) to work on /home/haziq/Documents/pl-data-engineering/venv/lib/python3.12/site-packages/airflow/example_dags/plugins/workday.py
[2024-08-06T22:38:22.151+0800] {processor.py:830} INFO - Processing file /home/haziq/Documents/pl-data-engineering/venv/lib/python3.12/site-packages/airflow/example_dags/plugins/workday.py for tasks to queue
[2024-08-06T22:38:22.154+0800] {logging_mixin.py:188} INFO - [2024-08-06T22:38:22.153+0800] {dagbag.py:545} INFO - Filling up the DagBag from /home/haziq/Documents/pl-data-engineering/venv/lib/python3.12/site-packages/airflow/example_dags/plugins/workday.py
[2024-08-06T22:38:22.158+0800] {logging_mixin.py:188} INFO - [2024-08-06T22:38:22.158+0800] {workday.py:41} WARNING - Could not import pandas. Holidays will not be considered.
[2024-08-06T22:38:22.159+0800] {processor.py:842} WARNING - No viable dags retrieved from /home/haziq/Documents/pl-data-engineering/venv/lib/python3.12/site-packages/airflow/example_dags/plugins/workday.py
[2024-08-06T22:38:22.175+0800] {processor.py:183} INFO - Processing /home/haziq/Documents/pl-data-engineering/venv/lib/python3.12/site-packages/airflow/example_dags/plugins/workday.py took 0.037 seconds
[2024-08-06T22:39:16.152+0800] {processor.py:161} INFO - Started process (PID=95706) to work on /home/haziq/Documents/pl-data-engineering/venv/lib/python3.12/site-packages/airflow/example_dags/plugins/workday.py
[2024-08-06T22:39:16.157+0800] {processor.py:830} INFO - Processing file /home/haziq/Documents/pl-data-engineering/venv/lib/python3.12/site-packages/airflow/example_dags/plugins/workday.py for tasks to queue
[2024-08-06T22:39:16.162+0800] {logging_mixin.py:188} INFO - [2024-08-06T22:39:16.161+0800] {dagbag.py:545} INFO - Filling up the DagBag from /home/haziq/Documents/pl-data-engineering/venv/lib/python3.12/site-packages/airflow/example_dags/plugins/workday.py
[2024-08-06T22:39:16.167+0800] {logging_mixin.py:188} INFO - [2024-08-06T22:39:16.167+0800] {workday.py:41} WARNING - Could not import pandas. Holidays will not be considered.
[2024-08-06T22:39:16.168+0800] {processor.py:842} WARNING - No viable dags retrieved from /home/haziq/Documents/pl-data-engineering/venv/lib/python3.12/site-packages/airflow/example_dags/plugins/workday.py
[2024-08-06T22:39:16.189+0800] {processor.py:183} INFO - Processing /home/haziq/Documents/pl-data-engineering/venv/lib/python3.12/site-packages/airflow/example_dags/plugins/workday.py took 0.052 seconds
[2024-08-06T22:40:07.824+0800] {processor.py:161} INFO - Started process (PID=96111) to work on /home/haziq/Documents/pl-data-engineering/venv/lib/python3.12/site-packages/airflow/example_dags/plugins/workday.py
[2024-08-06T22:40:07.826+0800] {processor.py:830} INFO - Processing file /home/haziq/Documents/pl-data-engineering/venv/lib/python3.12/site-packages/airflow/example_dags/plugins/workday.py for tasks to queue
[2024-08-06T22:40:07.828+0800] {logging_mixin.py:188} INFO - [2024-08-06T22:40:07.828+0800] {dagbag.py:545} INFO - Filling up the DagBag from /home/haziq/Documents/pl-data-engineering/venv/lib/python3.12/site-packages/airflow/example_dags/plugins/workday.py
[2024-08-06T22:40:07.832+0800] {logging_mixin.py:188} INFO - [2024-08-06T22:40:07.832+0800] {workday.py:41} WARNING - Could not import pandas. Holidays will not be considered.
[2024-08-06T22:40:07.833+0800] {processor.py:842} WARNING - No viable dags retrieved from /home/haziq/Documents/pl-data-engineering/venv/lib/python3.12/site-packages/airflow/example_dags/plugins/workday.py
[2024-08-06T22:40:07.850+0800] {processor.py:183} INFO - Processing /home/haziq/Documents/pl-data-engineering/venv/lib/python3.12/site-packages/airflow/example_dags/plugins/workday.py took 0.037 seconds
[2024-08-06T22:40:58.648+0800] {processor.py:161} INFO - Started process (PID=96509) to work on /home/haziq/Documents/pl-data-engineering/venv/lib/python3.12/site-packages/airflow/example_dags/plugins/workday.py
[2024-08-06T22:40:58.649+0800] {processor.py:830} INFO - Processing file /home/haziq/Documents/pl-data-engineering/venv/lib/python3.12/site-packages/airflow/example_dags/plugins/workday.py for tasks to queue
[2024-08-06T22:40:58.652+0800] {logging_mixin.py:188} INFO - [2024-08-06T22:40:58.651+0800] {dagbag.py:545} INFO - Filling up the DagBag from /home/haziq/Documents/pl-data-engineering/venv/lib/python3.12/site-packages/airflow/example_dags/plugins/workday.py
[2024-08-06T22:40:58.656+0800] {logging_mixin.py:188} INFO - [2024-08-06T22:40:58.656+0800] {workday.py:41} WARNING - Could not import pandas. Holidays will not be considered.
[2024-08-06T22:40:58.657+0800] {processor.py:842} WARNING - No viable dags retrieved from /home/haziq/Documents/pl-data-engineering/venv/lib/python3.12/site-packages/airflow/example_dags/plugins/workday.py
[2024-08-06T22:40:58.673+0800] {processor.py:183} INFO - Processing /home/haziq/Documents/pl-data-engineering/venv/lib/python3.12/site-packages/airflow/example_dags/plugins/workday.py took 0.033 seconds
[2024-08-06T22:41:48.525+0800] {processor.py:161} INFO - Started process (PID=96848) to work on /home/haziq/Documents/pl-data-engineering/venv/lib/python3.12/site-packages/airflow/example_dags/plugins/workday.py
[2024-08-06T22:41:48.526+0800] {processor.py:830} INFO - Processing file /home/haziq/Documents/pl-data-engineering/venv/lib/python3.12/site-packages/airflow/example_dags/plugins/workday.py for tasks to queue
[2024-08-06T22:41:48.529+0800] {logging_mixin.py:188} INFO - [2024-08-06T22:41:48.528+0800] {dagbag.py:545} INFO - Filling up the DagBag from /home/haziq/Documents/pl-data-engineering/venv/lib/python3.12/site-packages/airflow/example_dags/plugins/workday.py
[2024-08-06T22:41:48.533+0800] {logging_mixin.py:188} INFO - [2024-08-06T22:41:48.532+0800] {workday.py:41} WARNING - Could not import pandas. Holidays will not be considered.
[2024-08-06T22:41:48.533+0800] {processor.py:842} WARNING - No viable dags retrieved from /home/haziq/Documents/pl-data-engineering/venv/lib/python3.12/site-packages/airflow/example_dags/plugins/workday.py
[2024-08-06T22:41:48.550+0800] {processor.py:183} INFO - Processing /home/haziq/Documents/pl-data-engineering/venv/lib/python3.12/site-packages/airflow/example_dags/plugins/workday.py took 0.034 seconds
